<?xml version="1.0" encoding="UTF-8"?>
<testsuite xmlns:xsi="http://www.w3.org/2001/XMLSchema-instance" xsi:noNamespaceSchemaLocation="https://maven.apache.org/surefire/maven-surefire-plugin/xsd/surefire-test-report-3.0.xsd" version="3.0" name="org.example.ordermanagement_jooq.OrderManagementJOoqApplicationTests" time="10.591" tests="1" errors="0" skipped="0" failures="0">
  <properties>
    <property name="java.specification.version" value="21"/>
    <property name="sun.cpu.isalist" value="amd64"/>
    <property name="sun.jnu.encoding" value="UTF-8"/>
    <property name="java.class.path" value="F:\MH_SOLUTION\OrderManagement_jOOQ\target\test-classes;F:\MH_SOLUTION\OrderManagement_jOOQ\target\classes;C:\Users\TGDD\.m2\repository\org\springframework\boot\spring-boot-starter-jooq\3.3.3\spring-boot-starter-jooq-3.3.3.jar;C:\Users\TGDD\.m2\repository\org\springframework\boot\spring-boot-starter-jdbc\3.3.3\spring-boot-starter-jdbc-3.3.3.jar;C:\Users\TGDD\.m2\repository\com\zaxxer\HikariCP\5.1.0\HikariCP-5.1.0.jar;C:\Users\TGDD\.m2\repository\org\springframework\spring-jdbc\6.1.12\spring-jdbc-6.1.12.jar;C:\Users\TGDD\.m2\repository\org\springframework\spring-tx\6.1.12\spring-tx-6.1.12.jar;C:\Users\TGDD\.m2\repository\org\springframework\spring-beans\6.1.12\spring-beans-6.1.12.jar;C:\Users\TGDD\.m2\repository\org\springframework\boot\spring-boot-starter-data-jpa\3.3.3\spring-boot-starter-data-jpa-3.3.3.jar;C:\Users\TGDD\.m2\repository\org\springframework\boot\spring-boot-starter-aop\3.3.3\spring-boot-starter-aop-3.3.3.jar;C:\Users\TGDD\.m2\repository\org\springframework\spring-aop\6.1.12\spring-aop-6.1.12.jar;C:\Users\TGDD\.m2\repository\org\aspectj\aspectjweaver\1.9.22.1\aspectjweaver-1.9.22.1.jar;C:\Users\TGDD\.m2\repository\org\hibernate\orm\hibernate-core\6.5.2.Final\hibernate-core-6.5.2.Final.jar;C:\Users\TGDD\.m2\repository\jakarta\persistence\jakarta.persistence-api\3.1.0\jakarta.persistence-api-3.1.0.jar;C:\Users\TGDD\.m2\repository\jakarta\transaction\jakarta.transaction-api\2.0.1\jakarta.transaction-api-2.0.1.jar;C:\Users\TGDD\.m2\repository\org\jboss\logging\jboss-logging\3.5.3.Final\jboss-logging-3.5.3.Final.jar;C:\Users\TGDD\.m2\repository\org\hibernate\common\hibernate-commons-annotations\6.0.6.Final\hibernate-commons-annotations-6.0.6.Final.jar;C:\Users\TGDD\.m2\repository\io\smallrye\jandex\3.1.2\jandex-3.1.2.jar;C:\Users\TGDD\.m2\repository\com\fasterxml\classmate\1.7.0\classmate-1.7.0.jar;C:\Users\TGDD\.m2\repository\net\bytebuddy\byte-buddy\1.14.19\byte-buddy-1.14.19.jar;C:\Users\TGDD\.m2\repository\org\glassfish\jaxb\jaxb-runtime\4.0.5\jaxb-runtime-4.0.5.jar;C:\Users\TGDD\.m2\repository\org\glassfish\jaxb\jaxb-core\4.0.5\jaxb-core-4.0.5.jar;C:\Users\TGDD\.m2\repository\org\eclipse\angus\angus-activation\2.0.2\angus-activation-2.0.2.jar;C:\Users\TGDD\.m2\repository\org\glassfish\jaxb\txw2\4.0.5\txw2-4.0.5.jar;C:\Users\TGDD\.m2\repository\com\sun\istack\istack-commons-runtime\4.1.2\istack-commons-runtime-4.1.2.jar;C:\Users\TGDD\.m2\repository\jakarta\inject\jakarta.inject-api\2.0.1\jakarta.inject-api-2.0.1.jar;C:\Users\TGDD\.m2\repository\org\antlr\antlr4-runtime\4.13.0\antlr4-runtime-4.13.0.jar;C:\Users\TGDD\.m2\repository\org\springframework\data\spring-data-jpa\3.3.3\spring-data-jpa-3.3.3.jar;C:\Users\TGDD\.m2\repository\org\springframework\data\spring-data-commons\3.3.3\spring-data-commons-3.3.3.jar;C:\Users\TGDD\.m2\repository\org\springframework\spring-orm\6.1.12\spring-orm-6.1.12.jar;C:\Users\TGDD\.m2\repository\org\springframework\spring-context\6.1.12\spring-context-6.1.12.jar;C:\Users\TGDD\.m2\repository\jakarta\annotation\jakarta.annotation-api\2.1.1\jakarta.annotation-api-2.1.1.jar;C:\Users\TGDD\.m2\repository\org\slf4j\slf4j-api\2.0.16\slf4j-api-2.0.16.jar;C:\Users\TGDD\.m2\repository\org\springframework\spring-aspects\6.1.12\spring-aspects-6.1.12.jar;C:\Users\TGDD\.m2\repository\org\springframework\boot\spring-boot-starter-validation\3.3.3\spring-boot-starter-validation-3.3.3.jar;C:\Users\TGDD\.m2\repository\org\springframework\boot\spring-boot-starter\3.3.3\spring-boot-starter-3.3.3.jar;C:\Users\TGDD\.m2\repository\org\springframework\boot\spring-boot\3.3.3\spring-boot-3.3.3.jar;C:\Users\TGDD\.m2\repository\org\springframework\boot\spring-boot-autoconfigure\3.3.3\spring-boot-autoconfigure-3.3.3.jar;C:\Users\TGDD\.m2\repository\org\springframework\boot\spring-boot-starter-logging\3.3.3\spring-boot-starter-logging-3.3.3.jar;C:\Users\TGDD\.m2\repository\ch\qos\logback\logback-classic\1.5.7\logback-classic-1.5.7.jar;C:\Users\TGDD\.m2\repository\ch\qos\logback\logback-core\1.5.7\logback-core-1.5.7.jar;C:\Users\TGDD\.m2\repository\org\apache\logging\log4j\log4j-to-slf4j\2.23.1\log4j-to-slf4j-2.23.1.jar;C:\Users\TGDD\.m2\repository\org\apache\logging\log4j\log4j-api\2.23.1\log4j-api-2.23.1.jar;C:\Users\TGDD\.m2\repository\org\slf4j\jul-to-slf4j\2.0.16\jul-to-slf4j-2.0.16.jar;C:\Users\TGDD\.m2\repository\org\yaml\snakeyaml\2.2\snakeyaml-2.2.jar;C:\Users\TGDD\.m2\repository\org\apache\tomcat\embed\tomcat-embed-el\10.1.28\tomcat-embed-el-10.1.28.jar;C:\Users\TGDD\.m2\repository\org\hibernate\validator\hibernate-validator\8.0.1.Final\hibernate-validator-8.0.1.Final.jar;C:\Users\TGDD\.m2\repository\jakarta\validation\jakarta.validation-api\3.0.2\jakarta.validation-api-3.0.2.jar;C:\Users\TGDD\.m2\repository\org\springframework\boot\spring-boot-starter-oauth2-resource-server\3.3.3\spring-boot-starter-oauth2-resource-server-3.3.3.jar;C:\Users\TGDD\.m2\repository\org\springframework\security\spring-security-config\6.3.3\spring-security-config-6.3.3.jar;C:\Users\TGDD\.m2\repository\org\springframework\security\spring-security-core\6.3.3\spring-security-core-6.3.3.jar;C:\Users\TGDD\.m2\repository\org\springframework\security\spring-security-crypto\6.3.3\spring-security-crypto-6.3.3.jar;C:\Users\TGDD\.m2\repository\org\springframework\spring-expression\6.1.12\spring-expression-6.1.12.jar;C:\Users\TGDD\.m2\repository\io\micrometer\micrometer-observation\1.13.3\micrometer-observation-1.13.3.jar;C:\Users\TGDD\.m2\repository\io\micrometer\micrometer-commons\1.13.3\micrometer-commons-1.13.3.jar;C:\Users\TGDD\.m2\repository\org\springframework\security\spring-security-oauth2-resource-server\6.3.3\spring-security-oauth2-resource-server-6.3.3.jar;C:\Users\TGDD\.m2\repository\org\springframework\security\spring-security-oauth2-core\6.3.3\spring-security-oauth2-core-6.3.3.jar;C:\Users\TGDD\.m2\repository\org\springframework\security\spring-security-web\6.3.3\spring-security-web-6.3.3.jar;C:\Users\TGDD\.m2\repository\org\springframework\security\spring-security-oauth2-jose\6.3.3\spring-security-oauth2-jose-6.3.3.jar;C:\Users\TGDD\.m2\repository\com\nimbusds\nimbus-jose-jwt\9.37.3\nimbus-jose-jwt-9.37.3.jar;C:\Users\TGDD\.m2\repository\com\github\stephenc\jcip\jcip-annotations\1.0-1\jcip-annotations-1.0-1.jar;C:\Users\TGDD\.m2\repository\org\jooq\jooq\3.19.16\jooq-3.19.16.jar;C:\Users\TGDD\.m2\repository\io\r2dbc\r2dbc-spi\1.0.0.RELEASE\r2dbc-spi-1.0.0.RELEASE.jar;C:\Users\TGDD\.m2\repository\org\reactivestreams\reactive-streams\1.0.4\reactive-streams-1.0.4.jar;C:\Users\TGDD\.m2\repository\org\mapstruct\mapstruct\1.5.5.Final\mapstruct-1.5.5.Final.jar;C:\Users\TGDD\.m2\repository\org\mapstruct\mapstruct-processor\1.5.5.Final\mapstruct-processor-1.5.5.Final.jar;C:\Users\TGDD\.m2\repository\org\springframework\boot\spring-boot-starter-web\3.3.3\spring-boot-starter-web-3.3.3.jar;C:\Users\TGDD\.m2\repository\org\springframework\boot\spring-boot-starter-json\3.3.3\spring-boot-starter-json-3.3.3.jar;C:\Users\TGDD\.m2\repository\com\fasterxml\jackson\core\jackson-databind\2.17.2\jackson-databind-2.17.2.jar;C:\Users\TGDD\.m2\repository\com\fasterxml\jackson\core\jackson-annotations\2.17.2\jackson-annotations-2.17.2.jar;C:\Users\TGDD\.m2\repository\com\fasterxml\jackson\core\jackson-core\2.17.2\jackson-core-2.17.2.jar;C:\Users\TGDD\.m2\repository\com\fasterxml\jackson\datatype\jackson-datatype-jdk8\2.17.2\jackson-datatype-jdk8-2.17.2.jar;C:\Users\TGDD\.m2\repository\com\fasterxml\jackson\datatype\jackson-datatype-jsr310\2.17.2\jackson-datatype-jsr310-2.17.2.jar;C:\Users\TGDD\.m2\repository\com\fasterxml\jackson\module\jackson-module-parameter-names\2.17.2\jackson-module-parameter-names-2.17.2.jar;C:\Users\TGDD\.m2\repository\org\springframework\boot\spring-boot-starter-tomcat\3.3.3\spring-boot-starter-tomcat-3.3.3.jar;C:\Users\TGDD\.m2\repository\org\apache\tomcat\embed\tomcat-embed-core\10.1.28\tomcat-embed-core-10.1.28.jar;C:\Users\TGDD\.m2\repository\org\apache\tomcat\embed\tomcat-embed-websocket\10.1.28\tomcat-embed-websocket-10.1.28.jar;C:\Users\TGDD\.m2\repository\org\springframework\spring-web\6.1.12\spring-web-6.1.12.jar;C:\Users\TGDD\.m2\repository\org\springframework\spring-webmvc\6.1.12\spring-webmvc-6.1.12.jar;C:\Users\TGDD\.m2\repository\org\postgresql\postgresql\42.7.3\postgresql-42.7.3.jar;C:\Users\TGDD\.m2\repository\org\checkerframework\checker-qual\3.42.0\checker-qual-3.42.0.jar;C:\Users\TGDD\.m2\repository\org\projectlombok\lombok\1.18.32\lombok-1.18.32.jar;C:\Users\TGDD\.m2\repository\org\springframework\boot\spring-boot-starter-test\3.3.3\spring-boot-starter-test-3.3.3.jar;C:\Users\TGDD\.m2\repository\org\springframework\boot\spring-boot-test\3.3.3\spring-boot-test-3.3.3.jar;C:\Users\TGDD\.m2\repository\org\springframework\boot\spring-boot-test-autoconfigure\3.3.3\spring-boot-test-autoconfigure-3.3.3.jar;C:\Users\TGDD\.m2\repository\com\jayway\jsonpath\json-path\2.9.0\json-path-2.9.0.jar;C:\Users\TGDD\.m2\repository\jakarta\xml\bind\jakarta.xml.bind-api\4.0.2\jakarta.xml.bind-api-4.0.2.jar;C:\Users\TGDD\.m2\repository\jakarta\activation\jakarta.activation-api\2.1.3\jakarta.activation-api-2.1.3.jar;C:\Users\TGDD\.m2\repository\net\minidev\json-smart\2.5.1\json-smart-2.5.1.jar;C:\Users\TGDD\.m2\repository\net\minidev\accessors-smart\2.5.1\accessors-smart-2.5.1.jar;C:\Users\TGDD\.m2\repository\org\ow2\asm\asm\9.6\asm-9.6.jar;C:\Users\TGDD\.m2\repository\org\assertj\assertj-core\3.25.3\assertj-core-3.25.3.jar;C:\Users\TGDD\.m2\repository\org\awaitility\awaitility\4.2.2\awaitility-4.2.2.jar;C:\Users\TGDD\.m2\repository\org\hamcrest\hamcrest\2.2\hamcrest-2.2.jar;C:\Users\TGDD\.m2\repository\org\junit\jupiter\junit-jupiter\5.10.3\junit-jupiter-5.10.3.jar;C:\Users\TGDD\.m2\repository\org\junit\jupiter\junit-jupiter-api\5.10.3\junit-jupiter-api-5.10.3.jar;C:\Users\TGDD\.m2\repository\org\opentest4j\opentest4j\1.3.0\opentest4j-1.3.0.jar;C:\Users\TGDD\.m2\repository\org\junit\platform\junit-platform-commons\1.10.3\junit-platform-commons-1.10.3.jar;C:\Users\TGDD\.m2\repository\org\apiguardian\apiguardian-api\1.1.2\apiguardian-api-1.1.2.jar;C:\Users\TGDD\.m2\repository\org\junit\jupiter\junit-jupiter-params\5.10.3\junit-jupiter-params-5.10.3.jar;C:\Users\TGDD\.m2\repository\org\junit\jupiter\junit-jupiter-engine\5.10.3\junit-jupiter-engine-5.10.3.jar;C:\Users\TGDD\.m2\repository\org\junit\platform\junit-platform-engine\1.10.3\junit-platform-engine-1.10.3.jar;C:\Users\TGDD\.m2\repository\org\mockito\mockito-core\5.11.0\mockito-core-5.11.0.jar;C:\Users\TGDD\.m2\repository\net\bytebuddy\byte-buddy-agent\1.14.19\byte-buddy-agent-1.14.19.jar;C:\Users\TGDD\.m2\repository\org\objenesis\objenesis\3.3\objenesis-3.3.jar;C:\Users\TGDD\.m2\repository\org\mockito\mockito-junit-jupiter\5.11.0\mockito-junit-jupiter-5.11.0.jar;C:\Users\TGDD\.m2\repository\org\skyscreamer\jsonassert\1.5.3\jsonassert-1.5.3.jar;C:\Users\TGDD\.m2\repository\com\vaadin\external\google\android-json\0.0.20131108.vaadin1\android-json-0.0.20131108.vaadin1.jar;C:\Users\TGDD\.m2\repository\org\springframework\spring-core\6.1.12\spring-core-6.1.12.jar;C:\Users\TGDD\.m2\repository\org\springframework\spring-jcl\6.1.12\spring-jcl-6.1.12.jar;C:\Users\TGDD\.m2\repository\org\springframework\spring-test\6.1.12\spring-test-6.1.12.jar;C:\Users\TGDD\.m2\repository\org\xmlunit\xmlunit-core\2.9.1\xmlunit-core-2.9.1.jar;"/>
    <property name="java.vm.vendor" value="Oracle Corporation"/>
    <property name="sun.arch.data.model" value="64"/>
    <property name="user.variant" value=""/>
    <property name="java.vendor.url" value="https://java.oracle.com/"/>
    <property name="user.timezone" value="Asia/Bangkok"/>
    <property name="org.jboss.logging.provider" value="slf4j"/>
    <property name="user.country.format" value="SX"/>
    <property name="os.name" value="Windows 11"/>
    <property name="java.vm.specification.version" value="21"/>
    <property name="sun.java.launcher" value="SUN_STANDARD"/>
    <property name="user.country" value="US"/>
    <property name="sun.boot.library.path" value="C:\Program Files\Java\jdk-21\bin"/>
    <property name="sun.java.command" value="C:\Users\TGDD\AppData\Local\Temp\surefire11408922022902123373\surefirebooter-20250115100008246_3.jar C:\Users\TGDD\AppData\Local\Temp\surefire11408922022902123373 2025-01-15T10-00-08_121-jvmRun1 surefire-20250115100008246_1tmp surefire_0-20250115100008246_2tmp"/>
    <property name="jdk.debug" value="release"/>
    <property name="surefire.test.class.path" value="F:\MH_SOLUTION\OrderManagement_jOOQ\target\test-classes;F:\MH_SOLUTION\OrderManagement_jOOQ\target\classes;C:\Users\TGDD\.m2\repository\org\springframework\boot\spring-boot-starter-jooq\3.3.3\spring-boot-starter-jooq-3.3.3.jar;C:\Users\TGDD\.m2\repository\org\springframework\boot\spring-boot-starter-jdbc\3.3.3\spring-boot-starter-jdbc-3.3.3.jar;C:\Users\TGDD\.m2\repository\com\zaxxer\HikariCP\5.1.0\HikariCP-5.1.0.jar;C:\Users\TGDD\.m2\repository\org\springframework\spring-jdbc\6.1.12\spring-jdbc-6.1.12.jar;C:\Users\TGDD\.m2\repository\org\springframework\spring-tx\6.1.12\spring-tx-6.1.12.jar;C:\Users\TGDD\.m2\repository\org\springframework\spring-beans\6.1.12\spring-beans-6.1.12.jar;C:\Users\TGDD\.m2\repository\org\springframework\boot\spring-boot-starter-data-jpa\3.3.3\spring-boot-starter-data-jpa-3.3.3.jar;C:\Users\TGDD\.m2\repository\org\springframework\boot\spring-boot-starter-aop\3.3.3\spring-boot-starter-aop-3.3.3.jar;C:\Users\TGDD\.m2\repository\org\springframework\spring-aop\6.1.12\spring-aop-6.1.12.jar;C:\Users\TGDD\.m2\repository\org\aspectj\aspectjweaver\1.9.22.1\aspectjweaver-1.9.22.1.jar;C:\Users\TGDD\.m2\repository\org\hibernate\orm\hibernate-core\6.5.2.Final\hibernate-core-6.5.2.Final.jar;C:\Users\TGDD\.m2\repository\jakarta\persistence\jakarta.persistence-api\3.1.0\jakarta.persistence-api-3.1.0.jar;C:\Users\TGDD\.m2\repository\jakarta\transaction\jakarta.transaction-api\2.0.1\jakarta.transaction-api-2.0.1.jar;C:\Users\TGDD\.m2\repository\org\jboss\logging\jboss-logging\3.5.3.Final\jboss-logging-3.5.3.Final.jar;C:\Users\TGDD\.m2\repository\org\hibernate\common\hibernate-commons-annotations\6.0.6.Final\hibernate-commons-annotations-6.0.6.Final.jar;C:\Users\TGDD\.m2\repository\io\smallrye\jandex\3.1.2\jandex-3.1.2.jar;C:\Users\TGDD\.m2\repository\com\fasterxml\classmate\1.7.0\classmate-1.7.0.jar;C:\Users\TGDD\.m2\repository\net\bytebuddy\byte-buddy\1.14.19\byte-buddy-1.14.19.jar;C:\Users\TGDD\.m2\repository\org\glassfish\jaxb\jaxb-runtime\4.0.5\jaxb-runtime-4.0.5.jar;C:\Users\TGDD\.m2\repository\org\glassfish\jaxb\jaxb-core\4.0.5\jaxb-core-4.0.5.jar;C:\Users\TGDD\.m2\repository\org\eclipse\angus\angus-activation\2.0.2\angus-activation-2.0.2.jar;C:\Users\TGDD\.m2\repository\org\glassfish\jaxb\txw2\4.0.5\txw2-4.0.5.jar;C:\Users\TGDD\.m2\repository\com\sun\istack\istack-commons-runtime\4.1.2\istack-commons-runtime-4.1.2.jar;C:\Users\TGDD\.m2\repository\jakarta\inject\jakarta.inject-api\2.0.1\jakarta.inject-api-2.0.1.jar;C:\Users\TGDD\.m2\repository\org\antlr\antlr4-runtime\4.13.0\antlr4-runtime-4.13.0.jar;C:\Users\TGDD\.m2\repository\org\springframework\data\spring-data-jpa\3.3.3\spring-data-jpa-3.3.3.jar;C:\Users\TGDD\.m2\repository\org\springframework\data\spring-data-commons\3.3.3\spring-data-commons-3.3.3.jar;C:\Users\TGDD\.m2\repository\org\springframework\spring-orm\6.1.12\spring-orm-6.1.12.jar;C:\Users\TGDD\.m2\repository\org\springframework\spring-context\6.1.12\spring-context-6.1.12.jar;C:\Users\TGDD\.m2\repository\jakarta\annotation\jakarta.annotation-api\2.1.1\jakarta.annotation-api-2.1.1.jar;C:\Users\TGDD\.m2\repository\org\slf4j\slf4j-api\2.0.16\slf4j-api-2.0.16.jar;C:\Users\TGDD\.m2\repository\org\springframework\spring-aspects\6.1.12\spring-aspects-6.1.12.jar;C:\Users\TGDD\.m2\repository\org\springframework\boot\spring-boot-starter-validation\3.3.3\spring-boot-starter-validation-3.3.3.jar;C:\Users\TGDD\.m2\repository\org\springframework\boot\spring-boot-starter\3.3.3\spring-boot-starter-3.3.3.jar;C:\Users\TGDD\.m2\repository\org\springframework\boot\spring-boot\3.3.3\spring-boot-3.3.3.jar;C:\Users\TGDD\.m2\repository\org\springframework\boot\spring-boot-autoconfigure\3.3.3\spring-boot-autoconfigure-3.3.3.jar;C:\Users\TGDD\.m2\repository\org\springframework\boot\spring-boot-starter-logging\3.3.3\spring-boot-starter-logging-3.3.3.jar;C:\Users\TGDD\.m2\repository\ch\qos\logback\logback-classic\1.5.7\logback-classic-1.5.7.jar;C:\Users\TGDD\.m2\repository\ch\qos\logback\logback-core\1.5.7\logback-core-1.5.7.jar;C:\Users\TGDD\.m2\repository\org\apache\logging\log4j\log4j-to-slf4j\2.23.1\log4j-to-slf4j-2.23.1.jar;C:\Users\TGDD\.m2\repository\org\apache\logging\log4j\log4j-api\2.23.1\log4j-api-2.23.1.jar;C:\Users\TGDD\.m2\repository\org\slf4j\jul-to-slf4j\2.0.16\jul-to-slf4j-2.0.16.jar;C:\Users\TGDD\.m2\repository\org\yaml\snakeyaml\2.2\snakeyaml-2.2.jar;C:\Users\TGDD\.m2\repository\org\apache\tomcat\embed\tomcat-embed-el\10.1.28\tomcat-embed-el-10.1.28.jar;C:\Users\TGDD\.m2\repository\org\hibernate\validator\hibernate-validator\8.0.1.Final\hibernate-validator-8.0.1.Final.jar;C:\Users\TGDD\.m2\repository\jakarta\validation\jakarta.validation-api\3.0.2\jakarta.validation-api-3.0.2.jar;C:\Users\TGDD\.m2\repository\org\springframework\boot\spring-boot-starter-oauth2-resource-server\3.3.3\spring-boot-starter-oauth2-resource-server-3.3.3.jar;C:\Users\TGDD\.m2\repository\org\springframework\security\spring-security-config\6.3.3\spring-security-config-6.3.3.jar;C:\Users\TGDD\.m2\repository\org\springframework\security\spring-security-core\6.3.3\spring-security-core-6.3.3.jar;C:\Users\TGDD\.m2\repository\org\springframework\security\spring-security-crypto\6.3.3\spring-security-crypto-6.3.3.jar;C:\Users\TGDD\.m2\repository\org\springframework\spring-expression\6.1.12\spring-expression-6.1.12.jar;C:\Users\TGDD\.m2\repository\io\micrometer\micrometer-observation\1.13.3\micrometer-observation-1.13.3.jar;C:\Users\TGDD\.m2\repository\io\micrometer\micrometer-commons\1.13.3\micrometer-commons-1.13.3.jar;C:\Users\TGDD\.m2\repository\org\springframework\security\spring-security-oauth2-resource-server\6.3.3\spring-security-oauth2-resource-server-6.3.3.jar;C:\Users\TGDD\.m2\repository\org\springframework\security\spring-security-oauth2-core\6.3.3\spring-security-oauth2-core-6.3.3.jar;C:\Users\TGDD\.m2\repository\org\springframework\security\spring-security-web\6.3.3\spring-security-web-6.3.3.jar;C:\Users\TGDD\.m2\repository\org\springframework\security\spring-security-oauth2-jose\6.3.3\spring-security-oauth2-jose-6.3.3.jar;C:\Users\TGDD\.m2\repository\com\nimbusds\nimbus-jose-jwt\9.37.3\nimbus-jose-jwt-9.37.3.jar;C:\Users\TGDD\.m2\repository\com\github\stephenc\jcip\jcip-annotations\1.0-1\jcip-annotations-1.0-1.jar;C:\Users\TGDD\.m2\repository\org\jooq\jooq\3.19.16\jooq-3.19.16.jar;C:\Users\TGDD\.m2\repository\io\r2dbc\r2dbc-spi\1.0.0.RELEASE\r2dbc-spi-1.0.0.RELEASE.jar;C:\Users\TGDD\.m2\repository\org\reactivestreams\reactive-streams\1.0.4\reactive-streams-1.0.4.jar;C:\Users\TGDD\.m2\repository\org\mapstruct\mapstruct\1.5.5.Final\mapstruct-1.5.5.Final.jar;C:\Users\TGDD\.m2\repository\org\mapstruct\mapstruct-processor\1.5.5.Final\mapstruct-processor-1.5.5.Final.jar;C:\Users\TGDD\.m2\repository\org\springframework\boot\spring-boot-starter-web\3.3.3\spring-boot-starter-web-3.3.3.jar;C:\Users\TGDD\.m2\repository\org\springframework\boot\spring-boot-starter-json\3.3.3\spring-boot-starter-json-3.3.3.jar;C:\Users\TGDD\.m2\repository\com\fasterxml\jackson\core\jackson-databind\2.17.2\jackson-databind-2.17.2.jar;C:\Users\TGDD\.m2\repository\com\fasterxml\jackson\core\jackson-annotations\2.17.2\jackson-annotations-2.17.2.jar;C:\Users\TGDD\.m2\repository\com\fasterxml\jackson\core\jackson-core\2.17.2\jackson-core-2.17.2.jar;C:\Users\TGDD\.m2\repository\com\fasterxml\jackson\datatype\jackson-datatype-jdk8\2.17.2\jackson-datatype-jdk8-2.17.2.jar;C:\Users\TGDD\.m2\repository\com\fasterxml\jackson\datatype\jackson-datatype-jsr310\2.17.2\jackson-datatype-jsr310-2.17.2.jar;C:\Users\TGDD\.m2\repository\com\fasterxml\jackson\module\jackson-module-parameter-names\2.17.2\jackson-module-parameter-names-2.17.2.jar;C:\Users\TGDD\.m2\repository\org\springframework\boot\spring-boot-starter-tomcat\3.3.3\spring-boot-starter-tomcat-3.3.3.jar;C:\Users\TGDD\.m2\repository\org\apache\tomcat\embed\tomcat-embed-core\10.1.28\tomcat-embed-core-10.1.28.jar;C:\Users\TGDD\.m2\repository\org\apache\tomcat\embed\tomcat-embed-websocket\10.1.28\tomcat-embed-websocket-10.1.28.jar;C:\Users\TGDD\.m2\repository\org\springframework\spring-web\6.1.12\spring-web-6.1.12.jar;C:\Users\TGDD\.m2\repository\org\springframework\spring-webmvc\6.1.12\spring-webmvc-6.1.12.jar;C:\Users\TGDD\.m2\repository\org\postgresql\postgresql\42.7.3\postgresql-42.7.3.jar;C:\Users\TGDD\.m2\repository\org\checkerframework\checker-qual\3.42.0\checker-qual-3.42.0.jar;C:\Users\TGDD\.m2\repository\org\projectlombok\lombok\1.18.32\lombok-1.18.32.jar;C:\Users\TGDD\.m2\repository\org\springframework\boot\spring-boot-starter-test\3.3.3\spring-boot-starter-test-3.3.3.jar;C:\Users\TGDD\.m2\repository\org\springframework\boot\spring-boot-test\3.3.3\spring-boot-test-3.3.3.jar;C:\Users\TGDD\.m2\repository\org\springframework\boot\spring-boot-test-autoconfigure\3.3.3\spring-boot-test-autoconfigure-3.3.3.jar;C:\Users\TGDD\.m2\repository\com\jayway\jsonpath\json-path\2.9.0\json-path-2.9.0.jar;C:\Users\TGDD\.m2\repository\jakarta\xml\bind\jakarta.xml.bind-api\4.0.2\jakarta.xml.bind-api-4.0.2.jar;C:\Users\TGDD\.m2\repository\jakarta\activation\jakarta.activation-api\2.1.3\jakarta.activation-api-2.1.3.jar;C:\Users\TGDD\.m2\repository\net\minidev\json-smart\2.5.1\json-smart-2.5.1.jar;C:\Users\TGDD\.m2\repository\net\minidev\accessors-smart\2.5.1\accessors-smart-2.5.1.jar;C:\Users\TGDD\.m2\repository\org\ow2\asm\asm\9.6\asm-9.6.jar;C:\Users\TGDD\.m2\repository\org\assertj\assertj-core\3.25.3\assertj-core-3.25.3.jar;C:\Users\TGDD\.m2\repository\org\awaitility\awaitility\4.2.2\awaitility-4.2.2.jar;C:\Users\TGDD\.m2\repository\org\hamcrest\hamcrest\2.2\hamcrest-2.2.jar;C:\Users\TGDD\.m2\repository\org\junit\jupiter\junit-jupiter\5.10.3\junit-jupiter-5.10.3.jar;C:\Users\TGDD\.m2\repository\org\junit\jupiter\junit-jupiter-api\5.10.3\junit-jupiter-api-5.10.3.jar;C:\Users\TGDD\.m2\repository\org\opentest4j\opentest4j\1.3.0\opentest4j-1.3.0.jar;C:\Users\TGDD\.m2\repository\org\junit\platform\junit-platform-commons\1.10.3\junit-platform-commons-1.10.3.jar;C:\Users\TGDD\.m2\repository\org\apiguardian\apiguardian-api\1.1.2\apiguardian-api-1.1.2.jar;C:\Users\TGDD\.m2\repository\org\junit\jupiter\junit-jupiter-params\5.10.3\junit-jupiter-params-5.10.3.jar;C:\Users\TGDD\.m2\repository\org\junit\jupiter\junit-jupiter-engine\5.10.3\junit-jupiter-engine-5.10.3.jar;C:\Users\TGDD\.m2\repository\org\junit\platform\junit-platform-engine\1.10.3\junit-platform-engine-1.10.3.jar;C:\Users\TGDD\.m2\repository\org\mockito\mockito-core\5.11.0\mockito-core-5.11.0.jar;C:\Users\TGDD\.m2\repository\net\bytebuddy\byte-buddy-agent\1.14.19\byte-buddy-agent-1.14.19.jar;C:\Users\TGDD\.m2\repository\org\objenesis\objenesis\3.3\objenesis-3.3.jar;C:\Users\TGDD\.m2\repository\org\mockito\mockito-junit-jupiter\5.11.0\mockito-junit-jupiter-5.11.0.jar;C:\Users\TGDD\.m2\repository\org\skyscreamer\jsonassert\1.5.3\jsonassert-1.5.3.jar;C:\Users\TGDD\.m2\repository\com\vaadin\external\google\android-json\0.0.20131108.vaadin1\android-json-0.0.20131108.vaadin1.jar;C:\Users\TGDD\.m2\repository\org\springframework\spring-core\6.1.12\spring-core-6.1.12.jar;C:\Users\TGDD\.m2\repository\org\springframework\spring-jcl\6.1.12\spring-jcl-6.1.12.jar;C:\Users\TGDD\.m2\repository\org\springframework\spring-test\6.1.12\spring-test-6.1.12.jar;C:\Users\TGDD\.m2\repository\org\xmlunit\xmlunit-core\2.9.1\xmlunit-core-2.9.1.jar;"/>
    <property name="sun.cpu.endian" value="little"/>
    <property name="user.home" value="C:\Users\TGDD"/>
    <property name="user.language" value="en"/>
    <property name="java.specification.vendor" value="Oracle Corporation"/>
    <property name="java.version.date" value="2023-10-17"/>
    <property name="java.home" value="C:\Program Files\Java\jdk-21"/>
    <property name="file.separator" value="\"/>
    <property name="basedir" value="F:\MH_SOLUTION\OrderManagement_jOOQ"/>
    <property name="java.vm.compressedOopsMode" value="Zero based"/>
    <property name="line.separator" value="&#10;"/>
    <property name="java.vm.specification.vendor" value="Oracle Corporation"/>
    <property name="java.specification.name" value="Java Platform API Specification"/>
    <property name="FILE_LOG_CHARSET" value="UTF-8"/>
    <property name="java.awt.headless" value="true"/>
    <property name="surefire.real.class.path" value="C:\Users\TGDD\AppData\Local\Temp\surefire11408922022902123373\surefirebooter-20250115100008246_3.jar"/>
    <property name="user.script" value=""/>
    <property name="sun.management.compiler" value="HotSpot 64-Bit Tiered Compilers"/>
    <property name="java.runtime.version" value="21.0.1+12-LTS-29"/>
    <property name="user.name" value="DangTinh"/>
    <property name="stdout.encoding" value="UTF-8"/>
    <property name="path.separator" value=";"/>
    <property name="os.version" value="10.0"/>
    <property name="java.runtime.name" value="Java(TM) SE Runtime Environment"/>
    <property name="file.encoding" value="UTF-8"/>
    <property name="java.vm.name" value="Java HotSpot(TM) 64-Bit Server VM"/>
    <property name="localRepository" value="C:\Users\TGDD\.m2\repository"/>
    <property name="java.vendor.url.bug" value="https://bugreport.java.com/bugreport/"/>
    <property name="java.io.tmpdir" value="C:\Users\TGDD\AppData\Local\Temp\"/>
    <property name="com.zaxxer.hikari.pool_number" value="1"/>
    <property name="java.version" value="21.0.1"/>
    <property name="user.dir" value="F:\MH_SOLUTION\OrderManagement_jOOQ"/>
    <property name="os.arch" value="amd64"/>
    <property name="java.vm.specification.name" value="Java Virtual Machine Specification"/>
    <property name="PID" value="7884"/>
    <property name="sun.os.patch.level" value=""/>
    <property name="CONSOLE_LOG_CHARSET" value="UTF-8"/>
    <property name="native.encoding" value="UTF-8"/>
    <property name="java.library.path" value="C:\Program Files\Java\jdk-21\bin;C:\WINDOWS\Sun\Java\bin;C:\WINDOWS\system32;C:\WINDOWS;C:\Program Files\Common Files\Oracle\Java\javapath;C:\Program Files\Java\jdk-19\bin;C:\windows\system32;C:\windows;C:\windows\System32\Wbem;C:\windows\System32\WindowsPowerShell\v1.0\;C:\windows\System32\OpenSSH\;C:\Program Files (x86)\NVIDIA Corporation\PhysX\Common;C:\Program Files\dotnet\;C:\Program Files\NVIDIA Corporation\NVIDIA NvDLISR;C:\Program Files\Microsoft SQL Server\Client SDK\ODBC\170\Tools\Binn\;C:\Program Files (x86)\Microsoft SQL Server\150\Tools\Binn\;C:\Program Files\Microsoft SQL Server\150\Tools\Binn\;C:\Program Files\Microsoft SQL Server\150\DTS\Binn\;C:\Program Files (x86)\Microsoft SQL Server\150\DTS\Binn\;C:\Program Files\Azure Data Studio\bin;F:\common;C:\WINDOWS\system32;C:\WINDOWS;C:\WINDOWS\System32\Wbem;C:\WINDOWS\System32\WindowsPowerShell\v1.0\;C:\WINDOWS\System32\OpenSSH\;F:\;C:\Program Files\Docker\Docker\resources\bin;C:\Program Files\Git\cmd;C:\Program Files (x86)\dotnet\;C:\Program Files\apache-maven-3.9.9\bin;C:\Users\TGDD\AppData\Local\Programs\Python\Python313\Scripts\;C:\Users\TGDD\AppData\Local\Programs\Python\Python313\;C:\Users\TGDD\AppData\Local\Programs\Python\Launcher\;C:\Users\TGDD\AppData\Local\Microsoft\WindowsApps;C:\Program Files\Azure Data Studio\bin;C:\Users\TGDD\AppData\Local\Programs\Microsoft VS Code\bin;C:\Users\TGDD\AppData\Local\GitHubDesktop\bin;C:\Users\TGDD\AppData\Roaming\npm;C:\Users\TGDD\.dotnet\tools;;."/>
    <property name="java.vm.info" value="mixed mode, sharing"/>
    <property name="stderr.encoding" value="UTF-8"/>
    <property name="java.vendor" value="Oracle Corporation"/>
    <property name="java.vm.version" value="21.0.1+12-LTS-29"/>
    <property name="sun.io.unicode.encoding" value="UnicodeLittle"/>
    <property name="java.class.version" value="65.0"/>
    <property name="LOGGED_APPLICATION_NAME" value="[OrderManagement_jOOQ] "/>
  </properties>
  <testcase name="contextLoads" classname="org.example.ordermanagement_jooq.OrderManagementJOoqApplicationTests" time="1.069">
    <system-out><![CDATA[10:00:09.491 [main] INFO org.springframework.test.context.support.AnnotationConfigContextLoaderUtils -- Could not detect default configuration classes for test class [org.example.ordermanagement_jooq.OrderManagementJOoqApplicationTests]: OrderManagementJOoqApplicationTests does not declare any static, non-private, non-final, nested classes annotated with @Configuration.
10:00:09.662 [main] INFO org.springframework.boot.test.context.SpringBootTestContextBootstrapper -- Found @SpringBootConfiguration org.example.ordermanagement_jooq.OrderManagementJOoqApplication for test class org.example.ordermanagement_jooq.OrderManagementJOoqApplicationTests

  .   ____          _            __ _ _
 /\\ / ___'_ __ _ _(_)_ __  __ _ \ \ \ \
( ( )\___ | '_ | '_| | '_ \/ _` | \ \ \ \
 \\/  ___)| |_)| | | | | || (_| |  ) ) ) )
  '  |____| .__|_| |_|_| |_\__, | / / / /
 =========|_|==============|___/=/_/_/_/

 :: Spring Boot ::                (v3.3.3)

2025-01-15T10:00:10.310+07:00 DEBUG 7884 --- [OrderManagement_jOOQ] [kground-preinit] org.jboss.logging                        : Logging Provider: org.jboss.logging.Slf4jLoggerProvider found via system property
2025-01-15T10:00:10.327+07:00 DEBUG 7884 --- [OrderManagement_jOOQ] [kground-preinit] o.h.v.i.xml.config.ValidationXmlParser   : Trying to load META-INF/validation.xml for XML based Validator configuration.
2025-01-15T10:00:10.327+07:00 DEBUG 7884 --- [OrderManagement_jOOQ] [kground-preinit] o.h.v.i.xml.config.ResourceLoaderHelper  : Trying to load META-INF/validation.xml via TCCL
2025-01-15T10:00:10.328+07:00 DEBUG 7884 --- [OrderManagement_jOOQ] [kground-preinit] o.h.v.i.xml.config.ResourceLoaderHelper  : Trying to load META-INF/validation.xml via Hibernate Validator's class loader
2025-01-15T10:00:10.329+07:00 DEBUG 7884 --- [OrderManagement_jOOQ] [kground-preinit] o.h.v.i.xml.config.ValidationXmlParser   : No META-INF/validation.xml found. Using annotation based configuration only.
2025-01-15T10:00:10.359+07:00 DEBUG 7884 --- [OrderManagement_jOOQ] [kground-preinit] o.h.v.i.e.resolver.TraversableResolvers  : Found jakarta.persistence.Persistence on classpath containing 'getPersistenceUtil'. Assuming JPA 2 environment. Trying to instantiate JPA aware TraversableResolver
2025-01-15T10:00:10.360+07:00 DEBUG 7884 --- [OrderManagement_jOOQ] [kground-preinit] o.h.v.i.e.resolver.TraversableResolvers  : Instantiated JPA aware TraversableResolver of type org.hibernate.validator.internal.engine.resolver.JPATraversableResolver.
2025-01-15T10:00:10.364+07:00  INFO 7884 --- [OrderManagement_jOOQ] [           main] .e.o.OrderManagementJOoqApplicationTests : Starting OrderManagementJOoqApplicationTests using Java 21.0.1 with PID 7884 (started by DangTinh in F:\MH_SOLUTION\OrderManagement_jOOQ)
2025-01-15T10:00:10.365+07:00 DEBUG 7884 --- [OrderManagement_jOOQ] [           main] .e.o.OrderManagementJOoqApplicationTests : Running with Spring Boot v3.3.3, Spring v6.1.12
2025-01-15T10:00:10.366+07:00  INFO 7884 --- [OrderManagement_jOOQ] [           main] .e.o.OrderManagementJOoqApplicationTests : No active profile set, falling back to 1 default profile: "default"
2025-01-15T10:00:10.367+07:00 DEBUG 7884 --- [OrderManagement_jOOQ] [           main] o.s.boot.SpringApplication               : Loading source class org.example.ordermanagement_jooq.OrderManagementJOoqApplication
2025-01-15T10:00:10.396+07:00 DEBUG 7884 --- [OrderManagement_jOOQ] [kground-preinit] .h.v.m.ResourceBundleMessageInterpolator : Loaded expression factory via original TCCL
2025-01-15T10:00:10.414+07:00 DEBUG 7884 --- [OrderManagement_jOOQ] [           main] o.s.w.c.s.GenericWebApplicationContext   : Refreshing org.springframework.web.context.support.GenericWebApplicationContext@3a80515c
2025-01-15T10:00:10.443+07:00 DEBUG 7884 --- [OrderManagement_jOOQ] [           main] o.s.b.f.s.DefaultListableBeanFactory     : Creating shared instance of singleton bean 'org.springframework.context.annotation.internalConfigurationAnnotationProcessor'
2025-01-15T10:00:10.462+07:00 DEBUG 7884 --- [OrderManagement_jOOQ] [           main] o.s.b.f.s.DefaultListableBeanFactory     : Creating shared instance of singleton bean 'org.springframework.boot.autoconfigure.internalCachingMetadataReaderFactory'
2025-01-15T10:00:10.518+07:00 DEBUG 7884 --- [OrderManagement_jOOQ] [           main] o.s.c.a.ClassPathBeanDefinitionScanner   : Identified candidate component class: file [F:\MH_SOLUTION\OrderManagement_jOOQ\target\classes\org\example\ordermanagement_jooq\config\CustomJwtDecoder.class]
2025-01-15T10:00:10.521+07:00 DEBUG 7884 --- [OrderManagement_jOOQ] [           main] o.s.c.a.ClassPathBeanDefinitionScanner   : Identified candidate component class: file [F:\MH_SOLUTION\OrderManagement_jOOQ\target\classes\org\example\ordermanagement_jooq\config\JOOQConfig.class]
2025-01-15T10:00:10.531+07:00 DEBUG 7884 --- [OrderManagement_jOOQ] [           main] o.s.c.a.ClassPathBeanDefinitionScanner   : Identified candidate component class: file [F:\MH_SOLUTION\OrderManagement_jOOQ\target\classes\org\example\ordermanagement_jooq\config\SecurityConfig.class]
2025-01-15T10:00:10.543+07:00 DEBUG 7884 --- [OrderManagement_jOOQ] [kground-preinit] .i.e.ValidatorFactoryConfigurationHelper : HV000252: Using org.hibernate.validator.internal.engine.DefaultPropertyNodeNameProvider as property node name provider.
2025-01-15T10:00:10.551+07:00 DEBUG 7884 --- [OrderManagement_jOOQ] [           main] o.s.c.a.ClassPathBeanDefinitionScanner   : Identified candidate component class: file [F:\MH_SOLUTION\OrderManagement_jOOQ\target\classes\org\example\ordermanagement_jooq\controller\AuthController.class]
2025-01-15T10:00:10.552+07:00 DEBUG 7884 --- [OrderManagement_jOOQ] [kground-preinit] .i.e.ValidatorFactoryConfigurationHelper : HV000234: Using org.hibernate.validator.messageinterpolation.ResourceBundleMessageInterpolator as ValidatorFactory-scoped message interpolator.
2025-01-15T10:00:10.552+07:00 DEBUG 7884 --- [OrderManagement_jOOQ] [kground-preinit] .i.e.ValidatorFactoryConfigurationHelper : HV000234: Using org.hibernate.validator.internal.engine.resolver.JPATraversableResolver as ValidatorFactory-scoped traversable resolver.
2025-01-15T10:00:10.553+07:00 DEBUG 7884 --- [OrderManagement_jOOQ] [kground-preinit] .i.e.ValidatorFactoryConfigurationHelper : HV000234: Using org.hibernate.validator.internal.util.ExecutableParameterNameProvider as ValidatorFactory-scoped parameter name provider.
2025-01-15T10:00:10.553+07:00 DEBUG 7884 --- [OrderManagement_jOOQ] [kground-preinit] .i.e.ValidatorFactoryConfigurationHelper : HV000234: Using org.hibernate.validator.internal.engine.DefaultClockProvider as ValidatorFactory-scoped clock provider.
2025-01-15T10:00:10.553+07:00 DEBUG 7884 --- [OrderManagement_jOOQ] [kground-preinit] .i.e.ValidatorFactoryConfigurationHelper : HV000234: Using org.hibernate.validator.internal.engine.scripting.DefaultScriptEvaluatorFactory as ValidatorFactory-scoped script evaluator factory.
2025-01-15T10:00:10.558+07:00 DEBUG 7884 --- [OrderManagement_jOOQ] [           main] o.s.c.a.ClassPathBeanDefinitionScanner   : Identified candidate component class: file [F:\MH_SOLUTION\OrderManagement_jOOQ\target\classes\org\example\ordermanagement_jooq\controller\OrderController.class]
2025-01-15T10:00:10.559+07:00 DEBUG 7884 --- [OrderManagement_jOOQ] [           main] o.s.c.a.ClassPathBeanDefinitionScanner   : Identified candidate component class: file [F:\MH_SOLUTION\OrderManagement_jOOQ\target\classes\org\example\ordermanagement_jooq\controller\ProductController.class]
2025-01-15T10:00:10.565+07:00 DEBUG 7884 --- [OrderManagement_jOOQ] [           main] o.s.c.a.ClassPathBeanDefinitionScanner   : Identified candidate component class: file [F:\MH_SOLUTION\OrderManagement_jOOQ\target\classes\org\example\ordermanagement_jooq\data\mapper\OrderMapperImpl.class]
2025-01-15T10:00:10.567+07:00 DEBUG 7884 --- [OrderManagement_jOOQ] [           main] o.s.c.a.ClassPathBeanDefinitionScanner   : Identified candidate component class: file [F:\MH_SOLUTION\OrderManagement_jOOQ\target\classes\org\example\ordermanagement_jooq\data\mapper\OrderProductMapperImpl.class]
2025-01-15T10:00:10.569+07:00 DEBUG 7884 --- [OrderManagement_jOOQ] [           main] o.s.c.a.ClassPathBeanDefinitionScanner   : Identified candidate component class: file [F:\MH_SOLUTION\OrderManagement_jOOQ\target\classes\org\example\ordermanagement_jooq\data\mapper\ProductMapperImpl.class]
2025-01-15T10:00:10.570+07:00 DEBUG 7884 --- [OrderManagement_jOOQ] [           main] o.s.c.a.ClassPathBeanDefinitionScanner   : Identified candidate component class: file [F:\MH_SOLUTION\OrderManagement_jOOQ\target\classes\org\example\ordermanagement_jooq\data\mapper\UserMapperImpl.class]
2025-01-15T10:00:10.645+07:00 DEBUG 7884 --- [OrderManagement_jOOQ] [           main] o.s.c.a.ClassPathBeanDefinitionScanner   : Identified candidate component class: file [F:\MH_SOLUTION\OrderManagement_jOOQ\target\classes\org\example\ordermanagement_jooq\exception\GlobalExceptionHandler.class]
2025-01-15T10:00:10.649+07:00 DEBUG 7884 --- [OrderManagement_jOOQ] [           main] o.s.c.a.ClassPathBeanDefinitionScanner   : Identified candidate component class: file [F:\MH_SOLUTION\OrderManagement_jOOQ\target\classes\org\example\ordermanagement_jooq\repository\impl\BlackListTokenRepositoryImpl.class]
2025-01-15T10:00:10.650+07:00 DEBUG 7884 --- [OrderManagement_jOOQ] [           main] o.s.c.a.ClassPathBeanDefinitionScanner   : Identified candidate component class: file [F:\MH_SOLUTION\OrderManagement_jOOQ\target\classes\org\example\ordermanagement_jooq\repository\impl\OrderProductRepositoryImpl.class]
2025-01-15T10:00:10.655+07:00 DEBUG 7884 --- [OrderManagement_jOOQ] [           main] o.s.c.a.ClassPathBeanDefinitionScanner   : Identified candidate component class: file [F:\MH_SOLUTION\OrderManagement_jOOQ\target\classes\org\example\ordermanagement_jooq\repository\impl\OrderRepositoryImpl.class]
2025-01-15T10:00:10.657+07:00 DEBUG 7884 --- [OrderManagement_jOOQ] [           main] o.s.c.a.ClassPathBeanDefinitionScanner   : Identified candidate component class: file [F:\MH_SOLUTION\OrderManagement_jOOQ\target\classes\org\example\ordermanagement_jooq\repository\impl\ProductRepositoryImpl.class]
2025-01-15T10:00:10.658+07:00 DEBUG 7884 --- [OrderManagement_jOOQ] [           main] o.s.c.a.ClassPathBeanDefinitionScanner   : Identified candidate component class: file [F:\MH_SOLUTION\OrderManagement_jOOQ\target\classes\org\example\ordermanagement_jooq\repository\impl\UserRepositoryImpl.class]
2025-01-15T10:00:10.666+07:00 DEBUG 7884 --- [OrderManagement_jOOQ] [           main] o.s.c.a.ClassPathBeanDefinitionScanner   : Identified candidate component class: file [F:\MH_SOLUTION\OrderManagement_jOOQ\target\classes\org\example\ordermanagement_jooq\service\impl\AuthenticationServiceImpl.class]
2025-01-15T10:00:10.668+07:00 DEBUG 7884 --- [OrderManagement_jOOQ] [           main] o.s.c.a.ClassPathBeanDefinitionScanner   : Identified candidate component class: file [F:\MH_SOLUTION\OrderManagement_jOOQ\target\classes\org\example\ordermanagement_jooq\service\impl\AuthServiceImpl.class]
2025-01-15T10:00:10.669+07:00 DEBUG 7884 --- [OrderManagement_jOOQ] [           main] o.s.c.a.ClassPathBeanDefinitionScanner   : Identified candidate component class: file [F:\MH_SOLUTION\OrderManagement_jOOQ\target\classes\org\example\ordermanagement_jooq\service\impl\OrderProductServiceImpl.class]
2025-01-15T10:00:10.671+07:00 DEBUG 7884 --- [OrderManagement_jOOQ] [           main] o.s.c.a.ClassPathBeanDefinitionScanner   : Identified candidate component class: file [F:\MH_SOLUTION\OrderManagement_jOOQ\target\classes\org\example\ordermanagement_jooq\service\impl\OrderServiceImpl.class]
2025-01-15T10:00:11.984+07:00  INFO 7884 --- [OrderManagement_jOOQ] [           main] .s.d.r.c.RepositoryConfigurationDelegate : Bootstrapping Spring Data JPA repositories in DEFAULT mode.
2025-01-15T10:00:12.007+07:00 DEBUG 7884 --- [OrderManagement_jOOQ] [           main] o.s.b.f.s.DefaultListableBeanFactory     : Creating shared instance of singleton bean 'org.springframework.boot.autoconfigure.AutoConfigurationPackages'
2025-01-15T10:00:12.020+07:00 DEBUG 7884 --- [OrderManagement_jOOQ] [           main] o.s.b.a.AutoConfigurationPackages        : @EnableAutoConfiguration was declared on a class in the package 'org.example.ordermanagement_jooq'. Automatic @Repository and @Entity scanning is enabled.
2025-01-15T10:00:12.022+07:00 DEBUG 7884 --- [OrderManagement_jOOQ] [           main] .s.d.r.c.RepositoryConfigurationDelegate : Scanning for JPA repositories in packages org.example.ordermanagement_jooq.
2025-01-15T10:00:12.055+07:00  INFO 7884 --- [OrderManagement_jOOQ] [           main] .s.d.r.c.RepositoryConfigurationDelegate : Finished Spring Data repository scanning in 30 ms. Found 0 JPA repository interfaces.
2025-01-15T10:00:12.226+07:00 DEBUG 7884 --- [OrderManagement_jOOQ] [           main] o.s.b.f.s.DefaultListableBeanFactory     : Creating shared instance of singleton bean 'springSecurityHandlerMappingIntrospectorBeanDefinitionRegistryPostProcessor'
2025-01-15T10:00:12.429+07:00 DEBUG 7884 --- [OrderManagement_jOOQ] [           main] o.s.b.f.s.DefaultListableBeanFactory     : Creating shared instance of singleton bean 'propertySourcesPlaceholderConfigurer'
2025-01-15T10:00:12.434+07:00 DEBUG 7884 --- [OrderManagement_jOOQ] [           main] o.s.b.f.s.DefaultListableBeanFactory     : Creating shared instance of singleton bean 'org.springframework.boot.test.mock.mockito.MockitoPostProcessor'
2025-01-15T10:00:12.438+07:00 DEBUG 7884 --- [OrderManagement_jOOQ] [           main] o.s.b.f.s.DefaultListableBeanFactory     : Creating shared instance of singleton bean 'emBeanDefinitionRegistrarPostProcessor'
2025-01-15T10:00:12.438+07:00 DEBUG 7884 --- [OrderManagement_jOOQ] [           main] o.s.b.f.s.DefaultListableBeanFactory     : Creating shared instance of singleton bean 'org.springframework.boot.sql.init.dependency.DatabaseInitializationDependencyConfigurer$DependsOnDatabaseInitializationPostProcessor'
2025-01-15T10:00:12.539+07:00 DEBUG 7884 --- [OrderManagement_jOOQ] [           main] o.s.b.f.s.DefaultListableBeanFactory     : Creating shared instance of singleton bean 'org.springframework.context.event.internalEventListenerProcessor'
2025-01-15T10:00:12.541+07:00 DEBUG 7884 --- [OrderManagement_jOOQ] [           main] o.s.b.f.s.DefaultListableBeanFactory     : Creating shared instance of singleton bean 'conversionServicePostProcessor'
2025-01-15T10:00:12.552+07:00 DEBUG 7884 --- [OrderManagement_jOOQ] [           main] o.s.b.f.s.DefaultListableBeanFactory     : Creating shared instance of singleton bean 'preserveErrorControllerTargetClassPostProcessor'
2025-01-15T10:00:12.554+07:00 DEBUG 7884 --- [OrderManagement_jOOQ] [           main] o.s.b.f.s.DefaultListableBeanFactory     : Creating shared instance of singleton bean 'org.springframework.context.event.internalEventListenerFactory'
2025-01-15T10:00:12.555+07:00 DEBUG 7884 --- [OrderManagement_jOOQ] [           main] o.s.b.f.s.DefaultListableBeanFactory     : Creating shared instance of singleton bean 'org.springframework.transaction.config.internalTransactionalEventListenerFactory'
2025-01-15T10:00:12.561+07:00 DEBUG 7884 --- [OrderManagement_jOOQ] [           main] o.s.b.f.s.DefaultListableBeanFactory     : Creating shared instance of singleton bean 'org.springframework.boot.test.mock.mockito.MockitoPostProcessor$SpyPostProcessor'
2025-01-15T10:00:12.563+07:00 DEBUG 7884 --- [OrderManagement_jOOQ] [           main] o.s.b.f.s.DefaultListableBeanFactory     : Creating shared instance of singleton bean 'org.springframework.context.annotation.internalAutowiredAnnotationProcessor'
2025-01-15T10:00:12.565+07:00 DEBUG 7884 --- [OrderManagement_jOOQ] [           main] o.s.b.f.s.DefaultListableBeanFactory     : Creating shared instance of singleton bean 'org.springframework.context.annotation.internalCommonAnnotationProcessor'
2025-01-15T10:00:12.570+07:00 DEBUG 7884 --- [OrderManagement_jOOQ] [           main] o.s.b.f.s.DefaultListableBeanFactory     : Creating shared instance of singleton bean 'org.springframework.context.annotation.internalPersistenceAnnotationProcessor'
2025-01-15T10:00:12.570+07:00 DEBUG 7884 --- [OrderManagement_jOOQ] [           main] o.s.b.f.s.DefaultListableBeanFactory     : Creating shared instance of singleton bean 'org.springframework.boot.context.properties.ConfigurationPropertiesBindingPostProcessor'
2025-01-15T10:00:12.570+07:00 DEBUG 7884 --- [OrderManagement_jOOQ] [           main] o.s.b.f.s.DefaultListableBeanFactory     : Creating shared instance of singleton bean 'org.springframework.boot.context.internalConfigurationPropertiesBinder'
2025-01-15T10:00:12.573+07:00 DEBUG 7884 --- [OrderManagement_jOOQ] [           main] o.s.b.f.s.DefaultListableBeanFactory     : Creating shared instance of singleton bean 'jdbcConnectionDetailsHikariBeanPostProcessor'
2025-01-15T10:00:12.577+07:00 DEBUG 7884 --- [OrderManagement_jOOQ] [           main] o.s.b.f.s.DefaultListableBeanFactory     : Creating shared instance of singleton bean 'methodValidationPostProcessor'
2025-01-15T10:00:12.581+07:00 DEBUG 7884 --- [OrderManagement_jOOQ] [           main] o.s.b.f.s.DefaultListableBeanFactory     : Autowiring by type from bean name 'methodValidationPostProcessor' via factory method to bean named 'environment'
2025-01-15T10:00:12.584+07:00 DEBUG 7884 --- [OrderManagement_jOOQ] [           main] o.s.b.f.s.DefaultListableBeanFactory     : Creating shared instance of singleton bean 'org.springframework.boot.context.properties.EnableConfigurationPropertiesRegistrar.methodValidationExcludeFilter'
2025-01-15T10:00:12.636+07:00 DEBUG 7884 --- [OrderManagement_jOOQ] [           main] o.s.b.f.s.DefaultListableBeanFactory     : Creating shared instance of singleton bean 'org.springframework.aop.config.internalAutoProxyCreator'
2025-01-15T10:00:12.662+07:00 DEBUG 7884 --- [OrderManagement_jOOQ] [           main] o.s.b.f.s.DefaultListableBeanFactory     : Creating shared instance of singleton bean 'persistenceExceptionTranslationPostProcessor'
2025-01-15T10:00:12.663+07:00 DEBUG 7884 --- [OrderManagement_jOOQ] [           main] o.s.b.f.s.DefaultListableBeanFactory     : Autowiring by type from bean name 'persistenceExceptionTranslationPostProcessor' via factory method to bean named 'environment'
2025-01-15T10:00:12.666+07:00 DEBUG 7884 --- [OrderManagement_jOOQ] [           main] o.s.b.f.s.DefaultListableBeanFactory     : Creating shared instance of singleton bean 'webServerFactoryCustomizerBeanPostProcessor'
2025-01-15T10:00:12.667+07:00 DEBUG 7884 --- [OrderManagement_jOOQ] [           main] o.s.b.f.s.DefaultListableBeanFactory     : Creating shared instance of singleton bean 'errorPageRegistrarBeanPostProcessor'
2025-01-15T10:00:12.667+07:00 DEBUG 7884 --- [OrderManagement_jOOQ] [           main] o.s.b.f.s.DefaultListableBeanFactory     : Creating shared instance of singleton bean 'projectingArgumentResolverBeanPostProcessor'
2025-01-15T10:00:12.669+07:00 DEBUG 7884 --- [OrderManagement_jOOQ] [           main] o.s.b.f.s.DefaultListableBeanFactory     : Creating shared instance of singleton bean 'org.springframework.transaction.config.internalTransactionAdvisor'
2025-01-15T10:00:12.670+07:00 DEBUG 7884 --- [OrderManagement_jOOQ] [           main] o.s.b.f.s.DefaultListableBeanFactory     : Creating shared instance of singleton bean 'org.springframework.transaction.annotation.ProxyTransactionManagementConfiguration'
2025-01-15T10:00:12.682+07:00 DEBUG 7884 --- [OrderManagement_jOOQ] [           main] o.s.b.f.s.DefaultListableBeanFactory     : Creating shared instance of singleton bean 'transactionAttributeSource'
2025-01-15T10:00:12.684+07:00 DEBUG 7884 --- [OrderManagement_jOOQ] [           main] o.s.b.f.s.DefaultListableBeanFactory     : Creating shared instance of singleton bean 'transactionInterceptor'
2025-01-15T10:00:12.685+07:00 DEBUG 7884 --- [OrderManagement_jOOQ] [           main] o.s.b.f.s.DefaultListableBeanFactory     : Autowiring by type from bean name 'transactionInterceptor' via factory method to bean named 'transactionAttributeSource'
2025-01-15T10:00:12.694+07:00 DEBUG 7884 --- [OrderManagement_jOOQ] [           main] o.s.b.f.s.DefaultListableBeanFactory     : Autowiring by type from bean name 'org.springframework.transaction.config.internalTransactionAdvisor' via factory method to bean named 'transactionAttributeSource'
2025-01-15T10:00:12.695+07:00 DEBUG 7884 --- [OrderManagement_jOOQ] [           main] o.s.b.f.s.DefaultListableBeanFactory     : Autowiring by type from bean name 'org.springframework.transaction.config.internalTransactionAdvisor' via factory method to bean named 'transactionInterceptor'
2025-01-15T10:00:12.737+07:00 DEBUG 7884 --- [OrderManagement_jOOQ] [           main] o.s.u.c.s.UiApplicationContextUtils      : Unable to locate ThemeSource with name 'themeSource': using default [org.springframework.ui.context.support.ResourceBundleThemeSource@f438904]
2025-01-15T10:00:12.740+07:00 DEBUG 7884 --- [OrderManagement_jOOQ] [           main] o.s.b.f.s.DefaultListableBeanFactory     : Creating shared instance of singleton bean 'dataSourceScriptDatabaseInitializer'
2025-01-15T10:00:12.740+07:00 DEBUG 7884 --- [OrderManagement_jOOQ] [           main] o.s.b.f.s.DefaultListableBeanFactory     : Creating shared instance of singleton bean 'org.springframework.boot.autoconfigure.sql.init.DataSourceInitializationConfiguration'
2025-01-15T10:00:12.743+07:00 DEBUG 7884 --- [OrderManagement_jOOQ] [           main] o.s.b.f.s.DefaultListableBeanFactory     : Creating shared instance of singleton bean 'dataSource'
2025-01-15T10:00:12.744+07:00 DEBUG 7884 --- [OrderManagement_jOOQ] [           main] o.s.b.f.s.DefaultListableBeanFactory     : Creating shared instance of singleton bean 'org.springframework.boot.autoconfigure.jdbc.DataSourceConfiguration$Hikari'
2025-01-15T10:00:12.745+07:00 DEBUG 7884 --- [OrderManagement_jOOQ] [           main] o.s.b.f.s.DefaultListableBeanFactory     : Creating shared instance of singleton bean 'spring.datasource-org.springframework.boot.autoconfigure.jdbc.DataSourceProperties'
2025-01-15T10:00:12.747+07:00 DEBUG 7884 --- [OrderManagement_jOOQ] [           main] o.s.b.f.s.DefaultListableBeanFactory     : Creating shared instance of singleton bean 'org.springframework.boot.context.properties.BoundConfigurationProperties'
2025-01-15T10:00:12.777+07:00 DEBUG 7884 --- [OrderManagement_jOOQ] [           main] o.s.b.f.s.DefaultListableBeanFactory     : Creating shared instance of singleton bean 'jdbcConnectionDetails'
2025-01-15T10:00:12.778+07:00 DEBUG 7884 --- [OrderManagement_jOOQ] [           main] o.s.b.f.s.DefaultListableBeanFactory     : Creating shared instance of singleton bean 'org.springframework.boot.autoconfigure.jdbc.DataSourceAutoConfiguration$PooledDataSourceConfiguration'
2025-01-15T10:00:12.780+07:00 DEBUG 7884 --- [OrderManagement_jOOQ] [           main] o.s.b.f.s.DefaultListableBeanFactory     : Autowiring by type from bean name 'jdbcConnectionDetails' via factory method to bean named 'spring.datasource-org.springframework.boot.autoconfigure.jdbc.DataSourceProperties'
2025-01-15T10:00:12.781+07:00 DEBUG 7884 --- [OrderManagement_jOOQ] [           main] o.s.b.f.s.DefaultListableBeanFactory     : Autowiring by type from bean name 'dataSource' via factory method to bean named 'spring.datasource-org.springframework.boot.autoconfigure.jdbc.DataSourceProperties'
2025-01-15T10:00:12.781+07:00 DEBUG 7884 --- [OrderManagement_jOOQ] [           main] o.s.b.f.s.DefaultListableBeanFactory     : Autowiring by type from bean name 'dataSource' via factory method to bean named 'jdbcConnectionDetails'
2025-01-15T10:00:12.787+07:00 DEBUG 7884 --- [OrderManagement_jOOQ] [           main] com.zaxxer.hikari.HikariConfig           : Driver class org.postgresql.Driver found in Thread context class loader jdk.internal.loader.ClassLoaders$AppClassLoader@5c647e05
2025-01-15T10:00:12.829+07:00 DEBUG 7884 --- [OrderManagement_jOOQ] [           main] o.s.b.f.s.DefaultListableBeanFactory     : Creating shared instance of singleton bean 'spring.sql.init-org.springframework.boot.autoconfigure.sql.init.SqlInitializationProperties'
2025-01-15T10:00:12.836+07:00 DEBUG 7884 --- [OrderManagement_jOOQ] [           main] o.s.b.f.s.DefaultListableBeanFactory     : Autowiring by type from bean name 'dataSourceScriptDatabaseInitializer' via factory method to bean named 'dataSource'
2025-01-15T10:00:12.837+07:00 DEBUG 7884 --- [OrderManagement_jOOQ] [           main] o.s.b.f.s.DefaultListableBeanFactory     : Autowiring by type from bean name 'dataSourceScriptDatabaseInitializer' via factory method to bean named 'spring.sql.init-org.springframework.boot.autoconfigure.sql.init.SqlInitializationProperties'
2025-01-15T10:00:12.850+07:00 DEBUG 7884 --- [OrderManagement_jOOQ] [           main] o.s.b.f.s.DefaultListableBeanFactory     : Creating shared instance of singleton bean 'entityManagerFactory'
2025-01-15T10:00:12.851+07:00 DEBUG 7884 --- [OrderManagement_jOOQ] [           main] o.s.b.f.s.DefaultListableBeanFactory     : Creating shared instance of singleton bean 'org.springframework.boot.autoconfigure.orm.jpa.HibernateJpaConfiguration'
2025-01-15T10:00:12.856+07:00 DEBUG 7884 --- [OrderManagement_jOOQ] [           main] o.s.b.f.s.DefaultListableBeanFactory     : Creating shared instance of singleton bean 'spring.jpa-org.springframework.boot.autoconfigure.orm.jpa.JpaProperties'
2025-01-15T10:00:12.878+07:00 DEBUG 7884 --- [OrderManagement_jOOQ] [           main] o.s.b.f.s.DefaultListableBeanFactory     : Creating shared instance of singleton bean 'spring.jpa.hibernate-org.springframework.boot.autoconfigure.orm.jpa.HibernateProperties'
2025-01-15T10:00:12.881+07:00 DEBUG 7884 --- [OrderManagement_jOOQ] [           main] o.s.b.f.s.DefaultListableBeanFactory     : Autowiring by type from bean name 'org.springframework.boot.autoconfigure.orm.jpa.HibernateJpaConfiguration' via constructor to bean named 'dataSource'
2025-01-15T10:00:12.881+07:00 DEBUG 7884 --- [OrderManagement_jOOQ] [           main] o.s.b.f.s.DefaultListableBeanFactory     : Autowiring by type from bean name 'org.springframework.boot.autoconfigure.orm.jpa.HibernateJpaConfiguration' via constructor to bean named 'spring.jpa-org.springframework.boot.autoconfigure.orm.jpa.JpaProperties'
2025-01-15T10:00:12.881+07:00 DEBUG 7884 --- [OrderManagement_jOOQ] [           main] o.s.b.f.s.DefaultListableBeanFactory     : Autowiring by type from bean name 'org.springframework.boot.autoconfigure.orm.jpa.HibernateJpaConfiguration' via constructor to bean named 'org.springframework.beans.factory.support.DefaultListableBeanFactory@29006752'
2025-01-15T10:00:12.881+07:00 DEBUG 7884 --- [OrderManagement_jOOQ] [           main] o.s.b.f.s.DefaultListableBeanFactory     : Autowiring by type from bean name 'org.springframework.boot.autoconfigure.orm.jpa.HibernateJpaConfiguration' via constructor to bean named 'spring.jpa.hibernate-org.springframework.boot.autoconfigure.orm.jpa.HibernateProperties'
2025-01-15T10:00:12.887+07:00 DEBUG 7884 --- [OrderManagement_jOOQ] [           main] o.s.b.f.s.DefaultListableBeanFactory     : Creating shared instance of singleton bean 'hikariPoolDataSourceMetadataProvider'
2025-01-15T10:00:12.888+07:00 DEBUG 7884 --- [OrderManagement_jOOQ] [           main] o.s.b.f.s.DefaultListableBeanFactory     : Creating shared instance of singleton bean 'org.springframework.boot.autoconfigure.jdbc.metadata.DataSourcePoolMetadataProvidersConfiguration$HikariPoolDataSourceMetadataProviderConfiguration'
2025-01-15T10:00:12.898+07:00 DEBUG 7884 --- [OrderManagement_jOOQ] [           main] o.s.b.f.s.DefaultListableBeanFactory     : Creating shared instance of singleton bean 'entityManagerFactoryBuilder'
2025-01-15T10:00:12.900+07:00 DEBUG 7884 --- [OrderManagement_jOOQ] [           main] o.s.b.f.s.DefaultListableBeanFactory     : Creating shared instance of singleton bean 'jpaVendorAdapter'
2025-01-15T10:00:12.926+07:00 DEBUG 7884 --- [OrderManagement_jOOQ] [           main] o.s.b.f.s.DefaultListableBeanFactory     : Autowiring by type from bean name 'entityManagerFactoryBuilder' via factory method to bean named 'jpaVendorAdapter'
2025-01-15T10:00:12.937+07:00 DEBUG 7884 --- [OrderManagement_jOOQ] [           main] o.s.b.f.s.DefaultListableBeanFactory     : Creating shared instance of singleton bean 'persistenceManagedTypes'
2025-01-15T10:00:12.939+07:00 DEBUG 7884 --- [OrderManagement_jOOQ] [           main] o.s.b.f.s.DefaultListableBeanFactory     : Autowiring by type from bean name 'persistenceManagedTypes' via factory method to bean named 'org.springframework.beans.factory.support.DefaultListableBeanFactory@29006752'
2025-01-15T10:00:12.939+07:00 DEBUG 7884 --- [OrderManagement_jOOQ] [           main] o.s.b.f.s.DefaultListableBeanFactory     : Autowiring by type from bean name 'persistenceManagedTypes' via factory method to bean named 'org.springframework.web.context.support.GenericWebApplicationContext@3a80515c'
2025-01-15T10:00:12.959+07:00 DEBUG 7884 --- [OrderManagement_jOOQ] [           main] o.s.b.f.s.DefaultListableBeanFactory     : Autowiring by type from bean name 'entityManagerFactory' via factory method to bean named 'entityManagerFactoryBuilder'
2025-01-15T10:00:12.960+07:00 DEBUG 7884 --- [OrderManagement_jOOQ] [           main] o.s.b.f.s.DefaultListableBeanFactory     : Autowiring by type from bean name 'entityManagerFactory' via factory method to bean named 'persistenceManagedTypes'
2025-01-15T10:00:12.995+07:00 DEBUG 7884 --- [OrderManagement_jOOQ] [           main] j.LocalContainerEntityManagerFactoryBean : Building JPA container EntityManagerFactory for persistence unit 'default'
2025-01-15T10:00:13.035+07:00 DEBUG 7884 --- [OrderManagement_jOOQ] [           main] o.hibernate.jpa.internal.util.LogHelper  : PersistenceUnitInfo [
	name: default
	persistence provider classname: null
	classloader: jdk.internal.loader.ClassLoaders$AppClassLoader@5c647e05
	excludeUnlistedClasses: true
	JTA datasource: null
	Non JTA datasource: HikariDataSource (null)
	Transaction type: RESOURCE_LOCAL
	PU root URL: file:/F:/MH_SOLUTION/OrderManagement_jOOQ/target/test-classes/
	Shared Cache Mode: UNSPECIFIED
	Validation Mode: AUTO
	Jar files URLs []
	Managed classes names []
	Mapping files names []
	Properties []
2025-01-15T10:00:13.064+07:00 DEBUG 7884 --- [OrderManagement_jOOQ] [           main] o.h.i.internal.IntegratorServiceImpl     : Adding Integrator [org.hibernate.boot.beanvalidation.BeanValidationIntegrator].
2025-01-15T10:00:13.069+07:00 DEBUG 7884 --- [OrderManagement_jOOQ] [           main] o.h.i.internal.IntegratorServiceImpl     : Adding Integrator [org.hibernate.cache.internal.CollectionCacheInvalidator].
2025-01-15T10:00:13.216+07:00  INFO 7884 --- [OrderManagement_jOOQ] [           main] org.hibernate.Version                    : HHH000412: Hibernate ORM core version 6.5.2.Final
2025-01-15T10:00:13.218+07:00 DEBUG 7884 --- [OrderManagement_jOOQ] [           main] org.hibernate.cfg.Environment            : HHH000206: 'hibernate.properties' not found
2025-01-15T10:00:13.281+07:00 DEBUG 7884 --- [OrderManagement_jOOQ] [           main] org.hibernate.orm.idgen.factory          : Registering IdentifierGenerator strategy [uuid2] -> [org.hibernate.id.UUIDGenerator]
2025-01-15T10:00:13.283+07:00 DEBUG 7884 --- [OrderManagement_jOOQ] [           main] org.hibernate.orm.idgen.factory          : Registering IdentifierGenerator strategy [guid] -> [org.hibernate.id.GUIDGenerator]
2025-01-15T10:00:13.284+07:00 DEBUG 7884 --- [OrderManagement_jOOQ] [           main] org.hibernate.orm.idgen.factory          : Registering IdentifierGenerator strategy [uuid] -> [org.hibernate.id.UUIDHexGenerator]
2025-01-15T10:00:13.285+07:00 DEBUG 7884 --- [OrderManagement_jOOQ] [           main] org.hibernate.orm.idgen.factory          : Registering IdentifierGenerator strategy [uuid.hex] -> [org.hibernate.id.UUIDHexGenerator]
2025-01-15T10:00:13.286+07:00 DEBUG 7884 --- [OrderManagement_jOOQ] [           main] org.hibernate.orm.idgen.factory          : Registering IdentifierGenerator strategy [assigned] -> [org.hibernate.id.Assigned]
2025-01-15T10:00:13.288+07:00 DEBUG 7884 --- [OrderManagement_jOOQ] [           main] org.hibernate.orm.idgen.factory          : Registering IdentifierGenerator strategy [identity] -> [org.hibernate.id.IdentityGenerator]
2025-01-15T10:00:13.289+07:00 DEBUG 7884 --- [OrderManagement_jOOQ] [           main] org.hibernate.orm.idgen.factory          : Registering IdentifierGenerator strategy [select] -> [org.hibernate.id.SelectGenerator]
2025-01-15T10:00:13.291+07:00 DEBUG 7884 --- [OrderManagement_jOOQ] [           main] org.hibernate.orm.idgen.factory          : Registering IdentifierGenerator strategy [sequence] -> [org.hibernate.id.enhanced.SequenceStyleGenerator]
2025-01-15T10:00:13.292+07:00 DEBUG 7884 --- [OrderManagement_jOOQ] [           main] org.hibernate.orm.idgen.factory          : Registering IdentifierGenerator strategy [increment] -> [org.hibernate.id.IncrementGenerator]
2025-01-15T10:00:13.293+07:00 DEBUG 7884 --- [OrderManagement_jOOQ] [           main] org.hibernate.orm.idgen.factory          : Registering IdentifierGenerator strategy [foreign] -> [org.hibernate.id.ForeignGenerator]
2025-01-15T10:00:13.293+07:00 DEBUG 7884 --- [OrderManagement_jOOQ] [           main] org.hibernate.orm.idgen.factory          : Registering IdentifierGenerator strategy [enhanced-sequence] -> [org.hibernate.id.enhanced.SequenceStyleGenerator]
2025-01-15T10:00:13.295+07:00 DEBUG 7884 --- [OrderManagement_jOOQ] [           main] org.hibernate.orm.idgen.factory          : Registering IdentifierGenerator strategy [enhanced-table] -> [org.hibernate.id.enhanced.TableGenerator]
2025-01-15T10:00:13.312+07:00 DEBUG 7884 --- [OrderManagement_jOOQ] [           main] o.h.c.internal.RegionFactoryInitiator    : Cannot default RegionFactory based on registered strategies as `[]` RegionFactory strategies were registered
2025-01-15T10:00:13.316+07:00  INFO 7884 --- [OrderManagement_jOOQ] [           main] o.h.c.internal.RegionFactoryInitiator    : HHH000026: Second-level cache disabled
2025-01-15T10:00:13.603+07:00 DEBUG 7884 --- [OrderManagement_jOOQ] [           main] org.hibernate.type.BasicTypeRegistry     : Adding type registration boolean -> org.hibernate.type.BasicTypeReference@5ec6fede
2025-01-15T10:00:13.603+07:00 DEBUG 7884 --- [OrderManagement_jOOQ] [           main] org.hibernate.type.BasicTypeRegistry     : Adding type registration boolean -> org.hibernate.type.BasicTypeReference@5ec6fede
2025-01-15T10:00:13.604+07:00 DEBUG 7884 --- [OrderManagement_jOOQ] [           main] org.hibernate.type.BasicTypeRegistry     : Adding type registration java.lang.Boolean -> org.hibernate.type.BasicTypeReference@5ec6fede
2025-01-15T10:00:13.605+07:00 DEBUG 7884 --- [OrderManagement_jOOQ] [           main] org.hibernate.type.BasicTypeRegistry     : Adding type registration numeric_boolean -> org.hibernate.type.BasicTypeReference@580902cd
2025-01-15T10:00:13.605+07:00 DEBUG 7884 --- [OrderManagement_jOOQ] [           main] org.hibernate.type.BasicTypeRegistry     : Adding type registration org.hibernate.type.NumericBooleanConverter -> org.hibernate.type.BasicTypeReference@580902cd
2025-01-15T10:00:13.605+07:00 DEBUG 7884 --- [OrderManagement_jOOQ] [           main] org.hibernate.type.BasicTypeRegistry     : Adding type registration true_false -> org.hibernate.type.BasicTypeReference@3757e8e2
2025-01-15T10:00:13.606+07:00 DEBUG 7884 --- [OrderManagement_jOOQ] [           main] org.hibernate.type.BasicTypeRegistry     : Adding type registration org.hibernate.type.TrueFalseConverter -> org.hibernate.type.BasicTypeReference@3757e8e2
2025-01-15T10:00:13.606+07:00 DEBUG 7884 --- [OrderManagement_jOOQ] [           main] org.hibernate.type.BasicTypeRegistry     : Adding type registration yes_no -> org.hibernate.type.BasicTypeReference@1653b84e
2025-01-15T10:00:13.606+07:00 DEBUG 7884 --- [OrderManagement_jOOQ] [           main] org.hibernate.type.BasicTypeRegistry     : Adding type registration org.hibernate.type.YesNoConverter -> org.hibernate.type.BasicTypeReference@1653b84e
2025-01-15T10:00:13.606+07:00 DEBUG 7884 --- [OrderManagement_jOOQ] [           main] org.hibernate.type.BasicTypeRegistry     : Adding type registration byte -> org.hibernate.type.BasicTypeReference@7f8a9454
2025-01-15T10:00:13.607+07:00 DEBUG 7884 --- [OrderManagement_jOOQ] [           main] org.hibernate.type.BasicTypeRegistry     : Adding type registration byte -> org.hibernate.type.BasicTypeReference@7f8a9454
2025-01-15T10:00:13.607+07:00 DEBUG 7884 --- [OrderManagement_jOOQ] [           main] org.hibernate.type.BasicTypeRegistry     : Adding type registration java.lang.Byte -> org.hibernate.type.BasicTypeReference@7f8a9454
2025-01-15T10:00:13.607+07:00 DEBUG 7884 --- [OrderManagement_jOOQ] [           main] org.hibernate.type.BasicTypeRegistry     : Adding type registration binary -> org.hibernate.type.BasicTypeReference@6f85ee02
2025-01-15T10:00:13.607+07:00 DEBUG 7884 --- [OrderManagement_jOOQ] [           main] org.hibernate.type.BasicTypeRegistry     : Adding type registration byte[] -> org.hibernate.type.BasicTypeReference@6f85ee02
2025-01-15T10:00:13.609+07:00 DEBUG 7884 --- [OrderManagement_jOOQ] [           main] org.hibernate.type.BasicTypeRegistry     : Adding type registration [B -> org.hibernate.type.BasicTypeReference@6f85ee02
2025-01-15T10:00:13.611+07:00 DEBUG 7884 --- [OrderManagement_jOOQ] [           main] org.hibernate.type.BasicTypeRegistry     : Adding type registration binary_wrapper -> org.hibernate.type.BasicTypeReference@679d0be8
2025-01-15T10:00:13.616+07:00 DEBUG 7884 --- [OrderManagement_jOOQ] [           main] org.hibernate.type.BasicTypeRegistry     : Adding type registration wrapper-binary -> org.hibernate.type.BasicTypeReference@679d0be8
2025-01-15T10:00:13.617+07:00 DEBUG 7884 --- [OrderManagement_jOOQ] [           main] org.hibernate.type.BasicTypeRegistry     : Adding type registration image -> org.hibernate.type.BasicTypeReference@6c075e9d
2025-01-15T10:00:13.617+07:00 DEBUG 7884 --- [OrderManagement_jOOQ] [           main] org.hibernate.type.BasicTypeRegistry     : Adding type registration blob -> org.hibernate.type.BasicTypeReference@47044f7d
2025-01-15T10:00:13.618+07:00 DEBUG 7884 --- [OrderManagement_jOOQ] [           main] org.hibernate.type.BasicTypeRegistry     : Adding type registration java.sql.Blob -> org.hibernate.type.BasicTypeReference@47044f7d
2025-01-15T10:00:13.618+07:00 DEBUG 7884 --- [OrderManagement_jOOQ] [           main] org.hibernate.type.BasicTypeRegistry     : Adding type registration materialized_blob -> org.hibernate.type.BasicTypeReference@7b14c61
2025-01-15T10:00:13.618+07:00 DEBUG 7884 --- [OrderManagement_jOOQ] [           main] org.hibernate.type.BasicTypeRegistry     : Adding type registration materialized_blob_wrapper -> org.hibernate.type.BasicTypeReference@8fcc534
2025-01-15T10:00:13.618+07:00 DEBUG 7884 --- [OrderManagement_jOOQ] [           main] org.hibernate.type.BasicTypeRegistry     : Adding type registration short -> org.hibernate.type.BasicTypeReference@5e599100
2025-01-15T10:00:13.618+07:00 DEBUG 7884 --- [OrderManagement_jOOQ] [           main] org.hibernate.type.BasicTypeRegistry     : Adding type registration short -> org.hibernate.type.BasicTypeReference@5e599100
2025-01-15T10:00:13.618+07:00 DEBUG 7884 --- [OrderManagement_jOOQ] [           main] org.hibernate.type.BasicTypeRegistry     : Adding type registration java.lang.Short -> org.hibernate.type.BasicTypeReference@5e599100
2025-01-15T10:00:13.619+07:00 DEBUG 7884 --- [OrderManagement_jOOQ] [           main] org.hibernate.type.BasicTypeRegistry     : Adding type registration integer -> org.hibernate.type.BasicTypeReference@3b435211
2025-01-15T10:00:13.619+07:00 DEBUG 7884 --- [OrderManagement_jOOQ] [           main] org.hibernate.type.BasicTypeRegistry     : Adding type registration int -> org.hibernate.type.BasicTypeReference@3b435211
2025-01-15T10:00:13.619+07:00 DEBUG 7884 --- [OrderManagement_jOOQ] [           main] org.hibernate.type.BasicTypeRegistry     : Adding type registration java.lang.Integer -> org.hibernate.type.BasicTypeReference@3b435211
2025-01-15T10:00:13.619+07:00 DEBUG 7884 --- [OrderManagement_jOOQ] [           main] org.hibernate.type.BasicTypeRegistry     : Adding type registration long -> org.hibernate.type.BasicTypeReference@361cd35c
2025-01-15T10:00:13.620+07:00 DEBUG 7884 --- [OrderManagement_jOOQ] [           main] org.hibernate.type.BasicTypeRegistry     : Adding type registration long -> org.hibernate.type.BasicTypeReference@361cd35c
2025-01-15T10:00:13.620+07:00 DEBUG 7884 --- [OrderManagement_jOOQ] [           main] org.hibernate.type.BasicTypeRegistry     : Adding type registration java.lang.Long -> org.hibernate.type.BasicTypeReference@361cd35c
2025-01-15T10:00:13.620+07:00 DEBUG 7884 --- [OrderManagement_jOOQ] [           main] org.hibernate.type.BasicTypeRegistry     : Adding type registration float -> org.hibernate.type.BasicTypeReference@58a765ce
2025-01-15T10:00:13.620+07:00 DEBUG 7884 --- [OrderManagement_jOOQ] [           main] org.hibernate.type.BasicTypeRegistry     : Adding type registration float -> org.hibernate.type.BasicTypeReference@58a765ce
2025-01-15T10:00:13.620+07:00 DEBUG 7884 --- [OrderManagement_jOOQ] [           main] org.hibernate.type.BasicTypeRegistry     : Adding type registration java.lang.Float -> org.hibernate.type.BasicTypeReference@58a765ce
2025-01-15T10:00:13.620+07:00 DEBUG 7884 --- [OrderManagement_jOOQ] [           main] org.hibernate.type.BasicTypeRegistry     : Adding type registration double -> org.hibernate.type.BasicTypeReference@4a642e4b
2025-01-15T10:00:13.620+07:00 DEBUG 7884 --- [OrderManagement_jOOQ] [           main] org.hibernate.type.BasicTypeRegistry     : Adding type registration double -> org.hibernate.type.BasicTypeReference@4a642e4b
2025-01-15T10:00:13.620+07:00 DEBUG 7884 --- [OrderManagement_jOOQ] [           main] org.hibernate.type.BasicTypeRegistry     : Adding type registration java.lang.Double -> org.hibernate.type.BasicTypeReference@4a642e4b
2025-01-15T10:00:13.620+07:00 DEBUG 7884 --- [OrderManagement_jOOQ] [           main] org.hibernate.type.BasicTypeRegistry     : Adding type registration big_integer -> org.hibernate.type.BasicTypeReference@6b162ecc
2025-01-15T10:00:13.620+07:00 DEBUG 7884 --- [OrderManagement_jOOQ] [           main] org.hibernate.type.BasicTypeRegistry     : Adding type registration java.math.BigInteger -> org.hibernate.type.BasicTypeReference@6b162ecc
2025-01-15T10:00:13.620+07:00 DEBUG 7884 --- [OrderManagement_jOOQ] [           main] org.hibernate.type.BasicTypeRegistry     : Adding type registration big_decimal -> org.hibernate.type.BasicTypeReference@3b4086c1
2025-01-15T10:00:13.621+07:00 DEBUG 7884 --- [OrderManagement_jOOQ] [           main] org.hibernate.type.BasicTypeRegistry     : Adding type registration java.math.BigDecimal -> org.hibernate.type.BasicTypeReference@3b4086c1
2025-01-15T10:00:13.621+07:00 DEBUG 7884 --- [OrderManagement_jOOQ] [           main] org.hibernate.type.BasicTypeRegistry     : Adding type registration character -> org.hibernate.type.BasicTypeReference@58aa1d72
2025-01-15T10:00:13.621+07:00 DEBUG 7884 --- [OrderManagement_jOOQ] [           main] org.hibernate.type.BasicTypeRegistry     : Adding type registration char -> org.hibernate.type.BasicTypeReference@58aa1d72
2025-01-15T10:00:13.621+07:00 DEBUG 7884 --- [OrderManagement_jOOQ] [           main] org.hibernate.type.BasicTypeRegistry     : Adding type registration java.lang.Character -> org.hibernate.type.BasicTypeReference@58aa1d72
2025-01-15T10:00:13.622+07:00 DEBUG 7884 --- [OrderManagement_jOOQ] [           main] org.hibernate.type.BasicTypeRegistry     : Adding type registration character_nchar -> org.hibernate.type.BasicTypeReference@33d7765a
2025-01-15T10:00:13.622+07:00 DEBUG 7884 --- [OrderManagement_jOOQ] [           main] org.hibernate.type.BasicTypeRegistry     : Adding type registration string -> org.hibernate.type.BasicTypeReference@69ed5ea2
2025-01-15T10:00:13.622+07:00 DEBUG 7884 --- [OrderManagement_jOOQ] [           main] org.hibernate.type.BasicTypeRegistry     : Adding type registration java.lang.String -> org.hibernate.type.BasicTypeReference@69ed5ea2
2025-01-15T10:00:13.622+07:00 DEBUG 7884 --- [OrderManagement_jOOQ] [           main] org.hibernate.type.BasicTypeRegistry     : Adding type registration nstring -> org.hibernate.type.BasicTypeReference@56a4abd0
2025-01-15T10:00:13.623+07:00 DEBUG 7884 --- [OrderManagement_jOOQ] [           main] org.hibernate.type.BasicTypeRegistry     : Adding type registration characters -> org.hibernate.type.BasicTypeReference@5eed6dfb
2025-01-15T10:00:13.623+07:00 DEBUG 7884 --- [OrderManagement_jOOQ] [           main] org.hibernate.type.BasicTypeRegistry     : Adding type registration char[] -> org.hibernate.type.BasicTypeReference@5eed6dfb
2025-01-15T10:00:13.623+07:00 DEBUG 7884 --- [OrderManagement_jOOQ] [           main] org.hibernate.type.BasicTypeRegistry     : Adding type registration [C -> org.hibernate.type.BasicTypeReference@5eed6dfb
2025-01-15T10:00:13.623+07:00 DEBUG 7884 --- [OrderManagement_jOOQ] [           main] org.hibernate.type.BasicTypeRegistry     : Adding type registration wrapper-characters -> org.hibernate.type.BasicTypeReference@5600a5da
2025-01-15T10:00:13.623+07:00 DEBUG 7884 --- [OrderManagement_jOOQ] [           main] org.hibernate.type.BasicTypeRegistry     : Adding type registration text -> org.hibernate.type.BasicTypeReference@551be9f6
2025-01-15T10:00:13.623+07:00 DEBUG 7884 --- [OrderManagement_jOOQ] [           main] org.hibernate.type.BasicTypeRegistry     : Adding type registration ntext -> org.hibernate.type.BasicTypeReference@269222ae
2025-01-15T10:00:13.624+07:00 DEBUG 7884 --- [OrderManagement_jOOQ] [           main] org.hibernate.type.BasicTypeRegistry     : Adding type registration clob -> org.hibernate.type.BasicTypeReference@13250132
2025-01-15T10:00:13.624+07:00 DEBUG 7884 --- [OrderManagement_jOOQ] [           main] org.hibernate.type.BasicTypeRegistry     : Adding type registration java.sql.Clob -> org.hibernate.type.BasicTypeReference@13250132
2025-01-15T10:00:13.624+07:00 DEBUG 7884 --- [OrderManagement_jOOQ] [           main] org.hibernate.type.BasicTypeRegistry     : Adding type registration nclob -> org.hibernate.type.BasicTypeReference@40d848f9
2025-01-15T10:00:13.624+07:00 DEBUG 7884 --- [OrderManagement_jOOQ] [           main] org.hibernate.type.BasicTypeRegistry     : Adding type registration java.sql.NClob -> org.hibernate.type.BasicTypeReference@40d848f9
2025-01-15T10:00:13.624+07:00 DEBUG 7884 --- [OrderManagement_jOOQ] [           main] org.hibernate.type.BasicTypeRegistry     : Adding type registration materialized_clob -> org.hibernate.type.BasicTypeReference@4a864d4d
2025-01-15T10:00:13.624+07:00 DEBUG 7884 --- [OrderManagement_jOOQ] [           main] org.hibernate.type.BasicTypeRegistry     : Adding type registration materialized_clob_char_array -> org.hibernate.type.BasicTypeReference@7d3691e1
2025-01-15T10:00:13.625+07:00 DEBUG 7884 --- [OrderManagement_jOOQ] [           main] org.hibernate.type.BasicTypeRegistry     : Adding type registration materialized_clob_character_array -> org.hibernate.type.BasicTypeReference@46a123e4
2025-01-15T10:00:13.625+07:00 DEBUG 7884 --- [OrderManagement_jOOQ] [           main] org.hibernate.type.BasicTypeRegistry     : Adding type registration materialized_nclob -> org.hibernate.type.BasicTypeReference@44bc2449
2025-01-15T10:00:13.625+07:00 DEBUG 7884 --- [OrderManagement_jOOQ] [           main] org.hibernate.type.BasicTypeRegistry     : Adding type registration materialized_nclob_character_array -> org.hibernate.type.BasicTypeReference@3c28e5b6
2025-01-15T10:00:13.625+07:00 DEBUG 7884 --- [OrderManagement_jOOQ] [           main] org.hibernate.type.BasicTypeRegistry     : Adding type registration materialized_nclob_char_array -> org.hibernate.type.BasicTypeReference@7558c24b
2025-01-15T10:00:13.625+07:00 DEBUG 7884 --- [OrderManagement_jOOQ] [           main] org.hibernate.type.BasicTypeRegistry     : Adding type registration Duration -> org.hibernate.type.BasicTypeReference@3a296107
2025-01-15T10:00:13.625+07:00 DEBUG 7884 --- [OrderManagement_jOOQ] [           main] org.hibernate.type.BasicTypeRegistry     : Adding type registration java.time.Duration -> org.hibernate.type.BasicTypeReference@3a296107
2025-01-15T10:00:13.626+07:00 DEBUG 7884 --- [OrderManagement_jOOQ] [           main] org.hibernate.type.BasicTypeRegistry     : Adding type registration LocalDateTime -> org.hibernate.type.BasicTypeReference@1f129467
2025-01-15T10:00:13.626+07:00 DEBUG 7884 --- [OrderManagement_jOOQ] [           main] org.hibernate.type.BasicTypeRegistry     : Adding type registration java.time.LocalDateTime -> org.hibernate.type.BasicTypeReference@1f129467
2025-01-15T10:00:13.626+07:00 DEBUG 7884 --- [OrderManagement_jOOQ] [           main] org.hibernate.type.BasicTypeRegistry     : Adding type registration LocalDate -> org.hibernate.type.BasicTypeReference@646cd766
2025-01-15T10:00:13.626+07:00 DEBUG 7884 --- [OrderManagement_jOOQ] [           main] org.hibernate.type.BasicTypeRegistry     : Adding type registration java.time.LocalDate -> org.hibernate.type.BasicTypeReference@646cd766
2025-01-15T10:00:13.626+07:00 DEBUG 7884 --- [OrderManagement_jOOQ] [           main] org.hibernate.type.BasicTypeRegistry     : Adding type registration LocalTime -> org.hibernate.type.BasicTypeReference@57151b3a
2025-01-15T10:00:13.626+07:00 DEBUG 7884 --- [OrderManagement_jOOQ] [           main] org.hibernate.type.BasicTypeRegistry     : Adding type registration java.time.LocalTime -> org.hibernate.type.BasicTypeReference@57151b3a
2025-01-15T10:00:13.627+07:00 DEBUG 7884 --- [OrderManagement_jOOQ] [           main] org.hibernate.type.BasicTypeRegistry     : Adding type registration OffsetDateTime -> org.hibernate.type.BasicTypeReference@26457986
2025-01-15T10:00:13.627+07:00 DEBUG 7884 --- [OrderManagement_jOOQ] [           main] org.hibernate.type.BasicTypeRegistry     : Adding type registration java.time.OffsetDateTime -> org.hibernate.type.BasicTypeReference@26457986
2025-01-15T10:00:13.628+07:00 DEBUG 7884 --- [OrderManagement_jOOQ] [           main] org.hibernate.type.BasicTypeRegistry     : Adding type registration OffsetDateTimeWithTimezone -> org.hibernate.type.BasicTypeReference@2dff7085
2025-01-15T10:00:13.628+07:00 DEBUG 7884 --- [OrderManagement_jOOQ] [           main] org.hibernate.type.BasicTypeRegistry     : Adding type registration OffsetDateTimeWithoutTimezone -> org.hibernate.type.BasicTypeReference@2faa55bb
2025-01-15T10:00:13.628+07:00 DEBUG 7884 --- [OrderManagement_jOOQ] [           main] org.hibernate.type.BasicTypeRegistry     : Adding type registration OffsetTime -> org.hibernate.type.BasicTypeReference@501957bf
2025-01-15T10:00:13.628+07:00 DEBUG 7884 --- [OrderManagement_jOOQ] [           main] org.hibernate.type.BasicTypeRegistry     : Adding type registration java.time.OffsetTime -> org.hibernate.type.BasicTypeReference@501957bf
2025-01-15T10:00:13.628+07:00 DEBUG 7884 --- [OrderManagement_jOOQ] [           main] org.hibernate.type.BasicTypeRegistry     : Adding type registration OffsetTimeUtc -> org.hibernate.type.BasicTypeReference@5d1d9d73
2025-01-15T10:00:13.628+07:00 DEBUG 7884 --- [OrderManagement_jOOQ] [           main] org.hibernate.type.BasicTypeRegistry     : Adding type registration OffsetTimeWithTimezone -> org.hibernate.type.BasicTypeReference@b30a50d
2025-01-15T10:00:13.628+07:00 DEBUG 7884 --- [OrderManagement_jOOQ] [           main] org.hibernate.type.BasicTypeRegistry     : Adding type registration OffsetTimeWithoutTimezone -> org.hibernate.type.BasicTypeReference@764a3e5d
2025-01-15T10:00:13.628+07:00 DEBUG 7884 --- [OrderManagement_jOOQ] [           main] org.hibernate.type.BasicTypeRegistry     : Adding type registration ZonedDateTime -> org.hibernate.type.BasicTypeReference@6c742b84
2025-01-15T10:00:13.628+07:00 DEBUG 7884 --- [OrderManagement_jOOQ] [           main] org.hibernate.type.BasicTypeRegistry     : Adding type registration java.time.ZonedDateTime -> org.hibernate.type.BasicTypeReference@6c742b84
2025-01-15T10:00:13.628+07:00 DEBUG 7884 --- [OrderManagement_jOOQ] [           main] org.hibernate.type.BasicTypeRegistry     : Adding type registration ZonedDateTimeWithTimezone -> org.hibernate.type.BasicTypeReference@5db3d57c
2025-01-15T10:00:13.629+07:00 DEBUG 7884 --- [OrderManagement_jOOQ] [           main] org.hibernate.type.BasicTypeRegistry     : Adding type registration ZonedDateTimeWithoutTimezone -> org.hibernate.type.BasicTypeReference@53a50b0a
2025-01-15T10:00:13.629+07:00 DEBUG 7884 --- [OrderManagement_jOOQ] [           main] org.hibernate.type.BasicTypeRegistry     : Adding type registration date -> org.hibernate.type.BasicTypeReference@74ba6ff5
2025-01-15T10:00:13.629+07:00 DEBUG 7884 --- [OrderManagement_jOOQ] [           main] org.hibernate.type.BasicTypeRegistry     : Adding type registration java.sql.Date -> org.hibernate.type.BasicTypeReference@74ba6ff5
2025-01-15T10:00:13.629+07:00 DEBUG 7884 --- [OrderManagement_jOOQ] [           main] org.hibernate.type.BasicTypeRegistry     : Adding type registration time -> org.hibernate.type.BasicTypeReference@395f52ed
2025-01-15T10:00:13.629+07:00 DEBUG 7884 --- [OrderManagement_jOOQ] [           main] org.hibernate.type.BasicTypeRegistry     : Adding type registration java.sql.Time -> org.hibernate.type.BasicTypeReference@395f52ed
2025-01-15T10:00:13.630+07:00 DEBUG 7884 --- [OrderManagement_jOOQ] [           main] org.hibernate.type.BasicTypeRegistry     : Adding type registration timestamp -> org.hibernate.type.BasicTypeReference@7a84788f
2025-01-15T10:00:13.630+07:00 DEBUG 7884 --- [OrderManagement_jOOQ] [           main] org.hibernate.type.BasicTypeRegistry     : Adding type registration java.sql.Timestamp -> org.hibernate.type.BasicTypeReference@7a84788f
2025-01-15T10:00:13.630+07:00 DEBUG 7884 --- [OrderManagement_jOOQ] [           main] org.hibernate.type.BasicTypeRegistry     : Adding type registration java.util.Date -> org.hibernate.type.BasicTypeReference@7a84788f
2025-01-15T10:00:13.630+07:00 DEBUG 7884 --- [OrderManagement_jOOQ] [           main] org.hibernate.type.BasicTypeRegistry     : Adding type registration calendar -> org.hibernate.type.BasicTypeReference@102c18e
2025-01-15T10:00:13.630+07:00 DEBUG 7884 --- [OrderManagement_jOOQ] [           main] org.hibernate.type.BasicTypeRegistry     : Adding type registration java.util.Calendar -> org.hibernate.type.BasicTypeReference@102c18e
2025-01-15T10:00:13.631+07:00 DEBUG 7884 --- [OrderManagement_jOOQ] [           main] org.hibernate.type.BasicTypeRegistry     : Adding type registration java.util.GregorianCalendar -> org.hibernate.type.BasicTypeReference@102c18e
2025-01-15T10:00:13.632+07:00 DEBUG 7884 --- [OrderManagement_jOOQ] [           main] org.hibernate.type.BasicTypeRegistry     : Adding type registration calendar_date -> org.hibernate.type.BasicTypeReference@65eb3597
2025-01-15T10:00:13.632+07:00 DEBUG 7884 --- [OrderManagement_jOOQ] [           main] org.hibernate.type.BasicTypeRegistry     : Adding type registration calendar_time -> org.hibernate.type.BasicTypeReference@3c7279a5
2025-01-15T10:00:13.632+07:00 DEBUG 7884 --- [OrderManagement_jOOQ] [           main] org.hibernate.type.BasicTypeRegistry     : Adding type registration instant -> org.hibernate.type.BasicTypeReference@2bebd114
2025-01-15T10:00:13.632+07:00 DEBUG 7884 --- [OrderManagement_jOOQ] [           main] org.hibernate.type.BasicTypeRegistry     : Adding type registration java.time.Instant -> org.hibernate.type.BasicTypeReference@2bebd114
2025-01-15T10:00:13.633+07:00 DEBUG 7884 --- [OrderManagement_jOOQ] [           main] org.hibernate.type.BasicTypeRegistry     : Adding type registration uuid -> org.hibernate.type.BasicTypeReference@b379bc6
2025-01-15T10:00:13.633+07:00 DEBUG 7884 --- [OrderManagement_jOOQ] [           main] org.hibernate.type.BasicTypeRegistry     : Adding type registration java.util.UUID -> org.hibernate.type.BasicTypeReference@b379bc6
2025-01-15T10:00:13.633+07:00 DEBUG 7884 --- [OrderManagement_jOOQ] [           main] org.hibernate.type.BasicTypeRegistry     : Adding type registration pg-uuid -> org.hibernate.type.BasicTypeReference@b379bc6
2025-01-15T10:00:13.633+07:00 DEBUG 7884 --- [OrderManagement_jOOQ] [           main] org.hibernate.type.BasicTypeRegistry     : Adding type registration uuid-binary -> org.hibernate.type.BasicTypeReference@374c40ba
2025-01-15T10:00:13.633+07:00 DEBUG 7884 --- [OrderManagement_jOOQ] [           main] org.hibernate.type.BasicTypeRegistry     : Adding type registration uuid-char -> org.hibernate.type.BasicTypeReference@18dcb8a7
2025-01-15T10:00:13.634+07:00 DEBUG 7884 --- [OrderManagement_jOOQ] [           main] org.hibernate.type.BasicTypeRegistry     : Adding type registration class -> org.hibernate.type.BasicTypeReference@6dcab9d9
2025-01-15T10:00:13.634+07:00 DEBUG 7884 --- [OrderManagement_jOOQ] [           main] org.hibernate.type.BasicTypeRegistry     : Adding type registration java.lang.Class -> org.hibernate.type.BasicTypeReference@6dcab9d9
2025-01-15T10:00:13.634+07:00 DEBUG 7884 --- [OrderManagement_jOOQ] [           main] org.hibernate.type.BasicTypeRegistry     : Adding type registration currency -> org.hibernate.type.BasicTypeReference@5a14e60d
2025-01-15T10:00:13.634+07:00 DEBUG 7884 --- [OrderManagement_jOOQ] [           main] org.hibernate.type.BasicTypeRegistry     : Adding type registration Currency -> org.hibernate.type.BasicTypeReference@5a14e60d
2025-01-15T10:00:13.634+07:00 DEBUG 7884 --- [OrderManagement_jOOQ] [           main] org.hibernate.type.BasicTypeRegistry     : Adding type registration java.util.Currency -> org.hibernate.type.BasicTypeReference@5a14e60d
2025-01-15T10:00:13.635+07:00 DEBUG 7884 --- [OrderManagement_jOOQ] [           main] org.hibernate.type.BasicTypeRegistry     : Adding type registration locale -> org.hibernate.type.BasicTypeReference@f882465
2025-01-15T10:00:13.635+07:00 DEBUG 7884 --- [OrderManagement_jOOQ] [           main] org.hibernate.type.BasicTypeRegistry     : Adding type registration java.util.Locale -> org.hibernate.type.BasicTypeReference@f882465
2025-01-15T10:00:13.635+07:00 DEBUG 7884 --- [OrderManagement_jOOQ] [           main] org.hibernate.type.BasicTypeRegistry     : Adding type registration serializable -> org.hibernate.type.BasicTypeReference@72ecbcb3
2025-01-15T10:00:13.635+07:00 DEBUG 7884 --- [OrderManagement_jOOQ] [           main] org.hibernate.type.BasicTypeRegistry     : Adding type registration java.io.Serializable -> org.hibernate.type.BasicTypeReference@72ecbcb3
2025-01-15T10:00:13.635+07:00 DEBUG 7884 --- [OrderManagement_jOOQ] [           main] org.hibernate.type.BasicTypeRegistry     : Adding type registration timezone -> org.hibernate.type.BasicTypeReference@4a50c746
2025-01-15T10:00:13.635+07:00 DEBUG 7884 --- [OrderManagement_jOOQ] [           main] org.hibernate.type.BasicTypeRegistry     : Adding type registration java.util.TimeZone -> org.hibernate.type.BasicTypeReference@4a50c746
2025-01-15T10:00:13.636+07:00 DEBUG 7884 --- [OrderManagement_jOOQ] [           main] org.hibernate.type.BasicTypeRegistry     : Adding type registration ZoneOffset -> org.hibernate.type.BasicTypeReference@3709748f
2025-01-15T10:00:13.636+07:00 DEBUG 7884 --- [OrderManagement_jOOQ] [           main] org.hibernate.type.BasicTypeRegistry     : Adding type registration java.time.ZoneOffset -> org.hibernate.type.BasicTypeReference@3709748f
2025-01-15T10:00:13.636+07:00 DEBUG 7884 --- [OrderManagement_jOOQ] [           main] org.hibernate.type.BasicTypeRegistry     : Adding type registration url -> org.hibernate.type.BasicTypeReference@79ecc507
2025-01-15T10:00:13.636+07:00 DEBUG 7884 --- [OrderManagement_jOOQ] [           main] org.hibernate.type.BasicTypeRegistry     : Adding type registration java.net.URL -> org.hibernate.type.BasicTypeReference@79ecc507
2025-01-15T10:00:13.636+07:00 DEBUG 7884 --- [OrderManagement_jOOQ] [           main] org.hibernate.type.BasicTypeRegistry     : Adding type registration vector -> org.hibernate.type.BasicTypeReference@6ef2f7ad
2025-01-15T10:00:13.636+07:00 DEBUG 7884 --- [OrderManagement_jOOQ] [           main] org.hibernate.type.BasicTypeRegistry     : Adding type registration row_version -> org.hibernate.type.BasicTypeReference@22d477c2
2025-01-15T10:00:13.645+07:00 DEBUG 7884 --- [OrderManagement_jOOQ] [           main] org.hibernate.type.BasicTypeRegistry     : Adding type registration object -> org.hibernate.type.JavaObjectType@60b5e80d
2025-01-15T10:00:13.646+07:00 DEBUG 7884 --- [OrderManagement_jOOQ] [           main] org.hibernate.type.BasicTypeRegistry     : Adding type registration java.lang.Object -> org.hibernate.type.JavaObjectType@60b5e80d
2025-01-15T10:00:13.648+07:00 DEBUG 7884 --- [OrderManagement_jOOQ] [           main] org.hibernate.type.BasicTypeRegistry     : Adding type registration null -> org.hibernate.type.NullType@797fcf9
2025-01-15T10:00:13.648+07:00 DEBUG 7884 --- [OrderManagement_jOOQ] [           main] org.hibernate.type.BasicTypeRegistry     : Adding type registration imm_date -> org.hibernate.type.BasicTypeReference@16bd7ae1
2025-01-15T10:00:13.649+07:00 DEBUG 7884 --- [OrderManagement_jOOQ] [           main] org.hibernate.type.BasicTypeRegistry     : Adding type registration imm_time -> org.hibernate.type.BasicTypeReference@15d114ce
2025-01-15T10:00:13.649+07:00 DEBUG 7884 --- [OrderManagement_jOOQ] [           main] org.hibernate.type.BasicTypeRegistry     : Adding type registration imm_timestamp -> org.hibernate.type.BasicTypeReference@3312f4f4
2025-01-15T10:00:13.649+07:00 DEBUG 7884 --- [OrderManagement_jOOQ] [           main] org.hibernate.type.BasicTypeRegistry     : Adding type registration imm_calendar -> org.hibernate.type.BasicTypeReference@b5aa65b
2025-01-15T10:00:13.649+07:00 DEBUG 7884 --- [OrderManagement_jOOQ] [           main] org.hibernate.type.BasicTypeRegistry     : Adding type registration imm_calendar_date -> org.hibernate.type.BasicTypeReference@76cdafa3
2025-01-15T10:00:13.649+07:00 DEBUG 7884 --- [OrderManagement_jOOQ] [           main] org.hibernate.type.BasicTypeRegistry     : Adding type registration imm_calendar_time -> org.hibernate.type.BasicTypeReference@6b27b2d0
2025-01-15T10:00:13.649+07:00 DEBUG 7884 --- [OrderManagement_jOOQ] [           main] org.hibernate.type.BasicTypeRegistry     : Adding type registration imm_binary -> org.hibernate.type.BasicTypeReference@4fb64e14
2025-01-15T10:00:13.650+07:00 DEBUG 7884 --- [OrderManagement_jOOQ] [           main] org.hibernate.type.BasicTypeRegistry     : Adding type registration imm_serializable -> org.hibernate.type.BasicTypeReference@118041c7
2025-01-15T10:00:13.658+07:00 DEBUG 7884 --- [OrderManagement_jOOQ] [           main] o.h.boot.internal.BootstrapContextImpl   : Injecting JPA temp ClassLoader [org.springframework.instrument.classloading.SimpleThrowawayClassLoader@28fc1132] into BootstrapContext; was [null]
2025-01-15T10:00:13.660+07:00 DEBUG 7884 --- [OrderManagement_jOOQ] [           main] o.h.boot.internal.ClassLoaderAccessImpl  : ClassLoaderAccessImpl#injectTempClassLoader(org.springframework.instrument.classloading.SimpleThrowawayClassLoader@28fc1132) [was null]
2025-01-15T10:00:13.660+07:00 DEBUG 7884 --- [OrderManagement_jOOQ] [           main] o.h.boot.internal.BootstrapContextImpl   : Injecting ScanEnvironment [org.hibernate.jpa.boot.internal.StandardJpaScanEnvironmentImpl@4b9c411] into BootstrapContext; was [null]
2025-01-15T10:00:13.660+07:00 DEBUG 7884 --- [OrderManagement_jOOQ] [           main] o.h.boot.internal.BootstrapContextImpl   : Injecting ScanOptions [org.hibernate.boot.archive.scan.internal.StandardScanOptions@41e9f86] into BootstrapContext; was [org.hibernate.boot.archive.scan.internal.StandardScanOptions@66f5b8fe]
2025-01-15T10:00:14.169+07:00  INFO 7884 --- [OrderManagement_jOOQ] [           main] o.s.o.j.p.SpringPersistenceUnitInfo      : No LoadTimeWeaver setup: ignoring JPA class transformer
2025-01-15T10:00:14.169+07:00 DEBUG 7884 --- [OrderManagement_jOOQ] [           main] o.h.boot.internal.BootstrapContextImpl   : Injecting JPA temp ClassLoader [null] into BootstrapContext; was [org.springframework.instrument.classloading.SimpleThrowawayClassLoader@28fc1132]
2025-01-15T10:00:14.169+07:00 DEBUG 7884 --- [OrderManagement_jOOQ] [           main] o.h.boot.internal.ClassLoaderAccessImpl  : ClassLoaderAccessImpl#injectTempClassLoader(null) [was org.springframework.instrument.classloading.SimpleThrowawayClassLoader@28fc1132]
2025-01-15T10:00:14.210+07:00 DEBUG 7884 --- [OrderManagement_jOOQ] [           main] com.zaxxer.hikari.HikariConfig           : HikariPool-1 - configuration:
2025-01-15T10:00:14.217+07:00 DEBUG 7884 --- [OrderManagement_jOOQ] [           main] com.zaxxer.hikari.HikariConfig           : allowPoolSuspension.............false
2025-01-15T10:00:14.217+07:00 DEBUG 7884 --- [OrderManagement_jOOQ] [           main] com.zaxxer.hikari.HikariConfig           : autoCommit......................true
2025-01-15T10:00:14.217+07:00 DEBUG 7884 --- [OrderManagement_jOOQ] [           main] com.zaxxer.hikari.HikariConfig           : catalog.........................none
2025-01-15T10:00:14.217+07:00 DEBUG 7884 --- [OrderManagement_jOOQ] [           main] com.zaxxer.hikari.HikariConfig           : connectionInitSql...............none
2025-01-15T10:00:14.218+07:00 DEBUG 7884 --- [OrderManagement_jOOQ] [           main] com.zaxxer.hikari.HikariConfig           : connectionTestQuery.............none
2025-01-15T10:00:14.219+07:00 DEBUG 7884 --- [OrderManagement_jOOQ] [           main] com.zaxxer.hikari.HikariConfig           : connectionTimeout...............30000
2025-01-15T10:00:14.220+07:00 DEBUG 7884 --- [OrderManagement_jOOQ] [           main] com.zaxxer.hikari.HikariConfig           : dataSource......................none
2025-01-15T10:00:14.220+07:00 DEBUG 7884 --- [OrderManagement_jOOQ] [           main] com.zaxxer.hikari.HikariConfig           : dataSourceClassName.............none
2025-01-15T10:00:14.220+07:00 DEBUG 7884 --- [OrderManagement_jOOQ] [           main] com.zaxxer.hikari.HikariConfig           : dataSourceJNDI..................none
2025-01-15T10:00:14.220+07:00 DEBUG 7884 --- [OrderManagement_jOOQ] [           main] com.zaxxer.hikari.HikariConfig           : dataSourceProperties............{password=<masked>}
2025-01-15T10:00:14.221+07:00 DEBUG 7884 --- [OrderManagement_jOOQ] [           main] com.zaxxer.hikari.HikariConfig           : driverClassName................."org.postgresql.Driver"
2025-01-15T10:00:14.221+07:00 DEBUG 7884 --- [OrderManagement_jOOQ] [           main] com.zaxxer.hikari.HikariConfig           : exceptionOverrideClassName......none
2025-01-15T10:00:14.221+07:00 DEBUG 7884 --- [OrderManagement_jOOQ] [           main] com.zaxxer.hikari.HikariConfig           : healthCheckProperties...........{}
2025-01-15T10:00:14.221+07:00 DEBUG 7884 --- [OrderManagement_jOOQ] [           main] com.zaxxer.hikari.HikariConfig           : healthCheckRegistry.............none
2025-01-15T10:00:14.221+07:00 DEBUG 7884 --- [OrderManagement_jOOQ] [           main] com.zaxxer.hikari.HikariConfig           : idleTimeout.....................600000
2025-01-15T10:00:14.222+07:00 DEBUG 7884 --- [OrderManagement_jOOQ] [           main] com.zaxxer.hikari.HikariConfig           : initializationFailTimeout.......1
2025-01-15T10:00:14.223+07:00 DEBUG 7884 --- [OrderManagement_jOOQ] [           main] com.zaxxer.hikari.HikariConfig           : isolateInternalQueries..........false
2025-01-15T10:00:14.223+07:00 DEBUG 7884 --- [OrderManagement_jOOQ] [           main] com.zaxxer.hikari.HikariConfig           : jdbcUrl.........................jdbc:postgresql://127.0.0.1:5432/qlbh__mhsolution
2025-01-15T10:00:14.223+07:00 DEBUG 7884 --- [OrderManagement_jOOQ] [           main] com.zaxxer.hikari.HikariConfig           : keepaliveTime...................0
2025-01-15T10:00:14.223+07:00 DEBUG 7884 --- [OrderManagement_jOOQ] [           main] com.zaxxer.hikari.HikariConfig           : leakDetectionThreshold..........0
2025-01-15T10:00:14.223+07:00 DEBUG 7884 --- [OrderManagement_jOOQ] [           main] com.zaxxer.hikari.HikariConfig           : maxLifetime.....................1800000
2025-01-15T10:00:14.223+07:00 DEBUG 7884 --- [OrderManagement_jOOQ] [           main] com.zaxxer.hikari.HikariConfig           : maximumPoolSize.................10
2025-01-15T10:00:14.223+07:00 DEBUG 7884 --- [OrderManagement_jOOQ] [           main] com.zaxxer.hikari.HikariConfig           : metricRegistry..................none
2025-01-15T10:00:14.223+07:00 DEBUG 7884 --- [OrderManagement_jOOQ] [           main] com.zaxxer.hikari.HikariConfig           : metricsTrackerFactory...........none
2025-01-15T10:00:14.223+07:00 DEBUG 7884 --- [OrderManagement_jOOQ] [           main] com.zaxxer.hikari.HikariConfig           : minimumIdle.....................10
2025-01-15T10:00:14.224+07:00 DEBUG 7884 --- [OrderManagement_jOOQ] [           main] com.zaxxer.hikari.HikariConfig           : password........................<masked>
2025-01-15T10:00:14.225+07:00 DEBUG 7884 --- [OrderManagement_jOOQ] [           main] com.zaxxer.hikari.HikariConfig           : poolName........................"HikariPool-1"
2025-01-15T10:00:14.225+07:00 DEBUG 7884 --- [OrderManagement_jOOQ] [           main] com.zaxxer.hikari.HikariConfig           : readOnly........................false
2025-01-15T10:00:14.225+07:00 DEBUG 7884 --- [OrderManagement_jOOQ] [           main] com.zaxxer.hikari.HikariConfig           : registerMbeans..................false
2025-01-15T10:00:14.225+07:00 DEBUG 7884 --- [OrderManagement_jOOQ] [           main] com.zaxxer.hikari.HikariConfig           : scheduledExecutor...............none
2025-01-15T10:00:14.226+07:00 DEBUG 7884 --- [OrderManagement_jOOQ] [           main] com.zaxxer.hikari.HikariConfig           : schema..........................none
2025-01-15T10:00:14.227+07:00 DEBUG 7884 --- [OrderManagement_jOOQ] [           main] com.zaxxer.hikari.HikariConfig           : threadFactory...................internal
2025-01-15T10:00:14.227+07:00 DEBUG 7884 --- [OrderManagement_jOOQ] [           main] com.zaxxer.hikari.HikariConfig           : transactionIsolation............default
2025-01-15T10:00:14.227+07:00 DEBUG 7884 --- [OrderManagement_jOOQ] [           main] com.zaxxer.hikari.HikariConfig           : username........................"postgres"
2025-01-15T10:00:14.227+07:00 DEBUG 7884 --- [OrderManagement_jOOQ] [           main] com.zaxxer.hikari.HikariConfig           : validationTimeout...............5000
2025-01-15T10:00:14.227+07:00  INFO 7884 --- [OrderManagement_jOOQ] [           main] com.zaxxer.hikari.HikariDataSource       : HikariPool-1 - Starting...
2025-01-15T10:00:14.254+07:00 DEBUG 7884 --- [OrderManagement_jOOQ] [           main] org.postgresql.Driver                    : Loading driver configuration via classloader jdk.internal.loader.ClassLoaders$AppClassLoader@5c647e05
2025-01-15T10:00:14.256+07:00 DEBUG 7884 --- [OrderManagement_jOOQ] [           main] org.postgresql.Driver                    : Connecting with URL: jdbc:postgresql://127.0.0.1:5432/qlbh__mhsolution
2025-01-15T10:00:14.270+07:00 DEBUG 7884 --- [OrderManagement_jOOQ] [           main] org.postgresql.jdbc.PgConnection         : PostgreSQL JDBC Driver 42.7.3
2025-01-15T10:00:14.271+07:00 DEBUG 7884 --- [OrderManagement_jOOQ] [           main] org.postgresql.jdbc.PgConnection         :   setDefaultFetchSize = 0
2025-01-15T10:00:14.272+07:00 DEBUG 7884 --- [OrderManagement_jOOQ] [           main] org.postgresql.jdbc.PgConnection         :   setPrepareThreshold = 5
2025-01-15T10:00:14.279+07:00 DEBUG 7884 --- [OrderManagement_jOOQ] [           main] o.p.core.v3.ConnectionFactoryImpl        : Trying to establish a protocol version 3 connection to 127.0.0.1:5432
2025-01-15T10:00:14.297+07:00 DEBUG 7884 --- [OrderManagement_jOOQ] [           main] o.p.core.v3.ConnectionFactoryImpl        : Receive Buffer Size is 65,536
2025-01-15T10:00:14.297+07:00 DEBUG 7884 --- [OrderManagement_jOOQ] [           main] o.p.core.v3.ConnectionFactoryImpl        : Send Buffer Size is 65,536
2025-01-15T10:00:14.540+07:00  INFO 7884 --- [OrderManagement_jOOQ] [           main] com.zaxxer.hikari.pool.HikariPool        : HikariPool-1 - Added connection org.postgresql.jdbc.PgConnection@30c01c37
2025-01-15T10:00:14.542+07:00  INFO 7884 --- [OrderManagement_jOOQ] [           main] com.zaxxer.hikari.HikariDataSource       : HikariPool-1 - Start completed.
2025-01-15T10:00:14.551+07:00 DEBUG 7884 --- [OrderManagement_jOOQ] [           main] o.h.e.j.e.i.JdbcEnvironmentInitiator     : Database ->
	   name : PostgreSQL
	version : 16.6
	  major : 16
	  minor : 6
2025-01-15T10:00:14.551+07:00 DEBUG 7884 --- [OrderManagement_jOOQ] [           main] o.h.e.j.e.i.JdbcEnvironmentInitiator     : Driver ->
	   name : PostgreSQL JDBC Driver
	version : 42.7.3
	  major : 42
	  minor : 7
2025-01-15T10:00:14.552+07:00 DEBUG 7884 --- [OrderManagement_jOOQ] [           main] o.h.e.j.e.i.JdbcEnvironmentInitiator     : JDBC version : 4.2
2025-01-15T10:00:14.606+07:00  WARN 7884 --- [OrderManagement_jOOQ] [           main] org.hibernate.orm.deprecation            : HHH90000025: PostgreSQLDialect does not need to be specified explicitly using 'hibernate.dialect' (remove the property setting and it will be selected by default)
2025-01-15T10:00:14.611+07:00 DEBUG 7884 --- [OrderManagement_jOOQ] [           main] org.hibernate.orm.dialect                : HHH035001: Using dialect: org.hibernate.dialect.PostgreSQLDialect, version: 16.6
2025-01-15T10:00:14.630+07:00 DEBUG 7884 --- [OrderManagement_jOOQ] [           main] o.h.e.j.env.spi.IdentifierHelperBuilder  : JDBC driver metadata reported database stores quoted identifiers in neither upper, lower nor mixed case
2025-01-15T10:00:14.642+07:00 DEBUG 7884 --- [OrderManagement_jOOQ] [           main] org.hibernate.orm.jdbc.lob               : HHH10010004: Disabling contextual LOB creation as Dialect reported it is not supported
2025-01-15T10:00:14.645+07:00 DEBUG 7884 --- [OrderManagement_jOOQ] [l-1 housekeeper] com.zaxxer.hikari.pool.HikariPool        : HikariPool-1 - Pool stats (total=1, active=1, idle=0, waiting=0)
2025-01-15T10:00:14.646+07:00 DEBUG 7884 --- [OrderManagement_jOOQ] [onnection adder] org.postgresql.Driver                    : Connecting with URL: jdbc:postgresql://127.0.0.1:5432/qlbh__mhsolution
2025-01-15T10:00:14.646+07:00 DEBUG 7884 --- [OrderManagement_jOOQ] [onnection adder] org.postgresql.jdbc.PgConnection         : PostgreSQL JDBC Driver 42.7.3
2025-01-15T10:00:14.646+07:00 DEBUG 7884 --- [OrderManagement_jOOQ] [onnection adder] org.postgresql.jdbc.PgConnection         :   setDefaultFetchSize = 0
2025-01-15T10:00:14.647+07:00 DEBUG 7884 --- [OrderManagement_jOOQ] [onnection adder] org.postgresql.jdbc.PgConnection         :   setPrepareThreshold = 5
2025-01-15T10:00:14.647+07:00 DEBUG 7884 --- [OrderManagement_jOOQ] [onnection adder] o.p.core.v3.ConnectionFactoryImpl        : Trying to establish a protocol version 3 connection to 127.0.0.1:5432
2025-01-15T10:00:14.648+07:00 DEBUG 7884 --- [OrderManagement_jOOQ] [onnection adder] o.p.core.v3.ConnectionFactoryImpl        : Receive Buffer Size is 65,536
2025-01-15T10:00:14.648+07:00 DEBUG 7884 --- [OrderManagement_jOOQ] [onnection adder] o.p.core.v3.ConnectionFactoryImpl        : Send Buffer Size is 65,536
2025-01-15T10:00:14.671+07:00 DEBUG 7884 --- [OrderManagement_jOOQ] [           main] o.h.t.d.sql.spi.DdlTypeRegistry          : addDescriptor(2003, org.hibernate.type.descriptor.sql.internal.ArrayDdlTypeImpl@1f0e2bdc) replaced previous registration(org.hibernate.type.descriptor.sql.internal.ArrayDdlTypeImpl@682266d8)
2025-01-15T10:00:14.673+07:00 DEBUG 7884 --- [OrderManagement_jOOQ] [           main] o.h.t.d.sql.spi.DdlTypeRegistry          : addDescriptor(6, org.hibernate.type.descriptor.sql.internal.CapacityDependentDdlType@44a93f8a) replaced previous registration(org.hibernate.type.descriptor.sql.internal.DdlTypeImpl@26463a6)
2025-01-15T10:00:14.678+07:00 DEBUG 7884 --- [OrderManagement_jOOQ] [           main] o.h.t.d.jdbc.spi.JdbcTypeRegistry        : addDescriptor(2004, BlobTypeDescriptor(BLOB_BINDING)) replaced previous registration(BlobTypeDescriptor(DEFAULT))
2025-01-15T10:00:14.679+07:00 DEBUG 7884 --- [OrderManagement_jOOQ] [           main] o.h.t.d.jdbc.spi.JdbcTypeRegistry        : addDescriptor(2005, ClobTypeDescriptor(CLOB_BINDING)) replaced previous registration(ClobTypeDescriptor(DEFAULT))
2025-01-15T10:00:14.698+07:00 DEBUG 7884 --- [OrderManagement_jOOQ] [           main] org.hibernate.type.BasicTypeRegistry     : Adding type registration JAVA_OBJECT -> org.hibernate.type.JavaObjectType@55638165
2025-01-15T10:00:14.698+07:00 DEBUG 7884 --- [OrderManagement_jOOQ] [           main] org.hibernate.type.BasicTypeRegistry     : Adding type registration java.lang.Object -> org.hibernate.type.JavaObjectType@55638165
2025-01-15T10:00:14.698+07:00 DEBUG 7884 --- [OrderManagement_jOOQ] [           main] org.hibernate.type.BasicTypeRegistry     : Type registration key [java.lang.Object] overrode previous entry : `org.hibernate.type.JavaObjectType@60b5e80d`
2025-01-15T10:00:14.707+07:00 DEBUG 7884 --- [OrderManagement_jOOQ] [           main] org.hibernate.type.BasicTypeRegistry     : Adding type registration org.hibernate.type.DurationType -> basicType@1(java.time.Duration,3015)
2025-01-15T10:00:14.708+07:00 DEBUG 7884 --- [OrderManagement_jOOQ] [           main] org.hibernate.type.BasicTypeRegistry     : Adding type registration Duration -> basicType@1(java.time.Duration,3015)
2025-01-15T10:00:14.708+07:00 DEBUG 7884 --- [OrderManagement_jOOQ] [           main] org.hibernate.type.BasicTypeRegistry     : Adding type registration java.time.Duration -> basicType@1(java.time.Duration,3015)
2025-01-15T10:00:14.714+07:00 DEBUG 7884 --- [OrderManagement_jOOQ] [           main] org.hibernate.type.BasicTypeRegistry     : Adding type registration org.hibernate.type.OffsetDateTimeType -> basicType@2(java.time.OffsetDateTime,3003)
2025-01-15T10:00:14.715+07:00 DEBUG 7884 --- [OrderManagement_jOOQ] [           main] org.hibernate.type.BasicTypeRegistry     : Adding type registration OffsetDateTime -> basicType@2(java.time.OffsetDateTime,3003)
2025-01-15T10:00:14.715+07:00 DEBUG 7884 --- [OrderManagement_jOOQ] [           main] org.hibernate.type.BasicTypeRegistry     : Adding type registration java.time.OffsetDateTime -> basicType@2(java.time.OffsetDateTime,3003)
2025-01-15T10:00:14.716+07:00 DEBUG 7884 --- [OrderManagement_jOOQ] [           main] org.hibernate.type.BasicTypeRegistry     : Adding type registration org.hibernate.type.ZonedDateTimeType -> basicType@3(java.time.ZonedDateTime,3003)
2025-01-15T10:00:14.716+07:00 DEBUG 7884 --- [OrderManagement_jOOQ] [           main] org.hibernate.type.BasicTypeRegistry     : Adding type registration ZonedDateTime -> basicType@3(java.time.ZonedDateTime,3003)
2025-01-15T10:00:14.716+07:00 DEBUG 7884 --- [OrderManagement_jOOQ] [           main] org.hibernate.type.BasicTypeRegistry     : Adding type registration java.time.ZonedDateTime -> basicType@3(java.time.ZonedDateTime,3003)
2025-01-15T10:00:14.720+07:00 DEBUG 7884 --- [OrderManagement_jOOQ] [           main] org.hibernate.type.BasicTypeRegistry     : Adding type registration org.hibernate.type.OffsetTimeType -> basicType@4(java.time.OffsetTime,3007)
2025-01-15T10:00:14.720+07:00 DEBUG 7884 --- [OrderManagement_jOOQ] [           main] org.hibernate.type.BasicTypeRegistry     : Adding type registration OffsetTime -> basicType@4(java.time.OffsetTime,3007)
2025-01-15T10:00:14.720+07:00 DEBUG 7884 --- [OrderManagement_jOOQ] [           main] org.hibernate.type.BasicTypeRegistry     : Adding type registration java.time.OffsetTime -> basicType@4(java.time.OffsetTime,3007)
2025-01-15T10:00:14.723+07:00 DEBUG 7884 --- [OrderManagement_jOOQ] [           main] o.h.type.spi.TypeConfiguration$Scope     : Scoping TypeConfiguration [org.hibernate.type.spi.TypeConfiguration@3355168] to MetadataBuildingContext [org.hibernate.boot.internal.MetadataBuildingContextRootImpl@2f07930a]
2025-01-15T10:00:14.736+07:00 DEBUG 7884 --- [OrderManagement_jOOQ] [onnection adder] com.zaxxer.hikari.pool.HikariPool        : HikariPool-1 - Added connection org.postgresql.jdbc.PgConnection@69d4a5c
2025-01-15T10:00:14.769+07:00 DEBUG 7884 --- [OrderManagement_jOOQ] [onnection adder] com.zaxxer.hikari.pool.HikariPool        : HikariPool-1 - After adding stats (total=2, active=0, idle=2, waiting=0)
2025-01-15T10:00:14.769+07:00 DEBUG 7884 --- [OrderManagement_jOOQ] [onnection adder] org.postgresql.Driver                    : Connecting with URL: jdbc:postgresql://127.0.0.1:5432/qlbh__mhsolution
2025-01-15T10:00:14.769+07:00 DEBUG 7884 --- [OrderManagement_jOOQ] [onnection adder] org.postgresql.jdbc.PgConnection         : PostgreSQL JDBC Driver 42.7.3
2025-01-15T10:00:14.769+07:00 DEBUG 7884 --- [OrderManagement_jOOQ] [onnection adder] org.postgresql.jdbc.PgConnection         :   setDefaultFetchSize = 0
2025-01-15T10:00:14.770+07:00 DEBUG 7884 --- [OrderManagement_jOOQ] [onnection adder] org.postgresql.jdbc.PgConnection         :   setPrepareThreshold = 5
2025-01-15T10:00:14.770+07:00 DEBUG 7884 --- [OrderManagement_jOOQ] [onnection adder] o.p.core.v3.ConnectionFactoryImpl        : Trying to establish a protocol version 3 connection to 127.0.0.1:5432
2025-01-15T10:00:14.771+07:00 DEBUG 7884 --- [OrderManagement_jOOQ] [onnection adder] o.p.core.v3.ConnectionFactoryImpl        : Receive Buffer Size is 65,536
2025-01-15T10:00:14.772+07:00 DEBUG 7884 --- [OrderManagement_jOOQ] [onnection adder] o.p.core.v3.ConnectionFactoryImpl        : Send Buffer Size is 65,536
2025-01-15T10:00:14.791+07:00 DEBUG 7884 --- [OrderManagement_jOOQ] [           main] o.h.boot.model.relational.Namespace      : Created database namespace [logicalName=Name{catalog=null, schema=null}, physicalName=Name{catalog=null, schema=null}]
2025-01-15T10:00:14.882+07:00 DEBUG 7884 --- [OrderManagement_jOOQ] [onnection adder] com.zaxxer.hikari.pool.HikariPool        : HikariPool-1 - Added connection org.postgresql.jdbc.PgConnection@c65212c
2025-01-15T10:00:14.896+07:00 DEBUG 7884 --- [OrderManagement_jOOQ] [           main] o.hibernate.internal.SessionFactoryImpl  : Building session factory
2025-01-15T10:00:14.926+07:00 DEBUG 7884 --- [OrderManagement_jOOQ] [onnection adder] com.zaxxer.hikari.pool.HikariPool        : HikariPool-1 - After adding stats (total=3, active=0, idle=3, waiting=0)
2025-01-15T10:00:14.926+07:00 DEBUG 7884 --- [OrderManagement_jOOQ] [onnection adder] org.postgresql.Driver                    : Connecting with URL: jdbc:postgresql://127.0.0.1:5432/qlbh__mhsolution
2025-01-15T10:00:14.927+07:00 DEBUG 7884 --- [OrderManagement_jOOQ] [onnection adder] org.postgresql.jdbc.PgConnection         : PostgreSQL JDBC Driver 42.7.3
2025-01-15T10:00:14.928+07:00 DEBUG 7884 --- [OrderManagement_jOOQ] [onnection adder] org.postgresql.jdbc.PgConnection         :   setDefaultFetchSize = 0
2025-01-15T10:00:14.928+07:00 DEBUG 7884 --- [OrderManagement_jOOQ] [onnection adder] org.postgresql.jdbc.PgConnection         :   setPrepareThreshold = 5
2025-01-15T10:00:14.928+07:00 DEBUG 7884 --- [OrderManagement_jOOQ] [onnection adder] o.p.core.v3.ConnectionFactoryImpl        : Trying to establish a protocol version 3 connection to 127.0.0.1:5432
2025-01-15T10:00:14.930+07:00 DEBUG 7884 --- [OrderManagement_jOOQ] [onnection adder] o.p.core.v3.ConnectionFactoryImpl        : Receive Buffer Size is 65,536
2025-01-15T10:00:14.930+07:00 DEBUG 7884 --- [OrderManagement_jOOQ] [onnection adder] o.p.core.v3.ConnectionFactoryImpl        : Send Buffer Size is 65,536
2025-01-15T10:00:14.996+07:00 DEBUG 7884 --- [OrderManagement_jOOQ] [           main] .h.s.i.SessionFactoryServiceRegistryImpl : EventListenerRegistry access via ServiceRegistry is deprecated.  Use `sessionFactory.getEventEngine().getListenerRegistry()` instead
2025-01-15T10:00:14.997+07:00 DEBUG 7884 --- [OrderManagement_jOOQ] [           main] o.hibernate.internal.SessionFactoryImpl  : Instantiating SessionFactory with settings: {java.specification.version=21, sun.cpu.isalist=amd64, hibernate.resource.beans.container=org.springframework.orm.hibernate5.SpringBeanContainer@5d5574c7, hibernate.connection.handling_mode=DELAYED_ACQUISITION_AND_HOLD, sun.jnu.encoding=UTF-8, hibernate.dialect=org.hibernate.dialect.PostgreSQLDialect, hibernate.implicit_naming_strategy=org.springframework.boot.orm.jpa.hibernate.SpringImplicitNamingStrategy, java.class.path=F:\MH_SOLUTION\OrderManagement_jOOQ\target\test-classes;F:\MH_SOLUTION\OrderManagement_jOOQ\target\classes;C:\Users\TGDD\.m2\repository\org\springframework\boot\spring-boot-starter-jooq\3.3.3\spring-boot-starter-jooq-3.3.3.jar;C:\Users\TGDD\.m2\repository\org\springframework\boot\spring-boot-starter-jdbc\3.3.3\spring-boot-starter-jdbc-3.3.3.jar;C:\Users\TGDD\.m2\repository\com\zaxxer\HikariCP\5.1.0\HikariCP-5.1.0.jar;C:\Users\TGDD\.m2\repository\org\springframework\spring-jdbc\6.1.12\spring-jdbc-6.1.12.jar;C:\Users\TGDD\.m2\repository\org\springframework\spring-tx\6.1.12\spring-tx-6.1.12.jar;C:\Users\TGDD\.m2\repository\org\springframework\spring-beans\6.1.12\spring-beans-6.1.12.jar;C:\Users\TGDD\.m2\repository\org\springframework\boot\spring-boot-starter-data-jpa\3.3.3\spring-boot-starter-data-jpa-3.3.3.jar;C:\Users\TGDD\.m2\repository\org\springframework\boot\spring-boot-starter-aop\3.3.3\spring-boot-starter-aop-3.3.3.jar;C:\Users\TGDD\.m2\repository\org\springframework\spring-aop\6.1.12\spring-aop-6.1.12.jar;C:\Users\TGDD\.m2\repository\org\aspectj\aspectjweaver\1.9.22.1\aspectjweaver-1.9.22.1.jar;C:\Users\TGDD\.m2\repository\org\hibernate\orm\hibernate-core\6.5.2.Final\hibernate-core-6.5.2.Final.jar;C:\Users\TGDD\.m2\repository\jakarta\persistence\jakarta.persistence-api\3.1.0\jakarta.persistence-api-3.1.0.jar;C:\Users\TGDD\.m2\repository\jakarta\transaction\jakarta.transaction-api\2.0.1\jakarta.transaction-api-2.0.1.jar;C:\Users\TGDD\.m2\repository\org\jboss\logging\jboss-logging\3.5.3.Final\jboss-logging-3.5.3.Final.jar;C:\Users\TGDD\.m2\repository\org\hibernate\common\hibernate-commons-annotations\6.0.6.Final\hibernate-commons-annotations-6.0.6.Final.jar;C:\Users\TGDD\.m2\repository\io\smallrye\jandex\3.1.2\jandex-3.1.2.jar;C:\Users\TGDD\.m2\repository\com\fasterxml\classmate\1.7.0\classmate-1.7.0.jar;C:\Users\TGDD\.m2\repository\net\bytebuddy\byte-buddy\1.14.19\byte-buddy-1.14.19.jar;C:\Users\TGDD\.m2\repository\org\glassfish\jaxb\jaxb-runtime\4.0.5\jaxb-runtime-4.0.5.jar;C:\Users\TGDD\.m2\repository\org\glassfish\jaxb\jaxb-core\4.0.5\jaxb-core-4.0.5.jar;C:\Users\TGDD\.m2\repository\org\eclipse\angus\angus-activation\2.0.2\angus-activation-2.0.2.jar;C:\Users\TGDD\.m2\repository\org\glassfish\jaxb\txw2\4.0.5\txw2-4.0.5.jar;C:\Users\TGDD\.m2\repository\com\sun\istack\istack-commons-runtime\4.1.2\istack-commons-runtime-4.1.2.jar;C:\Users\TGDD\.m2\repository\jakarta\inject\jakarta.inject-api\2.0.1\jakarta.inject-api-2.0.1.jar;C:\Users\TGDD\.m2\repository\org\antlr\antlr4-runtime\4.13.0\antlr4-runtime-4.13.0.jar;C:\Users\TGDD\.m2\repository\org\springframework\data\spring-data-jpa\3.3.3\spring-data-jpa-3.3.3.jar;C:\Users\TGDD\.m2\repository\org\springframework\data\spring-data-commons\3.3.3\spring-data-commons-3.3.3.jar;C:\Users\TGDD\.m2\repository\org\springframework\spring-orm\6.1.12\spring-orm-6.1.12.jar;C:\Users\TGDD\.m2\repository\org\springframework\spring-context\6.1.12\spring-context-6.1.12.jar;C:\Users\TGDD\.m2\repository\jakarta\annotation\jakarta.annotation-api\2.1.1\jakarta.annotation-api-2.1.1.jar;C:\Users\TGDD\.m2\repository\org\slf4j\slf4j-api\2.0.16\slf4j-api-2.0.16.jar;C:\Users\TGDD\.m2\repository\org\springframework\spring-aspects\6.1.12\spring-aspects-6.1.12.jar;C:\Users\TGDD\.m2\repository\org\springframework\boot\spring-boot-starter-validation\3.3.3\spring-boot-starter-validation-3.3.3.jar;C:\Users\TGDD\.m2\repository\org\springframework\boot\spring-boot-starter\3.3.3\spring-boot-starter-3.3.3.jar;C:\Users\TGDD\.m2\repository\org\springframework\boot\spring-boot\3.3.3\spring-boot-3.3.3.jar;C:\Users\TGDD\.m2\repository\org\springframework\boot\spring-boot-autoconfigure\3.3.3\spring-boot-autoconfigure-3.3.3.jar;C:\Users\TGDD\.m2\repository\org\springframework\boot\spring-boot-starter-logging\3.3.3\spring-boot-starter-logging-3.3.3.jar;C:\Users\TGDD\.m2\repository\ch\qos\logback\logback-classic\1.5.7\logback-classic-1.5.7.jar;C:\Users\TGDD\.m2\repository\ch\qos\logback\logback-core\1.5.7\logback-core-1.5.7.jar;C:\Users\TGDD\.m2\repository\org\apache\logging\log4j\log4j-to-slf4j\2.23.1\log4j-to-slf4j-2.23.1.jar;C:\Users\TGDD\.m2\repository\org\apache\logging\log4j\log4j-api\2.23.1\log4j-api-2.23.1.jar;C:\Users\TGDD\.m2\repository\org\slf4j\jul-to-slf4j\2.0.16\jul-to-slf4j-2.0.16.jar;C:\Users\TGDD\.m2\repository\org\yaml\snakeyaml\2.2\snakeyaml-2.2.jar;C:\Users\TGDD\.m2\repository\org\apache\tomcat\embed\tomcat-embed-el\10.1.28\tomcat-embed-el-10.1.28.jar;C:\Users\TGDD\.m2\repository\org\hibernate\validator\hibernate-validator\8.0.1.Final\hibernate-validator-8.0.1.Final.jar;C:\Users\TGDD\.m2\repository\jakarta\validation\jakarta.validation-api\3.0.2\jakarta.validation-api-3.0.2.jar;C:\Users\TGDD\.m2\repository\org\springframework\boot\spring-boot-starter-oauth2-resource-server\3.3.3\spring-boot-starter-oauth2-resource-server-3.3.3.jar;C:\Users\TGDD\.m2\repository\org\springframework\security\spring-security-config\6.3.3\spring-security-config-6.3.3.jar;C:\Users\TGDD\.m2\repository\org\springframework\security\spring-security-core\6.3.3\spring-security-core-6.3.3.jar;C:\Users\TGDD\.m2\repository\org\springframework\security\spring-security-crypto\6.3.3\spring-security-crypto-6.3.3.jar;C:\Users\TGDD\.m2\repository\org\springframework\spring-expression\6.1.12\spring-expression-6.1.12.jar;C:\Users\TGDD\.m2\repository\io\micrometer\micrometer-observation\1.13.3\micrometer-observation-1.13.3.jar;C:\Users\TGDD\.m2\repository\io\micrometer\micrometer-commons\1.13.3\micrometer-commons-1.13.3.jar;C:\Users\TGDD\.m2\repository\org\springframework\security\spring-security-oauth2-resource-server\6.3.3\spring-security-oauth2-resource-server-6.3.3.jar;C:\Users\TGDD\.m2\repository\org\springframework\security\spring-security-oauth2-core\6.3.3\spring-security-oauth2-core-6.3.3.jar;C:\Users\TGDD\.m2\repository\org\springframework\security\spring-security-web\6.3.3\spring-security-web-6.3.3.jar;C:\Users\TGDD\.m2\repository\org\springframework\security\spring-security-oauth2-jose\6.3.3\spring-security-oauth2-jose-6.3.3.jar;C:\Users\TGDD\.m2\repository\com\nimbusds\nimbus-jose-jwt\9.37.3\nimbus-jose-jwt-9.37.3.jar;C:\Users\TGDD\.m2\repository\com\github\stephenc\jcip\jcip-annotations\1.0-1\jcip-annotations-1.0-1.jar;C:\Users\TGDD\.m2\repository\org\jooq\jooq\3.19.16\jooq-3.19.16.jar;C:\Users\TGDD\.m2\repository\io\r2dbc\r2dbc-spi\1.0.0.RELEASE\r2dbc-spi-1.0.0.RELEASE.jar;C:\Users\TGDD\.m2\repository\org\reactivestreams\reactive-streams\1.0.4\reactive-streams-1.0.4.jar;C:\Users\TGDD\.m2\repository\org\mapstruct\mapstruct\1.5.5.Final\mapstruct-1.5.5.Final.jar;C:\Users\TGDD\.m2\repository\org\mapstruct\mapstruct-processor\1.5.5.Final\mapstruct-processor-1.5.5.Final.jar;C:\Users\TGDD\.m2\repository\org\springframework\boot\spring-boot-starter-web\3.3.3\spring-boot-starter-web-3.3.3.jar;C:\Users\TGDD\.m2\repository\org\springframework\boot\spring-boot-starter-json\3.3.3\spring-boot-starter-json-3.3.3.jar;C:\Users\TGDD\.m2\repository\com\fasterxml\jackson\core\jackson-databind\2.17.2\jackson-databind-2.17.2.jar;C:\Users\TGDD\.m2\repository\com\fasterxml\jackson\core\jackson-annotations\2.17.2\jackson-annotations-2.17.2.jar;C:\Users\TGDD\.m2\repository\com\fasterxml\jackson\core\jackson-core\2.17.2\jackson-core-2.17.2.jar;C:\Users\TGDD\.m2\repository\com\fasterxml\jackson\datatype\jackson-datatype-jdk8\2.17.2\jackson-datatype-jdk8-2.17.2.jar;C:\Users\TGDD\.m2\repository\com\fasterxml\jackson\datatype\jackson-datatype-jsr310\2.17.2\jackson-datatype-jsr310-2.17.2.jar;C:\Users\TGDD\.m2\repository\com\fasterxml\jackson\module\jackson-module-parameter-names\2.17.2\jackson-module-parameter-names-2.17.2.jar;C:\Users\TGDD\.m2\repository\org\springframework\boot\spring-boot-starter-tomcat\3.3.3\spring-boot-starter-tomcat-3.3.3.jar;C:\Users\TGDD\.m2\repository\org\apache\tomcat\embed\tomcat-embed-core\10.1.28\tomcat-embed-core-10.1.28.jar;C:\Users\TGDD\.m2\repository\org\apache\tomcat\embed\tomcat-embed-websocket\10.1.28\tomcat-embed-websocket-10.1.28.jar;C:\Users\TGDD\.m2\repository\org\springframework\spring-web\6.1.12\spring-web-6.1.12.jar;C:\Users\TGDD\.m2\repository\org\springframework\spring-webmvc\6.1.12\spring-webmvc-6.1.12.jar;C:\Users\TGDD\.m2\repository\org\postgresql\postgresql\42.7.3\postgresql-42.7.3.jar;C:\Users\TGDD\.m2\repository\org\checkerframework\checker-qual\3.42.0\checker-qual-3.42.0.jar;C:\Users\TGDD\.m2\repository\org\projectlombok\lombok\1.18.32\lombok-1.18.32.jar;C:\Users\TGDD\.m2\repository\org\springframework\boot\spring-boot-starter-test\3.3.3\spring-boot-starter-test-3.3.3.jar;C:\Users\TGDD\.m2\repository\org\springframework\boot\spring-boot-test\3.3.3\spring-boot-test-3.3.3.jar;C:\Users\TGDD\.m2\repository\org\springframework\boot\spring-boot-test-autoconfigure\3.3.3\spring-boot-test-autoconfigure-3.3.3.jar;C:\Users\TGDD\.m2\repository\com\jayway\jsonpath\json-path\2.9.0\json-path-2.9.0.jar;C:\Users\TGDD\.m2\repository\jakarta\xml\bind\jakarta.xml.bind-api\4.0.2\jakarta.xml.bind-api-4.0.2.jar;C:\Users\TGDD\.m2\repository\jakarta\activation\jakarta.activation-api\2.1.3\jakarta.activation-api-2.1.3.jar;C:\Users\TGDD\.m2\repository\net\minidev\json-smart\2.5.1\json-smart-2.5.1.jar;C:\Users\TGDD\.m2\repository\net\minidev\accessors-smart\2.5.1\accessors-smart-2.5.1.jar;C:\Users\TGDD\.m2\repository\org\ow2\asm\asm\9.6\asm-9.6.jar;C:\Users\TGDD\.m2\repository\org\assertj\assertj-core\3.25.3\assertj-core-3.25.3.jar;C:\Users\TGDD\.m2\repository\org\awaitility\awaitility\4.2.2\awaitility-4.2.2.jar;C:\Users\TGDD\.m2\repository\org\hamcrest\hamcrest\2.2\hamcrest-2.2.jar;C:\Users\TGDD\.m2\repository\org\junit\jupiter\junit-jupiter\5.10.3\junit-jupiter-5.10.3.jar;C:\Users\TGDD\.m2\repository\org\junit\jupiter\junit-jupiter-api\5.10.3\junit-jupiter-api-5.10.3.jar;C:\Users\TGDD\.m2\repository\org\opentest4j\opentest4j\1.3.0\opentest4j-1.3.0.jar;C:\Users\TGDD\.m2\repository\org\junit\platform\junit-platform-commons\1.10.3\junit-platform-commons-1.10.3.jar;C:\Users\TGDD\.m2\repository\org\apiguardian\apiguardian-api\1.1.2\apiguardian-api-1.1.2.jar;C:\Users\TGDD\.m2\repository\org\junit\jupiter\junit-jupiter-params\5.10.3\junit-jupiter-params-5.10.3.jar;C:\Users\TGDD\.m2\repository\org\junit\jupiter\junit-jupiter-engine\5.10.3\junit-jupiter-engine-5.10.3.jar;C:\Users\TGDD\.m2\repository\org\junit\platform\junit-platform-engine\1.10.3\junit-platform-engine-1.10.3.jar;C:\Users\TGDD\.m2\repository\org\mockito\mockito-core\5.11.0\mockito-core-5.11.0.jar;C:\Users\TGDD\.m2\repository\net\bytebuddy\byte-buddy-agent\1.14.19\byte-buddy-agent-1.14.19.jar;C:\Users\TGDD\.m2\repository\org\objenesis\objenesis\3.3\objenesis-3.3.jar;C:\Users\TGDD\.m2\repository\org\mockito\mockito-junit-jupiter\5.11.0\mockito-junit-jupiter-5.11.0.jar;C:\Users\TGDD\.m2\repository\org\skyscreamer\jsonassert\1.5.3\jsonassert-1.5.3.jar;C:\Users\TGDD\.m2\repository\com\vaadin\external\google\android-json\0.0.20131108.vaadin1\android-json-0.0.20131108.vaadin1.jar;C:\Users\TGDD\.m2\repository\org\springframework\spring-core\6.1.12\spring-core-6.1.12.jar;C:\Users\TGDD\.m2\repository\org\springframework\spring-jcl\6.1.12\spring-jcl-6.1.12.jar;C:\Users\TGDD\.m2\repository\org\springframework\spring-test\6.1.12\spring-test-6.1.12.jar;C:\Users\TGDD\.m2\repository\org\xmlunit\xmlunit-core\2.9.1\xmlunit-core-2.9.1.jar;, java.vm.vendor=Oracle Corporation, sun.arch.data.model=64, user.variant=, java.vendor.url=https://java.oracle.com/, user.timezone=Asia/Bangkok, jakarta.persistence.sharedCache.mode=UNSPECIFIED, org.jboss.logging.provider=slf4j, user.country.format=SX, java.vm.specification.version=21, os.name=Windows 11, jakarta.persistence.nonJtaDataSource=HikariDataSource (HikariPool-1), sun.java.launcher=SUN_STANDARD, user.country=US, sun.boot.library.path=C:\Program Files\Java\jdk-21\bin, sun.java.command=C:\Users\TGDD\AppData\Local\Temp\surefire11408922022902123373\surefirebooter-20250115100008246_3.jar C:\Users\TGDD\AppData\Local\Temp\surefire11408922022902123373 2025-01-15T10-00-08_121-jvmRun1 surefire-20250115100008246_1tmp surefire_0-20250115100008246_2tmp, javax.persistence.nonJtaDataSource=HikariDataSource (HikariPool-1), hibernate.transaction.jta.platform=org.hibernate.engine.transaction.jta.platform.internal.NoJtaPlatform@5a7a6d34, jdk.debug=release, surefire.test.class.path=F:\MH_SOLUTION\OrderManagement_jOOQ\target\test-classes;F:\MH_SOLUTION\OrderManagement_jOOQ\target\classes;C:\Users\TGDD\.m2\repository\org\springframework\boot\spring-boot-starter-jooq\3.3.3\spring-boot-starter-jooq-3.3.3.jar;C:\Users\TGDD\.m2\repository\org\springframework\boot\spring-boot-starter-jdbc\3.3.3\spring-boot-starter-jdbc-3.3.3.jar;C:\Users\TGDD\.m2\repository\com\zaxxer\HikariCP\5.1.0\HikariCP-5.1.0.jar;C:\Users\TGDD\.m2\repository\org\springframework\spring-jdbc\6.1.12\spring-jdbc-6.1.12.jar;C:\Users\TGDD\.m2\repository\org\springframework\spring-tx\6.1.12\spring-tx-6.1.12.jar;C:\Users\TGDD\.m2\repository\org\springframework\spring-beans\6.1.12\spring-beans-6.1.12.jar;C:\Users\TGDD\.m2\repository\org\springframework\boot\spring-boot-starter-data-jpa\3.3.3\spring-boot-starter-data-jpa-3.3.3.jar;C:\Users\TGDD\.m2\repository\org\springframework\boot\spring-boot-starter-aop\3.3.3\spring-boot-starter-aop-3.3.3.jar;C:\Users\TGDD\.m2\repository\org\springframework\spring-aop\6.1.12\spring-aop-6.1.12.jar;C:\Users\TGDD\.m2\repository\org\aspectj\aspectjweaver\1.9.22.1\aspectjweaver-1.9.22.1.jar;C:\Users\TGDD\.m2\repository\org\hibernate\orm\hibernate-core\6.5.2.Final\hibernate-core-6.5.2.Final.jar;C:\Users\TGDD\.m2\repository\jakarta\persistence\jakarta.persistence-api\3.1.0\jakarta.persistence-api-3.1.0.jar;C:\Users\TGDD\.m2\repository\jakarta\transaction\jakarta.transaction-api\2.0.1\jakarta.transaction-api-2.0.1.jar;C:\Users\TGDD\.m2\repository\org\jboss\logging\jboss-logging\3.5.3.Final\jboss-logging-3.5.3.Final.jar;C:\Users\TGDD\.m2\repository\org\hibernate\common\hibernate-commons-annotations\6.0.6.Final\hibernate-commons-annotations-6.0.6.Final.jar;C:\Users\TGDD\.m2\repository\io\smallrye\jandex\3.1.2\jandex-3.1.2.jar;C:\Users\TGDD\.m2\repository\com\fasterxml\classmate\1.7.0\classmate-1.7.0.jar;C:\Users\TGDD\.m2\repository\net\bytebuddy\byte-buddy\1.14.19\byte-buddy-1.14.19.jar;C:\Users\TGDD\.m2\repository\org\glassfish\jaxb\jaxb-runtime\4.0.5\jaxb-runtime-4.0.5.jar;C:\Users\TGDD\.m2\repository\org\glassfish\jaxb\jaxb-core\4.0.5\jaxb-core-4.0.5.jar;C:\Users\TGDD\.m2\repository\org\eclipse\angus\angus-activation\2.0.2\angus-activation-2.0.2.jar;C:\Users\TGDD\.m2\repository\org\glassfish\jaxb\txw2\4.0.5\txw2-4.0.5.jar;C:\Users\TGDD\.m2\repository\com\sun\istack\istack-commons-runtime\4.1.2\istack-commons-runtime-4.1.2.jar;C:\Users\TGDD\.m2\repository\jakarta\inject\jakarta.inject-api\2.0.1\jakarta.inject-api-2.0.1.jar;C:\Users\TGDD\.m2\repository\org\antlr\antlr4-runtime\4.13.0\antlr4-runtime-4.13.0.jar;C:\Users\TGDD\.m2\repository\org\springframework\data\spring-data-jpa\3.3.3\spring-data-jpa-3.3.3.jar;C:\Users\TGDD\.m2\repository\org\springframework\data\spring-data-commons\3.3.3\spring-data-commons-3.3.3.jar;C:\Users\TGDD\.m2\repository\org\springframework\spring-orm\6.1.12\spring-orm-6.1.12.jar;C:\Users\TGDD\.m2\repository\org\springframework\spring-context\6.1.12\spring-context-6.1.12.jar;C:\Users\TGDD\.m2\repository\jakarta\annotation\jakarta.annotation-api\2.1.1\jakarta.annotation-api-2.1.1.jar;C:\Users\TGDD\.m2\repository\org\slf4j\slf4j-api\2.0.16\slf4j-api-2.0.16.jar;C:\Users\TGDD\.m2\repository\org\springframework\spring-aspects\6.1.12\spring-aspects-6.1.12.jar;C:\Users\TGDD\.m2\repository\org\springframework\boot\spring-boot-starter-validation\3.3.3\spring-boot-starter-validation-3.3.3.jar;C:\Users\TGDD\.m2\repository\org\springframework\boot\spring-boot-starter\3.3.3\spring-boot-starter-3.3.3.jar;C:\Users\TGDD\.m2\repository\org\springframework\boot\spring-boot\3.3.3\spring-boot-3.3.3.jar;C:\Users\TGDD\.m2\repository\org\springframework\boot\spring-boot-autoconfigure\3.3.3\spring-boot-autoconfigure-3.3.3.jar;C:\Users\TGDD\.m2\repository\org\springframework\boot\spring-boot-starter-logging\3.3.3\spring-boot-starter-logging-3.3.3.jar;C:\Users\TGDD\.m2\repository\ch\qos\logback\logback-classic\1.5.7\logback-classic-1.5.7.jar;C:\Users\TGDD\.m2\repository\ch\qos\logback\logback-core\1.5.7\logback-core-1.5.7.jar;C:\Users\TGDD\.m2\repository\org\apache\logging\log4j\log4j-to-slf4j\2.23.1\log4j-to-slf4j-2.23.1.jar;C:\Users\TGDD\.m2\repository\org\apache\logging\log4j\log4j-api\2.23.1\log4j-api-2.23.1.jar;C:\Users\TGDD\.m2\repository\org\slf4j\jul-to-slf4j\2.0.16\jul-to-slf4j-2.0.16.jar;C:\Users\TGDD\.m2\repository\org\yaml\snakeyaml\2.2\snakeyaml-2.2.jar;C:\Users\TGDD\.m2\repository\org\apache\tomcat\embed\tomcat-embed-el\10.1.28\tomcat-embed-el-10.1.28.jar;C:\Users\TGDD\.m2\repository\org\hibernate\validator\hibernate-validator\8.0.1.Final\hibernate-validator-8.0.1.Final.jar;C:\Users\TGDD\.m2\repository\jakarta\validation\jakarta.validation-api\3.0.2\jakarta.validation-api-3.0.2.jar;C:\Users\TGDD\.m2\repository\org\springframework\boot\spring-boot-starter-oauth2-resource-server\3.3.3\spring-boot-starter-oauth2-resource-server-3.3.3.jar;C:\Users\TGDD\.m2\repository\org\springframework\security\spring-security-config\6.3.3\spring-security-config-6.3.3.jar;C:\Users\TGDD\.m2\repository\org\springframework\security\spring-security-core\6.3.3\spring-security-core-6.3.3.jar;C:\Users\TGDD\.m2\repository\org\springframework\security\spring-security-crypto\6.3.3\spring-security-crypto-6.3.3.jar;C:\Users\TGDD\.m2\repository\org\springframework\spring-expression\6.1.12\spring-expression-6.1.12.jar;C:\Users\TGDD\.m2\repository\io\micrometer\micrometer-observation\1.13.3\micrometer-observation-1.13.3.jar;C:\Users\TGDD\.m2\repository\io\micrometer\micrometer-commons\1.13.3\micrometer-commons-1.13.3.jar;C:\Users\TGDD\.m2\repository\org\springframework\security\spring-security-oauth2-resource-server\6.3.3\spring-security-oauth2-resource-server-6.3.3.jar;C:\Users\TGDD\.m2\repository\org\springframework\security\spring-security-oauth2-core\6.3.3\spring-security-oauth2-core-6.3.3.jar;C:\Users\TGDD\.m2\repository\org\springframework\security\spring-security-web\6.3.3\spring-security-web-6.3.3.jar;C:\Users\TGDD\.m2\repository\org\springframework\security\spring-security-oauth2-jose\6.3.3\spring-security-oauth2-jose-6.3.3.jar;C:\Users\TGDD\.m2\repository\com\nimbusds\nimbus-jose-jwt\9.37.3\nimbus-jose-jwt-9.37.3.jar;C:\Users\TGDD\.m2\repository\com\github\stephenc\jcip\jcip-annotations\1.0-1\jcip-annotations-1.0-1.jar;C:\Users\TGDD\.m2\repository\org\jooq\jooq\3.19.16\jooq-3.19.16.jar;C:\Users\TGDD\.m2\repository\io\r2dbc\r2dbc-spi\1.0.0.RELEASE\r2dbc-spi-1.0.0.RELEASE.jar;C:\Users\TGDD\.m2\repository\org\reactivestreams\reactive-streams\1.0.4\reactive-streams-1.0.4.jar;C:\Users\TGDD\.m2\repository\org\mapstruct\mapstruct\1.5.5.Final\mapstruct-1.5.5.Final.jar;C:\Users\TGDD\.m2\repository\org\mapstruct\mapstruct-processor\1.5.5.Final\mapstruct-processor-1.5.5.Final.jar;C:\Users\TGDD\.m2\repository\org\springframework\boot\spring-boot-starter-web\3.3.3\spring-boot-starter-web-3.3.3.jar;C:\Users\TGDD\.m2\repository\org\springframework\boot\spring-boot-starter-json\3.3.3\spring-boot-starter-json-3.3.3.jar;C:\Users\TGDD\.m2\repository\com\fasterxml\jackson\core\jackson-databind\2.17.2\jackson-databind-2.17.2.jar;C:\Users\TGDD\.m2\repository\com\fasterxml\jackson\core\jackson-annotations\2.17.2\jackson-annotations-2.17.2.jar;C:\Users\TGDD\.m2\repository\com\fasterxml\jackson\core\jackson-core\2.17.2\jackson-core-2.17.2.jar;C:\Users\TGDD\.m2\repository\com\fasterxml\jackson\datatype\jackson-datatype-jdk8\2.17.2\jackson-datatype-jdk8-2.17.2.jar;C:\Users\TGDD\.m2\repository\com\fasterxml\jackson\datatype\jackson-datatype-jsr310\2.17.2\jackson-datatype-jsr310-2.17.2.jar;C:\Users\TGDD\.m2\repository\com\fasterxml\jackson\module\jackson-module-parameter-names\2.17.2\jackson-module-parameter-names-2.17.2.jar;C:\Users\TGDD\.m2\repository\org\springframework\boot\spring-boot-starter-tomcat\3.3.3\spring-boot-starter-tomcat-3.3.3.jar;C:\Users\TGDD\.m2\repository\org\apache\tomcat\embed\tomcat-embed-core\10.1.28\tomcat-embed-core-10.1.28.jar;C:\Users\TGDD\.m2\repository\org\apache\tomcat\embed\tomcat-embed-websocket\10.1.28\tomcat-embed-websocket-10.1.28.jar;C:\Users\TGDD\.m2\repository\org\springframework\spring-web\6.1.12\spring-web-6.1.12.jar;C:\Users\TGDD\.m2\repository\org\springframework\spring-webmvc\6.1.12\spring-webmvc-6.1.12.jar;C:\Users\TGDD\.m2\repository\org\postgresql\postgresql\42.7.3\postgresql-42.7.3.jar;C:\Users\TGDD\.m2\repository\org\checkerframework\checker-qual\3.42.0\checker-qual-3.42.0.jar;C:\Users\TGDD\.m2\repository\org\projectlombok\lombok\1.18.32\lombok-1.18.32.jar;C:\Users\TGDD\.m2\repository\org\springframework\boot\spring-boot-starter-test\3.3.3\spring-boot-starter-test-3.3.3.jar;C:\Users\TGDD\.m2\repository\org\springframework\boot\spring-boot-test\3.3.3\spring-boot-test-3.3.3.jar;C:\Users\TGDD\.m2\repository\org\springframework\boot\spring-boot-test-autoconfigure\3.3.3\spring-boot-test-autoconfigure-3.3.3.jar;C:\Users\TGDD\.m2\repository\com\jayway\jsonpath\json-path\2.9.0\json-path-2.9.0.jar;C:\Users\TGDD\.m2\repository\jakarta\xml\bind\jakarta.xml.bind-api\4.0.2\jakarta.xml.bind-api-4.0.2.jar;C:\Users\TGDD\.m2\repository\jakarta\activation\jakarta.activation-api\2.1.3\jakarta.activation-api-2.1.3.jar;C:\Users\TGDD\.m2\repository\net\minidev\json-smart\2.5.1\json-smart-2.5.1.jar;C:\Users\TGDD\.m2\repository\net\minidev\accessors-smart\2.5.1\accessors-smart-2.5.1.jar;C:\Users\TGDD\.m2\repository\org\ow2\asm\asm\9.6\asm-9.6.jar;C:\Users\TGDD\.m2\repository\org\assertj\assertj-core\3.25.3\assertj-core-3.25.3.jar;C:\Users\TGDD\.m2\repository\org\awaitility\awaitility\4.2.2\awaitility-4.2.2.jar;C:\Users\TGDD\.m2\repository\org\hamcrest\hamcrest\2.2\hamcrest-2.2.jar;C:\Users\TGDD\.m2\repository\org\junit\jupiter\junit-jupiter\5.10.3\junit-jupiter-5.10.3.jar;C:\Users\TGDD\.m2\repository\org\junit\jupiter\junit-jupiter-api\5.10.3\junit-jupiter-api-5.10.3.jar;C:\Users\TGDD\.m2\repository\org\opentest4j\opentest4j\1.3.0\opentest4j-1.3.0.jar;C:\Users\TGDD\.m2\repository\org\junit\platform\junit-platform-commons\1.10.3\junit-platform-commons-1.10.3.jar;C:\Users\TGDD\.m2\repository\org\apiguardian\apiguardian-api\1.1.2\apiguardian-api-1.1.2.jar;C:\Users\TGDD\.m2\repository\org\junit\jupiter\junit-jupiter-params\5.10.3\junit-jupiter-params-5.10.3.jar;C:\Users\TGDD\.m2\repository\org\junit\jupiter\junit-jupiter-engine\5.10.3\junit-jupiter-engine-5.10.3.jar;C:\Users\TGDD\.m2\repository\org\junit\platform\junit-platform-engine\1.10.3\junit-platform-engine-1.10.3.jar;C:\Users\TGDD\.m2\repository\org\mockito\mockito-core\5.11.0\mockito-core-5.11.0.jar;C:\Users\TGDD\.m2\repository\net\bytebuddy\byte-buddy-agent\1.14.19\byte-buddy-agent-1.14.19.jar;C:\Users\TGDD\.m2\repository\org\objenesis\objenesis\3.3\objenesis-3.3.jar;C:\Users\TGDD\.m2\repository\org\mockito\mockito-junit-jupiter\5.11.0\mockito-junit-jupiter-5.11.0.jar;C:\Users\TGDD\.m2\repository\org\skyscreamer\jsonassert\1.5.3\jsonassert-1.5.3.jar;C:\Users\TGDD\.m2\repository\com\vaadin\external\google\android-json\0.0.20131108.vaadin1\android-json-0.0.20131108.vaadin1.jar;C:\Users\TGDD\.m2\repository\org\springframework\spring-core\6.1.12\spring-core-6.1.12.jar;C:\Users\TGDD\.m2\repository\org\springframework\spring-jcl\6.1.12\spring-jcl-6.1.12.jar;C:\Users\TGDD\.m2\repository\org\springframework\spring-test\6.1.12\spring-test-6.1.12.jar;C:\Users\TGDD\.m2\repository\org\xmlunit\xmlunit-core\2.9.1\xmlunit-core-2.9.1.jar;, sun.cpu.endian=little, hibernate.cdi.extensions=true, user.home=C:\Users\TGDD, user.language=en, java.specification.vendor=Oracle Corporation, java.version.date=2023-10-17, java.home=C:\Program Files\Java\jdk-21, file.separator=\, basedir=F:\MH_SOLUTION\OrderManagement_jOOQ, java.vm.compressedOopsMode=Zero based, line.separator=
, hibernate.persistenceUnitName=default, java.vm.specification.vendor=Oracle Corporation, java.specification.name=Java Platform API Specification, FILE_LOG_CHARSET=UTF-8, hibernate.transaction.coordinator_class=class org.hibernate.resource.transaction.backend.jdbc.internal.JdbcResourceLocalTransactionCoordinatorBuilderImpl, java.awt.headless=true, surefire.real.class.path=C:\Users\TGDD\AppData\Local\Temp\surefire11408922022902123373\surefirebooter-20250115100008246_3.jar, jakarta.persistence.validation.mode=AUTO, hibernate.hbm2ddl.auto=update, user.script=, sun.management.compiler=HotSpot 64-Bit Tiered Compilers, java.runtime.version=21.0.1+12-LTS-29, user.name=DangTinh, stdout.encoding=UTF-8, path.separator=;, os.version=10.0, java.runtime.name=Java(TM) SE Runtime Environment, file.encoding=UTF-8, java.vm.name=Java HotSpot(TM) 64-Bit Server VM, hibernate.show_sql=true, localRepository=C:\Users\TGDD\.m2\repository, java.vendor.url.bug=https://bugreport.java.com/bugreport/, java.io.tmpdir=C:\Users\TGDD\AppData\Local\Temp\, java.version=21.0.1, hibernate.physical_naming_strategy=org.hibernate.boot.model.naming.CamelCaseToUnderscoresNamingStrategy, user.dir=F:\MH_SOLUTION\OrderManagement_jOOQ, os.arch=amd64, java.vm.specification.name=Java Virtual Machine Specification, PID=7884, sun.os.patch.level=, CONSOLE_LOG_CHARSET=UTF-8, hibernate.boot.CfgXmlAccessService.key=org.hibernate.boot.registry.StandardServiceRegistryBuilder$1@36871e98, native.encoding=UTF-8, java.library.path=C:\Program Files\Java\jdk-21\bin;C:\WINDOWS\Sun\Java\bin;C:\WINDOWS\system32;C:\WINDOWS;C:\Program Files\Common Files\Oracle\Java\javapath;C:\Program Files\Java\jdk-19\bin;C:\windows\system32;C:\windows;C:\windows\System32\Wbem;C:\windows\System32\WindowsPowerShell\v1.0\;C:\windows\System32\OpenSSH\;C:\Program Files (x86)\NVIDIA Corporation\PhysX\Common;C:\Program Files\dotnet\;C:\Program Files\NVIDIA Corporation\NVIDIA NvDLISR;C:\Program Files\Microsoft SQL Server\Client SDK\ODBC\170\Tools\Binn\;C:\Program Files (x86)\Microsoft SQL Server\150\Tools\Binn\;C:\Program Files\Microsoft SQL Server\150\Tools\Binn\;C:\Program Files\Microsoft SQL Server\150\DTS\Binn\;C:\Program Files (x86)\Microsoft SQL Server\150\DTS\Binn\;C:\Program Files\Azure Data Studio\bin;F:\common;C:\WINDOWS\system32;C:\WINDOWS;C:\WINDOWS\System32\Wbem;C:\WINDOWS\System32\WindowsPowerShell\v1.0\;C:\WINDOWS\System32\OpenSSH\;F:\;C:\Program Files\Docker\Docker\resources\bin;C:\Program Files\Git\cmd;C:\Program Files (x86)\dotnet\;C:\Program Files\apache-maven-3.9.9\bin;C:\Users\TGDD\AppData\Local\Programs\Python\Python313\Scripts\;C:\Users\TGDD\AppData\Local\Programs\Python\Python313\;C:\Users\TGDD\AppData\Local\Programs\Python\Launcher\;C:\Users\TGDD\AppData\Local\Microsoft\WindowsApps;C:\Program Files\Azure Data Studio\bin;C:\Users\TGDD\AppData\Local\Programs\Microsoft VS Code\bin;C:\Users\TGDD\AppData\Local\GitHubDesktop\bin;C:\Users\TGDD\AppData\Roaming\npm;C:\Users\TGDD\.dotnet\tools;;., stderr.encoding=UTF-8, java.vendor=Oracle Corporation, java.vm.info=mixed mode, sharing, java.vm.version=21.0.1+12-LTS-29, sun.io.unicode.encoding=UnicodeLittle, hibernate.archive.scanner=org.hibernate.boot.archive.scan.internal.DisabledScanner, hibernate.connection.datasource=HikariDataSource (HikariPool-1), java.class.version=65.0, LOGGED_APPLICATION_NAME=[OrderManagement_jOOQ] }
2025-01-15T10:00:15.005+07:00 DEBUG 7884 --- [OrderManagement_jOOQ] [           main] o.hibernate.internal.SessionFactoryImpl  : Session factory constructed with filter configurations : {}
2025-01-15T10:00:15.030+07:00 DEBUG 7884 --- [OrderManagement_jOOQ] [           main] o.h.v.i.xml.config.ValidationXmlParser   : Trying to load META-INF/validation.xml for XML based Validator configuration.
2025-01-15T10:00:15.030+07:00 DEBUG 7884 --- [OrderManagement_jOOQ] [           main] o.h.v.i.xml.config.ResourceLoaderHelper  : Trying to load META-INF/validation.xml via TCCL
2025-01-15T10:00:15.034+07:00 DEBUG 7884 --- [OrderManagement_jOOQ] [           main] o.h.v.i.xml.config.ResourceLoaderHelper  : Trying to load META-INF/validation.xml via Hibernate Validator's class loader
2025-01-15T10:00:15.034+07:00 DEBUG 7884 --- [OrderManagement_jOOQ] [           main] o.h.v.i.xml.config.ValidationXmlParser   : No META-INF/validation.xml found. Using annotation based configuration only.
2025-01-15T10:00:15.034+07:00 DEBUG 7884 --- [OrderManagement_jOOQ] [           main] o.h.v.i.e.resolver.TraversableResolvers  : Found jakarta.persistence.Persistence on classpath containing 'getPersistenceUtil'. Assuming JPA 2 environment. Trying to instantiate JPA aware TraversableResolver
2025-01-15T10:00:15.034+07:00 DEBUG 7884 --- [OrderManagement_jOOQ] [           main] o.h.v.i.e.resolver.TraversableResolvers  : Instantiated JPA aware TraversableResolver of type org.hibernate.validator.internal.engine.resolver.JPATraversableResolver.
2025-01-15T10:00:15.035+07:00 DEBUG 7884 --- [OrderManagement_jOOQ] [           main] .h.v.m.ResourceBundleMessageInterpolator : Loaded expression factory via original TCCL
2025-01-15T10:00:15.038+07:00 DEBUG 7884 --- [OrderManagement_jOOQ] [           main] .i.e.ValidatorFactoryConfigurationHelper : HV000252: Using org.hibernate.validator.internal.engine.DefaultPropertyNodeNameProvider as property node name provider.
2025-01-15T10:00:15.038+07:00 DEBUG 7884 --- [OrderManagement_jOOQ] [onnection adder] com.zaxxer.hikari.pool.HikariPool        : HikariPool-1 - Added connection org.postgresql.jdbc.PgConnection@4967bec4
2025-01-15T10:00:15.039+07:00 DEBUG 7884 --- [OrderManagement_jOOQ] [           main] .i.e.ValidatorFactoryConfigurationHelper : HV000234: Using org.hibernate.validator.messageinterpolation.ResourceBundleMessageInterpolator as ValidatorFactory-scoped message interpolator.
2025-01-15T10:00:15.040+07:00 DEBUG 7884 --- [OrderManagement_jOOQ] [           main] .i.e.ValidatorFactoryConfigurationHelper : HV000234: Using org.hibernate.validator.internal.engine.resolver.JPATraversableResolver as ValidatorFactory-scoped traversable resolver.
2025-01-15T10:00:15.040+07:00 DEBUG 7884 --- [OrderManagement_jOOQ] [           main] .i.e.ValidatorFactoryConfigurationHelper : HV000234: Using org.hibernate.validator.internal.util.ExecutableParameterNameProvider as ValidatorFactory-scoped parameter name provider.
2025-01-15T10:00:15.040+07:00 DEBUG 7884 --- [OrderManagement_jOOQ] [           main] .i.e.ValidatorFactoryConfigurationHelper : HV000234: Using org.hibernate.validator.internal.engine.DefaultClockProvider as ValidatorFactory-scoped clock provider.
2025-01-15T10:00:15.040+07:00 DEBUG 7884 --- [OrderManagement_jOOQ] [           main] .i.e.ValidatorFactoryConfigurationHelper : HV000234: Using org.hibernate.validator.internal.engine.scripting.DefaultScriptEvaluatorFactory as ValidatorFactory-scoped script evaluator factory.
2025-01-15T10:00:15.044+07:00 DEBUG 7884 --- [OrderManagement_jOOQ] [           main] .h.s.i.SessionFactoryServiceRegistryImpl : EventListenerRegistry access via ServiceRegistry is deprecated.  Use `sessionFactory.getEventEngine().getListenerRegistry()` instead
2025-01-15T10:00:15.082+07:00 DEBUG 7884 --- [OrderManagement_jOOQ] [onnection adder] com.zaxxer.hikari.pool.HikariPool        : HikariPool-1 - After adding stats (total=4, active=0, idle=4, waiting=0)
2025-01-15T10:00:15.082+07:00 DEBUG 7884 --- [OrderManagement_jOOQ] [onnection adder] org.postgresql.Driver                    : Connecting with URL: jdbc:postgresql://127.0.0.1:5432/qlbh__mhsolution
2025-01-15T10:00:15.082+07:00 DEBUG 7884 --- [OrderManagement_jOOQ] [onnection adder] org.postgresql.jdbc.PgConnection         : PostgreSQL JDBC Driver 42.7.3
2025-01-15T10:00:15.083+07:00 DEBUG 7884 --- [OrderManagement_jOOQ] [onnection adder] org.postgresql.jdbc.PgConnection         :   setDefaultFetchSize = 0
2025-01-15T10:00:15.084+07:00 DEBUG 7884 --- [OrderManagement_jOOQ] [onnection adder] org.postgresql.jdbc.PgConnection         :   setPrepareThreshold = 5
2025-01-15T10:00:15.084+07:00 DEBUG 7884 --- [OrderManagement_jOOQ] [onnection adder] o.p.core.v3.ConnectionFactoryImpl        : Trying to establish a protocol version 3 connection to 127.0.0.1:5432
2025-01-15T10:00:15.085+07:00 DEBUG 7884 --- [OrderManagement_jOOQ] [onnection adder] o.p.core.v3.ConnectionFactoryImpl        : Receive Buffer Size is 65,536
2025-01-15T10:00:15.086+07:00 DEBUG 7884 --- [OrderManagement_jOOQ] [onnection adder] o.p.core.v3.ConnectionFactoryImpl        : Send Buffer Size is 65,536
2025-01-15T10:00:15.174+07:00 DEBUG 7884 --- [OrderManagement_jOOQ] [           main] o.h.q.sqm.function.SqmFunctionRegistry   : Registered SqmFunctionTemplate [NamedSqmFunctionTemplate(max)] under max; prior registration was null
2025-01-15T10:00:15.174+07:00 DEBUG 7884 --- [OrderManagement_jOOQ] [           main] o.h.q.sqm.function.SqmFunctionRegistry   : Registered SqmFunctionTemplate [NamedSqmFunctionTemplate(min)] under min; prior registration was null
2025-01-15T10:00:15.176+07:00 DEBUG 7884 --- [OrderManagement_jOOQ] [           main] o.h.q.sqm.function.SqmFunctionRegistry   : Registered SqmFunctionTemplate [NamedSqmFunctionTemplate(sum)] under sum; prior registration was null
2025-01-15T10:00:15.178+07:00 DEBUG 7884 --- [OrderManagement_jOOQ] [           main] o.h.q.sqm.function.SqmFunctionRegistry   : Registered SqmFunctionTemplate [NamedSqmFunctionTemplate(avg)] under avg; prior registration was null
2025-01-15T10:00:15.180+07:00 DEBUG 7884 --- [OrderManagement_jOOQ] [           main] o.h.q.sqm.function.SqmFunctionRegistry   : Registered SqmFunctionTemplate [org.hibernate.dialect.function.CountFunction@2acb1264] under count; prior registration was null
2025-01-15T10:00:15.183+07:00 DEBUG 7884 --- [OrderManagement_jOOQ] [           main] o.h.q.sqm.function.SqmFunctionRegistry   : Registered SqmFunctionTemplate [org.hibernate.dialect.function.EveryAnyEmulation@7c69e1e1] under every; prior registration was null
2025-01-15T10:00:15.184+07:00 DEBUG 7884 --- [OrderManagement_jOOQ] [           main] o.h.q.sqm.function.SqmFunctionRegistry   : Registered SqmFunctionTemplate [org.hibernate.dialect.function.EveryAnyEmulation@7b52b18a] under any; prior registration was null
2025-01-15T10:00:15.184+07:00 DEBUG 7884 --- [OrderManagement_jOOQ] [           main] o.h.q.sqm.function.SqmFunctionRegistry   : Registered SqmFunctionTemplate [NamedSqmFunctionTemplate(floor)] under floor; prior registration was null
2025-01-15T10:00:15.184+07:00 DEBUG 7884 --- [OrderManagement_jOOQ] [           main] o.h.q.sqm.function.SqmFunctionRegistry   : Registered SqmFunctionTemplate [NamedSqmFunctionTemplate(ceiling)] under ceiling; prior registration was null
2025-01-15T10:00:15.185+07:00 DEBUG 7884 --- [OrderManagement_jOOQ] [           main] o.h.q.sqm.function.SqmFunctionRegistry   : Registered SqmFunctionTemplate [NamedSqmFunctionTemplate(mod)] under mod; prior registration was null
2025-01-15T10:00:15.185+07:00 DEBUG 7884 --- [OrderManagement_jOOQ] [           main] o.h.q.sqm.function.SqmFunctionRegistry   : Registered SqmFunctionTemplate [NamedSqmFunctionTemplate(abs)] under abs; prior registration was null
2025-01-15T10:00:15.185+07:00 DEBUG 7884 --- [OrderManagement_jOOQ] [           main] o.h.q.sqm.function.SqmFunctionRegistry   : Registered SqmFunctionTemplate [NamedSqmFunctionTemplate(sign)] under sign; prior registration was null
2025-01-15T10:00:15.185+07:00 DEBUG 7884 --- [OrderManagement_jOOQ] [           main] o.h.q.sqm.function.SqmFunctionRegistry   : Registered SqmFunctionTemplate [NamedSqmFunctionTemplate(sqrt)] under sqrt; prior registration was null
2025-01-15T10:00:15.185+07:00 DEBUG 7884 --- [OrderManagement_jOOQ] [           main] o.h.q.sqm.function.SqmFunctionRegistry   : Registered SqmFunctionTemplate [NamedSqmFunctionTemplate(ln)] under ln; prior registration was null
2025-01-15T10:00:15.185+07:00 DEBUG 7884 --- [OrderManagement_jOOQ] [           main] o.h.q.sqm.function.SqmFunctionRegistry   : Registered SqmFunctionTemplate [NamedSqmFunctionTemplate(exp)] under exp; prior registration was null
2025-01-15T10:00:15.185+07:00 DEBUG 7884 --- [OrderManagement_jOOQ] [           main] o.h.q.sqm.function.SqmFunctionRegistry   : Registered SqmFunctionTemplate [NamedSqmFunctionTemplate(power)] under power; prior registration was null
2025-01-15T10:00:15.186+07:00 DEBUG 7884 --- [OrderManagement_jOOQ] [           main] o.h.q.sqm.function.SqmFunctionRegistry   : Registered SqmFunctionTemplate [NamedSqmFunctionTemplate(round)] under round; prior registration was null
2025-01-15T10:00:15.186+07:00 DEBUG 7884 --- [OrderManagement_jOOQ] [           main] o.h.q.sqm.function.SqmFunctionRegistry   : Registered SqmFunctionTemplate [NamedSqmFunctionTemplate(sin)] under sin; prior registration was null
2025-01-15T10:00:15.186+07:00 DEBUG 7884 --- [OrderManagement_jOOQ] [           main] o.h.q.sqm.function.SqmFunctionRegistry   : Registered SqmFunctionTemplate [NamedSqmFunctionTemplate(cos)] under cos; prior registration was null
2025-01-15T10:00:15.187+07:00 DEBUG 7884 --- [OrderManagement_jOOQ] [           main] o.h.q.sqm.function.SqmFunctionRegistry   : Registered SqmFunctionTemplate [NamedSqmFunctionTemplate(tan)] under tan; prior registration was null
2025-01-15T10:00:15.187+07:00 DEBUG 7884 --- [OrderManagement_jOOQ] [           main] o.h.q.sqm.function.SqmFunctionRegistry   : Registered SqmFunctionTemplate [NamedSqmFunctionTemplate(asin)] under asin; prior registration was null
2025-01-15T10:00:15.187+07:00 DEBUG 7884 --- [OrderManagement_jOOQ] [           main] o.h.q.sqm.function.SqmFunctionRegistry   : Registered SqmFunctionTemplate [NamedSqmFunctionTemplate(acos)] under acos; prior registration was null
2025-01-15T10:00:15.187+07:00 DEBUG 7884 --- [OrderManagement_jOOQ] [           main] o.h.q.sqm.function.SqmFunctionRegistry   : Registered SqmFunctionTemplate [NamedSqmFunctionTemplate(atan)] under atan; prior registration was null
2025-01-15T10:00:15.187+07:00 DEBUG 7884 --- [OrderManagement_jOOQ] [           main] o.h.q.sqm.function.SqmFunctionRegistry   : Registered SqmFunctionTemplate [NamedSqmFunctionTemplate(atan2)] under atan2; prior registration was null
2025-01-15T10:00:15.190+07:00 DEBUG 7884 --- [OrderManagement_jOOQ] [           main] o.h.q.sqm.function.SqmFunctionRegistry   : Registered SqmFunctionTemplate [org.hibernate.query.sqm.function.PatternBasedSqmFunctionDescriptor@2f0cab82] under sinh; prior registration was null
2025-01-15T10:00:15.190+07:00 DEBUG 7884 --- [OrderManagement_jOOQ] [           main] o.h.q.sqm.function.SqmFunctionRegistry   : Registered SqmFunctionTemplate [org.hibernate.query.sqm.function.PatternBasedSqmFunctionDescriptor@7fcc3745] under cosh; prior registration was null
2025-01-15T10:00:15.191+07:00 DEBUG 7884 --- [OrderManagement_jOOQ] [           main] o.h.q.sqm.function.SqmFunctionRegistry   : Registered SqmFunctionTemplate [org.hibernate.query.sqm.function.PatternBasedSqmFunctionDescriptor@6d35ff7b] under tanh; prior registration was null
2025-01-15T10:00:15.191+07:00 DEBUG 7884 --- [OrderManagement_jOOQ] [           main] o.h.q.sqm.function.SqmFunctionRegistry   : Registered SqmFunctionTemplate [org.hibernate.query.sqm.function.PatternBasedSqmFunctionDescriptor@4ef31221] under pi; prior registration was null
2025-01-15T10:00:15.191+07:00 DEBUG 7884 --- [OrderManagement_jOOQ] [           main] o.h.q.sqm.function.SqmFunctionRegistry   : Registered SqmFunctionTemplate [org.hibernate.query.sqm.function.PatternBasedSqmFunctionDescriptor@4e9e0c6] under log; prior registration was null
2025-01-15T10:00:15.192+07:00 DEBUG 7884 --- [OrderManagement_jOOQ] [           main] o.h.q.sqm.function.SqmFunctionRegistry   : Registered SqmFunctionTemplate [NamedSqmFunctionTemplate(coalesce)] under coalesce; prior registration was null
2025-01-15T10:00:15.193+07:00 DEBUG 7884 --- [OrderManagement_jOOQ] [           main] o.h.q.sqm.function.SqmFunctionRegistry   : Registered SqmFunctionTemplate [NamedSqmFunctionTemplate(nullif)] under nullif; prior registration was null
2025-01-15T10:00:15.193+07:00 DEBUG 7884 --- [OrderManagement_jOOQ] [           main] o.h.q.sqm.function.SqmFunctionRegistry   : Registered SqmFunctionTemplate [NamedSqmFunctionTemplate(left)] under left; prior registration was null
2025-01-15T10:00:15.193+07:00 DEBUG 7884 --- [OrderManagement_jOOQ] [           main] o.h.q.sqm.function.SqmFunctionRegistry   : Registered SqmFunctionTemplate [NamedSqmFunctionTemplate(right)] under right; prior registration was null
2025-01-15T10:00:15.193+07:00 DEBUG 7884 --- [OrderManagement_jOOQ] [           main] o.h.q.sqm.function.SqmFunctionRegistry   : Registered SqmFunctionTemplate [NamedSqmFunctionTemplate(replace)] under replace; prior registration was null
2025-01-15T10:00:15.193+07:00 DEBUG 7884 --- [OrderManagement_jOOQ] [           main] o.h.q.sqm.function.SqmFunctionRegistry   : Registered SqmFunctionTemplate [NamedSqmFunctionTemplate(concat)] under concat; prior registration was null
2025-01-15T10:00:15.193+07:00 DEBUG 7884 --- [OrderManagement_jOOQ] [           main] o.h.q.sqm.function.SqmFunctionRegistry   : Registered SqmFunctionTemplate [NamedSqmFunctionTemplate(lower)] under lower; prior registration was null
2025-01-15T10:00:15.193+07:00 DEBUG 7884 --- [OrderManagement_jOOQ] [           main] o.h.q.sqm.function.SqmFunctionRegistry   : Registered SqmFunctionTemplate [NamedSqmFunctionTemplate(upper)] under upper; prior registration was null
2025-01-15T10:00:15.193+07:00 DEBUG 7884 --- [OrderManagement_jOOQ] [           main] o.h.q.sqm.function.SqmFunctionRegistry   : Registered SqmFunctionTemplate [NamedSqmFunctionTemplate(substring)] under substring; prior registration was null
2025-01-15T10:00:15.193+07:00 DEBUG 7884 --- [OrderManagement_jOOQ] [           main] o.h.q.sqm.function.SqmFunctionRegistry   : Registered SqmFunctionTemplate [NamedSqmFunctionTemplate(locate)] under locate; prior registration was null
2025-01-15T10:00:15.194+07:00 DEBUG 7884 --- [OrderManagement_jOOQ] [           main] o.h.q.sqm.function.SqmFunctionRegistry   : Registered SqmFunctionTemplate [NamedSqmFunctionTemplate(character_length)] under character_length; prior registration was null
2025-01-15T10:00:15.194+07:00 DEBUG 7884 --- [OrderManagement_jOOQ] [           main] o.h.q.sqm.function.SqmFunctionRegistry   : Registering alternate key : length -> character_length
2025-01-15T10:00:15.195+07:00 DEBUG 7884 --- [OrderManagement_jOOQ] [           main] o.h.q.sqm.function.SqmFunctionRegistry   : Registered SqmFunctionTemplate [org.hibernate.dialect.function.LocatePositionEmulation@dde6f87] under position; prior registration was null
2025-01-15T10:00:15.199+07:00 DEBUG 7884 --- [OrderManagement_jOOQ] [           main] o.h.q.sqm.function.SqmFunctionRegistry   : Registered SqmFunctionTemplate [org.hibernate.dialect.function.InsertSubstringOverlayEmulation@bfd97fb] under overlay; prior registration was null
2025-01-15T10:00:15.200+07:00 DEBUG 7884 --- [OrderManagement_jOOQ] [           main] o.h.q.sqm.function.SqmFunctionRegistry   : Registered SqmFunctionTemplate [org.hibernate.dialect.function.TrimFunction@73be4cdd] under trim; prior registration was null
2025-01-15T10:00:15.203+07:00 DEBUG 7884 --- [OrderManagement_jOOQ] [           main] o.h.q.sqm.function.SqmFunctionRegistry   : Registered SqmFunctionTemplate [org.hibernate.dialect.function.CastFunction@77f03916] under cast; prior registration was null
2025-01-15T10:00:15.203+07:00 DEBUG 7884 --- [OrderManagement_jOOQ] [           main] o.h.q.sqm.function.SqmFunctionRegistry   : Registered SqmFunctionTemplate [org.hibernate.query.sqm.function.PatternBasedSqmFunctionDescriptor@fbbd90c] under collate; prior registration was null
2025-01-15T10:00:15.203+07:00 DEBUG 7884 --- [OrderManagement_jOOQ] [           main] o.h.q.sqm.function.SqmFunctionRegistry   : Registered SqmFunctionTemplate [org.hibernate.dialect.function.ExtractFunction@72f24a84] under extract; prior registration was null
2025-01-15T10:00:15.203+07:00 DEBUG 7884 --- [OrderManagement_jOOQ] [           main] o.h.q.sqm.function.SqmFunctionRegistry   : Registered SqmFunctionTemplate [NamedSqmFunctionTemplate(least)] under least; prior registration was null
2025-01-15T10:00:15.205+07:00 DEBUG 7884 --- [OrderManagement_jOOQ] [           main] o.h.q.sqm.function.SqmFunctionRegistry   : Registered SqmFunctionTemplate [NamedSqmFunctionTemplate(greatest)] under greatest; prior registration was null
2025-01-15T10:00:15.207+07:00 DEBUG 7884 --- [OrderManagement_jOOQ] [           main] o.h.q.sqm.function.SqmFunctionRegistry   : Registered SqmFunctionTemplate [org.hibernate.dialect.function.CoalesceIfnullEmulation@2a075e70] under ifnull; prior registration was null
2025-01-15T10:00:15.207+07:00 DEBUG 7884 --- [OrderManagement_jOOQ] [           main] o.h.q.sqm.function.SqmFunctionRegistry   : Registered SqmFunctionTemplate [NamedSqmFunctionTemplate(lpad)] under lpad; prior registration was null
2025-01-15T10:00:15.208+07:00 DEBUG 7884 --- [OrderManagement_jOOQ] [           main] o.h.q.sqm.function.SqmFunctionRegistry   : Registered SqmFunctionTemplate [NamedSqmFunctionTemplate(rpad)] under rpad; prior registration was null
2025-01-15T10:00:15.209+07:00 DEBUG 7884 --- [OrderManagement_jOOQ] [           main] o.h.q.sqm.function.SqmFunctionRegistry   : Registered SqmFunctionTemplate [org.hibernate.dialect.function.LpadRpadPadEmulation@538e74fc] under pad; prior registration was null
2025-01-15T10:00:15.210+07:00 DEBUG 7884 --- [OrderManagement_jOOQ] [           main] o.h.q.sqm.function.SqmFunctionRegistry   : Registered SqmFunctionTemplate [org.hibernate.dialect.function.CastStrEmulation@55b62db8] under str; prior registration was null
2025-01-15T10:00:15.215+07:00 DEBUG 7884 --- [OrderManagement_jOOQ] [           main] o.h.q.sqm.function.SqmFunctionRegistry   : Registered SqmFunctionTemplate [org.hibernate.dialect.function.FormatFunction@76dc36e5] under format; prior registration was null
2025-01-15T10:00:15.217+07:00 DEBUG 7884 --- [OrderManagement_jOOQ] [           main] o.h.q.sqm.function.SqmFunctionRegistry   : Registered SqmFunctionTemplate [org.hibernate.dialect.function.TimestampaddFunction@8cb7185] under timestampadd; prior registration was null
2025-01-15T10:00:15.219+07:00 DEBUG 7884 --- [OrderManagement_jOOQ] [           main] o.h.q.sqm.function.SqmFunctionRegistry   : Registered SqmFunctionTemplate [org.hibernate.dialect.function.TimestampdiffFunction@4f676900] under timestampdiff; prior registration was null
2025-01-15T10:00:15.219+07:00 DEBUG 7884 --- [OrderManagement_jOOQ] [           main] o.h.q.sqm.function.SqmFunctionRegistry   : Registering alternate key : dateadd -> timestampadd
2025-01-15T10:00:15.219+07:00 DEBUG 7884 --- [OrderManagement_jOOQ] [           main] o.h.q.sqm.function.SqmFunctionRegistry   : Registering alternate key : datediff -> timestampdiff
2025-01-15T10:00:15.220+07:00 DEBUG 7884 --- [OrderManagement_jOOQ] [           main] o.h.q.sqm.function.SqmFunctionRegistry   : Registered SqmFunctionTemplate [org.hibernate.dialect.function.CurrentFunction@5d32c1c7] under current_date; prior registration was null
2025-01-15T10:00:15.220+07:00 DEBUG 7884 --- [OrderManagement_jOOQ] [           main] o.h.q.sqm.function.SqmFunctionRegistry   : Registered SqmFunctionTemplate [org.hibernate.dialect.function.CurrentFunction@a6dffdb] under current_time; prior registration was null
2025-01-15T10:00:15.221+07:00 DEBUG 7884 --- [OrderManagement_jOOQ] [           main] o.h.q.sqm.function.SqmFunctionRegistry   : Registered SqmFunctionTemplate [org.hibernate.dialect.function.CurrentFunction@40ac0a56] under current_timestamp; prior registration was null
2025-01-15T10:00:15.221+07:00 DEBUG 7884 --- [OrderManagement_jOOQ] [           main] o.h.q.sqm.function.SqmFunctionRegistry   : Registering alternate key : current date -> current_date
2025-01-15T10:00:15.221+07:00 DEBUG 7884 --- [OrderManagement_jOOQ] [           main] o.h.q.sqm.function.SqmFunctionRegistry   : Registering alternate key : current time -> current_time
2025-01-15T10:00:15.221+07:00 DEBUG 7884 --- [OrderManagement_jOOQ] [           main] o.h.q.sqm.function.SqmFunctionRegistry   : Registering alternate key : current timestamp -> current_timestamp
2025-01-15T10:00:15.221+07:00 DEBUG 7884 --- [OrderManagement_jOOQ] [           main] o.h.q.sqm.function.SqmFunctionRegistry   : Registered SqmFunctionTemplate [org.hibernate.dialect.function.CurrentFunction@25b4754a] under local_date; prior registration was null
2025-01-15T10:00:15.221+07:00 DEBUG 7884 --- [OrderManagement_jOOQ] [           main] o.h.q.sqm.function.SqmFunctionRegistry   : Registered SqmFunctionTemplate [org.hibernate.dialect.function.CurrentFunction@6ec3a4c2] under local_time; prior registration was null
2025-01-15T10:00:15.221+07:00 DEBUG 7884 --- [OrderManagement_jOOQ] [           main] o.h.q.sqm.function.SqmFunctionRegistry   : Registered SqmFunctionTemplate [org.hibernate.dialect.function.CurrentFunction@bb50de6] under local_datetime; prior registration was null
2025-01-15T10:00:15.222+07:00 DEBUG 7884 --- [OrderManagement_jOOQ] [onnection adder] com.zaxxer.hikari.pool.HikariPool        : HikariPool-1 - Added connection org.postgresql.jdbc.PgConnection@2544c21e
2025-01-15T10:00:15.222+07:00 DEBUG 7884 --- [OrderManagement_jOOQ] [           main] o.h.q.sqm.function.SqmFunctionRegistry   : Registered SqmFunctionTemplate [org.hibernate.dialect.function.CurrentFunction@2b6b487c] under offset_datetime; prior registration was null
2025-01-15T10:00:15.222+07:00 DEBUG 7884 --- [OrderManagement_jOOQ] [           main] o.h.q.sqm.function.SqmFunctionRegistry   : Registering alternate key : local date -> local_date
2025-01-15T10:00:15.222+07:00 DEBUG 7884 --- [OrderManagement_jOOQ] [           main] o.h.q.sqm.function.SqmFunctionRegistry   : Registering alternate key : local time -> local_time
2025-01-15T10:00:15.222+07:00 DEBUG 7884 --- [OrderManagement_jOOQ] [           main] o.h.q.sqm.function.SqmFunctionRegistry   : Registering alternate key : local datetime -> local_datetime
2025-01-15T10:00:15.222+07:00 DEBUG 7884 --- [OrderManagement_jOOQ] [           main] o.h.q.sqm.function.SqmFunctionRegistry   : Registering alternate key : offset datetime -> offset_datetime
2025-01-15T10:00:15.222+07:00 DEBUG 7884 --- [OrderManagement_jOOQ] [           main] o.h.q.sqm.function.SqmFunctionRegistry   : Registered SqmFunctionTemplate [org.hibernate.dialect.function.CurrentFunction@2d73767e] under instant; prior registration was null
2025-01-15T10:00:15.222+07:00 DEBUG 7884 --- [OrderManagement_jOOQ] [           main] o.h.q.sqm.function.SqmFunctionRegistry   : Registering alternate key : current_instant -> instant
2025-01-15T10:00:15.223+07:00 DEBUG 7884 --- [OrderManagement_jOOQ] [           main] o.h.q.sqm.function.SqmFunctionRegistry   : Registered SqmFunctionTemplate [org.hibernate.dialect.function.SqlFunction@3a3316b6] under sql; prior registration was null
2025-01-15T10:00:15.223+07:00 DEBUG 7884 --- [OrderManagement_jOOQ] [           main] o.h.q.sqm.function.SqmFunctionRegistry   : Registered SqmFunctionTemplate [NamedSqmFunctionTemplate(cot)] under cot; prior registration was null
2025-01-15T10:00:15.223+07:00 DEBUG 7884 --- [OrderManagement_jOOQ] [           main] o.h.q.sqm.function.SqmFunctionRegistry   : Registered SqmFunctionTemplate [NamedSqmFunctionTemplate(radians)] under radians; prior registration was null
2025-01-15T10:00:15.224+07:00 DEBUG 7884 --- [OrderManagement_jOOQ] [           main] o.h.q.sqm.function.SqmFunctionRegistry   : Registered SqmFunctionTemplate [NamedSqmFunctionTemplate(degrees)] under degrees; prior registration was null
2025-01-15T10:00:15.224+07:00 DEBUG 7884 --- [OrderManagement_jOOQ] [           main] o.h.q.sqm.function.SqmFunctionRegistry   : Registered SqmFunctionTemplate [NamedSqmFunctionTemplate(log)] under log; prior registration was org.hibernate.query.sqm.function.PatternBasedSqmFunctionDescriptor@4e9e0c6
2025-01-15T10:00:15.224+07:00 DEBUG 7884 --- [OrderManagement_jOOQ] [           main] o.h.q.sqm.function.SqmFunctionRegistry   : Registered SqmFunctionTemplate [org.hibernate.query.sqm.function.PatternBasedSqmFunctionDescriptor@4db46344] under mod; prior registration was NamedSqmFunctionTemplate(mod)
2025-01-15T10:00:15.224+07:00 DEBUG 7884 --- [OrderManagement_jOOQ] [           main] o.h.q.sqm.function.SqmFunctionRegistry   : Registered SqmFunctionTemplate [NamedSqmFunctionTemplate(log10)] under log10; prior registration was null
2025-01-15T10:00:15.224+07:00 DEBUG 7884 --- [OrderManagement_jOOQ] [           main] o.h.q.sqm.function.SqmFunctionRegistry   : Registered SqmFunctionTemplate [NamedSqmFunctionTemplate(tanh)] under tanh; prior registration was org.hibernate.query.sqm.function.PatternBasedSqmFunctionDescriptor@6d35ff7b
2025-01-15T10:00:15.224+07:00 DEBUG 7884 --- [OrderManagement_jOOQ] [           main] o.h.q.sqm.function.SqmFunctionRegistry   : Registered SqmFunctionTemplate [NamedSqmFunctionTemplate(sinh)] under sinh; prior registration was org.hibernate.query.sqm.function.PatternBasedSqmFunctionDescriptor@2f0cab82
2025-01-15T10:00:15.224+07:00 DEBUG 7884 --- [OrderManagement_jOOQ] [           main] o.h.q.sqm.function.SqmFunctionRegistry   : Registered SqmFunctionTemplate [NamedSqmFunctionTemplate(cosh)] under cosh; prior registration was org.hibernate.query.sqm.function.PatternBasedSqmFunctionDescriptor@7fcc3745
2025-01-15T10:00:15.224+07:00 DEBUG 7884 --- [OrderManagement_jOOQ] [           main] o.h.q.sqm.function.SqmFunctionRegistry   : Registered SqmFunctionTemplate [NamedSqmFunctionTemplate(acosh)] under acosh; prior registration was null
2025-01-15T10:00:15.224+07:00 DEBUG 7884 --- [OrderManagement_jOOQ] [           main] o.h.q.sqm.function.SqmFunctionRegistry   : Registered SqmFunctionTemplate [NamedSqmFunctionTemplate(asinh)] under asinh; prior registration was null
2025-01-15T10:00:15.224+07:00 DEBUG 7884 --- [OrderManagement_jOOQ] [           main] o.h.q.sqm.function.SqmFunctionRegistry   : Registered SqmFunctionTemplate [NamedSqmFunctionTemplate(atanh)] under atanh; prior registration was null
2025-01-15T10:00:15.224+07:00 DEBUG 7884 --- [OrderManagement_jOOQ] [           main] o.h.q.sqm.function.SqmFunctionRegistry   : Registered SqmFunctionTemplate [NamedSqmFunctionTemplate(cbrt)] under cbrt; prior registration was null
2025-01-15T10:00:15.225+07:00 DEBUG 7884 --- [OrderManagement_jOOQ] [           main] o.h.q.sqm.function.SqmFunctionRegistry   : Registered SqmFunctionTemplate [NamedSqmFunctionTemplate(pi)] under pi; prior registration was org.hibernate.query.sqm.function.PatternBasedSqmFunctionDescriptor@4ef31221
2025-01-15T10:00:15.225+07:00 DEBUG 7884 --- [OrderManagement_jOOQ] [           main] o.h.q.sqm.function.SqmFunctionRegistry   : Registered SqmFunctionTemplate [NamedSqmFunctionTemplate(ltrim)] under ltrim; prior registration was null
2025-01-15T10:00:15.225+07:00 DEBUG 7884 --- [OrderManagement_jOOQ] [           main] o.h.q.sqm.function.SqmFunctionRegistry   : Registered SqmFunctionTemplate [NamedSqmFunctionTemplate(rtrim)] under rtrim; prior registration was null
2025-01-15T10:00:15.225+07:00 DEBUG 7884 --- [OrderManagement_jOOQ] [           main] o.h.q.sqm.function.SqmFunctionRegistry   : Registered SqmFunctionTemplate [NamedSqmFunctionTemplate(repeat)] under repeat; prior registration was null
2025-01-15T10:00:15.225+07:00 DEBUG 7884 --- [OrderManagement_jOOQ] [           main] o.h.q.sqm.function.SqmFunctionRegistry   : Registered SqmFunctionTemplate [NamedSqmFunctionTemplate(md5)] under md5; prior registration was null
2025-01-15T10:00:15.225+07:00 DEBUG 7884 --- [OrderManagement_jOOQ] [           main] o.h.q.sqm.function.SqmFunctionRegistry   : Registered SqmFunctionTemplate [NamedSqmFunctionTemplate(initcap)] under initcap; prior registration was null
2025-01-15T10:00:15.225+07:00 DEBUG 7884 --- [OrderManagement_jOOQ] [           main] o.h.q.sqm.function.SqmFunctionRegistry   : Registered SqmFunctionTemplate [NamedSqmFunctionTemplate(substr)] under substr; prior registration was null
2025-01-15T10:00:15.226+07:00 DEBUG 7884 --- [OrderManagement_jOOQ] [           main] o.h.q.sqm.function.SqmFunctionRegistry   : Registered SqmFunctionTemplate [NamedSqmFunctionTemplate(substr)] under substring; prior registration was NamedSqmFunctionTemplate(substring)
2025-01-15T10:00:15.226+07:00 DEBUG 7884 --- [OrderManagement_jOOQ] [           main] o.h.q.sqm.function.SqmFunctionRegistry   : Registered SqmFunctionTemplate [NamedSqmFunctionTemplate(translate)] under translate; prior registration was null
2025-01-15T10:00:15.226+07:00 DEBUG 7884 --- [OrderManagement_jOOQ] [           main] o.h.q.sqm.function.SqmFunctionRegistry   : Registered SqmFunctionTemplate [NamedSqmFunctionTemplate(to_number)] under to_number; prior registration was null
2025-01-15T10:00:15.226+07:00 DEBUG 7884 --- [OrderManagement_jOOQ] [           main] o.h.q.sqm.function.SqmFunctionRegistry   : Registered SqmFunctionTemplate [NamedSqmFunctionTemplate(to_char)] under to_char; prior registration was null
2025-01-15T10:00:15.226+07:00 DEBUG 7884 --- [OrderManagement_jOOQ] [           main] o.h.q.sqm.function.SqmFunctionRegistry   : Registered SqmFunctionTemplate [NamedSqmFunctionTemplate(to_date)] under to_date; prior registration was null
2025-01-15T10:00:15.226+07:00 DEBUG 7884 --- [OrderManagement_jOOQ] [           main] o.h.q.sqm.function.SqmFunctionRegistry   : Registered SqmFunctionTemplate [NamedSqmFunctionTemplate(to_timestamp)] under to_timestamp; prior registration was null
2025-01-15T10:00:15.228+07:00 DEBUG 7884 --- [OrderManagement_jOOQ] [           main] o.h.q.sqm.function.SqmFunctionRegistry   : Registered SqmFunctionTemplate [org.hibernate.dialect.function.ConcatPipeFunction@3ccfac29] under concat; prior registration was NamedSqmFunctionTemplate(concat)
2025-01-15T10:00:15.228+07:00 DEBUG 7884 --- [OrderManagement_jOOQ] [           main] o.h.q.sqm.function.SqmFunctionRegistry   : Registered SqmFunctionTemplate [NamedSqmFunctionTemplate(localtime)] under localtime; prior registration was null
2025-01-15T10:00:15.228+07:00 DEBUG 7884 --- [OrderManagement_jOOQ] [           main] o.h.q.sqm.function.SqmFunctionRegistry   : Registered SqmFunctionTemplate [NamedSqmFunctionTemplate(localtimestamp)] under localtimestamp; prior registration was null
2025-01-15T10:00:15.228+07:00 DEBUG 7884 --- [OrderManagement_jOOQ] [           main] o.h.q.sqm.function.SqmFunctionRegistry   : Registered SqmFunctionTemplate [NamedSqmFunctionTemplate(localtime)] under local_time; prior registration was org.hibernate.dialect.function.CurrentFunction@6ec3a4c2
2025-01-15T10:00:15.228+07:00 DEBUG 7884 --- [OrderManagement_jOOQ] [           main] o.h.q.sqm.function.SqmFunctionRegistry   : Registered SqmFunctionTemplate [NamedSqmFunctionTemplate(localtimestamp)] under local_datetime; prior registration was org.hibernate.dialect.function.CurrentFunction@bb50de6
2025-01-15T10:00:15.229+07:00 DEBUG 7884 --- [OrderManagement_jOOQ] [           main] o.h.q.sqm.function.SqmFunctionRegistry   : Registered SqmFunctionTemplate [org.hibernate.dialect.function.LengthFunction@1ef93e01] under character_length; prior registration was NamedSqmFunctionTemplate(character_length)
2025-01-15T10:00:15.229+07:00 DEBUG 7884 --- [OrderManagement_jOOQ] [           main] o.h.q.sqm.function.SqmFunctionRegistry   : Registering alternate key : length -> character_length
2025-01-15T10:00:15.230+07:00 DEBUG 7884 --- [OrderManagement_jOOQ] [           main] o.h.q.sqm.function.SqmFunctionRegistry   : Registered SqmFunctionTemplate [org.hibernate.dialect.function.LengthFunction@4fafd27e] under bit_length; prior registration was null
2025-01-15T10:00:15.230+07:00 DEBUG 7884 --- [OrderManagement_jOOQ] [           main] o.h.q.sqm.function.SqmFunctionRegistry   : Registered SqmFunctionTemplate [org.hibernate.dialect.function.LengthFunction@6cd66f6a] under octet_length; prior registration was null
2025-01-15T10:00:15.230+07:00 DEBUG 7884 --- [OrderManagement_jOOQ] [           main] o.h.q.sqm.function.SqmFunctionRegistry   : Registered SqmFunctionTemplate [NamedSqmFunctionTemplate(ascii)] under ascii; prior registration was null
2025-01-15T10:00:15.230+07:00 DEBUG 7884 --- [OrderManagement_jOOQ] [           main] o.h.q.sqm.function.SqmFunctionRegistry   : Registered SqmFunctionTemplate [NamedSqmFunctionTemplate(chr)] under chr; prior registration was null
2025-01-15T10:00:15.230+07:00 DEBUG 7884 --- [OrderManagement_jOOQ] [           main] o.h.q.sqm.function.SqmFunctionRegistry   : Registering alternate key : char -> chr
2025-01-15T10:00:15.230+07:00 DEBUG 7884 --- [OrderManagement_jOOQ] [           main] o.h.q.sqm.function.SqmFunctionRegistry   : Registered SqmFunctionTemplate [org.hibernate.query.sqm.function.PatternBasedSqmFunctionDescriptor@d512c1] under position; prior registration was org.hibernate.dialect.function.LocatePositionEmulation@dde6f87
2025-01-15T10:00:15.230+07:00 DEBUG 7884 --- [OrderManagement_jOOQ] [           main] o.h.q.sqm.function.SqmFunctionRegistry   : Registered SqmFunctionTemplate [org.hibernate.query.sqm.function.PatternBasedSqmFunctionDescriptor@578b2dec] under bitand; prior registration was null
2025-01-15T10:00:15.230+07:00 DEBUG 7884 --- [OrderManagement_jOOQ] [           main] o.h.q.sqm.function.SqmFunctionRegistry   : Registered SqmFunctionTemplate [org.hibernate.query.sqm.function.PatternBasedSqmFunctionDescriptor@66863941] under bitor; prior registration was null
2025-01-15T10:00:15.230+07:00 DEBUG 7884 --- [OrderManagement_jOOQ] [           main] o.h.q.sqm.function.SqmFunctionRegistry   : Registered SqmFunctionTemplate [org.hibernate.query.sqm.function.PatternBasedSqmFunctionDescriptor@39f4a7c4] under bitxor; prior registration was null
2025-01-15T10:00:15.230+07:00 DEBUG 7884 --- [OrderManagement_jOOQ] [           main] o.h.q.sqm.function.SqmFunctionRegistry   : Registered SqmFunctionTemplate [org.hibernate.query.sqm.function.PatternBasedSqmFunctionDescriptor@111fe921] under bitnot; prior registration was null
2025-01-15T10:00:15.230+07:00 DEBUG 7884 --- [OrderManagement_jOOQ] [           main] o.h.q.sqm.function.SqmFunctionRegistry   : Registered SqmFunctionTemplate [NamedSqmFunctionTemplate(bit_and)] under bit_and; prior registration was null
2025-01-15T10:00:15.230+07:00 DEBUG 7884 --- [OrderManagement_jOOQ] [           main] o.h.q.sqm.function.SqmFunctionRegistry   : Registered SqmFunctionTemplate [NamedSqmFunctionTemplate(bit_or)] under bit_or; prior registration was null
2025-01-15T10:00:15.230+07:00 DEBUG 7884 --- [OrderManagement_jOOQ] [           main] o.h.q.sqm.function.SqmFunctionRegistry   : Registered SqmFunctionTemplate [NamedSqmFunctionTemplate(bool_and)] under bool_and; prior registration was null
2025-01-15T10:00:15.231+07:00 DEBUG 7884 --- [OrderManagement_jOOQ] [           main] o.h.q.sqm.function.SqmFunctionRegistry   : Registering alternate key : every -> bool_and
2025-01-15T10:00:15.231+07:00 DEBUG 7884 --- [OrderManagement_jOOQ] [           main] o.h.q.sqm.function.SqmFunctionRegistry   : Registered SqmFunctionTemplate [NamedSqmFunctionTemplate(bool_or)] under bool_or; prior registration was null
2025-01-15T10:00:15.231+07:00 DEBUG 7884 --- [OrderManagement_jOOQ] [           main] o.h.q.sqm.function.SqmFunctionRegistry   : Registering alternate key : any -> bool_or
2025-01-15T10:00:15.231+07:00 DEBUG 7884 --- [OrderManagement_jOOQ] [           main] o.h.q.sqm.function.SqmFunctionRegistry   : Registered SqmFunctionTemplate [org.hibernate.query.sqm.function.PatternBasedSqmFunctionDescriptor@1ff542a3] under median; prior registration was null
2025-01-15T10:00:15.231+07:00 DEBUG 7884 --- [OrderManagement_jOOQ] [           main] o.h.q.sqm.function.SqmFunctionRegistry   : Registered SqmFunctionTemplate [NamedSqmFunctionTemplate(stddev)] under stddev; prior registration was null
2025-01-15T10:00:15.232+07:00 DEBUG 7884 --- [OrderManagement_jOOQ] [           main] o.h.q.sqm.function.SqmFunctionRegistry   : Registered SqmFunctionTemplate [NamedSqmFunctionTemplate(stddev_pop)] under stddev_pop; prior registration was null
2025-01-15T10:00:15.232+07:00 DEBUG 7884 --- [OrderManagement_jOOQ] [           main] o.h.q.sqm.function.SqmFunctionRegistry   : Registered SqmFunctionTemplate [NamedSqmFunctionTemplate(stddev_samp)] under stddev_samp; prior registration was null
2025-01-15T10:00:15.232+07:00 DEBUG 7884 --- [OrderManagement_jOOQ] [           main] o.h.q.sqm.function.SqmFunctionRegistry   : Registered SqmFunctionTemplate [NamedSqmFunctionTemplate(variance)] under variance; prior registration was null
2025-01-15T10:00:15.232+07:00 DEBUG 7884 --- [OrderManagement_jOOQ] [           main] o.h.q.sqm.function.SqmFunctionRegistry   : Registered SqmFunctionTemplate [NamedSqmFunctionTemplate(var_pop)] under var_pop; prior registration was null
2025-01-15T10:00:15.232+07:00 DEBUG 7884 --- [OrderManagement_jOOQ] [           main] o.h.q.sqm.function.SqmFunctionRegistry   : Registered SqmFunctionTemplate [NamedSqmFunctionTemplate(var_samp)] under var_samp; prior registration was null
2025-01-15T10:00:15.233+07:00 DEBUG 7884 --- [OrderManagement_jOOQ] [           main] o.h.q.sqm.function.SqmFunctionRegistry   : Registered SqmFunctionTemplate [NamedSqmFunctionTemplate(covar_pop)] under covar_pop; prior registration was null
2025-01-15T10:00:15.233+07:00 DEBUG 7884 --- [OrderManagement_jOOQ] [           main] o.h.q.sqm.function.SqmFunctionRegistry   : Registered SqmFunctionTemplate [NamedSqmFunctionTemplate(covar_samp)] under covar_samp; prior registration was null
2025-01-15T10:00:15.233+07:00 DEBUG 7884 --- [OrderManagement_jOOQ] [           main] o.h.q.sqm.function.SqmFunctionRegistry   : Registered SqmFunctionTemplate [NamedSqmFunctionTemplate(corr)] under corr; prior registration was null
2025-01-15T10:00:15.235+07:00 DEBUG 7884 --- [OrderManagement_jOOQ] [           main] o.h.q.sqm.function.SqmFunctionRegistry   : Registered SqmFunctionTemplate [NamedSqmFunctionTemplate(regr_avgx)] under regr_avgx; prior registration was null
2025-01-15T10:00:15.235+07:00 DEBUG 7884 --- [OrderManagement_jOOQ] [           main] o.h.q.sqm.function.SqmFunctionRegistry   : Registered SqmFunctionTemplate [NamedSqmFunctionTemplate(regr_avgy)] under regr_avgy; prior registration was null
2025-01-15T10:00:15.235+07:00 DEBUG 7884 --- [OrderManagement_jOOQ] [           main] o.h.q.sqm.function.SqmFunctionRegistry   : Registered SqmFunctionTemplate [NamedSqmFunctionTemplate(regr_count)] under regr_count; prior registration was null
2025-01-15T10:00:15.235+07:00 DEBUG 7884 --- [OrderManagement_jOOQ] [           main] o.h.q.sqm.function.SqmFunctionRegistry   : Registered SqmFunctionTemplate [NamedSqmFunctionTemplate(regr_intercept)] under regr_intercept; prior registration was null
2025-01-15T10:00:15.235+07:00 DEBUG 7884 --- [OrderManagement_jOOQ] [           main] o.h.q.sqm.function.SqmFunctionRegistry   : Registered SqmFunctionTemplate [NamedSqmFunctionTemplate(regr_r2)] under regr_r2; prior registration was null
2025-01-15T10:00:15.235+07:00 DEBUG 7884 --- [OrderManagement_jOOQ] [           main] o.h.q.sqm.function.SqmFunctionRegistry   : Registered SqmFunctionTemplate [NamedSqmFunctionTemplate(regr_slope)] under regr_slope; prior registration was null
2025-01-15T10:00:15.235+07:00 DEBUG 7884 --- [OrderManagement_jOOQ] [           main] o.h.q.sqm.function.SqmFunctionRegistry   : Registered SqmFunctionTemplate [NamedSqmFunctionTemplate(regr_sxx)] under regr_sxx; prior registration was null
2025-01-15T10:00:15.235+07:00 DEBUG 7884 --- [OrderManagement_jOOQ] [           main] o.h.q.sqm.function.SqmFunctionRegistry   : Registered SqmFunctionTemplate [NamedSqmFunctionTemplate(regr_sxy)] under regr_sxy; prior registration was null
2025-01-15T10:00:15.235+07:00 DEBUG 7884 --- [OrderManagement_jOOQ] [           main] o.h.q.sqm.function.SqmFunctionRegistry   : Registered SqmFunctionTemplate [NamedSqmFunctionTemplate(regr_syy)] under regr_syy; prior registration was null
2025-01-15T10:00:15.236+07:00 DEBUG 7884 --- [OrderManagement_jOOQ] [           main] o.h.q.sqm.function.SqmFunctionRegistry   : Registered SqmFunctionTemplate [org.hibernate.query.sqm.function.PatternBasedSqmFunctionDescriptor@54387873] under insert; prior registration was null
2025-01-15T10:00:15.237+07:00 DEBUG 7884 --- [OrderManagement_jOOQ] [           main] o.h.q.sqm.function.SqmFunctionRegistry   : Registered SqmFunctionTemplate [org.hibernate.query.sqm.function.MultipatternSqmFunctionDescriptor@218f2f51] under overlay; prior registration was org.hibernate.dialect.function.InsertSubstringOverlayEmulation@bfd97fb
2025-01-15T10:00:15.237+07:00 DEBUG 7884 --- [OrderManagement_jOOQ] [           main] o.h.q.sqm.function.SqmFunctionRegistry   : Registered SqmFunctionTemplate [NamedSqmFunctionTemplate(soundex)] under soundex; prior registration was null
2025-01-15T10:00:15.238+07:00 DEBUG 7884 --- [OrderManagement_jOOQ] [           main] o.h.q.sqm.function.SqmFunctionRegistry   : Registered SqmFunctionTemplate [org.hibernate.query.sqm.function.MultipatternSqmFunctionDescriptor@1d9af731] under locate; prior registration was NamedSqmFunctionTemplate(locate)
2025-01-15T10:00:15.238+07:00 DEBUG 7884 --- [OrderManagement_jOOQ] [           main] o.h.q.sqm.function.SqmFunctionRegistry   : Registered SqmFunctionTemplate [NamedSqmFunctionTemplate(row_number)] under row_number; prior registration was null
2025-01-15T10:00:15.240+07:00 DEBUG 7884 --- [OrderManagement_jOOQ] [           main] o.h.q.sqm.function.SqmFunctionRegistry   : Registered SqmFunctionTemplate [NamedSqmFunctionTemplate(lag)] under lag; prior registration was null
2025-01-15T10:00:15.240+07:00 DEBUG 7884 --- [OrderManagement_jOOQ] [           main] o.h.q.sqm.function.SqmFunctionRegistry   : Registered SqmFunctionTemplate [NamedSqmFunctionTemplate(lead)] under lead; prior registration was null
2025-01-15T10:00:15.240+07:00 DEBUG 7884 --- [OrderManagement_jOOQ] [           main] o.h.q.sqm.function.SqmFunctionRegistry   : Registered SqmFunctionTemplate [NamedSqmFunctionTemplate(first_value)] under first_value; prior registration was null
2025-01-15T10:00:15.240+07:00 DEBUG 7884 --- [OrderManagement_jOOQ] [           main] o.h.q.sqm.function.SqmFunctionRegistry   : Registered SqmFunctionTemplate [NamedSqmFunctionTemplate(last_value)] under last_value; prior registration was null
2025-01-15T10:00:15.240+07:00 DEBUG 7884 --- [OrderManagement_jOOQ] [           main] o.h.q.sqm.function.SqmFunctionRegistry   : Registered SqmFunctionTemplate [NamedSqmFunctionTemplate(nth_value)] under nth_value; prior registration was null
2025-01-15T10:00:15.241+07:00 DEBUG 7884 --- [OrderManagement_jOOQ] [           main] o.h.q.sqm.function.SqmFunctionRegistry   : Registered SqmFunctionTemplate [org.hibernate.dialect.function.ListaggStringAggEmulation@70ecf57b] under listagg; prior registration was null
2025-01-15T10:00:15.244+07:00 DEBUG 7884 --- [OrderManagement_jOOQ] [           main] o.h.q.sqm.function.SqmFunctionRegistry   : Registered SqmFunctionTemplate [org.hibernate.dialect.function.array.PostgreSQLArrayConstructorFunction@311d28f5] under array; prior registration was null
2025-01-15T10:00:15.244+07:00 DEBUG 7884 --- [OrderManagement_jOOQ] [           main] o.h.q.sqm.function.SqmFunctionRegistry   : Registered SqmFunctionTemplate [org.hibernate.dialect.function.array.PostgreSQLArrayConstructorFunction@569a26ab] under array_list; prior registration was null
2025-01-15T10:00:15.245+07:00 DEBUG 7884 --- [OrderManagement_jOOQ] [           main] o.h.q.sqm.function.SqmFunctionRegistry   : Registered SqmFunctionTemplate [org.hibernate.dialect.function.array.ArrayAggFunction@28e48b65] under array_agg; prior registration was null
2025-01-15T10:00:15.249+07:00 DEBUG 7884 --- [OrderManagement_jOOQ] [           main] o.h.q.sqm.function.SqmFunctionRegistry   : Registered SqmFunctionTemplate [org.hibernate.dialect.function.array.PostgreSQLArrayPositionFunction@416c8bb5] under array_position; prior registration was null
2025-01-15T10:00:15.253+07:00 DEBUG 7884 --- [OrderManagement_jOOQ] [onnection adder] com.zaxxer.hikari.pool.HikariPool        : HikariPool-1 - After adding stats (total=5, active=0, idle=5, waiting=0)
2025-01-15T10:00:15.253+07:00 DEBUG 7884 --- [OrderManagement_jOOQ] [onnection adder] org.postgresql.Driver                    : Connecting with URL: jdbc:postgresql://127.0.0.1:5432/qlbh__mhsolution
2025-01-15T10:00:15.253+07:00 DEBUG 7884 --- [OrderManagement_jOOQ] [onnection adder] org.postgresql.jdbc.PgConnection         : PostgreSQL JDBC Driver 42.7.3
2025-01-15T10:00:15.254+07:00 DEBUG 7884 --- [OrderManagement_jOOQ] [onnection adder] org.postgresql.jdbc.PgConnection         :   setDefaultFetchSize = 0
2025-01-15T10:00:15.254+07:00 DEBUG 7884 --- [OrderManagement_jOOQ] [onnection adder] org.postgresql.jdbc.PgConnection         :   setPrepareThreshold = 5
2025-01-15T10:00:15.254+07:00 DEBUG 7884 --- [OrderManagement_jOOQ] [onnection adder] o.p.core.v3.ConnectionFactoryImpl        : Trying to establish a protocol version 3 connection to 127.0.0.1:5432
2025-01-15T10:00:15.255+07:00 DEBUG 7884 --- [OrderManagement_jOOQ] [onnection adder] o.p.core.v3.ConnectionFactoryImpl        : Receive Buffer Size is 65,536
2025-01-15T10:00:15.255+07:00 DEBUG 7884 --- [OrderManagement_jOOQ] [onnection adder] o.p.core.v3.ConnectionFactoryImpl        : Send Buffer Size is 65,536
2025-01-15T10:00:15.257+07:00 DEBUG 7884 --- [OrderManagement_jOOQ] [           main] o.h.q.sqm.function.SqmFunctionRegistry   : Registered SqmFunctionTemplate [org.hibernate.dialect.function.array.PostgreSQLArrayPositionsFunction@6dd38df2] under array_positions; prior registration was null
2025-01-15T10:00:15.260+07:00 DEBUG 7884 --- [OrderManagement_jOOQ] [           main] o.h.q.sqm.function.SqmFunctionRegistry   : Registered SqmFunctionTemplate [org.hibernate.dialect.function.array.PostgreSQLArrayPositionsFunction@7853363c] under array_positions_list; prior registration was null
2025-01-15T10:00:15.260+07:00 DEBUG 7884 --- [OrderManagement_jOOQ] [           main] o.h.q.sqm.function.SqmFunctionRegistry   : Registered SqmFunctionTemplate [org.hibernate.query.sqm.function.PatternBasedSqmFunctionDescriptor@6282f1eb] under array_length; prior registration was null
2025-01-15T10:00:15.263+07:00 DEBUG 7884 --- [OrderManagement_jOOQ] [           main] o.h.q.sqm.function.SqmFunctionRegistry   : Registered SqmFunctionTemplate [org.hibernate.dialect.function.array.PostgreSQLArrayConcatFunction@25589735] under array_concat; prior registration was null
2025-01-15T10:00:15.265+07:00 DEBUG 7884 --- [OrderManagement_jOOQ] [           main] o.h.q.sqm.function.SqmFunctionRegistry   : Registered SqmFunctionTemplate [org.hibernate.dialect.function.array.PostgreSQLArrayConcatElementFunction@2b8cf049] under array_prepend; prior registration was null
2025-01-15T10:00:15.265+07:00 DEBUG 7884 --- [OrderManagement_jOOQ] [           main] o.h.q.sqm.function.SqmFunctionRegistry   : Registered SqmFunctionTemplate [org.hibernate.dialect.function.array.PostgreSQLArrayConcatElementFunction@2336cd91] under array_append; prior registration was null
2025-01-15T10:00:15.268+07:00 DEBUG 7884 --- [OrderManagement_jOOQ] [           main] o.h.q.sqm.function.SqmFunctionRegistry   : Registered SqmFunctionTemplate [org.hibernate.dialect.function.array.ArrayContainsOperatorFunction@46d148bd] under array_contains; prior registration was null
2025-01-15T10:00:15.268+07:00 DEBUG 7884 --- [OrderManagement_jOOQ] [           main] o.h.q.sqm.function.SqmFunctionRegistry   : Registered SqmFunctionTemplate [org.hibernate.dialect.function.array.ArrayContainsOperatorFunction@37f41a81] under array_contains_nullable; prior registration was null
2025-01-15T10:00:15.271+07:00 DEBUG 7884 --- [OrderManagement_jOOQ] [           main] o.h.q.sqm.function.SqmFunctionRegistry   : Registered SqmFunctionTemplate [org.hibernate.dialect.function.array.ArrayOverlapsOperatorFunction@690ed13a] under array_overlaps; prior registration was null
2025-01-15T10:00:15.272+07:00 DEBUG 7884 --- [OrderManagement_jOOQ] [           main] o.h.q.sqm.function.SqmFunctionRegistry   : Registered SqmFunctionTemplate [org.hibernate.dialect.function.array.ArrayOverlapsOperatorFunction@681311a7] under array_overlaps_nullable; prior registration was null
2025-01-15T10:00:15.272+07:00 DEBUG 7884 --- [OrderManagement_jOOQ] [           main] o.h.q.sqm.function.SqmFunctionRegistry   : Registered SqmFunctionTemplate [org.hibernate.query.sqm.function.PatternBasedSqmFunctionDescriptor@7b2e931] under array_get; prior registration was null
2025-01-15T10:00:15.274+07:00 DEBUG 7884 --- [OrderManagement_jOOQ] [           main] o.h.q.sqm.function.SqmFunctionRegistry   : Registered SqmFunctionTemplate [org.hibernate.dialect.function.array.ArraySetUnnestFunction@f08d676] under array_set; prior registration was null
2025-01-15T10:00:15.274+07:00 DEBUG 7884 --- [OrderManagement_jOOQ] [           main] o.h.q.sqm.function.SqmFunctionRegistry   : Registered SqmFunctionTemplate [NamedSqmFunctionTemplate(array_remove)] under array_remove; prior registration was null
2025-01-15T10:00:15.275+07:00 DEBUG 7884 --- [OrderManagement_jOOQ] [           main] o.h.q.sqm.function.SqmFunctionRegistry   : Registered SqmFunctionTemplate [org.hibernate.dialect.function.array.ArrayRemoveIndexUnnestFunction@3b01897f] under array_remove_index; prior registration was null
2025-01-15T10:00:15.276+07:00 DEBUG 7884 --- [OrderManagement_jOOQ] [           main] o.h.q.sqm.function.SqmFunctionRegistry   : Registered SqmFunctionTemplate [org.hibernate.query.sqm.function.PatternBasedSqmFunctionDescriptor@6b3b2c34] under array_slice; prior registration was null
2025-01-15T10:00:15.276+07:00 DEBUG 7884 --- [OrderManagement_jOOQ] [           main] o.h.q.sqm.function.SqmFunctionRegistry   : Registered SqmFunctionTemplate [NamedSqmFunctionTemplate(array_replace)] under array_replace; prior registration was null
2025-01-15T10:00:15.276+07:00 DEBUG 7884 --- [OrderManagement_jOOQ] [           main] o.h.q.sqm.function.SqmFunctionRegistry   : Registered SqmFunctionTemplate [org.hibernate.query.sqm.function.PatternBasedSqmFunctionDescriptor@28b5d5dc] under array_trim; prior registration was null
2025-01-15T10:00:15.278+07:00 DEBUG 7884 --- [OrderManagement_jOOQ] [           main] o.h.q.sqm.function.SqmFunctionRegistry   : Registered SqmFunctionTemplate [org.hibernate.dialect.function.array.PostgreSQLArrayFillFunction@77cc6a28] under array_fill; prior registration was null
2025-01-15T10:00:15.279+07:00 DEBUG 7884 --- [OrderManagement_jOOQ] [           main] o.h.q.sqm.function.SqmFunctionRegistry   : Registered SqmFunctionTemplate [org.hibernate.dialect.function.array.PostgreSQLArrayFillFunction@b339a08] under array_fill_list; prior registration was null
2025-01-15T10:00:15.280+07:00 DEBUG 7884 --- [OrderManagement_jOOQ] [           main] o.h.q.sqm.function.SqmFunctionRegistry   : Registered SqmFunctionTemplate [org.hibernate.dialect.function.array.ArrayToStringFunction@59a5bb61] under array_to_string; prior registration was null
2025-01-15T10:00:15.280+07:00 DEBUG 7884 --- [OrderManagement_jOOQ] [           main] o.h.q.sqm.function.SqmFunctionRegistry   : Registered SqmFunctionTemplate [NamedSqmFunctionTemplate(make_date)] under make_date; prior registration was null
2025-01-15T10:00:15.280+07:00 DEBUG 7884 --- [OrderManagement_jOOQ] [           main] o.h.q.sqm.function.SqmFunctionRegistry   : Registered SqmFunctionTemplate [NamedSqmFunctionTemplate(make_time)] under make_time; prior registration was null
2025-01-15T10:00:15.280+07:00 DEBUG 7884 --- [OrderManagement_jOOQ] [           main] o.h.q.sqm.function.SqmFunctionRegistry   : Registered SqmFunctionTemplate [NamedSqmFunctionTemplate(make_timestamp)] under make_timestamp; prior registration was null
2025-01-15T10:00:15.280+07:00 DEBUG 7884 --- [OrderManagement_jOOQ] [           main] o.h.q.sqm.function.SqmFunctionRegistry   : Registered SqmFunctionTemplate [NamedSqmFunctionTemplate(make_timestamptz)] under make_timestamptz; prior registration was null
2025-01-15T10:00:15.282+07:00 DEBUG 7884 --- [OrderManagement_jOOQ] [           main] o.h.q.sqm.function.SqmFunctionRegistry   : Registered SqmFunctionTemplate [org.hibernate.dialect.function.InverseDistributionFunction@fb5d334] under mode; prior registration was null
2025-01-15T10:00:15.282+07:00 DEBUG 7884 --- [OrderManagement_jOOQ] [           main] o.h.q.sqm.function.SqmFunctionRegistry   : Registered SqmFunctionTemplate [org.hibernate.dialect.function.InverseDistributionFunction@45dc7be] under percentile_cont; prior registration was null
2025-01-15T10:00:15.283+07:00 DEBUG 7884 --- [OrderManagement_jOOQ] [           main] o.h.q.sqm.function.SqmFunctionRegistry   : Registered SqmFunctionTemplate [org.hibernate.dialect.function.InverseDistributionFunction@2d459bda] under percentile_disc; prior registration was null
2025-01-15T10:00:15.284+07:00 DEBUG 7884 --- [OrderManagement_jOOQ] [           main] o.h.q.sqm.function.SqmFunctionRegistry   : Registered SqmFunctionTemplate [org.hibernate.dialect.function.HypotheticalSetFunction@2676d96a] under rank; prior registration was null
2025-01-15T10:00:15.284+07:00 DEBUG 7884 --- [OrderManagement_jOOQ] [           main] o.h.q.sqm.function.SqmFunctionRegistry   : Registered SqmFunctionTemplate [org.hibernate.dialect.function.HypotheticalSetFunction@12266084] under dense_rank; prior registration was null
2025-01-15T10:00:15.284+07:00 DEBUG 7884 --- [OrderManagement_jOOQ] [           main] o.h.q.sqm.function.SqmFunctionRegistry   : Registered SqmFunctionTemplate [org.hibernate.dialect.function.HypotheticalSetFunction@6da646b8] under percent_rank; prior registration was null
2025-01-15T10:00:15.284+07:00 DEBUG 7884 --- [OrderManagement_jOOQ] [           main] o.h.q.sqm.function.SqmFunctionRegistry   : Registered SqmFunctionTemplate [org.hibernate.dialect.function.HypotheticalSetFunction@2a65e237] under cume_dist; prior registration was null
2025-01-15T10:00:15.285+07:00 DEBUG 7884 --- [OrderManagement_jOOQ] [           main] o.h.q.sqm.function.SqmFunctionRegistry   : Registered SqmFunctionTemplate [org.hibernate.dialect.function.PostgreSQLMinMaxFunction@41f686af] under min; prior registration was NamedSqmFunctionTemplate(min)
2025-01-15T10:00:15.285+07:00 DEBUG 7884 --- [OrderManagement_jOOQ] [           main] o.h.q.sqm.function.SqmFunctionRegistry   : Registered SqmFunctionTemplate [org.hibernate.dialect.function.PostgreSQLMinMaxFunction@3dded90a] under max; prior registration was NamedSqmFunctionTemplate(max)
2025-01-15T10:00:15.286+07:00 DEBUG 7884 --- [OrderManagement_jOOQ] [           main] o.h.q.sqm.function.SqmFunctionRegistry   : Registered SqmFunctionTemplate [org.hibernate.query.sqm.function.PatternBasedSqmFunctionDescriptor@7be3abaa] under bitxor; prior registration was org.hibernate.query.sqm.function.PatternBasedSqmFunctionDescriptor@39f4a7c4
2025-01-15T10:00:15.288+07:00 DEBUG 7884 --- [OrderManagement_jOOQ] [           main] o.h.q.sqm.function.SqmFunctionRegistry   : Registered SqmFunctionTemplate [org.hibernate.dialect.function.PostgreSQLTruncRoundFunction@5aac6f9f] under round; prior registration was NamedSqmFunctionTemplate(round)
2025-01-15T10:00:15.292+07:00 DEBUG 7884 --- [OrderManagement_jOOQ] [           main] o.h.q.sqm.function.SqmFunctionRegistry   : Registered SqmFunctionTemplate [org.hibernate.dialect.function.PostgreSQLTruncFunction@1e95f584] under trunc; prior registration was null
2025-01-15T10:00:15.292+07:00 DEBUG 7884 --- [OrderManagement_jOOQ] [           main] o.h.q.sqm.function.SqmFunctionRegistry   : Registering alternate key : truncate -> trunc
2025-01-15T10:00:15.292+07:00 DEBUG 7884 --- [OrderManagement_jOOQ] [           main] o.h.q.sqm.function.SqmFunctionRegistry   : Registered SqmFunctionTemplate [org.hibernate.query.sqm.function.PatternBasedSqmFunctionDescriptor@54997f67] under date_trunc; prior registration was null
2025-01-15T10:00:15.296+07:00 DEBUG 7884 --- [OrderManagement_jOOQ] [           main] org.hibernate.HQL_FUNCTIONS              : abs(NUMERIC arg)
2025-01-15T10:00:15.297+07:00 DEBUG 7884 --- [OrderManagement_jOOQ] [           main] org.hibernate.HQL_FUNCTIONS              : Double acos(NUMERIC arg)
2025-01-15T10:00:15.297+07:00 DEBUG 7884 --- [OrderManagement_jOOQ] [           main] org.hibernate.HQL_FUNCTIONS              : Double acosh(NUMERIC arg)
2025-01-15T10:00:15.297+07:00 DEBUG 7884 --- [OrderManagement_jOOQ] [           main] org.hibernate.HQL_FUNCTIONS              : Boolean any(BOOLEAN predicate)
2025-01-15T10:00:15.297+07:00 DEBUG 7884 --- [OrderManagement_jOOQ] [           main] org.hibernate.HQL_FUNCTIONS              : array( ... )
2025-01-15T10:00:15.298+07:00 DEBUG 7884 --- [OrderManagement_jOOQ] [           main] org.hibernate.HQL_FUNCTIONS              : array_agg(arg)
2025-01-15T10:00:15.298+07:00 DEBUG 7884 --- [OrderManagement_jOOQ] [           main] org.hibernate.HQL_FUNCTIONS              : array_append( ... )
2025-01-15T10:00:15.298+07:00 DEBUG 7884 --- [OrderManagement_jOOQ] [           main] org.hibernate.HQL_FUNCTIONS              : array_concat( ... )
2025-01-15T10:00:15.298+07:00 DEBUG 7884 --- [OrderManagement_jOOQ] [           main] org.hibernate.HQL_FUNCTIONS              : Boolean array_contains(ARRAY haystackArray, OBJECT needleElementOrArray)
2025-01-15T10:00:15.298+07:00 DEBUG 7884 --- [OrderManagement_jOOQ] [           main] org.hibernate.HQL_FUNCTIONS              : Boolean array_contains_nullable(ARRAY haystackArray, OBJECT needleElementOrArray)
2025-01-15T10:00:15.298+07:00 DEBUG 7884 --- [OrderManagement_jOOQ] [           main] org.hibernate.HQL_FUNCTIONS              : array_fill(OBJECT element, INTEGER elementCount)
2025-01-15T10:00:15.298+07:00 DEBUG 7884 --- [OrderManagement_jOOQ] [           main] org.hibernate.HQL_FUNCTIONS              : array_fill_list(OBJECT element, INTEGER elementCount)
2025-01-15T10:00:15.298+07:00 DEBUG 7884 --- [OrderManagement_jOOQ] [           main] org.hibernate.HQL_FUNCTIONS              : array_get(ARRAY array, INTEGER index)
2025-01-15T10:00:15.298+07:00 DEBUG 7884 --- [OrderManagement_jOOQ] [           main] org.hibernate.HQL_FUNCTIONS              : Integer array_length(ARRAY array)
2025-01-15T10:00:15.298+07:00 DEBUG 7884 --- [OrderManagement_jOOQ] [           main] org.hibernate.HQL_FUNCTIONS              : array_list( ... )
2025-01-15T10:00:15.299+07:00 DEBUG 7884 --- [OrderManagement_jOOQ] [           main] org.hibernate.HQL_FUNCTIONS              : Boolean array_overlaps(ARRAY array0, OBJECT array1)
2025-01-15T10:00:15.299+07:00 DEBUG 7884 --- [OrderManagement_jOOQ] [           main] org.hibernate.HQL_FUNCTIONS              : Boolean array_overlaps_nullable(ARRAY array0, OBJECT array1)
2025-01-15T10:00:15.299+07:00 DEBUG 7884 --- [OrderManagement_jOOQ] [           main] org.hibernate.HQL_FUNCTIONS              : Integer array_position(ARRAY array, OBJECT element[, INTEGER startPosition])
2025-01-15T10:00:15.299+07:00 DEBUG 7884 --- [OrderManagement_jOOQ] [           main] org.hibernate.HQL_FUNCTIONS              : int[] array_positions(ARRAY array, OBJECT element)
2025-01-15T10:00:15.300+07:00 DEBUG 7884 --- [OrderManagement_jOOQ] [           main] org.hibernate.HQL_FUNCTIONS              : List array_positions_list(ARRAY array, OBJECT element)
2025-01-15T10:00:15.300+07:00 DEBUG 7884 --- [OrderManagement_jOOQ] [           main] org.hibernate.HQL_FUNCTIONS              : array_prepend( ... )
2025-01-15T10:00:15.300+07:00 DEBUG 7884 --- [OrderManagement_jOOQ] [           main] org.hibernate.HQL_FUNCTIONS              : array_remove( ... )
2025-01-15T10:00:15.300+07:00 DEBUG 7884 --- [OrderManagement_jOOQ] [           main] org.hibernate.HQL_FUNCTIONS              : array_remove_index( ... )
2025-01-15T10:00:15.300+07:00 DEBUG 7884 --- [OrderManagement_jOOQ] [           main] org.hibernate.HQL_FUNCTIONS              : array_replace(ARRAY array, OBJECT old, OBJECT new)
2025-01-15T10:00:15.300+07:00 DEBUG 7884 --- [OrderManagement_jOOQ] [           main] org.hibernate.HQL_FUNCTIONS              : array_set( ... )
2025-01-15T10:00:15.300+07:00 DEBUG 7884 --- [OrderManagement_jOOQ] [           main] org.hibernate.HQL_FUNCTIONS              : array_slice(ARRAY array, INTEGER start, INTEGER end)
2025-01-15T10:00:15.300+07:00 DEBUG 7884 --- [OrderManagement_jOOQ] [           main] org.hibernate.HQL_FUNCTIONS              : String array_to_string( ... )
2025-01-15T10:00:15.300+07:00 DEBUG 7884 --- [OrderManagement_jOOQ] [           main] org.hibernate.HQL_FUNCTIONS              : array_trim(ARRAY array, INTEGER elementsToRemove)
2025-01-15T10:00:15.300+07:00 DEBUG 7884 --- [OrderManagement_jOOQ] [           main] org.hibernate.HQL_FUNCTIONS              : Integer ascii(STRING arg)
2025-01-15T10:00:15.300+07:00 DEBUG 7884 --- [OrderManagement_jOOQ] [           main] org.hibernate.HQL_FUNCTIONS              : Double asin(NUMERIC arg)
2025-01-15T10:00:15.301+07:00 DEBUG 7884 --- [OrderManagement_jOOQ] [           main] org.hibernate.HQL_FUNCTIONS              : Double asinh(NUMERIC arg)
2025-01-15T10:00:15.301+07:00 DEBUG 7884 --- [OrderManagement_jOOQ] [           main] org.hibernate.HQL_FUNCTIONS              : Double atan(NUMERIC arg)
2025-01-15T10:00:15.301+07:00 DEBUG 7884 --- [OrderManagement_jOOQ] [           main] org.hibernate.HQL_FUNCTIONS              : Double atan2(NUMERIC arg0, NUMERIC arg1)
2025-01-15T10:00:15.301+07:00 DEBUG 7884 --- [OrderManagement_jOOQ] [           main] org.hibernate.HQL_FUNCTIONS              : Double atanh(NUMERIC arg)
2025-01-15T10:00:15.301+07:00 DEBUG 7884 --- [OrderManagement_jOOQ] [           main] org.hibernate.HQL_FUNCTIONS              : avg(arg)
2025-01-15T10:00:15.301+07:00 DEBUG 7884 --- [OrderManagement_jOOQ] [           main] org.hibernate.HQL_FUNCTIONS              : bit_and(arg)
2025-01-15T10:00:15.301+07:00 DEBUG 7884 --- [OrderManagement_jOOQ] [           main] org.hibernate.HQL_FUNCTIONS              : Integer bit_length(STRING_OR_CLOB arg)
2025-01-15T10:00:15.301+07:00 DEBUG 7884 --- [OrderManagement_jOOQ] [           main] org.hibernate.HQL_FUNCTIONS              : bit_or(arg)
2025-01-15T10:00:15.302+07:00 DEBUG 7884 --- [OrderManagement_jOOQ] [           main] org.hibernate.HQL_FUNCTIONS              : bitand(arg0, arg1)
2025-01-15T10:00:15.302+07:00 DEBUG 7884 --- [OrderManagement_jOOQ] [           main] org.hibernate.HQL_FUNCTIONS              : bitnot(arg)
2025-01-15T10:00:15.302+07:00 DEBUG 7884 --- [OrderManagement_jOOQ] [           main] org.hibernate.HQL_FUNCTIONS              : bitor(arg0, arg1)
2025-01-15T10:00:15.302+07:00 DEBUG 7884 --- [OrderManagement_jOOQ] [           main] org.hibernate.HQL_FUNCTIONS              : bitxor(arg0, arg1)
2025-01-15T10:00:15.302+07:00 DEBUG 7884 --- [OrderManagement_jOOQ] [           main] org.hibernate.HQL_FUNCTIONS              : Boolean bool_and(BOOLEAN predicate)
2025-01-15T10:00:15.302+07:00 DEBUG 7884 --- [OrderManagement_jOOQ] [           main] org.hibernate.HQL_FUNCTIONS              : Boolean bool_or(BOOLEAN predicate)
2025-01-15T10:00:15.302+07:00 DEBUG 7884 --- [OrderManagement_jOOQ] [           main] org.hibernate.HQL_FUNCTIONS              : cast(arg as Type)
2025-01-15T10:00:15.302+07:00 DEBUG 7884 --- [OrderManagement_jOOQ] [           main] org.hibernate.HQL_FUNCTIONS              : Double cbrt(NUMERIC arg)
2025-01-15T10:00:15.302+07:00 DEBUG 7884 --- [OrderManagement_jOOQ] [           main] org.hibernate.HQL_FUNCTIONS              : ceiling(NUMERIC arg)
2025-01-15T10:00:15.302+07:00 DEBUG 7884 --- [OrderManagement_jOOQ] [           main] org.hibernate.HQL_FUNCTIONS              : Character char(INTEGER arg)
2025-01-15T10:00:15.302+07:00 DEBUG 7884 --- [OrderManagement_jOOQ] [           main] org.hibernate.HQL_FUNCTIONS              : Integer character_length(STRING_OR_CLOB arg)
2025-01-15T10:00:15.303+07:00 DEBUG 7884 --- [OrderManagement_jOOQ] [           main] org.hibernate.HQL_FUNCTIONS              : Character chr(INTEGER arg)
2025-01-15T10:00:15.303+07:00 DEBUG 7884 --- [OrderManagement_jOOQ] [           main] org.hibernate.HQL_FUNCTIONS              : coalesce(arg0[, arg1[, ...]])
2025-01-15T10:00:15.303+07:00 DEBUG 7884 --- [OrderManagement_jOOQ] [           main] org.hibernate.HQL_FUNCTIONS              : String collate(STRING string as COLLATION collation)
2025-01-15T10:00:15.303+07:00 DEBUG 7884 --- [OrderManagement_jOOQ] [           main] org.hibernate.HQL_FUNCTIONS              : (STRING string0[, STRING string1[, ...]])
2025-01-15T10:00:15.304+07:00 DEBUG 7884 --- [OrderManagement_jOOQ] [           main] org.hibernate.HQL_FUNCTIONS              : Double corr(NUMERIC arg0, NUMERIC arg1)
2025-01-15T10:00:15.304+07:00 DEBUG 7884 --- [OrderManagement_jOOQ] [           main] org.hibernate.HQL_FUNCTIONS              : Double cos(NUMERIC arg)
2025-01-15T10:00:15.304+07:00 DEBUG 7884 --- [OrderManagement_jOOQ] [           main] org.hibernate.HQL_FUNCTIONS              : Double cosh(NUMERIC arg)
2025-01-15T10:00:15.304+07:00 DEBUG 7884 --- [OrderManagement_jOOQ] [           main] org.hibernate.HQL_FUNCTIONS              : Double cot(NUMERIC arg)
2025-01-15T10:00:15.304+07:00 DEBUG 7884 --- [OrderManagement_jOOQ] [           main] org.hibernate.HQL_FUNCTIONS              : Long count([distinct ]{arg|*})
2025-01-15T10:00:15.304+07:00 DEBUG 7884 --- [OrderManagement_jOOQ] [           main] org.hibernate.HQL_FUNCTIONS              : Double covar_pop(NUMERIC arg0, NUMERIC arg1)
2025-01-15T10:00:15.304+07:00 DEBUG 7884 --- [OrderManagement_jOOQ] [           main] org.hibernate.HQL_FUNCTIONS              : Double covar_samp(NUMERIC arg0, NUMERIC arg1)
2025-01-15T10:00:15.304+07:00 DEBUG 7884 --- [OrderManagement_jOOQ] [           main] org.hibernate.HQL_FUNCTIONS              : Double cume_dist([arg0[, ...]])
2025-01-15T10:00:15.305+07:00 DEBUG 7884 --- [OrderManagement_jOOQ] [           main] org.hibernate.HQL_FUNCTIONS              : Date current date
2025-01-15T10:00:15.305+07:00 DEBUG 7884 --- [OrderManagement_jOOQ] [           main] org.hibernate.HQL_FUNCTIONS              : Time current time
2025-01-15T10:00:15.305+07:00 DEBUG 7884 --- [OrderManagement_jOOQ] [           main] org.hibernate.HQL_FUNCTIONS              : Timestamp current timestamp
2025-01-15T10:00:15.305+07:00 DEBUG 7884 --- [OrderManagement_jOOQ] [           main] org.hibernate.HQL_FUNCTIONS              : Date current_date
2025-01-15T10:00:15.305+07:00 DEBUG 7884 --- [OrderManagement_jOOQ] [           main] org.hibernate.HQL_FUNCTIONS              : Instant current_instant
2025-01-15T10:00:15.305+07:00 DEBUG 7884 --- [OrderManagement_jOOQ] [           main] org.hibernate.HQL_FUNCTIONS              : Time current_time
2025-01-15T10:00:15.305+07:00 DEBUG 7884 --- [OrderManagement_jOOQ] [           main] org.hibernate.HQL_FUNCTIONS              : Timestamp current_timestamp
2025-01-15T10:00:15.305+07:00 DEBUG 7884 --- [OrderManagement_jOOQ] [           main] org.hibernate.HQL_FUNCTIONS              : date_trunc(STRING field, TEMPORAL datetime)
2025-01-15T10:00:15.305+07:00 DEBUG 7884 --- [OrderManagement_jOOQ] [           main] org.hibernate.HQL_FUNCTIONS              : dateadd(TEMPORAL_UNIT field, INTEGER magnitude, TEMPORAL datetime)
2025-01-15T10:00:15.305+07:00 DEBUG 7884 --- [OrderManagement_jOOQ] [           main] org.hibernate.HQL_FUNCTIONS              : Long|Double datediff(TEMPORAL_UNIT field, TEMPORAL start, TEMPORAL end)
2025-01-15T10:00:15.305+07:00 DEBUG 7884 --- [OrderManagement_jOOQ] [           main] org.hibernate.HQL_FUNCTIONS              : Double degrees(NUMERIC arg)
2025-01-15T10:00:15.305+07:00 DEBUG 7884 --- [OrderManagement_jOOQ] [           main] org.hibernate.HQL_FUNCTIONS              : Long dense_rank([arg0[, ...]])
2025-01-15T10:00:15.305+07:00 DEBUG 7884 --- [OrderManagement_jOOQ] [           main] org.hibernate.HQL_FUNCTIONS              : Boolean every(BOOLEAN predicate)
2025-01-15T10:00:15.305+07:00 DEBUG 7884 --- [OrderManagement_jOOQ] [           main] org.hibernate.HQL_FUNCTIONS              : Double exp(NUMERIC arg)
2025-01-15T10:00:15.305+07:00 DEBUG 7884 --- [OrderManagement_jOOQ] [           main] org.hibernate.HQL_FUNCTIONS              : extract(TEMPORAL_UNIT field from TEMPORAL arg)
2025-01-15T10:00:15.305+07:00 DEBUG 7884 --- [OrderManagement_jOOQ] [           main] org.hibernate.HQL_FUNCTIONS              : first_valueANY value
2025-01-15T10:00:15.305+07:00 DEBUG 7884 --- [OrderManagement_jOOQ] [           main] org.hibernate.HQL_FUNCTIONS              : floor(NUMERIC arg)
2025-01-15T10:00:15.306+07:00 DEBUG 7884 --- [OrderManagement_jOOQ] [           main] org.hibernate.HQL_FUNCTIONS              : String format(TEMPORAL datetime as STRING pattern)
2025-01-15T10:00:15.306+07:00 DEBUG 7884 --- [OrderManagement_jOOQ] [           main] org.hibernate.HQL_FUNCTIONS              : greatest(COMPARABLE arg0, COMPARABLE arg1[, arg2[, ...]])
2025-01-15T10:00:15.306+07:00 DEBUG 7884 --- [OrderManagement_jOOQ] [           main] org.hibernate.HQL_FUNCTIONS              : ifnull(arg0, arg1)
2025-01-15T10:00:15.306+07:00 DEBUG 7884 --- [OrderManagement_jOOQ] [           main] org.hibernate.HQL_FUNCTIONS              : String initcap(arg)
2025-01-15T10:00:15.306+07:00 DEBUG 7884 --- [OrderManagement_jOOQ] [           main] org.hibernate.HQL_FUNCTIONS              : String insert(STRING string, INTEGER start, INTEGER length, STRING replacement)
2025-01-15T10:00:15.306+07:00 DEBUG 7884 --- [OrderManagement_jOOQ] [           main] org.hibernate.HQL_FUNCTIONS              : Instant instant
2025-01-15T10:00:15.306+07:00 DEBUG 7884 --- [OrderManagement_jOOQ] [           main] org.hibernate.HQL_FUNCTIONS              : lagANY value[, INTEGER offset[, ANY default]]
2025-01-15T10:00:15.306+07:00 DEBUG 7884 --- [OrderManagement_jOOQ] [           main] org.hibernate.HQL_FUNCTIONS              : last_valueANY value
2025-01-15T10:00:15.306+07:00 DEBUG 7884 --- [OrderManagement_jOOQ] [           main] org.hibernate.HQL_FUNCTIONS              : leadANY value[, INTEGER offset[, ANY default]]
2025-01-15T10:00:15.306+07:00 DEBUG 7884 --- [OrderManagement_jOOQ] [           main] org.hibernate.HQL_FUNCTIONS              : least(COMPARABLE arg0, COMPARABLE arg1[, arg2[, ...]])
2025-01-15T10:00:15.306+07:00 DEBUG 7884 --- [OrderManagement_jOOQ] [           main] org.hibernate.HQL_FUNCTIONS              : String left(STRING string, INTEGER length)
2025-01-15T10:00:15.306+07:00 DEBUG 7884 --- [OrderManagement_jOOQ] [           main] org.hibernate.HQL_FUNCTIONS              : Integer length(STRING_OR_CLOB arg)
2025-01-15T10:00:15.307+07:00 DEBUG 7884 --- [OrderManagement_jOOQ] [           main] org.hibernate.HQL_FUNCTIONS              : String listagg(STRING arg0, STRING arg1)
2025-01-15T10:00:15.307+07:00 DEBUG 7884 --- [OrderManagement_jOOQ] [           main] org.hibernate.HQL_FUNCTIONS              : Double ln(NUMERIC arg)
2025-01-15T10:00:15.307+07:00 DEBUG 7884 --- [OrderManagement_jOOQ] [           main] org.hibernate.HQL_FUNCTIONS              : LocalDate local date
2025-01-15T10:00:15.307+07:00 DEBUG 7884 --- [OrderManagement_jOOQ] [           main] org.hibernate.HQL_FUNCTIONS              : LocalDateTime local datetime
2025-01-15T10:00:15.307+07:00 DEBUG 7884 --- [OrderManagement_jOOQ] [           main] org.hibernate.HQL_FUNCTIONS              : LocalTime local time
2025-01-15T10:00:15.307+07:00 DEBUG 7884 --- [OrderManagement_jOOQ] [           main] org.hibernate.HQL_FUNCTIONS              : LocalDate local_date
2025-01-15T10:00:15.307+07:00 DEBUG 7884 --- [OrderManagement_jOOQ] [           main] org.hibernate.HQL_FUNCTIONS              : LocalDateTime local_datetime
2025-01-15T10:00:15.307+07:00 DEBUG 7884 --- [OrderManagement_jOOQ] [           main] org.hibernate.HQL_FUNCTIONS              : LocalTime local_time
2025-01-15T10:00:15.307+07:00 DEBUG 7884 --- [OrderManagement_jOOQ] [           main] org.hibernate.HQL_FUNCTIONS              : Time localtime
2025-01-15T10:00:15.307+07:00 DEBUG 7884 --- [OrderManagement_jOOQ] [           main] org.hibernate.HQL_FUNCTIONS              : Timestamp localtimestamp
2025-01-15T10:00:15.307+07:00 DEBUG 7884 --- [OrderManagement_jOOQ] [           main] org.hibernate.HQL_FUNCTIONS              : Integer locate(STRING pattern, STRING string[, INTEGER start])
2025-01-15T10:00:15.307+07:00 DEBUG 7884 --- [OrderManagement_jOOQ] [           main] org.hibernate.HQL_FUNCTIONS              : Double log(NUMERIC arg0[, NUMERIC arg1])
2025-01-15T10:00:15.307+07:00 DEBUG 7884 --- [OrderManagement_jOOQ] [           main] org.hibernate.HQL_FUNCTIONS              : Double log10(NUMERIC arg)
2025-01-15T10:00:15.308+07:00 DEBUG 7884 --- [OrderManagement_jOOQ] [           main] org.hibernate.HQL_FUNCTIONS              : String lower(STRING string)
2025-01-15T10:00:15.308+07:00 DEBUG 7884 --- [OrderManagement_jOOQ] [           main] org.hibernate.HQL_FUNCTIONS              : String lpad(STRING string, INTEGER length[, STRING padding])
2025-01-15T10:00:15.308+07:00 DEBUG 7884 --- [OrderManagement_jOOQ] [           main] org.hibernate.HQL_FUNCTIONS              : String ltrim(STRING string[, STRING characters])
2025-01-15T10:00:15.308+07:00 DEBUG 7884 --- [OrderManagement_jOOQ] [           main] org.hibernate.HQL_FUNCTIONS              : Date make_date(INTEGER arg0, INTEGER arg1, INTEGER arg2)
2025-01-15T10:00:15.308+07:00 DEBUG 7884 --- [OrderManagement_jOOQ] [           main] org.hibernate.HQL_FUNCTIONS              : Time make_time(INTEGER arg0, INTEGER arg1, INTEGER arg2)
2025-01-15T10:00:15.309+07:00 DEBUG 7884 --- [OrderManagement_jOOQ] [           main] org.hibernate.HQL_FUNCTIONS              : Timestamp make_timestamp(INTEGER arg0, INTEGER arg1, INTEGER arg2, INTEGER arg3, INTEGER arg4, INTEGER arg5)
2025-01-15T10:00:15.309+07:00 DEBUG 7884 --- [OrderManagement_jOOQ] [           main] org.hibernate.HQL_FUNCTIONS              : Timestamp make_timestamptz(INTEGER arg0, INTEGER arg1, INTEGER arg2, INTEGER arg3, INTEGER arg4, INTEGER arg5[, INTEGER arg6])
2025-01-15T10:00:15.309+07:00 DEBUG 7884 --- [OrderManagement_jOOQ] [           main] org.hibernate.HQL_FUNCTIONS              : max(COMPARABLE arg)
2025-01-15T10:00:15.309+07:00 DEBUG 7884 --- [OrderManagement_jOOQ] [           main] org.hibernate.HQL_FUNCTIONS              : String md5(arg)
2025-01-15T10:00:15.310+07:00 DEBUG 7884 --- [OrderManagement_jOOQ] [           main] org.hibernate.HQL_FUNCTIONS              : Double median(NUMERIC arg)
2025-01-15T10:00:15.310+07:00 DEBUG 7884 --- [OrderManagement_jOOQ] [           main] org.hibernate.HQL_FUNCTIONS              : min(COMPARABLE arg)
2025-01-15T10:00:15.310+07:00 DEBUG 7884 --- [OrderManagement_jOOQ] [           main] org.hibernate.HQL_FUNCTIONS              : Integer mod(INTEGER arg0, INTEGER arg1)
2025-01-15T10:00:15.310+07:00 DEBUG 7884 --- [OrderManagement_jOOQ] [           main] org.hibernate.HQL_FUNCTIONS              : mode()
2025-01-15T10:00:15.310+07:00 DEBUG 7884 --- [OrderManagement_jOOQ] [           main] org.hibernate.HQL_FUNCTIONS              : nth_valueANY value, INTEGER nth
2025-01-15T10:00:15.310+07:00 DEBUG 7884 --- [OrderManagement_jOOQ] [           main] org.hibernate.HQL_FUNCTIONS              : nullif(arg0, arg1)
2025-01-15T10:00:15.310+07:00 DEBUG 7884 --- [OrderManagement_jOOQ] [           main] org.hibernate.HQL_FUNCTIONS              : Integer octet_length(STRING_OR_CLOB arg)
2025-01-15T10:00:15.310+07:00 DEBUG 7884 --- [OrderManagement_jOOQ] [           main] org.hibernate.HQL_FUNCTIONS              : OffsetDateTime offset datetime
2025-01-15T10:00:15.310+07:00 DEBUG 7884 --- [OrderManagement_jOOQ] [           main] org.hibernate.HQL_FUNCTIONS              : OffsetDateTime offset_datetime
2025-01-15T10:00:15.310+07:00 DEBUG 7884 --- [OrderManagement_jOOQ] [           main] org.hibernate.HQL_FUNCTIONS              : String overlay(string placing replacement from start[ for length])
2025-01-15T10:00:15.310+07:00 DEBUG 7884 --- [OrderManagement_jOOQ] [           main] org.hibernate.HQL_FUNCTIONS              : String pad(STRING string with INTEGER length {leading|trailing}[ STRING character])
2025-01-15T10:00:15.310+07:00 DEBUG 7884 --- [OrderManagement_jOOQ] [           main] org.hibernate.HQL_FUNCTIONS              : Double percent_rank([arg0[, ...]])
2025-01-15T10:00:15.310+07:00 DEBUG 7884 --- [OrderManagement_jOOQ] [           main] org.hibernate.HQL_FUNCTIONS              : percentile_cont(NUMERIC arg)
2025-01-15T10:00:15.311+07:00 DEBUG 7884 --- [OrderManagement_jOOQ] [           main] org.hibernate.HQL_FUNCTIONS              : percentile_disc(NUMERIC arg)
2025-01-15T10:00:15.312+07:00 DEBUG 7884 --- [OrderManagement_jOOQ] [           main] org.hibernate.HQL_FUNCTIONS              : Double pi
2025-01-15T10:00:15.313+07:00 DEBUG 7884 --- [OrderManagement_jOOQ] [           main] org.hibernate.HQL_FUNCTIONS              : Integer position(STRING pattern in STRING string)
2025-01-15T10:00:15.313+07:00 DEBUG 7884 --- [OrderManagement_jOOQ] [           main] org.hibernate.HQL_FUNCTIONS              : Double power(NUMERIC arg0, NUMERIC arg1)
2025-01-15T10:00:15.313+07:00 DEBUG 7884 --- [OrderManagement_jOOQ] [           main] org.hibernate.HQL_FUNCTIONS              : Double radians(NUMERIC arg)
2025-01-15T10:00:15.313+07:00 DEBUG 7884 --- [OrderManagement_jOOQ] [           main] org.hibernate.HQL_FUNCTIONS              : Long rank([arg0[, ...]])
2025-01-15T10:00:15.313+07:00 DEBUG 7884 --- [OrderManagement_jOOQ] [           main] org.hibernate.HQL_FUNCTIONS              : Double regr_avgx(NUMERIC arg0, NUMERIC arg1)
2025-01-15T10:00:15.313+07:00 DEBUG 7884 --- [OrderManagement_jOOQ] [           main] org.hibernate.HQL_FUNCTIONS              : Double regr_avgy(NUMERIC arg0, NUMERIC arg1)
2025-01-15T10:00:15.313+07:00 DEBUG 7884 --- [OrderManagement_jOOQ] [           main] org.hibernate.HQL_FUNCTIONS              : Double regr_count(NUMERIC arg0, NUMERIC arg1)
2025-01-15T10:00:15.313+07:00 DEBUG 7884 --- [OrderManagement_jOOQ] [           main] org.hibernate.HQL_FUNCTIONS              : Double regr_intercept(NUMERIC arg0, NUMERIC arg1)
2025-01-15T10:00:15.314+07:00 DEBUG 7884 --- [OrderManagement_jOOQ] [           main] org.hibernate.HQL_FUNCTIONS              : Double regr_r2(NUMERIC arg0, NUMERIC arg1)
2025-01-15T10:00:15.315+07:00 DEBUG 7884 --- [OrderManagement_jOOQ] [           main] org.hibernate.HQL_FUNCTIONS              : Double regr_slope(NUMERIC arg0, NUMERIC arg1)
2025-01-15T10:00:15.315+07:00 DEBUG 7884 --- [OrderManagement_jOOQ] [           main] org.hibernate.HQL_FUNCTIONS              : Double regr_sxx(NUMERIC arg0, NUMERIC arg1)
2025-01-15T10:00:15.315+07:00 DEBUG 7884 --- [OrderManagement_jOOQ] [           main] org.hibernate.HQL_FUNCTIONS              : Double regr_sxy(NUMERIC arg0, NUMERIC arg1)
2025-01-15T10:00:15.315+07:00 DEBUG 7884 --- [OrderManagement_jOOQ] [           main] org.hibernate.HQL_FUNCTIONS              : Double regr_syy(NUMERIC arg0, NUMERIC arg1)
2025-01-15T10:00:15.315+07:00 DEBUG 7884 --- [OrderManagement_jOOQ] [           main] org.hibernate.HQL_FUNCTIONS              : String repeat(STRING string, INTEGER times)
2025-01-15T10:00:15.315+07:00 DEBUG 7884 --- [OrderManagement_jOOQ] [           main] org.hibernate.HQL_FUNCTIONS              : String replace(STRING string, STRING pattern, STRING replacement)
2025-01-15T10:00:15.315+07:00 DEBUG 7884 --- [OrderManagement_jOOQ] [           main] org.hibernate.HQL_FUNCTIONS              : String right(STRING string, INTEGER length)
2025-01-15T10:00:15.315+07:00 DEBUG 7884 --- [OrderManagement_jOOQ] [           main] org.hibernate.HQL_FUNCTIONS              : round(NUMERIC number[, INTEGER places])
2025-01-15T10:00:15.315+07:00 DEBUG 7884 --- [OrderManagement_jOOQ] [           main] org.hibernate.HQL_FUNCTIONS              : Long row_number()
2025-01-15T10:00:15.316+07:00 DEBUG 7884 --- [OrderManagement_jOOQ] [           main] org.hibernate.HQL_FUNCTIONS              : String rpad(STRING string, INTEGER length[, STRING padding])
2025-01-15T10:00:15.316+07:00 DEBUG 7884 --- [OrderManagement_jOOQ] [           main] org.hibernate.HQL_FUNCTIONS              : String rtrim(STRING string[, STRING characters])
2025-01-15T10:00:15.318+07:00 DEBUG 7884 --- [OrderManagement_jOOQ] [           main] org.hibernate.HQL_FUNCTIONS              : Integer sign(NUMERIC arg)
2025-01-15T10:00:15.319+07:00 DEBUG 7884 --- [OrderManagement_jOOQ] [           main] org.hibernate.HQL_FUNCTIONS              : Double sin(NUMERIC arg)
2025-01-15T10:00:15.319+07:00 DEBUG 7884 --- [OrderManagement_jOOQ] [           main] org.hibernate.HQL_FUNCTIONS              : Double sinh(NUMERIC arg)
2025-01-15T10:00:15.319+07:00 DEBUG 7884 --- [OrderManagement_jOOQ] [           main] org.hibernate.HQL_FUNCTIONS              : String soundex(arg)
2025-01-15T10:00:15.319+07:00 DEBUG 7884 --- [OrderManagement_jOOQ] [           main] org.hibernate.HQL_FUNCTIONS              : Object sql
2025-01-15T10:00:15.319+07:00 DEBUG 7884 --- [OrderManagement_jOOQ] [           main] org.hibernate.HQL_FUNCTIONS              : Double sqrt(NUMERIC arg)
2025-01-15T10:00:15.319+07:00 DEBUG 7884 --- [OrderManagement_jOOQ] [           main] org.hibernate.HQL_FUNCTIONS              : Double stddev(NUMERIC arg)
2025-01-15T10:00:15.320+07:00 DEBUG 7884 --- [OrderManagement_jOOQ] [           main] org.hibernate.HQL_FUNCTIONS              : Double stddev_pop(NUMERIC arg)
2025-01-15T10:00:15.320+07:00 DEBUG 7884 --- [OrderManagement_jOOQ] [           main] org.hibernate.HQL_FUNCTIONS              : Double stddev_samp(NUMERIC arg)
2025-01-15T10:00:15.320+07:00 DEBUG 7884 --- [OrderManagement_jOOQ] [           main] org.hibernate.HQL_FUNCTIONS              : String str(arg)
2025-01-15T10:00:15.320+07:00 DEBUG 7884 --- [OrderManagement_jOOQ] [           main] org.hibernate.HQL_FUNCTIONS              : String substr(STRING string, INTEGER start[, INTEGER length])
2025-01-15T10:00:15.320+07:00 DEBUG 7884 --- [OrderManagement_jOOQ] [           main] org.hibernate.HQL_FUNCTIONS              : String substring(STRING string{ from|,} INTEGER start[{ for|,} INTEGER length])
2025-01-15T10:00:15.320+07:00 DEBUG 7884 --- [OrderManagement_jOOQ] [           main] org.hibernate.HQL_FUNCTIONS              : sum(arg)
2025-01-15T10:00:15.320+07:00 DEBUG 7884 --- [OrderManagement_jOOQ] [           main] org.hibernate.HQL_FUNCTIONS              : Double tan(NUMERIC arg)
2025-01-15T10:00:15.320+07:00 DEBUG 7884 --- [OrderManagement_jOOQ] [           main] org.hibernate.HQL_FUNCTIONS              : Double tanh(NUMERIC arg)
2025-01-15T10:00:15.320+07:00 DEBUG 7884 --- [OrderManagement_jOOQ] [           main] org.hibernate.HQL_FUNCTIONS              : timestampadd(TEMPORAL_UNIT field, INTEGER magnitude, TEMPORAL datetime)
2025-01-15T10:00:15.321+07:00 DEBUG 7884 --- [OrderManagement_jOOQ] [           main] org.hibernate.HQL_FUNCTIONS              : Long|Double timestampdiff(TEMPORAL_UNIT field, TEMPORAL start, TEMPORAL end)
2025-01-15T10:00:15.321+07:00 DEBUG 7884 --- [OrderManagement_jOOQ] [           main] org.hibernate.HQL_FUNCTIONS              : String to_char(ANY arg0[, STRING arg1, STRING arg2])
2025-01-15T10:00:15.321+07:00 DEBUG 7884 --- [OrderManagement_jOOQ] [           main] org.hibernate.HQL_FUNCTIONS              : Date to_date(STRING arg0[, STRING arg1, STRING arg2])
2025-01-15T10:00:15.321+07:00 DEBUG 7884 --- [OrderManagement_jOOQ] [           main] org.hibernate.HQL_FUNCTIONS              : Double to_number(STRING arg0[, STRING arg1, STRING arg2])
2025-01-15T10:00:15.321+07:00 DEBUG 7884 --- [OrderManagement_jOOQ] [           main] org.hibernate.HQL_FUNCTIONS              : Timestamp to_timestamp(STRING arg0[, STRING arg1, STRING arg2])
2025-01-15T10:00:15.321+07:00 DEBUG 7884 --- [OrderManagement_jOOQ] [           main] org.hibernate.HQL_FUNCTIONS              : String translate(STRING arg0, STRING arg1, STRING arg2)
2025-01-15T10:00:15.321+07:00 DEBUG 7884 --- [OrderManagement_jOOQ] [           main] org.hibernate.HQL_FUNCTIONS              : String trim([[{leading|trailing|both} ][STRING arg0 ]from] STRING arg1)
2025-01-15T10:00:15.321+07:00 DEBUG 7884 --- [OrderManagement_jOOQ] [           main] org.hibernate.HQL_FUNCTIONS              : trunc( ... )
2025-01-15T10:00:15.321+07:00 DEBUG 7884 --- [OrderManagement_jOOQ] [           main] org.hibernate.HQL_FUNCTIONS              : truncate( ... )
2025-01-15T10:00:15.321+07:00 DEBUG 7884 --- [OrderManagement_jOOQ] [           main] org.hibernate.HQL_FUNCTIONS              : String upper(STRING string)
2025-01-15T10:00:15.321+07:00 DEBUG 7884 --- [OrderManagement_jOOQ] [           main] org.hibernate.HQL_FUNCTIONS              : Double var_pop(NUMERIC arg)
2025-01-15T10:00:15.321+07:00 DEBUG 7884 --- [OrderManagement_jOOQ] [           main] org.hibernate.HQL_FUNCTIONS              : Double var_samp(NUMERIC arg)
2025-01-15T10:00:15.321+07:00 DEBUG 7884 --- [OrderManagement_jOOQ] [           main] org.hibernate.HQL_FUNCTIONS              : Double variance(NUMERIC arg)
2025-01-15T10:00:15.334+07:00 DEBUG 7884 --- [OrderManagement_jOOQ] [           main] org.hibernate.orm.query.plan.cache       : Starting QueryInterpretationCache(2048)
2025-01-15T10:00:15.347+07:00 DEBUG 7884 --- [OrderManagement_jOOQ] [onnection adder] com.zaxxer.hikari.pool.HikariPool        : HikariPool-1 - Added connection org.postgresql.jdbc.PgConnection@78e47705
2025-01-15T10:00:15.379+07:00 DEBUG 7884 --- [OrderManagement_jOOQ] [onnection adder] com.zaxxer.hikari.pool.HikariPool        : HikariPool-1 - After adding stats (total=6, active=0, idle=6, waiting=0)
2025-01-15T10:00:15.379+07:00 DEBUG 7884 --- [OrderManagement_jOOQ] [onnection adder] org.postgresql.Driver                    : Connecting with URL: jdbc:postgresql://127.0.0.1:5432/qlbh__mhsolution
2025-01-15T10:00:15.379+07:00 DEBUG 7884 --- [OrderManagement_jOOQ] [onnection adder] org.postgresql.jdbc.PgConnection         : PostgreSQL JDBC Driver 42.7.3
2025-01-15T10:00:15.380+07:00 DEBUG 7884 --- [OrderManagement_jOOQ] [onnection adder] org.postgresql.jdbc.PgConnection         :   setDefaultFetchSize = 0
2025-01-15T10:00:15.380+07:00 DEBUG 7884 --- [OrderManagement_jOOQ] [onnection adder] org.postgresql.jdbc.PgConnection         :   setPrepareThreshold = 5
2025-01-15T10:00:15.380+07:00 DEBUG 7884 --- [OrderManagement_jOOQ] [onnection adder] o.p.core.v3.ConnectionFactoryImpl        : Trying to establish a protocol version 3 connection to 127.0.0.1:5432
2025-01-15T10:00:15.382+07:00 DEBUG 7884 --- [OrderManagement_jOOQ] [onnection adder] o.p.core.v3.ConnectionFactoryImpl        : Receive Buffer Size is 65,536
2025-01-15T10:00:15.382+07:00 DEBUG 7884 --- [OrderManagement_jOOQ] [onnection adder] o.p.core.v3.ConnectionFactoryImpl        : Send Buffer Size is 65,536
2025-01-15T10:00:15.508+07:00 DEBUG 7884 --- [OrderManagement_jOOQ] [onnection adder] com.zaxxer.hikari.pool.HikariPool        : HikariPool-1 - Added connection org.postgresql.jdbc.PgConnection@5d2d5574
2025-01-15T10:00:15.544+07:00 DEBUG 7884 --- [OrderManagement_jOOQ] [onnection adder] com.zaxxer.hikari.pool.HikariPool        : HikariPool-1 - After adding stats (total=7, active=0, idle=7, waiting=0)
2025-01-15T10:00:15.544+07:00 DEBUG 7884 --- [OrderManagement_jOOQ] [onnection adder] org.postgresql.Driver                    : Connecting with URL: jdbc:postgresql://127.0.0.1:5432/qlbh__mhsolution
2025-01-15T10:00:15.544+07:00 DEBUG 7884 --- [OrderManagement_jOOQ] [onnection adder] org.postgresql.jdbc.PgConnection         : PostgreSQL JDBC Driver 42.7.3
2025-01-15T10:00:15.545+07:00 DEBUG 7884 --- [OrderManagement_jOOQ] [onnection adder] org.postgresql.jdbc.PgConnection         :   setDefaultFetchSize = 0
2025-01-15T10:00:15.545+07:00 DEBUG 7884 --- [OrderManagement_jOOQ] [onnection adder] org.postgresql.jdbc.PgConnection         :   setPrepareThreshold = 5
2025-01-15T10:00:15.545+07:00 DEBUG 7884 --- [OrderManagement_jOOQ] [onnection adder] o.p.core.v3.ConnectionFactoryImpl        : Trying to establish a protocol version 3 connection to 127.0.0.1:5432
2025-01-15T10:00:15.546+07:00 DEBUG 7884 --- [OrderManagement_jOOQ] [onnection adder] o.p.core.v3.ConnectionFactoryImpl        : Receive Buffer Size is 65,536
2025-01-15T10:00:15.547+07:00 DEBUG 7884 --- [OrderManagement_jOOQ] [onnection adder] o.p.core.v3.ConnectionFactoryImpl        : Send Buffer Size is 65,536
2025-01-15T10:00:15.558+07:00 DEBUG 7884 --- [OrderManagement_jOOQ] [           main] .h.s.i.SessionFactoryServiceRegistryImpl : EventListenerRegistry access via ServiceRegistry is deprecated.  Use `sessionFactory.getEventEngine().getListenerRegistry()` instead
2025-01-15T10:00:15.561+07:00 DEBUG 7884 --- [OrderManagement_jOOQ] [           main] h.e.i.EntityCopyObserverFactoryInitiator : Configured EntityCopyObserver strategy: disallow
2025-01-15T10:00:15.602+07:00 DEBUG 7884 --- [OrderManagement_jOOQ] [           main] o.hibernate.orm.model.mapping.creation   : Starting post-init callbacks
2025-01-15T10:00:15.650+07:00 DEBUG 7884 --- [OrderManagement_jOOQ] [onnection adder] com.zaxxer.hikari.pool.HikariPool        : HikariPool-1 - Added connection org.postgresql.jdbc.PgConnection@2948418b
2025-01-15T10:00:15.652+07:00  INFO 7884 --- [OrderManagement_jOOQ] [           main] o.h.e.t.j.p.i.JtaPlatformInitiator       : HHH000489: No JTA platform available (set 'hibernate.transaction.jta.platform' to enable JTA platform integration)
2025-01-15T10:00:15.652+07:00 DEBUG 7884 --- [OrderManagement_jOOQ] [           main] o.h.type.spi.TypeConfiguration$Scope     : Scoping TypeConfiguration [org.hibernate.type.spi.TypeConfiguration@3355168] to SessionFactoryImplementor [org.hibernate.internal.SessionFactoryImpl@2419fe6f]
2025-01-15T10:00:15.656+07:00 DEBUG 7884 --- [OrderManagement_jOOQ] [           main] o.h.query.named.NamedObjectRepository    : Checking 0 named HQL queries
2025-01-15T10:00:15.656+07:00 DEBUG 7884 --- [OrderManagement_jOOQ] [           main] o.h.query.named.NamedObjectRepository    : Checking 0 named SQL queries
2025-01-15T10:00:15.659+07:00 DEBUG 7884 --- [OrderManagement_jOOQ] [           main] .h.t.s.s.SchemaManagementToolCoordinator : No actions found; doing nothing
2025-01-15T10:00:15.661+07:00 DEBUG 7884 --- [OrderManagement_jOOQ] [           main] o.h.internal.SessionFactoryRegistry      : Initializing SessionFactoryRegistry : org.hibernate.internal.SessionFactoryRegistry@3c3cd13a
2025-01-15T10:00:15.661+07:00 DEBUG 7884 --- [OrderManagement_jOOQ] [           main] o.h.internal.SessionFactoryRegistry      : Registering SessionFactory: decab9ea-1f40-4dc9-9248-f77a84806e08 (<unnamed>)
2025-01-15T10:00:15.661+07:00 DEBUG 7884 --- [OrderManagement_jOOQ] [           main] o.h.internal.SessionFactoryRegistry      : Not binding SessionFactory to JNDI, no JNDI name configured
2025-01-15T10:00:15.661+07:00 DEBUG 7884 --- [OrderManagement_jOOQ] [           main] o.hibernate.internal.SessionFactoryImpl  : Instantiated SessionFactory
2025-01-15T10:00:15.662+07:00  INFO 7884 --- [OrderManagement_jOOQ] [           main] j.LocalContainerEntityManagerFactoryBean : Initialized JPA EntityManagerFactory for persistence unit 'default'
2025-01-15T10:00:15.668+07:00 DEBUG 7884 --- [OrderManagement_jOOQ] [           main] o.s.b.f.s.DefaultListableBeanFactory     : Creating shared instance of singleton bean 'orderManagementJOoqApplication'
2025-01-15T10:00:15.671+07:00 DEBUG 7884 --- [OrderManagement_jOOQ] [           main] o.s.b.f.s.DefaultListableBeanFactory     : Creating shared instance of singleton bean 'customJwtDecoder'
2025-01-15T10:00:15.675+07:00 DEBUG 7884 --- [OrderManagement_jOOQ] [           main] ySourcesPropertyResolver$DefaultResolver : Found key 'jwt.singerKey' in PropertySource 'Config resource 'class path resource [application.properties]' via location 'optional:classpath:/'' with value of type String
2025-01-15T10:00:15.676+07:00 DEBUG 7884 --- [OrderManagement_jOOQ] [           main] o.s.c.e.PropertySourcesPropertyResolver  : Found key 'jwt.singerKey' in PropertySource 'environmentProperties' with value of type String
2025-01-15T10:00:15.679+07:00 DEBUG 7884 --- [OrderManagement_jOOQ] [           main] o.s.b.f.s.DefaultListableBeanFactory     : Creating shared instance of singleton bean 'JOOQConfig'
2025-01-15T10:00:15.680+07:00 DEBUG 7884 --- [OrderManagement_jOOQ] [           main] o.s.b.f.s.DefaultListableBeanFactory     : Creating shared instance of singleton bean 'securityConfig'
2025-01-15T10:00:15.684+07:00 DEBUG 7884 --- [OrderManagement_jOOQ] [onnection adder] com.zaxxer.hikari.pool.HikariPool        : HikariPool-1 - After adding stats (total=8, active=0, idle=8, waiting=0)
2025-01-15T10:00:15.684+07:00 DEBUG 7884 --- [OrderManagement_jOOQ] [onnection adder] org.postgresql.Driver                    : Connecting with URL: jdbc:postgresql://127.0.0.1:5432/qlbh__mhsolution
2025-01-15T10:00:15.684+07:00 DEBUG 7884 --- [OrderManagement_jOOQ] [onnection adder] org.postgresql.jdbc.PgConnection         : PostgreSQL JDBC Driver 42.7.3
2025-01-15T10:00:15.685+07:00 DEBUG 7884 --- [OrderManagement_jOOQ] [onnection adder] org.postgresql.jdbc.PgConnection         :   setDefaultFetchSize = 0
2025-01-15T10:00:15.685+07:00 DEBUG 7884 --- [OrderManagement_jOOQ] [           main] o.s.b.f.s.DefaultListableBeanFactory     : Creating shared instance of singleton bean 'authController'
2025-01-15T10:00:15.685+07:00 DEBUG 7884 --- [OrderManagement_jOOQ] [onnection adder] org.postgresql.jdbc.PgConnection         :   setPrepareThreshold = 5
2025-01-15T10:00:15.685+07:00 DEBUG 7884 --- [OrderManagement_jOOQ] [onnection adder] o.p.core.v3.ConnectionFactoryImpl        : Trying to establish a protocol version 3 connection to 127.0.0.1:5432
2025-01-15T10:00:15.687+07:00 DEBUG 7884 --- [OrderManagement_jOOQ] [onnection adder] o.p.core.v3.ConnectionFactoryImpl        : Receive Buffer Size is 65,536
2025-01-15T10:00:15.687+07:00 DEBUG 7884 --- [OrderManagement_jOOQ] [onnection adder] o.p.core.v3.ConnectionFactoryImpl        : Send Buffer Size is 65,536
2025-01-15T10:00:15.729+07:00 DEBUG 7884 --- [OrderManagement_jOOQ] [           main] o.s.b.f.s.DefaultListableBeanFactory     : Creating shared instance of singleton bean 'orderController'
2025-01-15T10:00:15.736+07:00 DEBUG 7884 --- [OrderManagement_jOOQ] [           main] o.s.b.f.s.DefaultListableBeanFactory     : Creating shared instance of singleton bean 'orderServiceImpl'
2025-01-15T10:00:15.742+07:00 DEBUG 7884 --- [OrderManagement_jOOQ] [           main] o.s.b.f.s.DefaultListableBeanFactory     : Creating shared instance of singleton bean 'orderMapperImpl'
2025-01-15T10:00:15.744+07:00 DEBUG 7884 --- [OrderManagement_jOOQ] [           main] o.s.b.f.s.DefaultListableBeanFactory     : Creating shared instance of singleton bean 'orderRepositoryImpl'
2025-01-15T10:00:15.751+07:00 DEBUG 7884 --- [OrderManagement_jOOQ] [           main] o.s.b.f.s.DefaultListableBeanFactory     : Creating shared instance of singleton bean 'dslContext'
2025-01-15T10:00:15.752+07:00 DEBUG 7884 --- [OrderManagement_jOOQ] [           main] o.s.b.f.s.DefaultListableBeanFactory     : Autowiring by type from bean name 'dslContext' via factory method to bean named 'dataSource'
2025-01-15T10:00:15.756+07:00 DEBUG 7884 --- [OrderManagement_jOOQ] [           main] o.s.jdbc.datasource.DataSourceUtils      : Fetching JDBC Connection from DataSource
2025-01-15T10:00:15.767+07:00 DEBUG 7884 --- [OrderManagement_jOOQ] [onnection adder] com.zaxxer.hikari.pool.HikariPool        : HikariPool-1 - Added connection org.postgresql.jdbc.PgConnection@2a1f228e
2025-01-15T10:00:15.811+07:00 DEBUG 7884 --- [OrderManagement_jOOQ] [onnection adder] com.zaxxer.hikari.pool.HikariPool        : HikariPool-1 - After adding stats (total=9, active=1, idle=8, waiting=0)
2025-01-15T10:00:15.811+07:00 DEBUG 7884 --- [OrderManagement_jOOQ] [onnection adder] org.postgresql.Driver                    : Connecting with URL: jdbc:postgresql://127.0.0.1:5432/qlbh__mhsolution
2025-01-15T10:00:15.811+07:00 DEBUG 7884 --- [OrderManagement_jOOQ] [onnection adder] org.postgresql.jdbc.PgConnection         : PostgreSQL JDBC Driver 42.7.3
2025-01-15T10:00:15.811+07:00 DEBUG 7884 --- [OrderManagement_jOOQ] [onnection adder] org.postgresql.jdbc.PgConnection         :   setDefaultFetchSize = 0
2025-01-15T10:00:15.812+07:00 DEBUG 7884 --- [OrderManagement_jOOQ] [onnection adder] org.postgresql.jdbc.PgConnection         :   setPrepareThreshold = 5
2025-01-15T10:00:15.812+07:00 DEBUG 7884 --- [OrderManagement_jOOQ] [onnection adder] o.p.core.v3.ConnectionFactoryImpl        : Trying to establish a protocol version 3 connection to 127.0.0.1:5432
2025-01-15T10:00:15.813+07:00 DEBUG 7884 --- [OrderManagement_jOOQ] [onnection adder] o.p.core.v3.ConnectionFactoryImpl        : Receive Buffer Size is 65,536
2025-01-15T10:00:15.814+07:00 DEBUG 7884 --- [OrderManagement_jOOQ] [onnection adder] o.p.core.v3.ConnectionFactoryImpl        : Send Buffer Size is 65,536
2025-01-15T10:00:15.889+07:00 DEBUG 7884 --- [OrderManagement_jOOQ] [onnection adder] com.zaxxer.hikari.pool.HikariPool        : HikariPool-1 - Added connection org.postgresql.jdbc.PgConnection@71182497
2025-01-15T10:00:15.921+07:00 DEBUG 7884 --- [OrderManagement_jOOQ] [onnection adder] com.zaxxer.hikari.pool.HikariPool        : HikariPool-1 - After adding stats (total=10, active=1, idle=9, waiting=0)
2025-01-15T10:00:15.921+07:00 DEBUG 7884 --- [OrderManagement_jOOQ] [onnection adder] com.zaxxer.hikari.pool.HikariPool        : HikariPool-1 - Connection not added, stats (total=10, active=1, idle=9, waiting=0)
2025-01-15T10:00:16.705+07:00 DEBUG 7884 --- [OrderManagement_jOOQ] [           main] o.s.b.f.s.DefaultListableBeanFactory     : Autowiring by type from bean name 'orderRepositoryImpl' via constructor to bean named 'dslContext'
2025-01-15T10:00:16.723+07:00 DEBUG 7884 --- [OrderManagement_jOOQ] [           main] o.s.b.f.s.DefaultListableBeanFactory     : Creating shared instance of singleton bean 'orderProductRepositoryImpl'
2025-01-15T10:00:16.729+07:00 DEBUG 7884 --- [OrderManagement_jOOQ] [           main] o.s.b.f.s.DefaultListableBeanFactory     : Autowiring by type from bean name 'orderProductRepositoryImpl' via constructor to bean named 'dslContext'
2025-01-15T10:00:16.738+07:00 DEBUG 7884 --- [OrderManagement_jOOQ] [           main] o.s.b.f.s.DefaultListableBeanFactory     : Creating shared instance of singleton bean 'userRepositoryImpl'
2025-01-15T10:00:16.740+07:00 DEBUG 7884 --- [OrderManagement_jOOQ] [           main] o.s.b.f.s.DefaultListableBeanFactory     : Autowiring by type from bean name 'userRepositoryImpl' via constructor to bean named 'dslContext'
2025-01-15T10:00:16.748+07:00 DEBUG 7884 --- [OrderManagement_jOOQ] [           main] o.s.b.f.s.DefaultListableBeanFactory     : Creating shared instance of singleton bean 'productRepositoryImpl'
2025-01-15T10:00:16.749+07:00 DEBUG 7884 --- [OrderManagement_jOOQ] [           main] o.s.b.f.s.DefaultListableBeanFactory     : Autowiring by type from bean name 'productRepositoryImpl' via constructor to bean named 'dslContext'
2025-01-15T10:00:16.766+07:00 DEBUG 7884 --- [OrderManagement_jOOQ] [           main] o.s.b.f.s.DefaultListableBeanFactory     : Creating shared instance of singleton bean 'productMapperImpl'
2025-01-15T10:00:16.768+07:00 DEBUG 7884 --- [OrderManagement_jOOQ] [           main] o.s.b.f.s.DefaultListableBeanFactory     : Creating shared instance of singleton bean 'userMapperImpl'
2025-01-15T10:00:16.769+07:00 DEBUG 7884 --- [OrderManagement_jOOQ] [           main] o.s.b.f.s.DefaultListableBeanFactory     : Creating shared instance of singleton bean 'orderProductMapperImpl'
2025-01-15T10:00:16.770+07:00 DEBUG 7884 --- [OrderManagement_jOOQ] [           main] o.s.b.f.s.DefaultListableBeanFactory     : Autowiring by type from bean name 'orderServiceImpl' via constructor to bean named 'orderMapperImpl'
2025-01-15T10:00:16.771+07:00 DEBUG 7884 --- [OrderManagement_jOOQ] [           main] o.s.b.f.s.DefaultListableBeanFactory     : Autowiring by type from bean name 'orderServiceImpl' via constructor to bean named 'orderRepositoryImpl'
2025-01-15T10:00:16.771+07:00 DEBUG 7884 --- [OrderManagement_jOOQ] [           main] o.s.b.f.s.DefaultListableBeanFactory     : Autowiring by type from bean name 'orderServiceImpl' via constructor to bean named 'orderProductRepositoryImpl'
2025-01-15T10:00:16.771+07:00 DEBUG 7884 --- [OrderManagement_jOOQ] [           main] o.s.b.f.s.DefaultListableBeanFactory     : Autowiring by type from bean name 'orderServiceImpl' via constructor to bean named 'userRepositoryImpl'
2025-01-15T10:00:16.771+07:00 DEBUG 7884 --- [OrderManagement_jOOQ] [           main] o.s.b.f.s.DefaultListableBeanFactory     : Autowiring by type from bean name 'orderServiceImpl' via constructor to bean named 'productRepositoryImpl'
2025-01-15T10:00:16.771+07:00 DEBUG 7884 --- [OrderManagement_jOOQ] [           main] o.s.b.f.s.DefaultListableBeanFactory     : Autowiring by type from bean name 'orderServiceImpl' via constructor to bean named 'productMapperImpl'
2025-01-15T10:00:16.771+07:00 DEBUG 7884 --- [OrderManagement_jOOQ] [           main] o.s.b.f.s.DefaultListableBeanFactory     : Autowiring by type from bean name 'orderServiceImpl' via constructor to bean named 'userMapperImpl'
2025-01-15T10:00:16.771+07:00 DEBUG 7884 --- [OrderManagement_jOOQ] [           main] o.s.b.f.s.DefaultListableBeanFactory     : Autowiring by type from bean name 'orderServiceImpl' via constructor to bean named 'orderProductMapperImpl'
2025-01-15T10:00:16.774+07:00 DEBUG 7884 --- [OrderManagement_jOOQ] [           main] o.s.b.f.s.DefaultListableBeanFactory     : Autowiring by type from bean name 'orderController' via constructor to bean named 'orderServiceImpl'
2025-01-15T10:00:16.783+07:00 DEBUG 7884 --- [OrderManagement_jOOQ] [           main] o.s.b.f.s.DefaultListableBeanFactory     : Creating shared instance of singleton bean 'productController'
2025-01-15T10:00:16.784+07:00 DEBUG 7884 --- [OrderManagement_jOOQ] [           main] o.s.b.f.s.DefaultListableBeanFactory     : Creating shared instance of singleton bean 'globalExceptionHandler'
2025-01-15T10:00:16.789+07:00 DEBUG 7884 --- [OrderManagement_jOOQ] [           main] o.s.b.f.s.DefaultListableBeanFactory     : Creating shared instance of singleton bean 'blackListTokenRepositoryImpl'
2025-01-15T10:00:16.790+07:00 DEBUG 7884 --- [OrderManagement_jOOQ] [           main] o.s.b.f.s.DefaultListableBeanFactory     : Autowiring by type from bean name 'blackListTokenRepositoryImpl' via constructor to bean named 'dslContext'
2025-01-15T10:00:16.796+07:00 DEBUG 7884 --- [OrderManagement_jOOQ] [           main] o.s.b.f.s.DefaultListableBeanFactory     : Creating shared instance of singleton bean 'authenticationServiceImpl'
2025-01-15T10:00:16.803+07:00 DEBUG 7884 --- [OrderManagement_jOOQ] [           main] o.s.b.f.s.DefaultListableBeanFactory     : Creating shared instance of singleton bean 'passwordEncoder'
2025-01-15T10:00:16.806+07:00 DEBUG 7884 --- [OrderManagement_jOOQ] [           main] o.s.b.f.s.DefaultListableBeanFactory     : Autowiring by type from bean name 'authenticationServiceImpl' via constructor to bean named 'blackListTokenRepositoryImpl'
2025-01-15T10:00:16.806+07:00 DEBUG 7884 --- [OrderManagement_jOOQ] [           main] o.s.b.f.s.DefaultListableBeanFactory     : Autowiring by type from bean name 'authenticationServiceImpl' via constructor to bean named 'userRepositoryImpl'
2025-01-15T10:00:16.806+07:00 DEBUG 7884 --- [OrderManagement_jOOQ] [           main] o.s.b.f.s.DefaultListableBeanFactory     : Autowiring by type from bean name 'authenticationServiceImpl' via constructor to bean named 'passwordEncoder'
2025-01-15T10:00:16.808+07:00 DEBUG 7884 --- [OrderManagement_jOOQ] [           main] ySourcesPropertyResolver$DefaultResolver : Found key 'jwt.singerKey' in PropertySource 'Config resource 'class path resource [application.properties]' via location 'optional:classpath:/'' with value of type String
2025-01-15T10:00:16.808+07:00 DEBUG 7884 --- [OrderManagement_jOOQ] [           main] o.s.c.e.PropertySourcesPropertyResolver  : Found key 'jwt.singerKey' in PropertySource 'environmentProperties' with value of type String
2025-01-15T10:00:16.809+07:00 DEBUG 7884 --- [OrderManagement_jOOQ] [           main] ySourcesPropertyResolver$DefaultResolver : Found key 'jwt.valid_duration' in PropertySource 'Config resource 'class path resource [application.properties]' via location 'optional:classpath:/'' with value of type String
2025-01-15T10:00:16.809+07:00 DEBUG 7884 --- [OrderManagement_jOOQ] [           main] o.s.c.e.PropertySourcesPropertyResolver  : Found key 'jwt.valid_duration' in PropertySource 'environmentProperties' with value of type String
2025-01-15T10:00:16.812+07:00 DEBUG 7884 --- [OrderManagement_jOOQ] [           main] ySourcesPropertyResolver$DefaultResolver : Found key 'jwt.refreshable_token' in PropertySource 'Config resource 'class path resource [application.properties]' via location 'optional:classpath:/'' with value of type String
2025-01-15T10:00:16.812+07:00 DEBUG 7884 --- [OrderManagement_jOOQ] [           main] o.s.c.e.PropertySourcesPropertyResolver  : Found key 'jwt.refreshable_token' in PropertySource 'environmentProperties' with value of type String
2025-01-15T10:00:16.813+07:00 DEBUG 7884 --- [OrderManagement_jOOQ] [           main] o.s.b.f.s.DefaultListableBeanFactory     : Creating shared instance of singleton bean 'authServiceImpl'
2025-01-15T10:00:16.814+07:00 DEBUG 7884 --- [OrderManagement_jOOQ] [           main] o.s.b.f.s.DefaultListableBeanFactory     : Creating shared instance of singleton bean 'orderProductServiceImpl'
2025-01-15T10:00:16.814+07:00 DEBUG 7884 --- [OrderManagement_jOOQ] [           main] o.s.b.f.s.DefaultListableBeanFactory     : Creating shared instance of singleton bean 'org.springframework.security.config.annotation.configuration.ObjectPostProcessorConfiguration'
2025-01-15T10:00:16.815+07:00 DEBUG 7884 --- [OrderManagement_jOOQ] [           main] o.s.b.f.s.DefaultListableBeanFactory     : Creating shared instance of singleton bean 'objectPostProcessor'
2025-01-15T10:00:16.816+07:00 DEBUG 7884 --- [OrderManagement_jOOQ] [           main] o.s.b.f.s.DefaultListableBeanFactory     : Autowiring by type from bean name 'objectPostProcessor' via factory method to bean named 'org.springframework.beans.factory.support.DefaultListableBeanFactory@29006752'
2025-01-15T10:00:16.817+07:00 DEBUG 7884 --- [OrderManagement_jOOQ] [           main] o.s.b.f.s.DefaultListableBeanFactory     : Creating shared instance of singleton bean 'org.springframework.security.config.annotation.authentication.configuration.AuthenticationConfiguration'
2025-01-15T10:00:16.820+07:00 DEBUG 7884 --- [OrderManagement_jOOQ] [           main] o.s.b.f.s.DefaultListableBeanFactory     : Creating shared instance of singleton bean 'enableGlobalAuthenticationAutowiredConfigurer'
2025-01-15T10:00:16.820+07:00 DEBUG 7884 --- [OrderManagement_jOOQ] [           main] o.s.b.f.s.DefaultListableBeanFactory     : Autowiring by type from bean name 'enableGlobalAuthenticationAutowiredConfigurer' via factory method to bean named 'org.springframework.web.context.support.GenericWebApplicationContext@3a80515c'
2025-01-15T10:00:16.824+07:00 DEBUG 7884 --- [OrderManagement_jOOQ] [           main] o.s.b.f.s.DefaultListableBeanFactory     : Creating shared instance of singleton bean 'initializeUserDetailsBeanManagerConfigurer'
2025-01-15T10:00:16.824+07:00 DEBUG 7884 --- [OrderManagement_jOOQ] [           main] o.s.b.f.s.DefaultListableBeanFactory     : Autowiring by type from bean name 'initializeUserDetailsBeanManagerConfigurer' via factory method to bean named 'org.springframework.web.context.support.GenericWebApplicationContext@3a80515c'
2025-01-15T10:00:16.825+07:00 DEBUG 7884 --- [OrderManagement_jOOQ] [           main] o.s.b.f.s.DefaultListableBeanFactory     : Creating shared instance of singleton bean 'initializeAuthenticationProviderBeanManagerConfigurer'
2025-01-15T10:00:16.826+07:00 DEBUG 7884 --- [OrderManagement_jOOQ] [           main] o.s.b.f.s.DefaultListableBeanFactory     : Autowiring by type from bean name 'initializeAuthenticationProviderBeanManagerConfigurer' via factory method to bean named 'org.springframework.web.context.support.GenericWebApplicationContext@3a80515c'
2025-01-15T10:00:16.829+07:00 DEBUG 7884 --- [OrderManagement_jOOQ] [           main] o.s.b.f.s.DefaultListableBeanFactory     : Creating shared instance of singleton bean 'authenticationManagerBuilder'
2025-01-15T10:00:16.830+07:00 DEBUG 7884 --- [OrderManagement_jOOQ] [           main] o.s.b.f.s.DefaultListableBeanFactory     : Autowiring by type from bean name 'authenticationManagerBuilder' via factory method to bean named 'objectPostProcessor'
2025-01-15T10:00:16.830+07:00 DEBUG 7884 --- [OrderManagement_jOOQ] [           main] o.s.b.f.s.DefaultListableBeanFactory     : Autowiring by type from bean name 'authenticationManagerBuilder' via factory method to bean named 'org.springframework.web.context.support.GenericWebApplicationContext@3a80515c'
2025-01-15T10:00:16.831+07:00 DEBUG 7884 --- [OrderManagement_jOOQ] [           main] o.s.b.f.s.DefaultListableBeanFactory     : Creating shared instance of singleton bean 'authenticationEventPublisher'
2025-01-15T10:00:16.831+07:00 DEBUG 7884 --- [OrderManagement_jOOQ] [           main] o.s.b.f.s.DefaultListableBeanFactory     : Creating shared instance of singleton bean 'org.springframework.boot.autoconfigure.security.servlet.SecurityAutoConfiguration'
2025-01-15T10:00:16.832+07:00 DEBUG 7884 --- [OrderManagement_jOOQ] [           main] o.s.b.f.s.DefaultListableBeanFactory     : Autowiring by type from bean name 'authenticationEventPublisher' via factory method to bean named 'org.springframework.web.context.support.GenericWebApplicationContext@3a80515c'
2025-01-15T10:00:16.848+07:00 DEBUG 7884 --- [OrderManagement_jOOQ] [           main] o.s.b.f.s.DefaultListableBeanFactory     : Creating shared instance of singleton bean 'org.springframework.security.config.annotation.web.configuration.WebSecurityConfiguration'
2025-01-15T10:00:16.851+07:00 DEBUG 7884 --- [OrderManagement_jOOQ] [           main] o.s.b.f.s.DefaultListableBeanFactory     : Creating shared instance of singleton bean 'org.springframework.security.config.annotation.web.configuration.HttpSecurityConfiguration'
2025-01-15T10:00:16.857+07:00 DEBUG 7884 --- [OrderManagement_jOOQ] [           main] o.s.b.f.s.DefaultListableBeanFactory     : Creating shared instance of singleton bean 'mvcContentNegotiationManager'
2025-01-15T10:00:16.858+07:00 DEBUG 7884 --- [OrderManagement_jOOQ] [           main] o.s.b.f.s.DefaultListableBeanFactory     : Creating shared instance of singleton bean 'org.springframework.boot.autoconfigure.web.servlet.WebMvcAutoConfiguration$EnableWebMvcConfiguration'
2025-01-15T10:00:16.859+07:00 DEBUG 7884 --- [OrderManagement_jOOQ] [           main] o.s.b.f.s.DefaultListableBeanFactory     : Creating shared instance of singleton bean 'spring.mvc-org.springframework.boot.autoconfigure.web.servlet.WebMvcProperties'
2025-01-15T10:00:16.864+07:00 DEBUG 7884 --- [OrderManagement_jOOQ] [           main] o.s.b.f.s.DefaultListableBeanFactory     : Creating shared instance of singleton bean 'spring.web-org.springframework.boot.autoconfigure.web.WebProperties'
2025-01-15T10:00:16.869+07:00 DEBUG 7884 --- [OrderManagement_jOOQ] [           main] o.s.b.f.s.DefaultListableBeanFactory     : Autowiring by type from bean name 'org.springframework.boot.autoconfigure.web.servlet.WebMvcAutoConfiguration$EnableWebMvcConfiguration' via constructor to bean named 'spring.mvc-org.springframework.boot.autoconfigure.web.servlet.WebMvcProperties'
2025-01-15T10:00:16.869+07:00 DEBUG 7884 --- [OrderManagement_jOOQ] [           main] o.s.b.f.s.DefaultListableBeanFactory     : Autowiring by type from bean name 'org.springframework.boot.autoconfigure.web.servlet.WebMvcAutoConfiguration$EnableWebMvcConfiguration' via constructor to bean named 'spring.web-org.springframework.boot.autoconfigure.web.WebProperties'
2025-01-15T10:00:16.869+07:00 DEBUG 7884 --- [OrderManagement_jOOQ] [           main] o.s.b.f.s.DefaultListableBeanFactory     : Autowiring by type from bean name 'org.springframework.boot.autoconfigure.web.servlet.WebMvcAutoConfiguration$EnableWebMvcConfiguration' via constructor to bean named 'org.springframework.beans.factory.support.DefaultListableBeanFactory@29006752'
2025-01-15T10:00:16.886+07:00 DEBUG 7884 --- [OrderManagement_jOOQ] [           main] o.s.b.f.s.DefaultListableBeanFactory     : Creating shared instance of singleton bean 'org.springframework.security.config.annotation.web.configuration.WebMvcSecurityConfiguration'
2025-01-15T10:00:16.904+07:00 DEBUG 7884 --- [OrderManagement_jOOQ] [           main] o.s.b.f.s.DefaultListableBeanFactory     : Creating shared instance of singleton bean 'org.springframework.boot.autoconfigure.web.servlet.WebMvcAutoConfiguration$WebMvcAutoConfigurationAdapter'
2025-01-15T10:00:16.905+07:00 DEBUG 7884 --- [OrderManagement_jOOQ] [           main] o.s.b.f.s.DefaultListableBeanFactory     : Autowiring by type from bean name 'org.springframework.boot.autoconfigure.web.servlet.WebMvcAutoConfiguration$WebMvcAutoConfigurationAdapter' via constructor to bean named 'spring.web-org.springframework.boot.autoconfigure.web.WebProperties'
2025-01-15T10:00:16.905+07:00 DEBUG 7884 --- [OrderManagement_jOOQ] [           main] o.s.b.f.s.DefaultListableBeanFactory     : Autowiring by type from bean name 'org.springframework.boot.autoconfigure.web.servlet.WebMvcAutoConfiguration$WebMvcAutoConfigurationAdapter' via constructor to bean named 'spring.mvc-org.springframework.boot.autoconfigure.web.servlet.WebMvcProperties'
2025-01-15T10:00:16.905+07:00 DEBUG 7884 --- [OrderManagement_jOOQ] [           main] o.s.b.f.s.DefaultListableBeanFactory     : Autowiring by type from bean name 'org.springframework.boot.autoconfigure.web.servlet.WebMvcAutoConfiguration$WebMvcAutoConfigurationAdapter' via constructor to bean named 'org.springframework.beans.factory.support.DefaultListableBeanFactory@29006752'
2025-01-15T10:00:16.911+07:00 DEBUG 7884 --- [OrderManagement_jOOQ] [           main] o.s.b.f.s.DefaultListableBeanFactory     : Creating shared instance of singleton bean 'openEntityManagerInViewInterceptorConfigurer'
2025-01-15T10:00:16.911+07:00 DEBUG 7884 --- [OrderManagement_jOOQ] [           main] o.s.b.f.s.DefaultListableBeanFactory     : Creating shared instance of singleton bean 'org.springframework.boot.autoconfigure.orm.jpa.JpaBaseConfiguration$JpaWebConfiguration'
2025-01-15T10:00:16.911+07:00 DEBUG 7884 --- [OrderManagement_jOOQ] [           main] o.s.b.f.s.DefaultListableBeanFactory     : Autowiring by type from bean name 'org.springframework.boot.autoconfigure.orm.jpa.JpaBaseConfiguration$JpaWebConfiguration' via constructor to bean named 'spring.jpa-org.springframework.boot.autoconfigure.orm.jpa.JpaProperties'
2025-01-15T10:00:16.915+07:00 DEBUG 7884 --- [OrderManagement_jOOQ] [           main] o.s.b.f.s.DefaultListableBeanFactory     : Creating shared instance of singleton bean 'openEntityManagerInViewInterceptor'
2025-01-15T10:00:16.918+07:00  WARN 7884 --- [OrderManagement_jOOQ] [           main] JpaBaseConfiguration$JpaWebConfiguration : spring.jpa.open-in-view is enabled by default. Therefore, database queries may be performed during view rendering. Explicitly configure spring.jpa.open-in-view to disable this warning
2025-01-15T10:00:16.932+07:00 DEBUG 7884 --- [OrderManagement_jOOQ] [           main] o.s.b.f.s.DefaultListableBeanFactory     : Autowiring by type from bean name 'openEntityManagerInViewInterceptorConfigurer' via factory method to bean named 'openEntityManagerInViewInterceptor'
2025-01-15T10:00:16.935+07:00 DEBUG 7884 --- [OrderManagement_jOOQ] [           main] o.s.b.f.s.DefaultListableBeanFactory     : Creating shared instance of singleton bean 'org.springframework.data.web.config.SpringDataWebConfiguration'
2025-01-15T10:00:16.936+07:00 DEBUG 7884 --- [OrderManagement_jOOQ] [           main] o.s.b.f.s.DefaultListableBeanFactory     : Autowiring by type from bean name 'org.springframework.data.web.config.SpringDataWebConfiguration' via constructor to bean named 'org.springframework.web.context.support.GenericWebApplicationContext@3a80515c'
2025-01-15T10:00:16.952+07:00 DEBUG 7884 --- [OrderManagement_jOOQ] [           main] swordEncoderAuthenticationManagerBuilder : No authenticationProviders and no parentAuthenticationManager defined. Returning null.
2025-01-15T10:00:17.048+07:00 DEBUG 7884 --- [OrderManagement_jOOQ] [           main] o.s.b.f.s.DefaultListableBeanFactory     : Creating shared instance of singleton bean 'mvcHandlerMappingIntrospectorRequestTransformer'
2025-01-15T10:00:17.049+07:00 DEBUG 7884 --- [OrderManagement_jOOQ] [           main] o.s.b.f.s.DefaultListableBeanFactory     : Creating shared instance of singleton bean 'mvcHandlerMappingIntrospector'
2025-01-15T10:00:17.055+07:00 DEBUG 7884 --- [OrderManagement_jOOQ] [           main] o.s.b.f.s.DefaultListableBeanFactory     : Creating shared instance of singleton bean 'welcomePageHandlerMapping'
2025-01-15T10:00:17.056+07:00 DEBUG 7884 --- [OrderManagement_jOOQ] [           main] o.s.b.f.s.DefaultListableBeanFactory     : Creating shared instance of singleton bean 'mvcConversionService'
2025-01-15T10:00:17.059+07:00 DEBUG 7884 --- [OrderManagement_jOOQ] [           main] o.s.b.f.s.DefaultListableBeanFactory     : Creating shared instance of singleton bean 'jwtAuthenticationConverter'
2025-01-15T10:00:17.071+07:00 DEBUG 7884 --- [OrderManagement_jOOQ] [           main] o.s.b.f.s.DefaultListableBeanFactory     : Creating shared instance of singleton bean 'mvcResourceUrlProvider'
2025-01-15T10:00:17.074+07:00 DEBUG 7884 --- [OrderManagement_jOOQ] [           main] o.s.b.f.s.DefaultListableBeanFactory     : Autowiring by type from bean name 'welcomePageHandlerMapping' via factory method to bean named 'org.springframework.web.context.support.GenericWebApplicationContext@3a80515c'
2025-01-15T10:00:17.074+07:00 DEBUG 7884 --- [OrderManagement_jOOQ] [           main] o.s.b.f.s.DefaultListableBeanFactory     : Autowiring by type from bean name 'welcomePageHandlerMapping' via factory method to bean named 'mvcConversionService'
2025-01-15T10:00:17.074+07:00 DEBUG 7884 --- [OrderManagement_jOOQ] [           main] o.s.b.f.s.DefaultListableBeanFactory     : Autowiring by type from bean name 'welcomePageHandlerMapping' via factory method to bean named 'mvcResourceUrlProvider'
2025-01-15T10:00:17.102+07:00 DEBUG 7884 --- [OrderManagement_jOOQ] [           main] o.s.b.f.s.DefaultListableBeanFactory     : Creating shared instance of singleton bean 'welcomePageNotAcceptableHandlerMapping'
2025-01-15T10:00:17.103+07:00 DEBUG 7884 --- [OrderManagement_jOOQ] [           main] o.s.b.f.s.DefaultListableBeanFactory     : Autowiring by type from bean name 'welcomePageNotAcceptableHandlerMapping' via factory method to bean named 'org.springframework.web.context.support.GenericWebApplicationContext@3a80515c'
2025-01-15T10:00:17.103+07:00 DEBUG 7884 --- [OrderManagement_jOOQ] [           main] o.s.b.f.s.DefaultListableBeanFactory     : Autowiring by type from bean name 'welcomePageNotAcceptableHandlerMapping' via factory method to bean named 'mvcConversionService'
2025-01-15T10:00:17.103+07:00 DEBUG 7884 --- [OrderManagement_jOOQ] [           main] o.s.b.f.s.DefaultListableBeanFactory     : Autowiring by type from bean name 'welcomePageNotAcceptableHandlerMapping' via factory method to bean named 'mvcResourceUrlProvider'
2025-01-15T10:00:17.109+07:00 DEBUG 7884 --- [OrderManagement_jOOQ] [           main] o.s.b.f.s.DefaultListableBeanFactory     : Creating shared instance of singleton bean 'requestMappingHandlerMapping'
2025-01-15T10:00:17.111+07:00 DEBUG 7884 --- [OrderManagement_jOOQ] [           main] o.s.b.f.s.DefaultListableBeanFactory     : Autowiring by type from bean name 'requestMappingHandlerMapping' via factory method to bean named 'mvcContentNegotiationManager'
2025-01-15T10:00:17.111+07:00 DEBUG 7884 --- [OrderManagement_jOOQ] [           main] o.s.b.f.s.DefaultListableBeanFactory     : Autowiring by type from bean name 'requestMappingHandlerMapping' via factory method to bean named 'mvcConversionService'
2025-01-15T10:00:17.111+07:00 DEBUG 7884 --- [OrderManagement_jOOQ] [           main] o.s.b.f.s.DefaultListableBeanFactory     : Autowiring by type from bean name 'requestMappingHandlerMapping' via factory method to bean named 'mvcResourceUrlProvider'
2025-01-15T10:00:17.178+07:00 DEBUG 7884 --- [OrderManagement_jOOQ] [           main] _.s.web.servlet.HandlerMapping.Mappings  : 
	o.e.o.c.AuthController:
	{POST [/auth]}: register(AuthenticationRequest)
2025-01-15T10:00:17.188+07:00 DEBUG 7884 --- [OrderManagement_jOOQ] [           main] _.s.web.servlet.HandlerMapping.Mappings  : 
	o.e.o.c.OrderController:
	{DELETE [/order/{id}]}: delete(Long)
	{POST [/order]}: save(OrderRequest)
	{PATCH [/order/{id}]}: changeStatusOrder(Long,StatusOrder)
	{GET [/order/search]}: searchOrders(List,Pageable)
	{GET [/order/{id}]}: getById(Long)
2025-01-15T10:00:17.189+07:00 DEBUG 7884 --- [OrderManagement_jOOQ] [           main] _.s.web.servlet.HandlerMapping.Mappings  : 
	o.e.o.c.ProductController:
	
2025-01-15T10:00:17.199+07:00 DEBUG 7884 --- [OrderManagement_jOOQ] [           main] _.s.web.servlet.HandlerMapping.Mappings  : 
	o.s.b.a.w.s.e.BasicErrorController:
	{ [/error]}: error(HttpServletRequest)
	{ [/error], produces [text/html]}: errorHtml(HttpServletRequest,HttpServletResponse)
2025-01-15T10:00:17.205+07:00 DEBUG 7884 --- [OrderManagement_jOOQ] [           main] s.w.s.m.m.a.RequestMappingHandlerMapping : 8 mappings in 'requestMappingHandlerMapping'
2025-01-15T10:00:17.211+07:00 DEBUG 7884 --- [OrderManagement_jOOQ] [           main] o.s.b.f.s.DefaultListableBeanFactory     : Creating shared instance of singleton bean 'viewControllerHandlerMapping'
2025-01-15T10:00:17.212+07:00 DEBUG 7884 --- [OrderManagement_jOOQ] [           main] o.s.b.f.s.DefaultListableBeanFactory     : Autowiring by type from bean name 'viewControllerHandlerMapping' via factory method to bean named 'mvcConversionService'
2025-01-15T10:00:17.212+07:00 DEBUG 7884 --- [OrderManagement_jOOQ] [           main] o.s.b.f.s.DefaultListableBeanFactory     : Autowiring by type from bean name 'viewControllerHandlerMapping' via factory method to bean named 'mvcResourceUrlProvider'
2025-01-15T10:00:17.213+07:00 DEBUG 7884 --- [OrderManagement_jOOQ] [           main] o.s.b.f.s.DefaultListableBeanFactory     : Creating shared instance of singleton bean 'beanNameHandlerMapping'
2025-01-15T10:00:17.214+07:00 DEBUG 7884 --- [OrderManagement_jOOQ] [           main] o.s.b.f.s.DefaultListableBeanFactory     : Autowiring by type from bean name 'beanNameHandlerMapping' via factory method to bean named 'mvcConversionService'
2025-01-15T10:00:17.214+07:00 DEBUG 7884 --- [OrderManagement_jOOQ] [           main] o.s.b.f.s.DefaultListableBeanFactory     : Autowiring by type from bean name 'beanNameHandlerMapping' via factory method to bean named 'mvcResourceUrlProvider'
2025-01-15T10:00:17.217+07:00 DEBUG 7884 --- [OrderManagement_jOOQ] [           main] _.s.web.servlet.HandlerMapping.Mappings  : 'beanNameHandlerMapping' {}
2025-01-15T10:00:17.221+07:00 DEBUG 7884 --- [OrderManagement_jOOQ] [           main] o.s.b.f.s.DefaultListableBeanFactory     : Creating shared instance of singleton bean 'routerFunctionMapping'
2025-01-15T10:00:17.222+07:00 DEBUG 7884 --- [OrderManagement_jOOQ] [           main] o.s.b.f.s.DefaultListableBeanFactory     : Autowiring by type from bean name 'routerFunctionMapping' via factory method to bean named 'mvcConversionService'
2025-01-15T10:00:17.222+07:00 DEBUG 7884 --- [OrderManagement_jOOQ] [           main] o.s.b.f.s.DefaultListableBeanFactory     : Autowiring by type from bean name 'routerFunctionMapping' via factory method to bean named 'mvcResourceUrlProvider'
2025-01-15T10:00:17.225+07:00 DEBUG 7884 --- [OrderManagement_jOOQ] [           main] o.s.b.f.s.DefaultListableBeanFactory     : Creating shared instance of singleton bean 'messageConverters'
2025-01-15T10:00:17.225+07:00 DEBUG 7884 --- [OrderManagement_jOOQ] [           main] o.s.b.f.s.DefaultListableBeanFactory     : Creating shared instance of singleton bean 'org.springframework.boot.autoconfigure.http.HttpMessageConvertersAutoConfiguration'
2025-01-15T10:00:17.230+07:00 DEBUG 7884 --- [OrderManagement_jOOQ] [           main] o.s.b.f.s.DefaultListableBeanFactory     : Creating shared instance of singleton bean 'stringHttpMessageConverter'
2025-01-15T10:00:17.230+07:00 DEBUG 7884 --- [OrderManagement_jOOQ] [           main] o.s.b.f.s.DefaultListableBeanFactory     : Creating shared instance of singleton bean 'org.springframework.boot.autoconfigure.http.HttpMessageConvertersAutoConfiguration$StringHttpMessageConverterConfiguration'
2025-01-15T10:00:17.232+07:00 DEBUG 7884 --- [OrderManagement_jOOQ] [           main] o.s.b.f.s.DefaultListableBeanFactory     : Autowiring by type from bean name 'stringHttpMessageConverter' via factory method to bean named 'environment'
2025-01-15T10:00:17.238+07:00 DEBUG 7884 --- [OrderManagement_jOOQ] [           main] o.s.b.f.s.DefaultListableBeanFactory     : Creating shared instance of singleton bean 'mappingJackson2HttpMessageConverter'
2025-01-15T10:00:17.240+07:00 DEBUG 7884 --- [OrderManagement_jOOQ] [           main] o.s.b.f.s.DefaultListableBeanFactory     : Creating shared instance of singleton bean 'org.springframework.boot.autoconfigure.http.JacksonHttpMessageConvertersConfiguration$MappingJackson2HttpMessageConverterConfiguration'
2025-01-15T10:00:17.240+07:00 DEBUG 7884 --- [OrderManagement_jOOQ] [           main] o.s.b.f.s.DefaultListableBeanFactory     : Creating shared instance of singleton bean 'jacksonObjectMapper'
2025-01-15T10:00:17.240+07:00 DEBUG 7884 --- [OrderManagement_jOOQ] [           main] o.s.b.f.s.DefaultListableBeanFactory     : Creating shared instance of singleton bean 'org.springframework.boot.autoconfigure.jackson.JacksonAutoConfiguration$JacksonObjectMapperConfiguration'
2025-01-15T10:00:17.242+07:00 DEBUG 7884 --- [OrderManagement_jOOQ] [           main] o.s.b.f.s.DefaultListableBeanFactory     : Creating shared instance of singleton bean 'org.springframework.boot.autoconfigure.jackson.JacksonAutoConfiguration$JacksonObjectMapperBuilderConfiguration'
2025-01-15T10:00:17.244+07:00 DEBUG 7884 --- [OrderManagement_jOOQ] [           main] o.s.b.f.s.DefaultListableBeanFactory     : Creating shared instance of singleton bean 'standardJacksonObjectMapperBuilderCustomizer'
2025-01-15T10:00:17.244+07:00 DEBUG 7884 --- [OrderManagement_jOOQ] [           main] o.s.b.f.s.DefaultListableBeanFactory     : Creating shared instance of singleton bean 'org.springframework.boot.autoconfigure.jackson.JacksonAutoConfiguration$Jackson2ObjectMapperBuilderCustomizerConfiguration'
2025-01-15T10:00:17.245+07:00 DEBUG 7884 --- [OrderManagement_jOOQ] [           main] o.s.b.f.s.DefaultListableBeanFactory     : Creating shared instance of singleton bean 'spring.jackson-org.springframework.boot.autoconfigure.jackson.JacksonProperties'
2025-01-15T10:00:17.251+07:00 DEBUG 7884 --- [OrderManagement_jOOQ] [           main] o.s.b.f.s.DefaultListableBeanFactory     : Autowiring by type from bean name 'standardJacksonObjectMapperBuilderCustomizer' via factory method to bean named 'spring.jackson-org.springframework.boot.autoconfigure.jackson.JacksonProperties'
2025-01-15T10:00:17.253+07:00 DEBUG 7884 --- [OrderManagement_jOOQ] [           main] o.s.b.f.s.DefaultListableBeanFactory     : Creating shared instance of singleton bean 'parameterNamesModule'
2025-01-15T10:00:17.254+07:00 DEBUG 7884 --- [OrderManagement_jOOQ] [           main] o.s.b.f.s.DefaultListableBeanFactory     : Creating shared instance of singleton bean 'org.springframework.boot.autoconfigure.jackson.JacksonAutoConfiguration$ParameterNamesModuleConfiguration'
2025-01-15T10:00:17.260+07:00 DEBUG 7884 --- [OrderManagement_jOOQ] [           main] o.s.b.f.s.DefaultListableBeanFactory     : Creating shared instance of singleton bean 'jsonMixinModule'
2025-01-15T10:00:17.260+07:00 DEBUG 7884 --- [OrderManagement_jOOQ] [           main] o.s.b.f.s.DefaultListableBeanFactory     : Creating shared instance of singleton bean 'org.springframework.boot.autoconfigure.jackson.JacksonAutoConfiguration$JacksonMixinConfiguration'
2025-01-15T10:00:17.261+07:00 DEBUG 7884 --- [OrderManagement_jOOQ] [           main] o.s.b.f.s.DefaultListableBeanFactory     : Creating shared instance of singleton bean 'jsonMixinModuleEntries'
2025-01-15T10:00:17.261+07:00 DEBUG 7884 --- [OrderManagement_jOOQ] [           main] o.s.b.f.s.DefaultListableBeanFactory     : Autowiring by type from bean name 'jsonMixinModuleEntries' via factory method to bean named 'org.springframework.web.context.support.GenericWebApplicationContext@3a80515c'
2025-01-15T10:00:17.273+07:00 DEBUG 7884 --- [OrderManagement_jOOQ] [           main] o.s.b.f.s.DefaultListableBeanFactory     : Autowiring by type from bean name 'jsonMixinModule' via factory method to bean named 'org.springframework.web.context.support.GenericWebApplicationContext@3a80515c'
2025-01-15T10:00:17.273+07:00 DEBUG 7884 --- [OrderManagement_jOOQ] [           main] o.s.b.f.s.DefaultListableBeanFactory     : Autowiring by type from bean name 'jsonMixinModule' via factory method to bean named 'jsonMixinModuleEntries'
2025-01-15T10:00:17.276+07:00 DEBUG 7884 --- [OrderManagement_jOOQ] [           main] o.s.b.f.s.DefaultListableBeanFactory     : Creating shared instance of singleton bean 'jsonComponentModule'
2025-01-15T10:00:17.276+07:00 DEBUG 7884 --- [OrderManagement_jOOQ] [           main] o.s.b.f.s.DefaultListableBeanFactory     : Creating shared instance of singleton bean 'org.springframework.boot.autoconfigure.jackson.JacksonAutoConfiguration'
2025-01-15T10:00:17.282+07:00 DEBUG 7884 --- [OrderManagement_jOOQ] [           main] o.s.b.f.s.DefaultListableBeanFactory     : Creating shared instance of singleton bean 'jacksonGeoModule'
2025-01-15T10:00:17.283+07:00 DEBUG 7884 --- [OrderManagement_jOOQ] [           main] o.s.b.f.s.DefaultListableBeanFactory     : Creating shared instance of singleton bean 'org.springframework.data.web.config.SpringDataJacksonConfiguration'
2025-01-15T10:00:17.284+07:00 DEBUG 7884 --- [OrderManagement_jOOQ] [           main] o.s.b.f.s.DefaultListableBeanFactory     : Creating shared instance of singleton bean 'org.springframework.data.web.config.SpringDataWebSettings'
2025-01-15T10:00:17.294+07:00 DEBUG 7884 --- [OrderManagement_jOOQ] [           main] o.s.b.f.s.DefaultListableBeanFactory     : Creating shared instance of singleton bean 'pageModule'
2025-01-15T10:00:17.299+07:00 DEBUG 7884 --- [OrderManagement_jOOQ] [           main] o.s.b.f.s.DefaultListableBeanFactory     : Autowiring by type from bean name 'jacksonObjectMapperBuilder' via factory method to bean named 'org.springframework.web.context.support.GenericWebApplicationContext@3a80515c'
2025-01-15T10:00:17.299+07:00 DEBUG 7884 --- [OrderManagement_jOOQ] [           main] o.s.b.f.s.DefaultListableBeanFactory     : Autowiring by type from bean name 'jacksonObjectMapperBuilder' via factory method to bean named 'standardJacksonObjectMapperBuilderCustomizer'
2025-01-15T10:00:17.303+07:00 DEBUG 7884 --- [OrderManagement_jOOQ] [           main] o.s.b.f.s.DefaultListableBeanFactory     : Autowiring by type from bean name 'jacksonObjectMapper' via factory method to bean named 'jacksonObjectMapperBuilder'
2025-01-15T10:00:17.337+07:00 DEBUG 7884 --- [OrderManagement_jOOQ] [           main] o.s.b.f.s.DefaultListableBeanFactory     : Autowiring by type from bean name 'mappingJackson2HttpMessageConverter' via factory method to bean named 'jacksonObjectMapper'
2025-01-15T10:00:17.420+07:00 DEBUG 7884 --- [OrderManagement_jOOQ] [           main] o.s.b.f.s.DefaultListableBeanFactory     : Creating shared instance of singleton bean 'resourceHandlerMapping'
2025-01-15T10:00:17.421+07:00 DEBUG 7884 --- [OrderManagement_jOOQ] [           main] o.s.b.f.s.DefaultListableBeanFactory     : Autowiring by type from bean name 'resourceHandlerMapping' via factory method to bean named 'mvcContentNegotiationManager'
2025-01-15T10:00:17.422+07:00 DEBUG 7884 --- [OrderManagement_jOOQ] [           main] o.s.b.f.s.DefaultListableBeanFactory     : Autowiring by type from bean name 'resourceHandlerMapping' via factory method to bean named 'mvcConversionService'
2025-01-15T10:00:17.422+07:00 DEBUG 7884 --- [OrderManagement_jOOQ] [           main] o.s.b.f.s.DefaultListableBeanFactory     : Autowiring by type from bean name 'resourceHandlerMapping' via factory method to bean named 'mvcResourceUrlProvider'
2025-01-15T10:00:17.441+07:00 DEBUG 7884 --- [OrderManagement_jOOQ] [           main] _.s.web.servlet.HandlerMapping.Mappings  : 'resourceHandlerMapping' {/webjars/**=ResourceHttpRequestHandler [classpath [META-INF/resources/webjars/]], /**=ResourceHttpRequestHandler [classpath [META-INF/resources/], classpath [resources/], classpath [static/], classpath [public/], ServletContext [/]]}
2025-01-15T10:00:17.443+07:00 DEBUG 7884 --- [OrderManagement_jOOQ] [           main] o.s.b.f.s.DefaultListableBeanFactory     : Creating shared instance of singleton bean 'defaultServletHandlerMapping'
2025-01-15T10:00:17.453+07:00 DEBUG 7884 --- [OrderManagement_jOOQ] [           main] o.s.b.f.s.DefaultListableBeanFactory     : Creating shared instance of singleton bean 'filterChain'
2025-01-15T10:00:17.454+07:00 DEBUG 7884 --- [OrderManagement_jOOQ] [           main] o.s.b.f.s.DefaultListableBeanFactory     : Autowiring by type from bean name 'filterChain' via factory method to bean named 'org.springframework.security.config.annotation.web.configuration.HttpSecurityConfiguration.httpSecurity'
2025-01-15T10:00:17.517+07:00 DEBUG 7884 --- [OrderManagement_jOOQ] [           main] o.s.s.web.DefaultSecurityFilterChain     : Will secure any request with filters: DisableEncodeUrlFilter, WebAsyncManagerIntegrationFilter, SecurityContextHolderFilter, HeaderWriterFilter, LogoutFilter, BearerTokenAuthenticationFilter, RequestCacheAwareFilter, SecurityContextHolderAwareRequestFilter, AnonymousAuthenticationFilter, ExceptionTranslationFilter, AuthorizationFilter
2025-01-15T10:00:17.520+07:00 DEBUG 7884 --- [OrderManagement_jOOQ] [           main] o.s.b.f.s.DefaultListableBeanFactory     : Creating shared instance of singleton bean 'delegatingApplicationListener'
2025-01-15T10:00:17.521+07:00 DEBUG 7884 --- [OrderManagement_jOOQ] [           main] o.s.b.f.s.DefaultListableBeanFactory     : Creating shared instance of singleton bean 'springSecurityFilterChain'
2025-01-15T10:00:17.542+07:00 DEBUG 7884 --- [OrderManagement_jOOQ] [           main] o.s.b.f.s.DefaultListableBeanFactory     : Creating shared instance of singleton bean 'webSecurityExpressionHandler'
2025-01-15T10:00:17.543+07:00 DEBUG 7884 --- [OrderManagement_jOOQ] [           main] o.s.b.f.s.DefaultListableBeanFactory     : Creating shared instance of singleton bean 'privilegeEvaluator'
2025-01-15T10:00:17.545+07:00 DEBUG 7884 --- [OrderManagement_jOOQ] [           main] o.s.b.f.s.DefaultListableBeanFactory     : Creating shared instance of singleton bean 'requestDataValueProcessor'
2025-01-15T10:00:17.547+07:00 DEBUG 7884 --- [OrderManagement_jOOQ] [           main] o.s.b.f.s.DefaultListableBeanFactory     : Creating shared instance of singleton bean 'org.springframework.boot.autoconfigure.context.PropertyPlaceholderAutoConfiguration'
2025-01-15T10:00:17.548+07:00 DEBUG 7884 --- [OrderManagement_jOOQ] [           main] o.s.b.f.s.DefaultListableBeanFactory     : Creating shared instance of singleton bean 'org.springframework.boot.autoconfigure.ssl.SslAutoConfiguration'
2025-01-15T10:00:17.549+07:00 DEBUG 7884 --- [OrderManagement_jOOQ] [           main] o.s.b.f.s.DefaultListableBeanFactory     : Creating shared instance of singleton bean 'spring.ssl-org.springframework.boot.autoconfigure.ssl.SslProperties'
2025-01-15T10:00:17.553+07:00 DEBUG 7884 --- [OrderManagement_jOOQ] [           main] o.s.b.f.s.DefaultListableBeanFactory     : Autowiring by type from bean name 'org.springframework.boot.autoconfigure.ssl.SslAutoConfiguration' via constructor to bean named 'spring.ssl-org.springframework.boot.autoconfigure.ssl.SslProperties'
2025-01-15T10:00:17.553+07:00 DEBUG 7884 --- [OrderManagement_jOOQ] [           main] o.s.b.f.s.DefaultListableBeanFactory     : Creating shared instance of singleton bean 'fileWatcher'
2025-01-15T10:00:17.555+07:00 DEBUG 7884 --- [OrderManagement_jOOQ] [           main] o.s.b.f.s.DefaultListableBeanFactory     : Creating shared instance of singleton bean 'sslPropertiesSslBundleRegistrar'
2025-01-15T10:00:17.556+07:00 DEBUG 7884 --- [OrderManagement_jOOQ] [           main] o.s.b.f.s.DefaultListableBeanFactory     : Autowiring by type from bean name 'sslPropertiesSslBundleRegistrar' via factory method to bean named 'fileWatcher'
2025-01-15T10:00:17.559+07:00 DEBUG 7884 --- [OrderManagement_jOOQ] [           main] o.s.b.f.s.DefaultListableBeanFactory     : Creating shared instance of singleton bean 'sslBundleRegistry'
2025-01-15T10:00:17.568+07:00 DEBUG 7884 --- [OrderManagement_jOOQ] [           main] o.s.b.f.s.DefaultListableBeanFactory     : Creating shared instance of singleton bean 'org.springframework.boot.autoconfigure.websocket.servlet.WebSocketServletAutoConfiguration$TomcatWebSocketConfiguration'
2025-01-15T10:00:17.569+07:00 DEBUG 7884 --- [OrderManagement_jOOQ] [           main] o.s.b.f.s.DefaultListableBeanFactory     : Creating shared instance of singleton bean 'websocketServletWebServerCustomizer'
2025-01-15T10:00:17.572+07:00 DEBUG 7884 --- [OrderManagement_jOOQ] [           main] o.s.b.f.s.DefaultListableBeanFactory     : Creating shared instance of singleton bean 'org.springframework.boot.autoconfigure.websocket.servlet.WebSocketServletAutoConfiguration'
2025-01-15T10:00:17.573+07:00 DEBUG 7884 --- [OrderManagement_jOOQ] [           main] o.s.b.f.s.DefaultListableBeanFactory     : Creating shared instance of singleton bean 'org.springframework.boot.autoconfigure.web.servlet.ServletWebServerFactoryConfiguration$EmbeddedTomcat'
2025-01-15T10:00:17.573+07:00 DEBUG 7884 --- [OrderManagement_jOOQ] [           main] o.s.b.f.s.DefaultListableBeanFactory     : Creating shared instance of singleton bean 'tomcatServletWebServerFactory'
2025-01-15T10:00:17.615+07:00 DEBUG 7884 --- [OrderManagement_jOOQ] [           main] o.a.catalina.core.AprLifecycleListener   : The Apache Tomcat Native library could not be found using names [tcnative-2, libtcnative-2, tcnative-1, libtcnative-1] on the java.library.path [C:\Program Files\Java\jdk-21\bin;C:\WINDOWS\Sun\Java\bin;C:\WINDOWS\system32;C:\WINDOWS;C:\Program Files\Common Files\Oracle\Java\javapath;C:\Program Files\Java\jdk-19\bin;C:\windows\system32;C:\windows;C:\windows\System32\Wbem;C:\windows\System32\WindowsPowerShell\v1.0\;C:\windows\System32\OpenSSH\;C:\Program Files (x86)\NVIDIA Corporation\PhysX\Common;C:\Program Files\dotnet\;C:\Program Files\NVIDIA Corporation\NVIDIA NvDLISR;C:\Program Files\Microsoft SQL Server\Client SDK\ODBC\170\Tools\Binn\;C:\Program Files (x86)\Microsoft SQL Server\150\Tools\Binn\;C:\Program Files\Microsoft SQL Server\150\Tools\Binn\;C:\Program Files\Microsoft SQL Server\150\DTS\Binn\;C:\Program Files (x86)\Microsoft SQL Server\150\DTS\Binn\;C:\Program Files\Azure Data Studio\bin;F:\common;C:\WINDOWS\system32;C:\WINDOWS;C:\WINDOWS\System32\Wbem;C:\WINDOWS\System32\WindowsPowerShell\v1.0\;C:\WINDOWS\System32\OpenSSH\;F:\;C:\Program Files\Docker\Docker\resources\bin;C:\Program Files\Git\cmd;C:\Program Files (x86)\dotnet\;C:\Program Files\apache-maven-3.9.9\bin;C:\Users\TGDD\AppData\Local\Programs\Python\Python313\Scripts\;C:\Users\TGDD\AppData\Local\Programs\Python\Python313\;C:\Users\TGDD\AppData\Local\Programs\Python\Launcher\;C:\Users\TGDD\AppData\Local\Microsoft\WindowsApps;C:\Program Files\Azure Data Studio\bin;C:\Users\TGDD\AppData\Local\Programs\Microsoft VS Code\bin;C:\Users\TGDD\AppData\Local\GitHubDesktop\bin;C:\Users\TGDD\AppData\Roaming\npm;C:\Users\TGDD\.dotnet\tools;;.]. The errors reported were [Can't load library: F:\MH_SOLUTION\OrderManagement_jOOQ\bin\tcnative-2.dll, Can't load library: F:\MH_SOLUTION\OrderManagement_jOOQ\bin\libtcnative-2.dll, Can't load library: F:\MH_SOLUTION\OrderManagement_jOOQ\bin\tcnative-1.dll, Can't load library: F:\MH_SOLUTION\OrderManagement_jOOQ\bin\libtcnative-1.dll, no tcnative-2 in java.library.path: C:\Program Files\Java\jdk-21\bin;C:\WINDOWS\Sun\Java\bin;C:\WINDOWS\system32;C:\WINDOWS;C:\Program Files\Common Files\Oracle\Java\javapath;C:\Program Files\Java\jdk-19\bin;C:\windows\system32;C:\windows;C:\windows\System32\Wbem;C:\windows\System32\WindowsPowerShell\v1.0\;C:\windows\System32\OpenSSH\;C:\Program Files (x86)\NVIDIA Corporation\PhysX\Common;C:\Program Files\dotnet\;C:\Program Files\NVIDIA Corporation\NVIDIA NvDLISR;C:\Program Files\Microsoft SQL Server\Client SDK\ODBC\170\Tools\Binn\;C:\Program Files (x86)\Microsoft SQL Server\150\Tools\Binn\;C:\Program Files\Microsoft SQL Server\150\Tools\Binn\;C:\Program Files\Microsoft SQL Server\150\DTS\Binn\;C:\Program Files (x86)\Microsoft SQL Server\150\DTS\Binn\;C:\Program Files\Azure Data Studio\bin;F:\common;C:\WINDOWS\system32;C:\WINDOWS;C:\WINDOWS\System32\Wbem;C:\WINDOWS\System32\WindowsPowerShell\v1.0\;C:\WINDOWS\System32\OpenSSH\;F:\;C:\Program Files\Docker\Docker\resources\bin;C:\Program Files\Git\cmd;C:\Program Files (x86)\dotnet\;C:\Program Files\apache-maven-3.9.9\bin;C:\Users\TGDD\AppData\Local\Programs\Python\Python313\Scripts\;C:\Users\TGDD\AppData\Local\Programs\Python\Python313\;C:\Users\TGDD\AppData\Local\Programs\Python\Launcher\;C:\Users\TGDD\AppData\Local\Microsoft\WindowsApps;C:\Program Files\Azure Data Studio\bin;C:\Users\TGDD\AppData\Local\Programs\Microsoft VS Code\bin;C:\Users\TGDD\AppData\Local\GitHubDesktop\bin;C:\Users\TGDD\AppData\Roaming\npm;C:\Users\TGDD\.dotnet\tools;;., no libtcnative-2 in java.library.path: C:\Program Files\Java\jdk-21\bin;C:\WINDOWS\Sun\Java\bin;C:\WINDOWS\system32;C:\WINDOWS;C:\Program Files\Common Files\Oracle\Java\javapath;C:\Program Files\Java\jdk-19\bin;C:\windows\system32;C:\windows;C:\windows\System32\Wbem;C:\windows\System32\WindowsPowerShell\v1.0\;C:\windows\System32\OpenSSH\;C:\Program Files (x86)\NVIDIA Corporation\PhysX\Common;C:\Program Files\dotnet\;C:\Program Files\NVIDIA Corporation\NVIDIA NvDLISR;C:\Program Files\Microsoft SQL Server\Client SDK\ODBC\170\Tools\Binn\;C:\Program Files (x86)\Microsoft SQL Server\150\Tools\Binn\;C:\Program Files\Microsoft SQL Server\150\Tools\Binn\;C:\Program Files\Microsoft SQL Server\150\DTS\Binn\;C:\Program Files (x86)\Microsoft SQL Server\150\DTS\Binn\;C:\Program Files\Azure Data Studio\bin;F:\common;C:\WINDOWS\system32;C:\WINDOWS;C:\WINDOWS\System32\Wbem;C:\WINDOWS\System32\WindowsPowerShell\v1.0\;C:\WINDOWS\System32\OpenSSH\;F:\;C:\Program Files\Docker\Docker\resources\bin;C:\Program Files\Git\cmd;C:\Program Files (x86)\dotnet\;C:\Program Files\apache-maven-3.9.9\bin;C:\Users\TGDD\AppData\Local\Programs\Python\Python313\Scripts\;C:\Users\TGDD\AppData\Local\Programs\Python\Python313\;C:\Users\TGDD\AppData\Local\Programs\Python\Launcher\;C:\Users\TGDD\AppData\Local\Microsoft\WindowsApps;C:\Program Files\Azure Data Studio\bin;C:\Users\TGDD\AppData\Local\Programs\Microsoft VS Code\bin;C:\Users\TGDD\AppData\Local\GitHubDesktop\bin;C:\Users\TGDD\AppData\Roaming\npm;C:\Users\TGDD\.dotnet\tools;;., no tcnative-1 in java.library.path: C:\Program Files\Java\jdk-21\bin;C:\WINDOWS\Sun\Java\bin;C:\WINDOWS\system32;C:\WINDOWS;C:\Program Files\Common Files\Oracle\Java\javapath;C:\Program Files\Java\jdk-19\bin;C:\windows\system32;C:\windows;C:\windows\System32\Wbem;C:\windows\System32\WindowsPowerShell\v1.0\;C:\windows\System32\OpenSSH\;C:\Program Files (x86)\NVIDIA Corporation\PhysX\Common;C:\Program Files\dotnet\;C:\Program Files\NVIDIA Corporation\NVIDIA NvDLISR;C:\Program Files\Microsoft SQL Server\Client SDK\ODBC\170\Tools\Binn\;C:\Program Files (x86)\Microsoft SQL Server\150\Tools\Binn\;C:\Program Files\Microsoft SQL Server\150\Tools\Binn\;C:\Program Files\Microsoft SQL Server\150\DTS\Binn\;C:\Program Files (x86)\Microsoft SQL Server\150\DTS\Binn\;C:\Program Files\Azure Data Studio\bin;F:\common;C:\WINDOWS\system32;C:\WINDOWS;C:\WINDOWS\System32\Wbem;C:\WINDOWS\System32\WindowsPowerShell\v1.0\;C:\WINDOWS\System32\OpenSSH\;F:\;C:\Program Files\Docker\Docker\resources\bin;C:\Program Files\Git\cmd;C:\Program Files (x86)\dotnet\;C:\Program Files\apache-maven-3.9.9\bin;C:\Users\TGDD\AppData\Local\Programs\Python\Python313\Scripts\;C:\Users\TGDD\AppData\Local\Programs\Python\Python313\;C:\Users\TGDD\AppData\Local\Programs\Python\Launcher\;C:\Users\TGDD\AppData\Local\Microsoft\WindowsApps;C:\Program Files\Azure Data Studio\bin;C:\Users\TGDD\AppData\Local\Programs\Microsoft VS Code\bin;C:\Users\TGDD\AppData\Local\GitHubDesktop\bin;C:\Users\TGDD\AppData\Roaming\npm;C:\Users\TGDD\.dotnet\tools;;., no libtcnative-1 in java.library.path: C:\Program Files\Java\jdk-21\bin;C:\WINDOWS\Sun\Java\bin;C:\WINDOWS\system32;C:\WINDOWS;C:\Program Files\Common Files\Oracle\Java\javapath;C:\Program Files\Java\jdk-19\bin;C:\windows\system32;C:\windows;C:\windows\System32\Wbem;C:\windows\System32\WindowsPowerShell\v1.0\;C:\windows\System32\OpenSSH\;C:\Program Files (x86)\NVIDIA Corporation\PhysX\Common;C:\Program Files\dotnet\;C:\Program Files\NVIDIA Corporation\NVIDIA NvDLISR;C:\Program Files\Microsoft SQL Server\Client SDK\ODBC\170\Tools\Binn\;C:\Program Files (x86)\Microsoft SQL Server\150\Tools\Binn\;C:\Program Files\Microsoft SQL Server\150\Tools\Binn\;C:\Program Files\Microsoft SQL Server\150\DTS\Binn\;C:\Program Files (x86)\Microsoft SQL Server\150\DTS\Binn\;C:\Program Files\Azure Data Studio\bin;F:\common;C:\WINDOWS\system32;C:\WINDOWS;C:\WINDOWS\System32\Wbem;C:\WINDOWS\System32\WindowsPowerShell\v1.0\;C:\WINDOWS\System32\OpenSSH\;F:\;C:\Program Files\Docker\Docker\resources\bin;C:\Program Files\Git\cmd;C:\Program Files (x86)\dotnet\;C:\Program Files\apache-maven-3.9.9\bin;C:\Users\TGDD\AppData\Local\Programs\Python\Python313\Scripts\;C:\Users\TGDD\AppData\Local\Programs\Python\Python313\;C:\Users\TGDD\AppData\Local\Programs\Python\Launcher\;C:\Users\TGDD\AppData\Local\Microsoft\WindowsApps;C:\Program Files\Azure Data Studio\bin;C:\Users\TGDD\AppData\Local\Programs\Microsoft VS Code\bin;C:\Users\TGDD\AppData\Local\GitHubDesktop\bin;C:\Users\TGDD\AppData\Roaming\npm;C:\Users\TGDD\.dotnet\tools;;.]

org.apache.tomcat.jni.LibraryNotFoundError: Can't load library: F:\MH_SOLUTION\OrderManagement_jOOQ\bin\tcnative-2.dll, Can't load library: F:\MH_SOLUTION\OrderManagement_jOOQ\bin\libtcnative-2.dll, Can't load library: F:\MH_SOLUTION\OrderManagement_jOOQ\bin\tcnative-1.dll, Can't load library: F:\MH_SOLUTION\OrderManagement_jOOQ\bin\libtcnative-1.dll, no tcnative-2 in java.library.path: C:\Program Files\Java\jdk-21\bin;C:\WINDOWS\Sun\Java\bin;C:\WINDOWS\system32;C:\WINDOWS;C:\Program Files\Common Files\Oracle\Java\javapath;C:\Program Files\Java\jdk-19\bin;C:\windows\system32;C:\windows;C:\windows\System32\Wbem;C:\windows\System32\WindowsPowerShell\v1.0\;C:\windows\System32\OpenSSH\;C:\Program Files (x86)\NVIDIA Corporation\PhysX\Common;C:\Program Files\dotnet\;C:\Program Files\NVIDIA Corporation\NVIDIA NvDLISR;C:\Program Files\Microsoft SQL Server\Client SDK\ODBC\170\Tools\Binn\;C:\Program Files (x86)\Microsoft SQL Server\150\Tools\Binn\;C:\Program Files\Microsoft SQL Server\150\Tools\Binn\;C:\Program Files\Microsoft SQL Server\150\DTS\Binn\;C:\Program Files (x86)\Microsoft SQL Server\150\DTS\Binn\;C:\Program Files\Azure Data Studio\bin;F:\common;C:\WINDOWS\system32;C:\WINDOWS;C:\WINDOWS\System32\Wbem;C:\WINDOWS\System32\WindowsPowerShell\v1.0\;C:\WINDOWS\System32\OpenSSH\;F:\;C:\Program Files\Docker\Docker\resources\bin;C:\Program Files\Git\cmd;C:\Program Files (x86)\dotnet\;C:\Program Files\apache-maven-3.9.9\bin;C:\Users\TGDD\AppData\Local\Programs\Python\Python313\Scripts\;C:\Users\TGDD\AppData\Local\Programs\Python\Python313\;C:\Users\TGDD\AppData\Local\Programs\Python\Launcher\;C:\Users\TGDD\AppData\Local\Microsoft\WindowsApps;C:\Program Files\Azure Data Studio\bin;C:\Users\TGDD\AppData\Local\Programs\Microsoft VS Code\bin;C:\Users\TGDD\AppData\Local\GitHubDesktop\bin;C:\Users\TGDD\AppData\Roaming\npm;C:\Users\TGDD\.dotnet\tools;;., no libtcnative-2 in java.library.path: C:\Program Files\Java\jdk-21\bin;C:\WINDOWS\Sun\Java\bin;C:\WINDOWS\system32;C:\WINDOWS;C:\Program Files\Common Files\Oracle\Java\javapath;C:\Program Files\Java\jdk-19\bin;C:\windows\system32;C:\windows;C:\windows\System32\Wbem;C:\windows\System32\WindowsPowerShell\v1.0\;C:\windows\System32\OpenSSH\;C:\Program Files (x86)\NVIDIA Corporation\PhysX\Common;C:\Program Files\dotnet\;C:\Program Files\NVIDIA Corporation\NVIDIA NvDLISR;C:\Program Files\Microsoft SQL Server\Client SDK\ODBC\170\Tools\Binn\;C:\Program Files (x86)\Microsoft SQL Server\150\Tools\Binn\;C:\Program Files\Microsoft SQL Server\150\Tools\Binn\;C:\Program Files\Microsoft SQL Server\150\DTS\Binn\;C:\Program Files (x86)\Microsoft SQL Server\150\DTS\Binn\;C:\Program Files\Azure Data Studio\bin;F:\common;C:\WINDOWS\system32;C:\WINDOWS;C:\WINDOWS\System32\Wbem;C:\WINDOWS\System32\WindowsPowerShell\v1.0\;C:\WINDOWS\System32\OpenSSH\;F:\;C:\Program Files\Docker\Docker\resources\bin;C:\Program Files\Git\cmd;C:\Program Files (x86)\dotnet\;C:\Program Files\apache-maven-3.9.9\bin;C:\Users\TGDD\AppData\Local\Programs\Python\Python313\Scripts\;C:\Users\TGDD\AppData\Local\Programs\Python\Python313\;C:\Users\TGDD\AppData\Local\Programs\Python\Launcher\;C:\Users\TGDD\AppData\Local\Microsoft\WindowsApps;C:\Program Files\Azure Data Studio\bin;C:\Users\TGDD\AppData\Local\Programs\Microsoft VS Code\bin;C:\Users\TGDD\AppData\Local\GitHubDesktop\bin;C:\Users\TGDD\AppData\Roaming\npm;C:\Users\TGDD\.dotnet\tools;;., no tcnative-1 in java.library.path: C:\Program Files\Java\jdk-21\bin;C:\WINDOWS\Sun\Java\bin;C:\WINDOWS\system32;C:\WINDOWS;C:\Program Files\Common Files\Oracle\Java\javapath;C:\Program Files\Java\jdk-19\bin;C:\windows\system32;C:\windows;C:\windows\System32\Wbem;C:\windows\System32\WindowsPowerShell\v1.0\;C:\windows\System32\OpenSSH\;C:\Program Files (x86)\NVIDIA Corporation\PhysX\Common;C:\Program Files\dotnet\;C:\Program Files\NVIDIA Corporation\NVIDIA NvDLISR;C:\Program Files\Microsoft SQL Server\Client SDK\ODBC\170\Tools\Binn\;C:\Program Files (x86)\Microsoft SQL Server\150\Tools\Binn\;C:\Program Files\Microsoft SQL Server\150\Tools\Binn\;C:\Program Files\Microsoft SQL Server\150\DTS\Binn\;C:\Program Files (x86)\Microsoft SQL Server\150\DTS\Binn\;C:\Program Files\Azure Data Studio\bin;F:\common;C:\WINDOWS\system32;C:\WINDOWS;C:\WINDOWS\System32\Wbem;C:\WINDOWS\System32\WindowsPowerShell\v1.0\;C:\WINDOWS\System32\OpenSSH\;F:\;C:\Program Files\Docker\Docker\resources\bin;C:\Program Files\Git\cmd;C:\Program Files (x86)\dotnet\;C:\Program Files\apache-maven-3.9.9\bin;C:\Users\TGDD\AppData\Local\Programs\Python\Python313\Scripts\;C:\Users\TGDD\AppData\Local\Programs\Python\Python313\;C:\Users\TGDD\AppData\Local\Programs\Python\Launcher\;C:\Users\TGDD\AppData\Local\Microsoft\WindowsApps;C:\Program Files\Azure Data Studio\bin;C:\Users\TGDD\AppData\Local\Programs\Microsoft VS Code\bin;C:\Users\TGDD\AppData\Local\GitHubDesktop\bin;C:\Users\TGDD\AppData\Roaming\npm;C:\Users\TGDD\.dotnet\tools;;., no libtcnative-1 in java.library.path: C:\Program Files\Java\jdk-21\bin;C:\WINDOWS\Sun\Java\bin;C:\WINDOWS\system32;C:\WINDOWS;C:\Program Files\Common Files\Oracle\Java\javapath;C:\Program Files\Java\jdk-19\bin;C:\windows\system32;C:\windows;C:\windows\System32\Wbem;C:\windows\System32\WindowsPowerShell\v1.0\;C:\windows\System32\OpenSSH\;C:\Program Files (x86)\NVIDIA Corporation\PhysX\Common;C:\Program Files\dotnet\;C:\Program Files\NVIDIA Corporation\NVIDIA NvDLISR;C:\Program Files\Microsoft SQL Server\Client SDK\ODBC\170\Tools\Binn\;C:\Program Files (x86)\Microsoft SQL Server\150\Tools\Binn\;C:\Program Files\Microsoft SQL Server\150\Tools\Binn\;C:\Program Files\Microsoft SQL Server\150\DTS\Binn\;C:\Program Files (x86)\Microsoft SQL Server\150\DTS\Binn\;C:\Program Files\Azure Data Studio\bin;F:\common;C:\WINDOWS\system32;C:\WINDOWS;C:\WINDOWS\System32\Wbem;C:\WINDOWS\System32\WindowsPowerShell\v1.0\;C:\WINDOWS\System32\OpenSSH\;F:\;C:\Program Files\Docker\Docker\resources\bin;C:\Program Files\Git\cmd;C:\Program Files (x86)\dotnet\;C:\Program Files\apache-maven-3.9.9\bin;C:\Users\TGDD\AppData\Local\Programs\Python\Python313\Scripts\;C:\Users\TGDD\AppData\Local\Programs\Python\Python313\;C:\Users\TGDD\AppData\Local\Programs\Python\Launcher\;C:\Users\TGDD\AppData\Local\Microsoft\WindowsApps;C:\Program Files\Azure Data Studio\bin;C:\Users\TGDD\AppData\Local\Programs\Microsoft VS Code\bin;C:\Users\TGDD\AppData\Local\GitHubDesktop\bin;C:\Users\TGDD\AppData\Roaming\npm;C:\Users\TGDD\.dotnet\tools;;.
	at org.apache.tomcat.jni.Library.<init>(Library.java:91) ~[tomcat-embed-core-10.1.28.jar:10.1.28]
	at org.apache.tomcat.jni.Library.initialize(Library.java:147) ~[tomcat-embed-core-10.1.28.jar:10.1.28]
	at org.apache.catalina.core.AprLifecycleListener.init(AprLifecycleListener.java:209) ~[tomcat-embed-core-10.1.28.jar:10.1.28]
	at org.apache.catalina.core.AprLifecycleListener.isAprAvailable(AprLifecycleListener.java:113) ~[tomcat-embed-core-10.1.28.jar:10.1.28]
	at org.springframework.boot.web.embedded.tomcat.TomcatServletWebServerFactory.getDefaultServerLifecycleListeners(TomcatServletWebServerFactory.java:191) ~[spring-boot-3.3.3.jar:3.3.3]
	at org.springframework.boot.web.embedded.tomcat.TomcatServletWebServerFactory.<init>(TomcatServletWebServerFactory.java:138) ~[spring-boot-3.3.3.jar:3.3.3]
	at org.springframework.boot.autoconfigure.web.servlet.ServletWebServerFactoryConfiguration$EmbeddedTomcat.tomcatServletWebServerFactory(ServletWebServerFactoryConfiguration.java:73) ~[spring-boot-autoconfigure-3.3.3.jar:3.3.3]
	at java.base/jdk.internal.reflect.DirectMethodHandleAccessor.invoke(DirectMethodHandleAccessor.java:103) ~[na:na]
	at java.base/java.lang.reflect.Method.invoke(Method.java:580) ~[na:na]
	at org.springframework.beans.factory.support.SimpleInstantiationStrategy.instantiate(SimpleInstantiationStrategy.java:146) ~[spring-beans-6.1.12.jar:6.1.12]
	at org.springframework.beans.factory.support.ConstructorResolver.instantiate(ConstructorResolver.java:644) ~[spring-beans-6.1.12.jar:6.1.12]
	at org.springframework.beans.factory.support.ConstructorResolver.instantiateUsingFactoryMethod(ConstructorResolver.java:636) ~[spring-beans-6.1.12.jar:6.1.12]
	at org.springframework.beans.factory.support.AbstractAutowireCapableBeanFactory.instantiateUsingFactoryMethod(AbstractAutowireCapableBeanFactory.java:1355) ~[spring-beans-6.1.12.jar:6.1.12]
	at org.springframework.beans.factory.support.AbstractAutowireCapableBeanFactory.createBeanInstance(AbstractAutowireCapableBeanFactory.java:1185) ~[spring-beans-6.1.12.jar:6.1.12]
	at org.springframework.beans.factory.support.AbstractAutowireCapableBeanFactory.doCreateBean(AbstractAutowireCapableBeanFactory.java:562) ~[spring-beans-6.1.12.jar:6.1.12]
	at org.springframework.beans.factory.support.AbstractAutowireCapableBeanFactory.createBean(AbstractAutowireCapableBeanFactory.java:522) ~[spring-beans-6.1.12.jar:6.1.12]
	at org.springframework.beans.factory.support.AbstractBeanFactory.lambda$doGetBean$0(AbstractBeanFactory.java:337) ~[spring-beans-6.1.12.jar:6.1.12]
	at org.springframework.beans.factory.support.DefaultSingletonBeanRegistry.getSingleton(DefaultSingletonBeanRegistry.java:234) ~[spring-beans-6.1.12.jar:6.1.12]
	at org.springframework.beans.factory.support.AbstractBeanFactory.doGetBean(AbstractBeanFactory.java:335) ~[spring-beans-6.1.12.jar:6.1.12]
	at org.springframework.beans.factory.support.AbstractBeanFactory.getBean(AbstractBeanFactory.java:200) ~[spring-beans-6.1.12.jar:6.1.12]
	at org.springframework.beans.factory.support.DefaultListableBeanFactory.preInstantiateSingletons(DefaultListableBeanFactory.java:975) ~[spring-beans-6.1.12.jar:6.1.12]
	at org.springframework.context.support.AbstractApplicationContext.finishBeanFactoryInitialization(AbstractApplicationContext.java:971) ~[spring-context-6.1.12.jar:6.1.12]
	at org.springframework.context.support.AbstractApplicationContext.refresh(AbstractApplicationContext.java:625) ~[spring-context-6.1.12.jar:6.1.12]
	at org.springframework.boot.SpringApplication.refresh(SpringApplication.java:754) ~[spring-boot-3.3.3.jar:3.3.3]
	at org.springframework.boot.SpringApplication.refreshContext(SpringApplication.java:456) ~[spring-boot-3.3.3.jar:3.3.3]
	at org.springframework.boot.SpringApplication.run(SpringApplication.java:335) ~[spring-boot-3.3.3.jar:3.3.3]
	at org.springframework.boot.test.context.SpringBootContextLoader.lambda$loadContext$3(SpringBootContextLoader.java:137) ~[spring-boot-test-3.3.3.jar:3.3.3]
	at org.springframework.util.function.ThrowingSupplier.get(ThrowingSupplier.java:58) ~[spring-core-6.1.12.jar:6.1.12]
	at org.springframework.util.function.ThrowingSupplier.get(ThrowingSupplier.java:46) ~[spring-core-6.1.12.jar:6.1.12]
	at org.springframework.boot.SpringApplication.withHook(SpringApplication.java:1463) ~[spring-boot-3.3.3.jar:3.3.3]
	at org.springframework.boot.test.context.SpringBootContextLoader$ContextLoaderHook.run(SpringBootContextLoader.java:553) ~[spring-boot-test-3.3.3.jar:3.3.3]
	at org.springframework.boot.test.context.SpringBootContextLoader.loadContext(SpringBootContextLoader.java:137) ~[spring-boot-test-3.3.3.jar:3.3.3]
	at org.springframework.boot.test.context.SpringBootContextLoader.loadContext(SpringBootContextLoader.java:108) ~[spring-boot-test-3.3.3.jar:3.3.3]
	at org.springframework.test.context.cache.DefaultCacheAwareContextLoaderDelegate.loadContextInternal(DefaultCacheAwareContextLoaderDelegate.java:225) ~[spring-test-6.1.12.jar:6.1.12]
	at org.springframework.test.context.cache.DefaultCacheAwareContextLoaderDelegate.loadContext(DefaultCacheAwareContextLoaderDelegate.java:152) ~[spring-test-6.1.12.jar:6.1.12]
	at org.springframework.test.context.support.DefaultTestContext.getApplicationContext(DefaultTestContext.java:130) ~[spring-test-6.1.12.jar:6.1.12]
	at org.springframework.test.context.web.ServletTestExecutionListener.setUpRequestContextIfNecessary(ServletTestExecutionListener.java:191) ~[spring-test-6.1.12.jar:6.1.12]
	at org.springframework.test.context.web.ServletTestExecutionListener.prepareTestInstance(ServletTestExecutionListener.java:130) ~[spring-test-6.1.12.jar:6.1.12]
	at org.springframework.test.context.TestContextManager.prepareTestInstance(TestContextManager.java:260) ~[spring-test-6.1.12.jar:6.1.12]
	at org.springframework.test.context.junit.jupiter.SpringExtension.postProcessTestInstance(SpringExtension.java:163) ~[spring-test-6.1.12.jar:6.1.12]
	at org.junit.jupiter.engine.descriptor.ClassBasedTestDescriptor.lambda$invokeTestInstancePostProcessors$10(ClassBasedTestDescriptor.java:378) ~[junit-jupiter-engine-5.10.3.jar:5.10.3]
	at org.junit.jupiter.engine.descriptor.ClassBasedTestDescriptor.executeAndMaskThrowable(ClassBasedTestDescriptor.java:383) ~[junit-jupiter-engine-5.10.3.jar:5.10.3]
	at org.junit.jupiter.engine.descriptor.ClassBasedTestDescriptor.lambda$invokeTestInstancePostProcessors$11(ClassBasedTestDescriptor.java:378) ~[junit-jupiter-engine-5.10.3.jar:5.10.3]
	at java.base/java.util.stream.ReferencePipeline$3$1.accept(ReferencePipeline.java:197) ~[na:na]
	at java.base/java.util.stream.ReferencePipeline$2$1.accept(ReferencePipeline.java:179) ~[na:na]
	at java.base/java.util.ArrayList$ArrayListSpliterator.forEachRemaining(ArrayList.java:1708) ~[na:na]
	at java.base/java.util.stream.AbstractPipeline.copyInto(AbstractPipeline.java:509) ~[na:na]
	at java.base/java.util.stream.AbstractPipeline.wrapAndCopyInto(AbstractPipeline.java:499) ~[na:na]
	at java.base/java.util.stream.StreamSpliterators$WrappingSpliterator.forEachRemaining(StreamSpliterators.java:310) ~[na:na]
	at java.base/java.util.stream.Streams$ConcatSpliterator.forEachRemaining(Streams.java:735) ~[na:na]
	at java.base/java.util.stream.Streams$ConcatSpliterator.forEachRemaining(Streams.java:734) ~[na:na]
	at java.base/java.util.stream.ReferencePipeline$Head.forEach(ReferencePipeline.java:762) ~[na:na]
	at org.junit.jupiter.engine.descriptor.ClassBasedTestDescriptor.invokeTestInstancePostProcessors(ClassBasedTestDescriptor.java:377) ~[junit-jupiter-engine-5.10.3.jar:5.10.3]
	at org.junit.jupiter.engine.descriptor.ClassBasedTestDescriptor.lambda$instantiateAndPostProcessTestInstance$6(ClassBasedTestDescriptor.java:290) ~[junit-jupiter-engine-5.10.3.jar:5.10.3]
	at org.junit.platform.engine.support.hierarchical.ThrowableCollector.execute(ThrowableCollector.java:73) ~[junit-platform-engine-1.10.3.jar:1.10.3]
	at org.junit.jupiter.engine.descriptor.ClassBasedTestDescriptor.instantiateAndPostProcessTestInstance(ClassBasedTestDescriptor.java:289) ~[junit-jupiter-engine-5.10.3.jar:5.10.3]
	at org.junit.jupiter.engine.descriptor.ClassBasedTestDescriptor.lambda$testInstancesProvider$4(ClassBasedTestDescriptor.java:279) ~[junit-jupiter-engine-5.10.3.jar:5.10.3]
	at java.base/java.util.Optional.orElseGet(Optional.java:364) ~[na:na]
	at org.junit.jupiter.engine.descriptor.ClassBasedTestDescriptor.lambda$testInstancesProvider$5(ClassBasedTestDescriptor.java:278) ~[junit-jupiter-engine-5.10.3.jar:5.10.3]
	at org.junit.jupiter.engine.execution.TestInstancesProvider.getTestInstances(TestInstancesProvider.java:31) ~[junit-jupiter-engine-5.10.3.jar:5.10.3]
	at org.junit.jupiter.engine.descriptor.TestMethodTestDescriptor.lambda$prepare$0(TestMethodTestDescriptor.java:106) ~[junit-jupiter-engine-5.10.3.jar:5.10.3]
	at org.junit.platform.engine.support.hierarchical.ThrowableCollector.execute(ThrowableCollector.java:73) ~[junit-platform-engine-1.10.3.jar:1.10.3]
	at org.junit.jupiter.engine.descriptor.TestMethodTestDescriptor.prepare(TestMethodTestDescriptor.java:105) ~[junit-jupiter-engine-5.10.3.jar:5.10.3]
	at org.junit.jupiter.engine.descriptor.TestMethodTestDescriptor.prepare(TestMethodTestDescriptor.java:69) ~[junit-jupiter-engine-5.10.3.jar:5.10.3]
	at org.junit.platform.engine.support.hierarchical.NodeTestTask.lambda$prepare$2(NodeTestTask.java:123) ~[junit-platform-engine-1.10.3.jar:1.10.3]
	at org.junit.platform.engine.support.hierarchical.ThrowableCollector.execute(ThrowableCollector.java:73) ~[junit-platform-engine-1.10.3.jar:1.10.3]
	at org.junit.platform.engine.support.hierarchical.NodeTestTask.prepare(NodeTestTask.java:123) ~[junit-platform-engine-1.10.3.jar:1.10.3]
	at org.junit.platform.engine.support.hierarchical.NodeTestTask.execute(NodeTestTask.java:90) ~[junit-platform-engine-1.10.3.jar:1.10.3]
	at java.base/java.util.ArrayList.forEach(ArrayList.java:1596) ~[na:na]
	at org.junit.platform.engine.support.hierarchical.SameThreadHierarchicalTestExecutorService.invokeAll(SameThreadHierarchicalTestExecutorService.java:41) ~[junit-platform-engine-1.10.3.jar:1.10.3]
	at org.junit.platform.engine.support.hierarchical.NodeTestTask.lambda$executeRecursively$6(NodeTestTask.java:155) ~[junit-platform-engine-1.10.3.jar:1.10.3]
	at org.junit.platform.engine.support.hierarchical.ThrowableCollector.execute(ThrowableCollector.java:73) ~[junit-platform-engine-1.10.3.jar:1.10.3]
	at org.junit.platform.engine.support.hierarchical.NodeTestTask.lambda$executeRecursively$8(NodeTestTask.java:141) ~[junit-platform-engine-1.10.3.jar:1.10.3]
	at org.junit.platform.engine.support.hierarchical.Node.around(Node.java:137) ~[junit-platform-engine-1.10.3.jar:1.10.3]
	at org.junit.platform.engine.support.hierarchical.NodeTestTask.lambda$executeRecursively$9(NodeTestTask.java:139) ~[junit-platform-engine-1.10.3.jar:1.10.3]
	at org.junit.platform.engine.support.hierarchical.ThrowableCollector.execute(ThrowableCollector.java:73) ~[junit-platform-engine-1.10.3.jar:1.10.3]
	at org.junit.platform.engine.support.hierarchical.NodeTestTask.executeRecursively(NodeTestTask.java:138) ~[junit-platform-engine-1.10.3.jar:1.10.3]
	at org.junit.platform.engine.support.hierarchical.NodeTestTask.execute(NodeTestTask.java:95) ~[junit-platform-engine-1.10.3.jar:1.10.3]
	at java.base/java.util.ArrayList.forEach(ArrayList.java:1596) ~[na:na]
	at org.junit.platform.engine.support.hierarchical.SameThreadHierarchicalTestExecutorService.invokeAll(SameThreadHierarchicalTestExecutorService.java:41) ~[junit-platform-engine-1.10.3.jar:1.10.3]
	at org.junit.platform.engine.support.hierarchical.NodeTestTask.lambda$executeRecursively$6(NodeTestTask.java:155) ~[junit-platform-engine-1.10.3.jar:1.10.3]
	at org.junit.platform.engine.support.hierarchical.ThrowableCollector.execute(ThrowableCollector.java:73) ~[junit-platform-engine-1.10.3.jar:1.10.3]
	at org.junit.platform.engine.support.hierarchical.NodeTestTask.lambda$executeRecursively$8(NodeTestTask.java:141) ~[junit-platform-engine-1.10.3.jar:1.10.3]
	at org.junit.platform.engine.support.hierarchical.Node.around(Node.java:137) ~[junit-platform-engine-1.10.3.jar:1.10.3]
	at org.junit.platform.engine.support.hierarchical.NodeTestTask.lambda$executeRecursively$9(NodeTestTask.java:139) ~[junit-platform-engine-1.10.3.jar:1.10.3]
	at org.junit.platform.engine.support.hierarchical.ThrowableCollector.execute(ThrowableCollector.java:73) ~[junit-platform-engine-1.10.3.jar:1.10.3]
	at org.junit.platform.engine.support.hierarchical.NodeTestTask.executeRecursively(NodeTestTask.java:138) ~[junit-platform-engine-1.10.3.jar:1.10.3]
	at org.junit.platform.engine.support.hierarchical.NodeTestTask.execute(NodeTestTask.java:95) ~[junit-platform-engine-1.10.3.jar:1.10.3]
	at org.junit.platform.engine.support.hierarchical.SameThreadHierarchicalTestExecutorService.submit(SameThreadHierarchicalTestExecutorService.java:35) ~[junit-platform-engine-1.10.3.jar:1.10.3]
	at org.junit.platform.engine.support.hierarchical.HierarchicalTestExecutor.execute(HierarchicalTestExecutor.java:57) ~[junit-platform-engine-1.10.3.jar:1.10.3]
	at org.junit.platform.engine.support.hierarchical.HierarchicalTestEngine.execute(HierarchicalTestEngine.java:54) ~[junit-platform-engine-1.10.3.jar:1.10.3]
	at org.junit.platform.launcher.core.EngineExecutionOrchestrator.execute(EngineExecutionOrchestrator.java:198) ~[junit-platform-launcher-1.10.3.jar:1.10.3]
	at org.junit.platform.launcher.core.EngineExecutionOrchestrator.execute(EngineExecutionOrchestrator.java:169) ~[junit-platform-launcher-1.10.3.jar:1.10.3]
	at org.junit.platform.launcher.core.EngineExecutionOrchestrator.execute(EngineExecutionOrchestrator.java:93) ~[junit-platform-launcher-1.10.3.jar:1.10.3]
	at org.junit.platform.launcher.core.EngineExecutionOrchestrator.lambda$execute$0(EngineExecutionOrchestrator.java:58) ~[junit-platform-launcher-1.10.3.jar:1.10.3]
	at org.junit.platform.launcher.core.EngineExecutionOrchestrator.withInterceptedStreams(EngineExecutionOrchestrator.java:141) ~[junit-platform-launcher-1.10.3.jar:1.10.3]
	at org.junit.platform.launcher.core.EngineExecutionOrchestrator.execute(EngineExecutionOrchestrator.java:57) ~[junit-platform-launcher-1.10.3.jar:1.10.3]
	at org.junit.platform.launcher.core.DefaultLauncher.execute(DefaultLauncher.java:103) ~[junit-platform-launcher-1.10.3.jar:1.10.3]
	at org.junit.platform.launcher.core.DefaultLauncher.execute(DefaultLauncher.java:85) ~[junit-platform-launcher-1.10.3.jar:1.10.3]
	at org.junit.platform.launcher.core.DelegatingLauncher.execute(DelegatingLauncher.java:47) ~[junit-platform-launcher-1.10.3.jar:1.10.3]
	at org.apache.maven.surefire.junitplatform.LazyLauncher.execute(LazyLauncher.java:56) ~[surefire-junit-platform-3.2.5.jar:3.2.5]
	at org.apache.maven.surefire.junitplatform.JUnitPlatformProvider.execute(JUnitPlatformProvider.java:184) ~[surefire-junit-platform-3.2.5.jar:3.2.5]
	at org.apache.maven.surefire.junitplatform.JUnitPlatformProvider.invokeAllTests(JUnitPlatformProvider.java:148) ~[surefire-junit-platform-3.2.5.jar:3.2.5]
	at org.apache.maven.surefire.junitplatform.JUnitPlatformProvider.invoke(JUnitPlatformProvider.java:122) ~[surefire-junit-platform-3.2.5.jar:3.2.5]
	at org.apache.maven.surefire.booter.ForkedBooter.runSuitesInProcess(ForkedBooter.java:385) ~[surefire-booter-3.2.5.jar:3.2.5]
	at org.apache.maven.surefire.booter.ForkedBooter.execute(ForkedBooter.java:162) ~[surefire-booter-3.2.5.jar:3.2.5]
	at org.apache.maven.surefire.booter.ForkedBooter.run(ForkedBooter.java:507) ~[surefire-booter-3.2.5.jar:3.2.5]
	at org.apache.maven.surefire.booter.ForkedBooter.main(ForkedBooter.java:495) ~[surefire-booter-3.2.5.jar:3.2.5]

2025-01-15T10:00:17.657+07:00 DEBUG 7884 --- [OrderManagement_jOOQ] [           main] o.s.b.f.s.DefaultListableBeanFactory     : Creating shared instance of singleton bean 'servletWebServerFactoryCustomizer'
2025-01-15T10:00:17.657+07:00 DEBUG 7884 --- [OrderManagement_jOOQ] [           main] o.s.b.f.s.DefaultListableBeanFactory     : Creating shared instance of singleton bean 'org.springframework.boot.autoconfigure.web.servlet.ServletWebServerFactoryAutoConfiguration'
2025-01-15T10:00:17.659+07:00 DEBUG 7884 --- [OrderManagement_jOOQ] [           main] o.s.b.f.s.DefaultListableBeanFactory     : Creating shared instance of singleton bean 'server-org.springframework.boot.autoconfigure.web.ServerProperties'
2025-01-15T10:00:17.678+07:00 DEBUG 7884 --- [OrderManagement_jOOQ] [           main] o.s.b.f.s.DefaultListableBeanFactory     : Autowiring by type from bean name 'servletWebServerFactoryCustomizer' via factory method to bean named 'server-org.springframework.boot.autoconfigure.web.ServerProperties'
2025-01-15T10:00:17.684+07:00 DEBUG 7884 --- [OrderManagement_jOOQ] [           main] o.s.b.f.s.DefaultListableBeanFactory     : Creating shared instance of singleton bean 'tomcatServletWebServerFactoryCustomizer'
2025-01-15T10:00:17.685+07:00 DEBUG 7884 --- [OrderManagement_jOOQ] [           main] o.s.b.f.s.DefaultListableBeanFactory     : Autowiring by type from bean name 'tomcatServletWebServerFactoryCustomizer' via factory method to bean named 'server-org.springframework.boot.autoconfigure.web.ServerProperties'
2025-01-15T10:00:17.686+07:00 DEBUG 7884 --- [OrderManagement_jOOQ] [           main] o.s.b.f.s.DefaultListableBeanFactory     : Creating shared instance of singleton bean 'localeCharsetMappingsCustomizer'
2025-01-15T10:00:17.686+07:00 DEBUG 7884 --- [OrderManagement_jOOQ] [           main] o.s.b.f.s.DefaultListableBeanFactory     : Creating shared instance of singleton bean 'org.springframework.boot.autoconfigure.web.servlet.HttpEncodingAutoConfiguration'
2025-01-15T10:00:17.687+07:00 DEBUG 7884 --- [OrderManagement_jOOQ] [           main] o.s.b.f.s.DefaultListableBeanFactory     : Autowiring by type from bean name 'org.springframework.boot.autoconfigure.web.servlet.HttpEncodingAutoConfiguration' via constructor to bean named 'server-org.springframework.boot.autoconfigure.web.ServerProperties'
2025-01-15T10:00:17.706+07:00 DEBUG 7884 --- [OrderManagement_jOOQ] [           main] o.s.b.f.s.DefaultListableBeanFactory     : Creating shared instance of singleton bean 'errorPageCustomizer'
2025-01-15T10:00:17.706+07:00 DEBUG 7884 --- [OrderManagement_jOOQ] [           main] o.s.b.f.s.DefaultListableBeanFactory     : Creating shared instance of singleton bean 'org.springframework.boot.autoconfigure.web.servlet.error.ErrorMvcAutoConfiguration'
2025-01-15T10:00:17.706+07:00 DEBUG 7884 --- [OrderManagement_jOOQ] [           main] o.s.b.f.s.DefaultListableBeanFactory     : Autowiring by type from bean name 'org.springframework.boot.autoconfigure.web.servlet.error.ErrorMvcAutoConfiguration' via constructor to bean named 'server-org.springframework.boot.autoconfigure.web.ServerProperties'
2025-01-15T10:00:17.707+07:00 DEBUG 7884 --- [OrderManagement_jOOQ] [           main] o.s.b.f.s.DefaultListableBeanFactory     : Creating shared instance of singleton bean 'dispatcherServletRegistration'
2025-01-15T10:00:17.707+07:00 DEBUG 7884 --- [OrderManagement_jOOQ] [           main] o.s.b.f.s.DefaultListableBeanFactory     : Creating shared instance of singleton bean 'org.springframework.boot.autoconfigure.web.servlet.DispatcherServletAutoConfiguration$DispatcherServletRegistrationConfiguration'
2025-01-15T10:00:17.708+07:00 DEBUG 7884 --- [OrderManagement_jOOQ] [           main] o.s.b.f.s.DefaultListableBeanFactory     : Creating shared instance of singleton bean 'dispatcherServlet'
2025-01-15T10:00:17.709+07:00 DEBUG 7884 --- [OrderManagement_jOOQ] [           main] o.s.b.f.s.DefaultListableBeanFactory     : Creating shared instance of singleton bean 'org.springframework.boot.autoconfigure.web.servlet.DispatcherServletAutoConfiguration$DispatcherServletConfiguration'
2025-01-15T10:00:17.709+07:00 DEBUG 7884 --- [OrderManagement_jOOQ] [           main] o.s.b.f.s.DefaultListableBeanFactory     : Autowiring by type from bean name 'dispatcherServlet' via factory method to bean named 'spring.mvc-org.springframework.boot.autoconfigure.web.servlet.WebMvcProperties'
2025-01-15T10:00:17.723+07:00 DEBUG 7884 --- [OrderManagement_jOOQ] [           main] o.s.b.f.s.DefaultListableBeanFactory     : Autowiring by type from bean name 'dispatcherServletRegistration' via factory method to bean named 'dispatcherServlet'
2025-01-15T10:00:17.723+07:00 DEBUG 7884 --- [OrderManagement_jOOQ] [           main] o.s.b.f.s.DefaultListableBeanFactory     : Autowiring by type from bean name 'dispatcherServletRegistration' via factory method to bean named 'spring.mvc-org.springframework.boot.autoconfigure.web.servlet.WebMvcProperties'
2025-01-15T10:00:17.726+07:00 DEBUG 7884 --- [OrderManagement_jOOQ] [           main] o.s.b.f.s.DefaultListableBeanFactory     : Creating shared instance of singleton bean 'multipartConfigElement'
2025-01-15T10:00:17.727+07:00 DEBUG 7884 --- [OrderManagement_jOOQ] [           main] o.s.b.f.s.DefaultListableBeanFactory     : Creating shared instance of singleton bean 'org.springframework.boot.autoconfigure.web.servlet.MultipartAutoConfiguration'
2025-01-15T10:00:17.727+07:00 DEBUG 7884 --- [OrderManagement_jOOQ] [           main] o.s.b.f.s.DefaultListableBeanFactory     : Creating shared instance of singleton bean 'spring.servlet.multipart-org.springframework.boot.autoconfigure.web.servlet.MultipartProperties'
2025-01-15T10:00:17.734+07:00 DEBUG 7884 --- [OrderManagement_jOOQ] [           main] o.s.b.f.s.DefaultListableBeanFactory     : Autowiring by type from bean name 'org.springframework.boot.autoconfigure.web.servlet.MultipartAutoConfiguration' via constructor to bean named 'spring.servlet.multipart-org.springframework.boot.autoconfigure.web.servlet.MultipartProperties'
2025-01-15T10:00:17.738+07:00 DEBUG 7884 --- [OrderManagement_jOOQ] [           main] o.s.b.f.s.DefaultListableBeanFactory     : Autowiring by type from bean name 'errorPageCustomizer' via factory method to bean named 'dispatcherServletRegistration'
2025-01-15T10:00:17.743+07:00 DEBUG 7884 --- [OrderManagement_jOOQ] [           main] o.s.b.f.s.DefaultListableBeanFactory     : Creating shared instance of singleton bean 'org.springframework.boot.autoconfigure.web.servlet.DispatcherServletAutoConfiguration'
2025-01-15T10:00:17.744+07:00 DEBUG 7884 --- [OrderManagement_jOOQ] [           main] o.s.b.f.s.DefaultListableBeanFactory     : Creating shared instance of singleton bean 'org.springframework.boot.autoconfigure.task.TaskExecutorConfigurations$ThreadPoolTaskExecutorBuilderConfiguration'
2025-01-15T10:00:17.744+07:00 DEBUG 7884 --- [OrderManagement_jOOQ] [           main] o.s.b.f.s.DefaultListableBeanFactory     : Creating shared instance of singleton bean 'threadPoolTaskExecutorBuilder'
2025-01-15T10:00:17.746+07:00 DEBUG 7884 --- [OrderManagement_jOOQ] [           main] o.s.b.f.s.DefaultListableBeanFactory     : Creating shared instance of singleton bean 'spring.task.execution-org.springframework.boot.autoconfigure.task.TaskExecutionProperties'
2025-01-15T10:00:17.750+07:00 DEBUG 7884 --- [OrderManagement_jOOQ] [           main] o.s.b.f.s.DefaultListableBeanFactory     : Autowiring by type from bean name 'threadPoolTaskExecutorBuilder' via factory method to bean named 'spring.task.execution-org.springframework.boot.autoconfigure.task.TaskExecutionProperties'
2025-01-15T10:00:17.756+07:00 DEBUG 7884 --- [OrderManagement_jOOQ] [           main] o.s.b.f.s.DefaultListableBeanFactory     : Creating shared instance of singleton bean 'org.springframework.boot.autoconfigure.task.TaskExecutorConfigurations$TaskExecutorBuilderConfiguration'
2025-01-15T10:00:17.757+07:00 DEBUG 7884 --- [OrderManagement_jOOQ] [           main] o.s.b.f.s.DefaultListableBeanFactory     : Creating shared instance of singleton bean 'taskExecutorBuilder'
2025-01-15T10:00:17.758+07:00 DEBUG 7884 --- [OrderManagement_jOOQ] [           main] o.s.b.f.s.DefaultListableBeanFactory     : Autowiring by type from bean name 'taskExecutorBuilder' via factory method to bean named 'spring.task.execution-org.springframework.boot.autoconfigure.task.TaskExecutionProperties'
2025-01-15T10:00:17.761+07:00 DEBUG 7884 --- [OrderManagement_jOOQ] [           main] o.s.b.f.s.DefaultListableBeanFactory     : Creating shared instance of singleton bean 'org.springframework.boot.autoconfigure.task.TaskExecutorConfigurations$SimpleAsyncTaskExecutorBuilderConfiguration'
2025-01-15T10:00:17.762+07:00 DEBUG 7884 --- [OrderManagement_jOOQ] [           main] o.s.b.f.s.DefaultListableBeanFactory     : Autowiring by type from bean name 'org.springframework.boot.autoconfigure.task.TaskExecutorConfigurations$SimpleAsyncTaskExecutorBuilderConfiguration' via constructor to bean named 'spring.task.execution-org.springframework.boot.autoconfigure.task.TaskExecutionProperties'
2025-01-15T10:00:17.764+07:00 DEBUG 7884 --- [OrderManagement_jOOQ] [           main] o.s.b.f.s.DefaultListableBeanFactory     : Creating shared instance of singleton bean 'simpleAsyncTaskExecutorBuilder'
2025-01-15T10:00:17.768+07:00 DEBUG 7884 --- [OrderManagement_jOOQ] [           main] o.s.b.f.s.DefaultListableBeanFactory     : Creating shared instance of singleton bean 'org.springframework.boot.autoconfigure.task.TaskExecutorConfigurations$TaskExecutorConfiguration'
2025-01-15T10:00:17.770+07:00 DEBUG 7884 --- [OrderManagement_jOOQ] [           main] o.s.b.f.s.DefaultListableBeanFactory     : Creating shared instance of singleton bean 'org.springframework.boot.autoconfigure.task.TaskExecutionAutoConfiguration'
2025-01-15T10:00:17.771+07:00 DEBUG 7884 --- [OrderManagement_jOOQ] [           main] o.s.b.f.s.DefaultListableBeanFactory     : Creating shared instance of singleton bean 'org.springframework.boot.autoconfigure.validation.ValidationAutoConfiguration'
2025-01-15T10:00:17.771+07:00 DEBUG 7884 --- [OrderManagement_jOOQ] [           main] o.s.b.f.s.DefaultListableBeanFactory     : Creating shared instance of singleton bean 'defaultValidator'
2025-01-15T10:00:17.772+07:00 DEBUG 7884 --- [OrderManagement_jOOQ] [           main] o.s.b.f.s.DefaultListableBeanFactory     : Autowiring by type from bean name 'defaultValidator' via factory method to bean named 'org.springframework.web.context.support.GenericWebApplicationContext@3a80515c'
2025-01-15T10:00:17.779+07:00 DEBUG 7884 --- [OrderManagement_jOOQ] [           main] .h.v.m.ResourceBundleMessageInterpolator : Loaded expression factory via original TCCL
2025-01-15T10:00:17.785+07:00 DEBUG 7884 --- [OrderManagement_jOOQ] [           main] o.h.v.i.e.AbstractConfigurationImpl      : Setting custom MessageInterpolator of type org.springframework.validation.beanvalidation.LocaleContextMessageInterpolator
2025-01-15T10:00:17.786+07:00 DEBUG 7884 --- [OrderManagement_jOOQ] [           main] o.h.v.i.e.AbstractConfigurationImpl      : Setting custom ConstraintValidatorFactory of type org.springframework.validation.beanvalidation.SpringConstraintValidatorFactory
2025-01-15T10:00:17.787+07:00 DEBUG 7884 --- [OrderManagement_jOOQ] [           main] o.h.v.i.xml.config.ValidationXmlParser   : Trying to load META-INF/validation.xml for XML based Validator configuration.
2025-01-15T10:00:17.788+07:00 DEBUG 7884 --- [OrderManagement_jOOQ] [           main] o.h.v.i.xml.config.ResourceLoaderHelper  : Trying to load META-INF/validation.xml via user class loader
2025-01-15T10:00:17.788+07:00 DEBUG 7884 --- [OrderManagement_jOOQ] [           main] o.h.v.i.xml.config.ResourceLoaderHelper  : Trying to load META-INF/validation.xml via TCCL
2025-01-15T10:00:17.788+07:00 DEBUG 7884 --- [OrderManagement_jOOQ] [           main] o.h.v.i.xml.config.ResourceLoaderHelper  : Trying to load META-INF/validation.xml via Hibernate Validator's class loader
2025-01-15T10:00:17.788+07:00 DEBUG 7884 --- [OrderManagement_jOOQ] [           main] o.h.v.i.xml.config.ValidationXmlParser   : No META-INF/validation.xml found. Using annotation based configuration only.
2025-01-15T10:00:17.788+07:00 DEBUG 7884 --- [OrderManagement_jOOQ] [           main] o.h.v.i.e.resolver.TraversableResolvers  : Found jakarta.persistence.Persistence on classpath containing 'getPersistenceUtil'. Assuming JPA 2 environment. Trying to instantiate JPA aware TraversableResolver
2025-01-15T10:00:17.788+07:00 DEBUG 7884 --- [OrderManagement_jOOQ] [           main] o.h.v.i.e.resolver.TraversableResolvers  : Instantiated JPA aware TraversableResolver of type org.hibernate.validator.internal.engine.resolver.JPATraversableResolver.
2025-01-15T10:00:17.791+07:00 DEBUG 7884 --- [OrderManagement_jOOQ] [           main] .i.e.ValidatorFactoryConfigurationHelper : HV000252: Using org.hibernate.validator.internal.engine.DefaultPropertyNodeNameProvider as property node name provider.
2025-01-15T10:00:17.792+07:00 DEBUG 7884 --- [OrderManagement_jOOQ] [           main] .i.e.ValidatorFactoryConfigurationHelper : HV000234: Using org.springframework.validation.beanvalidation.LocaleContextMessageInterpolator as ValidatorFactory-scoped message interpolator.
2025-01-15T10:00:17.792+07:00 DEBUG 7884 --- [OrderManagement_jOOQ] [           main] .i.e.ValidatorFactoryConfigurationHelper : HV000234: Using org.hibernate.validator.internal.engine.resolver.JPATraversableResolver as ValidatorFactory-scoped traversable resolver.
2025-01-15T10:00:17.792+07:00 DEBUG 7884 --- [OrderManagement_jOOQ] [           main] .i.e.ValidatorFactoryConfigurationHelper : HV000234: Using org.hibernate.validator.internal.util.ExecutableParameterNameProvider as ValidatorFactory-scoped parameter name provider.
2025-01-15T10:00:17.792+07:00 DEBUG 7884 --- [OrderManagement_jOOQ] [           main] .i.e.ValidatorFactoryConfigurationHelper : HV000234: Using org.hibernate.validator.internal.engine.DefaultClockProvider as ValidatorFactory-scoped clock provider.
2025-01-15T10:00:17.792+07:00 DEBUG 7884 --- [OrderManagement_jOOQ] [           main] .i.e.ValidatorFactoryConfigurationHelper : HV000234: Using org.hibernate.validator.internal.engine.scripting.DefaultScriptEvaluatorFactory as ValidatorFactory-scoped script evaluator factory.
2025-01-15T10:00:17.796+07:00 DEBUG 7884 --- [OrderManagement_jOOQ] [           main] o.s.b.f.s.DefaultListableBeanFactory     : Creating shared instance of singleton bean 'org.springframework.boot.autoconfigure.web.servlet.error.ErrorMvcAutoConfiguration$WhitelabelErrorViewConfiguration'
2025-01-15T10:00:17.797+07:00 DEBUG 7884 --- [OrderManagement_jOOQ] [           main] o.s.b.f.s.DefaultListableBeanFactory     : Creating shared instance of singleton bean 'error'
2025-01-15T10:00:17.798+07:00 DEBUG 7884 --- [OrderManagement_jOOQ] [           main] o.s.b.f.s.DefaultListableBeanFactory     : Creating shared instance of singleton bean 'beanNameViewResolver'
2025-01-15T10:00:17.800+07:00 DEBUG 7884 --- [OrderManagement_jOOQ] [           main] o.s.b.f.s.DefaultListableBeanFactory     : Creating shared instance of singleton bean 'org.springframework.boot.autoconfigure.web.servlet.error.ErrorMvcAutoConfiguration$DefaultErrorViewResolverConfiguration'
2025-01-15T10:00:17.801+07:00 DEBUG 7884 --- [OrderManagement_jOOQ] [           main] o.s.b.f.s.DefaultListableBeanFactory     : Autowiring by type from bean name 'org.springframework.boot.autoconfigure.web.servlet.error.ErrorMvcAutoConfiguration$DefaultErrorViewResolverConfiguration' via constructor to bean named 'org.springframework.web.context.support.GenericWebApplicationContext@3a80515c'
2025-01-15T10:00:17.801+07:00 DEBUG 7884 --- [OrderManagement_jOOQ] [           main] o.s.b.f.s.DefaultListableBeanFactory     : Autowiring by type from bean name 'org.springframework.boot.autoconfigure.web.servlet.error.ErrorMvcAutoConfiguration$DefaultErrorViewResolverConfiguration' via constructor to bean named 'spring.web-org.springframework.boot.autoconfigure.web.WebProperties'
2025-01-15T10:00:17.801+07:00 DEBUG 7884 --- [OrderManagement_jOOQ] [           main] o.s.b.f.s.DefaultListableBeanFactory     : Creating shared instance of singleton bean 'conventionErrorViewResolver'
2025-01-15T10:00:17.803+07:00 DEBUG 7884 --- [OrderManagement_jOOQ] [           main] o.s.b.f.s.DefaultListableBeanFactory     : Creating shared instance of singleton bean 'errorAttributes'
2025-01-15T10:00:17.804+07:00 DEBUG 7884 --- [OrderManagement_jOOQ] [           main] o.s.b.f.s.DefaultListableBeanFactory     : Creating shared instance of singleton bean 'basicErrorController'
2025-01-15T10:00:17.805+07:00 DEBUG 7884 --- [OrderManagement_jOOQ] [           main] o.s.b.f.s.DefaultListableBeanFactory     : Autowiring by type from bean name 'basicErrorController' via factory method to bean named 'errorAttributes'
2025-01-15T10:00:17.807+07:00 DEBUG 7884 --- [OrderManagement_jOOQ] [           main] o.s.b.f.s.DefaultListableBeanFactory     : Creating shared instance of singleton bean 'localeResolver'
2025-01-15T10:00:17.810+07:00 DEBUG 7884 --- [OrderManagement_jOOQ] [           main] o.s.b.f.s.DefaultListableBeanFactory     : Creating shared instance of singleton bean 'themeResolver'
2025-01-15T10:00:17.813+07:00 DEBUG 7884 --- [OrderManagement_jOOQ] [           main] o.s.b.f.s.DefaultListableBeanFactory     : Creating shared instance of singleton bean 'flashMapManager'
2025-01-15T10:00:17.820+07:00 DEBUG 7884 --- [OrderManagement_jOOQ] [           main] o.s.b.f.s.DefaultListableBeanFactory     : Creating shared instance of singleton bean 'mvcValidator'
2025-01-15T10:00:17.822+07:00 DEBUG 7884 --- [OrderManagement_jOOQ] [           main] o.s.b.f.s.DefaultListableBeanFactory     : Creating shared instance of singleton bean 'mvcPatternParser'
2025-01-15T10:00:17.823+07:00 DEBUG 7884 --- [OrderManagement_jOOQ] [           main] o.s.b.f.s.DefaultListableBeanFactory     : Creating shared instance of singleton bean 'mvcUrlPathHelper'
2025-01-15T10:00:17.825+07:00 DEBUG 7884 --- [OrderManagement_jOOQ] [           main] o.s.b.f.s.DefaultListableBeanFactory     : Creating shared instance of singleton bean 'mvcPathMatcher'
2025-01-15T10:00:17.826+07:00 DEBUG 7884 --- [OrderManagement_jOOQ] [           main] o.s.b.f.s.DefaultListableBeanFactory     : Creating shared instance of singleton bean 'requestMappingHandlerAdapter'
2025-01-15T10:00:17.828+07:00 DEBUG 7884 --- [OrderManagement_jOOQ] [           main] o.s.b.f.s.DefaultListableBeanFactory     : Autowiring by type from bean name 'requestMappingHandlerAdapter' via factory method to bean named 'mvcContentNegotiationManager'
2025-01-15T10:00:17.829+07:00 DEBUG 7884 --- [OrderManagement_jOOQ] [           main] o.s.b.f.s.DefaultListableBeanFactory     : Autowiring by type from bean name 'requestMappingHandlerAdapter' via factory method to bean named 'mvcConversionService'
2025-01-15T10:00:17.829+07:00 DEBUG 7884 --- [OrderManagement_jOOQ] [           main] o.s.b.f.s.DefaultListableBeanFactory     : Autowiring by type from bean name 'requestMappingHandlerAdapter' via factory method to bean named 'mvcValidator'
2025-01-15T10:00:17.845+07:00 DEBUG 7884 --- [OrderManagement_jOOQ] [           main] o.s.b.f.s.DefaultListableBeanFactory     : Creating shared instance of singleton bean 'sortResolver'
2025-01-15T10:00:17.850+07:00 DEBUG 7884 --- [OrderManagement_jOOQ] [           main] o.s.b.f.s.DefaultListableBeanFactory     : Creating shared instance of singleton bean 'sortCustomizer'
2025-01-15T10:00:17.850+07:00 DEBUG 7884 --- [OrderManagement_jOOQ] [           main] o.s.b.f.s.DefaultListableBeanFactory     : Creating shared instance of singleton bean 'org.springframework.boot.autoconfigure.data.web.SpringDataWebAutoConfiguration'
2025-01-15T10:00:17.851+07:00 DEBUG 7884 --- [OrderManagement_jOOQ] [           main] o.s.b.f.s.DefaultListableBeanFactory     : Creating shared instance of singleton bean 'spring.data.web-org.springframework.boot.autoconfigure.data.web.SpringDataWebProperties'
2025-01-15T10:00:17.853+07:00 DEBUG 7884 --- [OrderManagement_jOOQ] [           main] o.s.b.f.s.DefaultListableBeanFactory     : Autowiring by type from bean name 'org.springframework.boot.autoconfigure.data.web.SpringDataWebAutoConfiguration' via constructor to bean named 'spring.data.web-org.springframework.boot.autoconfigure.data.web.SpringDataWebProperties'
2025-01-15T10:00:17.859+07:00 DEBUG 7884 --- [OrderManagement_jOOQ] [           main] o.s.b.f.s.DefaultListableBeanFactory     : Creating shared instance of singleton bean 'pageableResolver'
2025-01-15T10:00:17.860+07:00 DEBUG 7884 --- [OrderManagement_jOOQ] [           main] o.s.b.f.s.DefaultListableBeanFactory     : Creating shared instance of singleton bean 'pageableCustomizer'
2025-01-15T10:00:17.870+07:00 DEBUG 7884 --- [OrderManagement_jOOQ] [           main] o.s.b.f.s.DefaultListableBeanFactory     : Creating shared instance of singleton bean 'applicationTaskExecutor'
2025-01-15T10:00:17.871+07:00 DEBUG 7884 --- [OrderManagement_jOOQ] [           main] o.s.b.f.s.DefaultListableBeanFactory     : Autowiring by type from bean name 'applicationTaskExecutor' via factory method to bean named 'taskExecutorBuilder'
2025-01-15T10:00:17.891+07:00 DEBUG 7884 --- [OrderManagement_jOOQ] [           main] o.s.s.concurrent.ThreadPoolTaskExecutor  : Initializing ExecutorService 'applicationTaskExecutor'
2025-01-15T10:00:17.936+07:00 DEBUG 7884 --- [OrderManagement_jOOQ] [           main] s.w.s.m.m.a.RequestMappingHandlerAdapter : ControllerAdvice beans: 0 @ModelAttribute, 0 @InitBinder, 1 RequestBodyAdvice, 1 ResponseBodyAdvice
2025-01-15T10:00:18.011+07:00 DEBUG 7884 --- [OrderManagement_jOOQ] [           main] o.s.b.f.s.DefaultListableBeanFactory     : Creating shared instance of singleton bean 'handlerFunctionAdapter'
2025-01-15T10:00:18.015+07:00 DEBUG 7884 --- [OrderManagement_jOOQ] [           main] o.s.b.f.s.DefaultListableBeanFactory     : Creating shared instance of singleton bean 'mvcUriComponentsContributor'
2025-01-15T10:00:18.017+07:00 DEBUG 7884 --- [OrderManagement_jOOQ] [           main] o.s.b.f.s.DefaultListableBeanFactory     : Autowiring by type from bean name 'mvcUriComponentsContributor' via factory method to bean named 'mvcConversionService'
2025-01-15T10:00:18.017+07:00 DEBUG 7884 --- [OrderManagement_jOOQ] [           main] o.s.b.f.s.DefaultListableBeanFactory     : Autowiring by type from bean name 'mvcUriComponentsContributor' via factory method to bean named 'requestMappingHandlerAdapter'
2025-01-15T10:00:18.024+07:00 DEBUG 7884 --- [OrderManagement_jOOQ] [           main] o.s.b.f.s.DefaultListableBeanFactory     : Creating shared instance of singleton bean 'httpRequestHandlerAdapter'
2025-01-15T10:00:18.026+07:00 DEBUG 7884 --- [OrderManagement_jOOQ] [           main] o.s.b.f.s.DefaultListableBeanFactory     : Creating shared instance of singleton bean 'simpleControllerHandlerAdapter'
2025-01-15T10:00:18.027+07:00 DEBUG 7884 --- [OrderManagement_jOOQ] [           main] o.s.b.f.s.DefaultListableBeanFactory     : Creating shared instance of singleton bean 'handlerExceptionResolver'
2025-01-15T10:00:18.028+07:00 DEBUG 7884 --- [OrderManagement_jOOQ] [           main] o.s.b.f.s.DefaultListableBeanFactory     : Autowiring by type from bean name 'handlerExceptionResolver' via factory method to bean named 'mvcContentNegotiationManager'
2025-01-15T10:00:18.039+07:00 DEBUG 7884 --- [OrderManagement_jOOQ] [           main] .m.m.a.ExceptionHandlerExceptionResolver : ControllerAdvice beans: 1 @ExceptionHandler, 1 ResponseBodyAdvice
2025-01-15T10:00:18.079+07:00 DEBUG 7884 --- [OrderManagement_jOOQ] [           main] o.s.b.f.s.DefaultListableBeanFactory     : Creating shared instance of singleton bean 'mvcViewResolver'
2025-01-15T10:00:18.080+07:00 DEBUG 7884 --- [OrderManagement_jOOQ] [           main] o.s.b.f.s.DefaultListableBeanFactory     : Autowiring by type from bean name 'mvcViewResolver' via factory method to bean named 'mvcContentNegotiationManager'
2025-01-15T10:00:18.090+07:00 DEBUG 7884 --- [OrderManagement_jOOQ] [           main] o.s.b.f.s.DefaultListableBeanFactory     : Creating shared instance of singleton bean 'viewNameTranslator'
2025-01-15T10:00:18.093+07:00 DEBUG 7884 --- [OrderManagement_jOOQ] [           main] o.s.b.f.s.DefaultListableBeanFactory     : Creating shared instance of singleton bean 'defaultViewResolver'
2025-01-15T10:00:18.118+07:00 DEBUG 7884 --- [OrderManagement_jOOQ] [           main] o.s.b.f.s.DefaultListableBeanFactory     : Creating shared instance of singleton bean 'viewResolver'
2025-01-15T10:00:18.119+07:00 DEBUG 7884 --- [OrderManagement_jOOQ] [           main] o.s.b.f.s.DefaultListableBeanFactory     : Autowiring by type from bean name 'viewResolver' via factory method to bean named 'org.springframework.beans.factory.support.DefaultListableBeanFactory@29006752'
2025-01-15T10:00:18.122+07:00 DEBUG 7884 --- [OrderManagement_jOOQ] [           main] o.s.b.f.s.DefaultListableBeanFactory     : Creating shared instance of singleton bean 'viewResolver'
2025-01-15T10:00:18.186+07:00 DEBUG 7884 --- [OrderManagement_jOOQ] [           main] o.s.b.f.s.DefaultListableBeanFactory     : Creating shared instance of singleton bean 'requestContextFilter'
2025-01-15T10:00:18.189+07:00 DEBUG 7884 --- [OrderManagement_jOOQ] [           main] o.s.b.f.s.DefaultListableBeanFactory     : Creating shared instance of singleton bean 'org.springframework.boot.autoconfigure.web.servlet.WebMvcAutoConfiguration'
2025-01-15T10:00:18.190+07:00 DEBUG 7884 --- [OrderManagement_jOOQ] [           main] o.s.b.f.s.DefaultListableBeanFactory     : Creating shared instance of singleton bean 'formContentFilter'
2025-01-15T10:00:18.194+07:00 DEBUG 7884 --- [OrderManagement_jOOQ] [           main] o.s.b.f.s.DefaultListableBeanFactory     : Creating shared instance of singleton bean 'org.springframework.boot.autoconfigure.aop.AopAutoConfiguration$AspectJAutoProxyingConfiguration$CglibAutoProxyConfiguration'
2025-01-15T10:00:18.198+07:00 DEBUG 7884 --- [OrderManagement_jOOQ] [           main] o.s.b.f.s.DefaultListableBeanFactory     : Creating shared instance of singleton bean 'org.springframework.boot.autoconfigure.aop.AopAutoConfiguration$AspectJAutoProxyingConfiguration'
2025-01-15T10:00:18.202+07:00 DEBUG 7884 --- [OrderManagement_jOOQ] [           main] o.s.b.f.s.DefaultListableBeanFactory     : Creating shared instance of singleton bean 'org.springframework.boot.autoconfigure.aop.AopAutoConfiguration'
2025-01-15T10:00:18.203+07:00 DEBUG 7884 --- [OrderManagement_jOOQ] [           main] o.s.b.f.s.DefaultListableBeanFactory     : Creating shared instance of singleton bean 'org.springframework.boot.autoconfigure.availability.ApplicationAvailabilityAutoConfiguration'
2025-01-15T10:00:18.204+07:00 DEBUG 7884 --- [OrderManagement_jOOQ] [           main] o.s.b.f.s.DefaultListableBeanFactory     : Creating shared instance of singleton bean 'applicationAvailability'
2025-01-15T10:00:18.212+07:00 DEBUG 7884 --- [OrderManagement_jOOQ] [           main] o.s.b.f.s.DefaultListableBeanFactory     : Creating shared instance of singleton bean 'org.springframework.boot.autoconfigure.transaction.jta.JtaAutoConfiguration'
2025-01-15T10:00:18.214+07:00 DEBUG 7884 --- [OrderManagement_jOOQ] [           main] o.s.b.f.s.DefaultListableBeanFactory     : Creating shared instance of singleton bean 'org.springframework.boot.autoconfigure.jdbc.metadata.DataSourcePoolMetadataProvidersConfiguration'
2025-01-15T10:00:18.216+07:00 DEBUG 7884 --- [OrderManagement_jOOQ] [           main] o.s.b.f.s.DefaultListableBeanFactory     : Creating shared instance of singleton bean 'org.springframework.boot.autoconfigure.jdbc.DataSourceAutoConfiguration'
2025-01-15T10:00:18.217+07:00 DEBUG 7884 --- [OrderManagement_jOOQ] [           main] o.s.b.f.s.DefaultListableBeanFactory     : Creating shared instance of singleton bean 'org.springframework.boot.autoconfigure.transaction.TransactionManagerCustomizationAutoConfiguration'
2025-01-15T10:00:18.218+07:00 DEBUG 7884 --- [OrderManagement_jOOQ] [           main] o.s.b.f.s.DefaultListableBeanFactory     : Creating shared instance of singleton bean 'platformTransactionManagerCustomizers'
2025-01-15T10:00:18.221+07:00 DEBUG 7884 --- [OrderManagement_jOOQ] [           main] o.s.b.f.s.DefaultListableBeanFactory     : Creating shared instance of singleton bean 'transactionExecutionListeners'
2025-01-15T10:00:18.224+07:00 DEBUG 7884 --- [OrderManagement_jOOQ] [           main] o.s.b.f.s.DefaultListableBeanFactory     : Creating shared instance of singleton bean 'spring.transaction-org.springframework.boot.autoconfigure.transaction.TransactionProperties'
2025-01-15T10:00:18.234+07:00 DEBUG 7884 --- [OrderManagement_jOOQ] [           main] o.s.b.f.s.DefaultListableBeanFactory     : Creating shared instance of singleton bean 'org.springframework.boot.autoconfigure.orm.jpa.JpaBaseConfiguration$PersistenceManagedTypesConfiguration'
2025-01-15T10:00:18.235+07:00 DEBUG 7884 --- [OrderManagement_jOOQ] [           main] o.s.b.f.s.DefaultListableBeanFactory     : Creating shared instance of singleton bean 'transactionManager'
2025-01-15T10:00:18.253+07:00 DEBUG 7884 --- [OrderManagement_jOOQ] [           main] o.s.b.f.s.DefaultListableBeanFactory     : Creating shared instance of singleton bean 'org.springframework.boot.autoconfigure.orm.jpa.HibernateJpaAutoConfiguration'
2025-01-15T10:00:18.254+07:00 DEBUG 7884 --- [OrderManagement_jOOQ] [           main] o.s.b.f.s.DefaultListableBeanFactory     : Creating shared instance of singleton bean 'org.springframework.boot.autoconfigure.context.ConfigurationPropertiesAutoConfiguration'
2025-01-15T10:00:18.255+07:00 DEBUG 7884 --- [OrderManagement_jOOQ] [           main] o.s.b.f.s.DefaultListableBeanFactory     : Creating shared instance of singleton bean 'org.springframework.boot.autoconfigure.context.LifecycleAutoConfiguration'
2025-01-15T10:00:18.256+07:00 DEBUG 7884 --- [OrderManagement_jOOQ] [           main] o.s.b.f.s.DefaultListableBeanFactory     : Creating shared instance of singleton bean 'lifecycleProcessor'
2025-01-15T10:00:18.258+07:00 DEBUG 7884 --- [OrderManagement_jOOQ] [           main] o.s.b.f.s.DefaultListableBeanFactory     : Creating shared instance of singleton bean 'spring.lifecycle-org.springframework.boot.autoconfigure.context.LifecycleProperties'
2025-01-15T10:00:18.261+07:00 DEBUG 7884 --- [OrderManagement_jOOQ] [           main] o.s.b.f.s.DefaultListableBeanFactory     : Autowiring by type from bean name 'lifecycleProcessor' via factory method to bean named 'spring.lifecycle-org.springframework.boot.autoconfigure.context.LifecycleProperties'
2025-01-15T10:00:18.265+07:00 DEBUG 7884 --- [OrderManagement_jOOQ] [           main] o.s.b.f.s.DefaultListableBeanFactory     : Creating shared instance of singleton bean 'org.springframework.boot.autoconfigure.dao.PersistenceExceptionTranslationAutoConfiguration'
2025-01-15T10:00:18.266+07:00 DEBUG 7884 --- [OrderManagement_jOOQ] [           main] o.s.b.f.s.DefaultListableBeanFactory     : Creating shared instance of singleton bean 'org.springframework.boot.autoconfigure.data.jpa.JpaRepositoriesAutoConfiguration'
2025-01-15T10:00:18.268+07:00 DEBUG 7884 --- [OrderManagement_jOOQ] [           main] o.s.b.f.s.DefaultListableBeanFactory     : Creating shared instance of singleton bean 'jpaSharedEM_entityManagerFactory'
2025-01-15T10:00:18.339+07:00 DEBUG 7884 --- [OrderManagement_jOOQ] [           main] o.s.b.f.s.DefaultListableBeanFactory     : Creating shared instance of singleton bean 'org.springframework.data.jpa.util.JpaMetamodelCacheCleanup'
2025-01-15T10:00:18.340+07:00 DEBUG 7884 --- [OrderManagement_jOOQ] [           main] o.s.b.f.s.DefaultListableBeanFactory     : Creating shared instance of singleton bean 'org.springframework.data.jpa.repository.support.JpaEvaluationContextExtension'
2025-01-15T10:00:18.344+07:00 DEBUG 7884 --- [OrderManagement_jOOQ] [           main] o.s.b.f.s.DefaultListableBeanFactory     : Creating shared instance of singleton bean 'data-jpa.repository-aot-processor#0'
2025-01-15T10:00:18.353+07:00 DEBUG 7884 --- [OrderManagement_jOOQ] [           main] o.s.b.f.s.DefaultListableBeanFactory     : Creating shared instance of singleton bean 'org.springframework.boot.autoconfigure.http.JacksonHttpMessageConvertersConfiguration'
2025-01-15T10:00:18.354+07:00 DEBUG 7884 --- [OrderManagement_jOOQ] [           main] o.s.b.f.s.DefaultListableBeanFactory     : Creating shared instance of singleton bean 'org.springframework.data.web.config.ProjectingArgumentResolverRegistrar'
2025-01-15T10:00:18.354+07:00 DEBUG 7884 --- [OrderManagement_jOOQ] [           main] o.s.b.f.s.DefaultListableBeanFactory     : Creating shared instance of singleton bean 'offsetResolver'
2025-01-15T10:00:18.359+07:00 DEBUG 7884 --- [OrderManagement_jOOQ] [           main] o.s.b.f.s.DefaultListableBeanFactory     : Creating shared instance of singleton bean 'org.springframework.boot.autoconfigure.info.ProjectInfoAutoConfiguration'
2025-01-15T10:00:18.362+07:00 DEBUG 7884 --- [OrderManagement_jOOQ] [           main] o.s.b.f.s.DefaultListableBeanFactory     : Creating shared instance of singleton bean 'spring.info-org.springframework.boot.autoconfigure.info.ProjectInfoProperties'
2025-01-15T10:00:18.364+07:00 DEBUG 7884 --- [OrderManagement_jOOQ] [           main] o.s.b.f.s.DefaultListableBeanFactory     : Autowiring by type from bean name 'org.springframework.boot.autoconfigure.info.ProjectInfoAutoConfiguration' via constructor to bean named 'spring.info-org.springframework.boot.autoconfigure.info.ProjectInfoProperties'
2025-01-15T10:00:18.365+07:00 DEBUG 7884 --- [OrderManagement_jOOQ] [           main] o.s.b.f.s.DefaultListableBeanFactory     : Creating shared instance of singleton bean 'org.springframework.boot.autoconfigure.jdbc.JdbcTemplateConfiguration'
2025-01-15T10:00:18.366+07:00 DEBUG 7884 --- [OrderManagement_jOOQ] [           main] o.s.b.f.s.DefaultListableBeanFactory     : Creating shared instance of singleton bean 'jdbcTemplate'
2025-01-15T10:00:18.368+07:00 DEBUG 7884 --- [OrderManagement_jOOQ] [           main] o.s.b.f.s.DefaultListableBeanFactory     : Creating shared instance of singleton bean 'spring.jdbc-org.springframework.boot.autoconfigure.jdbc.JdbcProperties'
2025-01-15T10:00:18.370+07:00 DEBUG 7884 --- [OrderManagement_jOOQ] [           main] o.s.b.f.s.DefaultListableBeanFactory     : Autowiring by type from bean name 'jdbcTemplate' via factory method to bean named 'dataSource'
2025-01-15T10:00:18.370+07:00 DEBUG 7884 --- [OrderManagement_jOOQ] [           main] o.s.b.f.s.DefaultListableBeanFactory     : Autowiring by type from bean name 'jdbcTemplate' via factory method to bean named 'spring.jdbc-org.springframework.boot.autoconfigure.jdbc.JdbcProperties'
2025-01-15T10:00:18.387+07:00 DEBUG 7884 --- [OrderManagement_jOOQ] [           main] o.s.b.f.s.DefaultListableBeanFactory     : Creating shared instance of singleton bean 'org.springframework.boot.autoconfigure.jdbc.NamedParameterJdbcTemplateConfiguration'
2025-01-15T10:00:18.389+07:00 DEBUG 7884 --- [OrderManagement_jOOQ] [           main] o.s.b.f.s.DefaultListableBeanFactory     : Creating shared instance of singleton bean 'namedParameterJdbcTemplate'
2025-01-15T10:00:18.392+07:00 DEBUG 7884 --- [OrderManagement_jOOQ] [           main] o.s.b.f.s.DefaultListableBeanFactory     : Autowiring by type from bean name 'namedParameterJdbcTemplate' via factory method to bean named 'jdbcTemplate'
2025-01-15T10:00:18.424+07:00 DEBUG 7884 --- [OrderManagement_jOOQ] [           main] o.s.b.f.s.DefaultListableBeanFactory     : Creating shared instance of singleton bean 'org.springframework.boot.autoconfigure.jdbc.JdbcTemplateAutoConfiguration'
2025-01-15T10:00:18.425+07:00 DEBUG 7884 --- [OrderManagement_jOOQ] [           main] o.s.b.f.s.DefaultListableBeanFactory     : Creating shared instance of singleton bean 'org.springframework.boot.autoconfigure.jdbc.JdbcClientAutoConfiguration'
2025-01-15T10:00:18.426+07:00 DEBUG 7884 --- [OrderManagement_jOOQ] [           main] o.s.b.f.s.DefaultListableBeanFactory     : Creating shared instance of singleton bean 'jdbcClient'
2025-01-15T10:00:18.426+07:00 DEBUG 7884 --- [OrderManagement_jOOQ] [           main] o.s.b.f.s.DefaultListableBeanFactory     : Autowiring by type from bean name 'jdbcClient' via factory method to bean named 'namedParameterJdbcTemplate'
2025-01-15T10:00:18.430+07:00 DEBUG 7884 --- [OrderManagement_jOOQ] [           main] o.s.b.f.s.DefaultListableBeanFactory     : Creating shared instance of singleton bean 'org.springframework.boot.autoconfigure.jdbc.DataSourceTransactionManagerAutoConfiguration$JdbcTransactionManagerConfiguration'
2025-01-15T10:00:18.431+07:00 DEBUG 7884 --- [OrderManagement_jOOQ] [           main] o.s.b.f.s.DefaultListableBeanFactory     : Creating shared instance of singleton bean 'org.springframework.boot.autoconfigure.jdbc.DataSourceTransactionManagerAutoConfiguration'
2025-01-15T10:00:18.433+07:00 DEBUG 7884 --- [OrderManagement_jOOQ] [           main] o.s.b.f.s.DefaultListableBeanFactory     : Creating shared instance of singleton bean 'org.springframework.boot.autoconfigure.transaction.TransactionAutoConfiguration$EnableTransactionManagementConfiguration$CglibAutoProxyConfiguration'
2025-01-15T10:00:18.435+07:00 DEBUG 7884 --- [OrderManagement_jOOQ] [           main] o.s.b.f.s.DefaultListableBeanFactory     : Creating shared instance of singleton bean 'org.springframework.boot.autoconfigure.transaction.TransactionAutoConfiguration$EnableTransactionManagementConfiguration'
2025-01-15T10:00:18.435+07:00 DEBUG 7884 --- [OrderManagement_jOOQ] [           main] o.s.b.f.s.DefaultListableBeanFactory     : Creating shared instance of singleton bean 'org.springframework.boot.autoconfigure.transaction.TransactionAutoConfiguration$TransactionTemplateConfiguration'
2025-01-15T10:00:18.436+07:00 DEBUG 7884 --- [OrderManagement_jOOQ] [           main] o.s.b.f.s.DefaultListableBeanFactory     : Creating shared instance of singleton bean 'transactionTemplate'
2025-01-15T10:00:18.437+07:00 DEBUG 7884 --- [OrderManagement_jOOQ] [           main] o.s.b.f.s.DefaultListableBeanFactory     : Autowiring by type from bean name 'transactionTemplate' via factory method to bean named 'transactionManager'
2025-01-15T10:00:18.441+07:00 DEBUG 7884 --- [OrderManagement_jOOQ] [           main] o.s.b.f.s.DefaultListableBeanFactory     : Creating shared instance of singleton bean 'org.springframework.boot.autoconfigure.transaction.TransactionAutoConfiguration'
2025-01-15T10:00:18.443+07:00 DEBUG 7884 --- [OrderManagement_jOOQ] [           main] o.s.b.f.s.DefaultListableBeanFactory     : Creating shared instance of singleton bean 'org.springframework.boot.autoconfigure.jooq.JooqAutoConfiguration'
2025-01-15T10:00:18.445+07:00 DEBUG 7884 --- [OrderManagement_jOOQ] [           main] o.s.b.f.s.DefaultListableBeanFactory     : Creating shared instance of singleton bean 'dataSourceConnectionProvider'
2025-01-15T10:00:18.446+07:00 DEBUG 7884 --- [OrderManagement_jOOQ] [           main] o.s.b.f.s.DefaultListableBeanFactory     : Autowiring by type from bean name 'dataSourceConnectionProvider' via factory method to bean named 'dataSource'
2025-01-15T10:00:18.447+07:00 DEBUG 7884 --- [OrderManagement_jOOQ] [           main] o.s.b.f.s.DefaultListableBeanFactory     : Creating shared instance of singleton bean 'transactionProvider'
2025-01-15T10:00:18.448+07:00 DEBUG 7884 --- [OrderManagement_jOOQ] [           main] o.s.b.f.s.DefaultListableBeanFactory     : Autowiring by type from bean name 'transactionProvider' via factory method to bean named 'transactionManager'
2025-01-15T10:00:18.450+07:00 DEBUG 7884 --- [OrderManagement_jOOQ] [           main] o.s.b.f.s.DefaultListableBeanFactory     : Creating shared instance of singleton bean 'jooqExceptionTranslatorExecuteListenerProvider'
2025-01-15T10:00:18.451+07:00 DEBUG 7884 --- [OrderManagement_jOOQ] [           main] o.s.b.f.s.DefaultListableBeanFactory     : Creating shared instance of singleton bean 'jooqExceptionTranslator'
2025-01-15T10:00:18.457+07:00 DEBUG 7884 --- [OrderManagement_jOOQ] [           main] o.s.b.f.s.DefaultListableBeanFactory     : Autowiring by type from bean name 'jooqExceptionTranslatorExecuteListenerProvider' via factory method to bean named 'jooqExceptionTranslator'
2025-01-15T10:00:18.459+07:00 DEBUG 7884 --- [OrderManagement_jOOQ] [           main] o.s.b.f.s.DefaultListableBeanFactory     : Creating shared instance of singleton bean 'org.springframework.boot.autoconfigure.security.oauth2.resource.servlet.Oauth2ResourceServerConfiguration$JwtConfiguration'
2025-01-15T10:00:18.459+07:00 DEBUG 7884 --- [OrderManagement_jOOQ] [           main] o.s.b.f.s.DefaultListableBeanFactory     : Creating shared instance of singleton bean 'org.springframework.boot.autoconfigure.security.oauth2.resource.servlet.OAuth2ResourceServerOpaqueTokenConfiguration$OpaqueTokenIntrospectionClientConfiguration'
2025-01-15T10:00:18.464+07:00 DEBUG 7884 --- [OrderManagement_jOOQ] [           main] o.s.b.f.s.DefaultListableBeanFactory     : Creating shared instance of singleton bean 'org.springframework.boot.autoconfigure.security.oauth2.resource.servlet.Oauth2ResourceServerConfiguration$OpaqueTokenConfiguration'
2025-01-15T10:00:18.465+07:00 DEBUG 7884 --- [OrderManagement_jOOQ] [           main] o.s.b.f.s.DefaultListableBeanFactory     : Creating shared instance of singleton bean 'org.springframework.boot.autoconfigure.security.oauth2.resource.servlet.OAuth2ResourceServerAutoConfiguration'
2025-01-15T10:00:18.466+07:00 DEBUG 7884 --- [OrderManagement_jOOQ] [           main] o.s.b.f.s.DefaultListableBeanFactory     : Creating shared instance of singleton bean 'spring.security.oauth2.resourceserver-org.springframework.boot.autoconfigure.security.oauth2.resource.OAuth2ResourceServerProperties'
2025-01-15T10:00:18.470+07:00 DEBUG 7884 --- [OrderManagement_jOOQ] [           main] o.s.b.f.s.DefaultListableBeanFactory     : Creating shared instance of singleton bean 'org.springframework.boot.autoconfigure.security.servlet.SpringBootWebSecurityConfiguration'
2025-01-15T10:00:18.471+07:00 DEBUG 7884 --- [OrderManagement_jOOQ] [           main] o.s.b.f.s.DefaultListableBeanFactory     : Creating shared instance of singleton bean 'spring.security-org.springframework.boot.autoconfigure.security.SecurityProperties'
2025-01-15T10:00:18.473+07:00 DEBUG 7884 --- [OrderManagement_jOOQ] [           main] o.s.b.f.s.DefaultListableBeanFactory     : Creating shared instance of singleton bean 'org.springframework.boot.autoconfigure.security.servlet.SecurityFilterAutoConfiguration'
2025-01-15T10:00:18.473+07:00 DEBUG 7884 --- [OrderManagement_jOOQ] [           main] o.s.b.f.s.DefaultListableBeanFactory     : Creating shared instance of singleton bean 'securityFilterChainRegistration'
2025-01-15T10:00:18.475+07:00 DEBUG 7884 --- [OrderManagement_jOOQ] [           main] o.s.b.f.s.DefaultListableBeanFactory     : Autowiring by type from bean name 'securityFilterChainRegistration' via factory method to bean named 'spring.security-org.springframework.boot.autoconfigure.security.SecurityProperties'
2025-01-15T10:00:18.481+07:00 DEBUG 7884 --- [OrderManagement_jOOQ] [           main] o.s.b.f.s.DefaultListableBeanFactory     : Creating shared instance of singleton bean 'org.springframework.boot.autoconfigure.sql.init.SqlInitializationAutoConfiguration'
2025-01-15T10:00:18.481+07:00 DEBUG 7884 --- [OrderManagement_jOOQ] [           main] o.s.b.f.s.DefaultListableBeanFactory     : Creating shared instance of singleton bean 'org.springframework.boot.autoconfigure.task.TaskSchedulingConfigurations$ThreadPoolTaskSchedulerBuilderConfiguration'
2025-01-15T10:00:18.482+07:00 DEBUG 7884 --- [OrderManagement_jOOQ] [           main] o.s.b.f.s.DefaultListableBeanFactory     : Creating shared instance of singleton bean 'threadPoolTaskSchedulerBuilder'
2025-01-15T10:00:18.483+07:00 DEBUG 7884 --- [OrderManagement_jOOQ] [           main] o.s.b.f.s.DefaultListableBeanFactory     : Creating shared instance of singleton bean 'spring.task.scheduling-org.springframework.boot.autoconfigure.task.TaskSchedulingProperties'
2025-01-15T10:00:18.487+07:00 DEBUG 7884 --- [OrderManagement_jOOQ] [           main] o.s.b.f.s.DefaultListableBeanFactory     : Autowiring by type from bean name 'threadPoolTaskSchedulerBuilder' via factory method to bean named 'spring.task.scheduling-org.springframework.boot.autoconfigure.task.TaskSchedulingProperties'
2025-01-15T10:00:18.492+07:00 DEBUG 7884 --- [OrderManagement_jOOQ] [           main] o.s.b.f.s.DefaultListableBeanFactory     : Creating shared instance of singleton bean 'org.springframework.boot.autoconfigure.task.TaskSchedulingConfigurations$TaskSchedulerBuilderConfiguration'
2025-01-15T10:00:18.493+07:00 DEBUG 7884 --- [OrderManagement_jOOQ] [           main] o.s.b.f.s.DefaultListableBeanFactory     : Creating shared instance of singleton bean 'taskSchedulerBuilder'
2025-01-15T10:00:18.493+07:00 DEBUG 7884 --- [OrderManagement_jOOQ] [           main] o.s.b.f.s.DefaultListableBeanFactory     : Autowiring by type from bean name 'taskSchedulerBuilder' via factory method to bean named 'spring.task.scheduling-org.springframework.boot.autoconfigure.task.TaskSchedulingProperties'
2025-01-15T10:00:18.495+07:00 DEBUG 7884 --- [OrderManagement_jOOQ] [           main] o.s.b.f.s.DefaultListableBeanFactory     : Creating shared instance of singleton bean 'org.springframework.boot.autoconfigure.task.TaskSchedulingConfigurations$SimpleAsyncTaskSchedulerBuilderConfiguration'
2025-01-15T10:00:18.497+07:00 DEBUG 7884 --- [OrderManagement_jOOQ] [           main] o.s.b.f.s.DefaultListableBeanFactory     : Autowiring by type from bean name 'org.springframework.boot.autoconfigure.task.TaskSchedulingConfigurations$SimpleAsyncTaskSchedulerBuilderConfiguration' via constructor to bean named 'spring.task.scheduling-org.springframework.boot.autoconfigure.task.TaskSchedulingProperties'
2025-01-15T10:00:18.498+07:00 DEBUG 7884 --- [OrderManagement_jOOQ] [           main] o.s.b.f.s.DefaultListableBeanFactory     : Creating shared instance of singleton bean 'simpleAsyncTaskSchedulerBuilder'
2025-01-15T10:00:18.502+07:00 DEBUG 7884 --- [OrderManagement_jOOQ] [           main] o.s.b.f.s.DefaultListableBeanFactory     : Creating shared instance of singleton bean 'org.springframework.boot.autoconfigure.task.TaskSchedulingAutoConfiguration'
2025-01-15T10:00:18.502+07:00 DEBUG 7884 --- [OrderManagement_jOOQ] [           main] o.s.b.f.s.DefaultListableBeanFactory     : Creating shared instance of singleton bean 'org.springframework.boot.autoconfigure.web.client.RestClientAutoConfiguration'
2025-01-15T10:00:18.503+07:00 DEBUG 7884 --- [OrderManagement_jOOQ] [           main] o.s.b.f.s.DefaultListableBeanFactory     : Creating shared instance of singleton bean 'httpMessageConvertersRestClientCustomizer'
2025-01-15T10:00:18.504+07:00 DEBUG 7884 --- [OrderManagement_jOOQ] [           main] o.s.b.f.s.DefaultListableBeanFactory     : Creating shared instance of singleton bean 'restClientSsl'
2025-01-15T10:00:18.505+07:00 DEBUG 7884 --- [OrderManagement_jOOQ] [           main] o.s.b.f.s.DefaultListableBeanFactory     : Autowiring by type from bean name 'restClientSsl' via factory method to bean named 'sslBundleRegistry'
2025-01-15T10:00:18.506+07:00 DEBUG 7884 --- [OrderManagement_jOOQ] [           main] o.s.b.f.s.DefaultListableBeanFactory     : Creating shared instance of singleton bean 'restClientBuilderConfigurer'
2025-01-15T10:00:18.508+07:00 DEBUG 7884 --- [OrderManagement_jOOQ] [           main] o.s.b.f.s.DefaultListableBeanFactory     : Creating shared instance of singleton bean 'org.springframework.boot.autoconfigure.web.client.RestTemplateAutoConfiguration'
2025-01-15T10:00:18.509+07:00 DEBUG 7884 --- [OrderManagement_jOOQ] [           main] o.s.b.f.s.DefaultListableBeanFactory     : Creating shared instance of singleton bean 'characterEncodingFilter'
2025-01-15T10:00:18.512+07:00 DEBUG 7884 --- [OrderManagement_jOOQ] [           main] o.s.b.f.s.DefaultListableBeanFactory     : Creating shared instance of singleton bean 'multipartResolver'
2025-01-15T10:00:18.612+07:00 DEBUG 7884 --- [OrderManagement_jOOQ] [           main] o.s.c.support.DefaultLifecycleProcessor  : Starting beans in phase -2147483647
2025-01-15T10:00:18.613+07:00 DEBUG 7884 --- [OrderManagement_jOOQ] [           main] o.s.c.support.DefaultLifecycleProcessor  : Successfully started bean 'springBootLoggingLifecycle'
2025-01-15T10:00:18.613+07:00 DEBUG 7884 --- [OrderManagement_jOOQ] [           main] o.s.c.support.DefaultLifecycleProcessor  : Starting beans in phase 2147483647
2025-01-15T10:00:18.639+07:00 DEBUG 7884 --- [OrderManagement_jOOQ] [           main] .s.b.a.l.ConditionEvaluationReportLogger : 


============================
CONDITIONS EVALUATION REPORT
============================


Positive matches:
-----------------

   AopAutoConfiguration matched:
      - @ConditionalOnProperty (spring.aop.auto=true) matched (OnPropertyCondition)

   AopAutoConfiguration.AspectJAutoProxyingConfiguration matched:
      - @ConditionalOnClass found required class 'org.aspectj.weaver.Advice' (OnClassCondition)

   AopAutoConfiguration.AspectJAutoProxyingConfiguration.CglibAutoProxyConfiguration matched:
      - @ConditionalOnProperty (spring.aop.proxy-target-class=true) matched (OnPropertyCondition)

   ApplicationAvailabilityAutoConfiguration#applicationAvailability matched:
      - @ConditionalOnMissingBean (types: org.springframework.boot.availability.ApplicationAvailability; SearchStrategy: all) did not find any beans (OnBeanCondition)

   DataSourceAutoConfiguration matched:
      - @ConditionalOnClass found required classes 'javax.sql.DataSource', 'org.springframework.jdbc.datasource.embedded.EmbeddedDatabaseType' (OnClassCondition)
      - @ConditionalOnMissingBean (types: io.r2dbc.spi.ConnectionFactory; SearchStrategy: all) did not find any beans (OnBeanCondition)

   DataSourceAutoConfiguration.PooledDataSourceConfiguration matched:
      - AnyNestedCondition 1 matched 1 did not; NestedCondition on DataSourceAutoConfiguration.PooledDataSourceCondition.PooledDataSourceAvailable PooledDataSource found supported DataSource; NestedCondition on DataSourceAutoConfiguration.PooledDataSourceCondition.ExplicitType @ConditionalOnProperty (spring.datasource.type) did not find property 'type' (DataSourceAutoConfiguration.PooledDataSourceCondition)
      - @ConditionalOnMissingBean (types: javax.sql.DataSource,javax.sql.XADataSource; SearchStrategy: all) did not find any beans (OnBeanCondition)

   DataSourceAutoConfiguration.PooledDataSourceConfiguration#jdbcConnectionDetails matched:
      - @ConditionalOnMissingBean (types: org.springframework.boot.autoconfigure.jdbc.JdbcConnectionDetails; SearchStrategy: all) did not find any beans (OnBeanCondition)

   DataSourceConfiguration.Hikari matched:
      - @ConditionalOnClass found required class 'com.zaxxer.hikari.HikariDataSource' (OnClassCondition)
      - @ConditionalOnProperty (spring.datasource.type=com.zaxxer.hikari.HikariDataSource) matched (OnPropertyCondition)
      - @ConditionalOnMissingBean (types: javax.sql.DataSource; SearchStrategy: all) did not find any beans (OnBeanCondition)

   DataSourceInitializationConfiguration matched:
      - @ConditionalOnClass found required class 'org.springframework.jdbc.datasource.init.DatabasePopulator' (OnClassCondition)
      - @ConditionalOnSingleCandidate (types: javax.sql.DataSource; SearchStrategy: all) found a single bean 'dataSource'; @ConditionalOnMissingBean (types: org.springframework.boot.autoconfigure.sql.init.SqlDataSourceScriptDatabaseInitializer,org.springframework.boot.autoconfigure.sql.init.SqlR2dbcScriptDatabaseInitializer; SearchStrategy: all) did not find any beans (OnBeanCondition)

   DataSourcePoolMetadataProvidersConfiguration.HikariPoolDataSourceMetadataProviderConfiguration matched:
      - @ConditionalOnClass found required class 'com.zaxxer.hikari.HikariDataSource' (OnClassCondition)

   DataSourceTransactionManagerAutoConfiguration matched:
      - @ConditionalOnClass found required classes 'javax.sql.DataSource', 'org.springframework.jdbc.core.JdbcTemplate', 'org.springframework.transaction.TransactionManager' (OnClassCondition)

   DataSourceTransactionManagerAutoConfiguration.JdbcTransactionManagerConfiguration matched:
      - @ConditionalOnSingleCandidate (types: javax.sql.DataSource; SearchStrategy: all) found a single bean 'dataSource' (OnBeanCondition)

   DispatcherServletAutoConfiguration matched:
      - @ConditionalOnClass found required class 'org.springframework.web.servlet.DispatcherServlet' (OnClassCondition)
      - found 'session' scope (OnWebApplicationCondition)

   DispatcherServletAutoConfiguration.DispatcherServletConfiguration matched:
      - @ConditionalOnClass found required class 'jakarta.servlet.ServletRegistration' (OnClassCondition)
      - Default DispatcherServlet did not find dispatcher servlet beans (DispatcherServletAutoConfiguration.DefaultDispatcherServletCondition)

   DispatcherServletAutoConfiguration.DispatcherServletRegistrationConfiguration matched:
      - @ConditionalOnClass found required class 'jakarta.servlet.ServletRegistration' (OnClassCondition)
      - DispatcherServlet Registration did not find servlet registration bean (DispatcherServletAutoConfiguration.DispatcherServletRegistrationCondition)

   DispatcherServletAutoConfiguration.DispatcherServletRegistrationConfiguration#dispatcherServletRegistration matched:
      - @ConditionalOnBean (names: dispatcherServlet types: org.springframework.web.servlet.DispatcherServlet; SearchStrategy: all) found bean 'dispatcherServlet' (OnBeanCondition)

   ErrorMvcAutoConfiguration matched:
      - @ConditionalOnClass found required classes 'jakarta.servlet.Servlet', 'org.springframework.web.servlet.DispatcherServlet' (OnClassCondition)
      - found 'session' scope (OnWebApplicationCondition)

   ErrorMvcAutoConfiguration#basicErrorController matched:
      - @ConditionalOnMissingBean (types: org.springframework.boot.web.servlet.error.ErrorController; SearchStrategy: current) did not find any beans (OnBeanCondition)

   ErrorMvcAutoConfiguration#errorAttributes matched:
      - @ConditionalOnMissingBean (types: org.springframework.boot.web.servlet.error.ErrorAttributes; SearchStrategy: current) did not find any beans (OnBeanCondition)

   ErrorMvcAutoConfiguration.DefaultErrorViewResolverConfiguration#conventionErrorViewResolver matched:
      - @ConditionalOnBean (types: org.springframework.web.servlet.DispatcherServlet; SearchStrategy: all) found bean 'dispatcherServlet'; @ConditionalOnMissingBean (types: org.springframework.boot.autoconfigure.web.servlet.error.ErrorViewResolver; SearchStrategy: all) did not find any beans (OnBeanCondition)

   ErrorMvcAutoConfiguration.WhitelabelErrorViewConfiguration matched:
      - @ConditionalOnProperty (server.error.whitelabel.enabled) matched (OnPropertyCondition)
      - ErrorTemplate Missing did not find error template view (ErrorMvcAutoConfiguration.ErrorTemplateMissingCondition)

   ErrorMvcAutoConfiguration.WhitelabelErrorViewConfiguration#beanNameViewResolver matched:
      - @ConditionalOnMissingBean (types: org.springframework.web.servlet.view.BeanNameViewResolver; SearchStrategy: all) did not find any beans (OnBeanCondition)

   ErrorMvcAutoConfiguration.WhitelabelErrorViewConfiguration#defaultErrorView matched:
      - @ConditionalOnMissingBean (names: error; SearchStrategy: all) did not find any beans (OnBeanCondition)

   GenericCacheConfiguration matched:
      - Cache org.springframework.boot.autoconfigure.cache.GenericCacheConfiguration automatic cache type (CacheCondition)

   HibernateJpaAutoConfiguration matched:
      - @ConditionalOnClass found required classes 'org.springframework.orm.jpa.LocalContainerEntityManagerFactoryBean', 'jakarta.persistence.EntityManager', 'org.hibernate.engine.spi.SessionImplementor' (OnClassCondition)

   HibernateJpaConfiguration matched:
      - @ConditionalOnSingleCandidate (types: javax.sql.DataSource; SearchStrategy: all) found a single bean 'dataSource' (OnBeanCondition)

   HttpEncodingAutoConfiguration matched:
      - @ConditionalOnClass found required class 'org.springframework.web.filter.CharacterEncodingFilter' (OnClassCondition)
      - found 'session' scope (OnWebApplicationCondition)
      - @ConditionalOnProperty (server.servlet.encoding.enabled) matched (OnPropertyCondition)

   HttpEncodingAutoConfiguration#characterEncodingFilter matched:
      - @ConditionalOnMissingBean (types: org.springframework.web.filter.CharacterEncodingFilter; SearchStrategy: all) did not find any beans (OnBeanCondition)

   HttpMessageConvertersAutoConfiguration matched:
      - @ConditionalOnClass found required class 'org.springframework.http.converter.HttpMessageConverter' (OnClassCondition)
      - NoneNestedConditions 0 matched 1 did not; NestedCondition on HttpMessageConvertersAutoConfiguration.NotReactiveWebApplicationCondition.ReactiveWebApplication did not find reactive web application classes (HttpMessageConvertersAutoConfiguration.NotReactiveWebApplicationCondition)

   HttpMessageConvertersAutoConfiguration#messageConverters matched:
      - @ConditionalOnMissingBean (types: org.springframework.boot.autoconfigure.http.HttpMessageConverters; SearchStrategy: all) did not find any beans (OnBeanCondition)

   HttpMessageConvertersAutoConfiguration.StringHttpMessageConverterConfiguration matched:
      - @ConditionalOnClass found required class 'org.springframework.http.converter.StringHttpMessageConverter' (OnClassCondition)

   HttpMessageConvertersAutoConfiguration.StringHttpMessageConverterConfiguration#stringHttpMessageConverter matched:
      - @ConditionalOnMissingBean (types: org.springframework.http.converter.StringHttpMessageConverter; SearchStrategy: all) did not find any beans (OnBeanCondition)

   JacksonAutoConfiguration matched:
      - @ConditionalOnClass found required class 'com.fasterxml.jackson.databind.ObjectMapper' (OnClassCondition)

   JacksonAutoConfiguration.Jackson2ObjectMapperBuilderCustomizerConfiguration matched:
      - @ConditionalOnClass found required class 'org.springframework.http.converter.json.Jackson2ObjectMapperBuilder' (OnClassCondition)

   JacksonAutoConfiguration.JacksonObjectMapperBuilderConfiguration matched:
      - @ConditionalOnClass found required class 'org.springframework.http.converter.json.Jackson2ObjectMapperBuilder' (OnClassCondition)

   JacksonAutoConfiguration.JacksonObjectMapperBuilderConfiguration#jacksonObjectMapperBuilder matched:
      - @ConditionalOnMissingBean (types: org.springframework.http.converter.json.Jackson2ObjectMapperBuilder; SearchStrategy: all) did not find any beans (OnBeanCondition)

   JacksonAutoConfiguration.JacksonObjectMapperConfiguration matched:
      - @ConditionalOnClass found required class 'org.springframework.http.converter.json.Jackson2ObjectMapperBuilder' (OnClassCondition)

   JacksonAutoConfiguration.JacksonObjectMapperConfiguration#jacksonObjectMapper matched:
      - @ConditionalOnMissingBean (types: com.fasterxml.jackson.databind.ObjectMapper; SearchStrategy: all) did not find any beans (OnBeanCondition)

   JacksonAutoConfiguration.ParameterNamesModuleConfiguration matched:
      - @ConditionalOnClass found required class 'com.fasterxml.jackson.module.paramnames.ParameterNamesModule' (OnClassCondition)

   JacksonAutoConfiguration.ParameterNamesModuleConfiguration#parameterNamesModule matched:
      - @ConditionalOnMissingBean (types: com.fasterxml.jackson.module.paramnames.ParameterNamesModule; SearchStrategy: all) did not find any beans (OnBeanCondition)

   JacksonHttpMessageConvertersConfiguration.MappingJackson2HttpMessageConverterConfiguration matched:
      - @ConditionalOnClass found required class 'com.fasterxml.jackson.databind.ObjectMapper' (OnClassCondition)
      - @ConditionalOnProperty (spring.mvc.converters.preferred-json-mapper=jackson) matched (OnPropertyCondition)
      - @ConditionalOnBean (types: com.fasterxml.jackson.databind.ObjectMapper; SearchStrategy: all) found bean 'jacksonObjectMapper' (OnBeanCondition)

   JacksonHttpMessageConvertersConfiguration.MappingJackson2HttpMessageConverterConfiguration#mappingJackson2HttpMessageConverter matched:
      - @ConditionalOnMissingBean (types: org.springframework.http.converter.json.MappingJackson2HttpMessageConverter ignored: org.springframework.hateoas.server.mvc.TypeConstrainedMappingJackson2HttpMessageConverter,org.springframework.data.rest.webmvc.alps.AlpsJsonHttpMessageConverter; SearchStrategy: all) did not find any beans (OnBeanCondition)

   JdbcClientAutoConfiguration matched:
      - @ConditionalOnSingleCandidate (types: org.springframework.jdbc.core.namedparam.NamedParameterJdbcTemplate; SearchStrategy: all) found a single bean 'namedParameterJdbcTemplate'; @ConditionalOnMissingBean (types: org.springframework.jdbc.core.simple.JdbcClient; SearchStrategy: all) did not find any beans (OnBeanCondition)

   JdbcTemplateAutoConfiguration matched:
      - @ConditionalOnClass found required classes 'javax.sql.DataSource', 'org.springframework.jdbc.core.JdbcTemplate' (OnClassCondition)
      - @ConditionalOnSingleCandidate (types: javax.sql.DataSource; SearchStrategy: all) found a single bean 'dataSource' (OnBeanCondition)

   JdbcTemplateConfiguration matched:
      - @ConditionalOnMissingBean (types: org.springframework.jdbc.core.JdbcOperations; SearchStrategy: all) did not find any beans (OnBeanCondition)

   JooqAutoConfiguration matched:
      - @ConditionalOnClass found required class 'org.jooq.DSLContext' (OnClassCondition)
      - @ConditionalOnBean (types: javax.sql.DataSource; SearchStrategy: all) found bean 'dataSource' (OnBeanCondition)

   JooqAutoConfiguration#dataSourceConnectionProvider matched:
      - @ConditionalOnMissingBean (types: org.jooq.ConnectionProvider; SearchStrategy: all) did not find any beans (OnBeanCondition)

   JooqAutoConfiguration#jooqExceptionTranslator matched:
      - @ConditionalOnMissingBean (types: org.springframework.boot.autoconfigure.jooq.ExceptionTranslatorExecuteListener; SearchStrategy: all) did not find any beans (OnBeanCondition)

   JooqAutoConfiguration#transactionProvider matched:
      - @ConditionalOnBean (types: org.springframework.transaction.PlatformTransactionManager; SearchStrategy: all) found bean 'transactionManager'; @ConditionalOnMissingBean (types: org.jooq.TransactionProvider; SearchStrategy: all) did not find any beans (OnBeanCondition)

   JpaBaseConfiguration#entityManagerFactory matched:
      - @ConditionalOnMissingBean (types: org.springframework.orm.jpa.LocalContainerEntityManagerFactoryBean,jakarta.persistence.EntityManagerFactory; SearchStrategy: all) did not find any beans (OnBeanCondition)

   JpaBaseConfiguration#entityManagerFactoryBuilder matched:
      - @ConditionalOnMissingBean (types: org.springframework.boot.orm.jpa.EntityManagerFactoryBuilder; SearchStrategy: all) did not find any beans (OnBeanCondition)

   JpaBaseConfiguration#jpaVendorAdapter matched:
      - @ConditionalOnMissingBean (types: org.springframework.orm.jpa.JpaVendorAdapter; SearchStrategy: all) did not find any beans (OnBeanCondition)

   JpaBaseConfiguration#transactionManager matched:
      - @ConditionalOnMissingBean (types: org.springframework.transaction.TransactionManager; SearchStrategy: all) did not find any beans (OnBeanCondition)

   JpaBaseConfiguration.JpaWebConfiguration matched:
      - @ConditionalOnClass found required class 'org.springframework.web.servlet.config.annotation.WebMvcConfigurer' (OnClassCondition)
      - found 'session' scope (OnWebApplicationCondition)
      - @ConditionalOnProperty (spring.jpa.open-in-view=true) matched (OnPropertyCondition)
      - @ConditionalOnMissingBean (types: org.springframework.orm.jpa.support.OpenEntityManagerInViewInterceptor,org.springframework.orm.jpa.support.OpenEntityManagerInViewFilter; SearchStrategy: all) did not find any beans (OnBeanCondition)

   JpaBaseConfiguration.PersistenceManagedTypesConfiguration matched:
      - @ConditionalOnMissingBean (types: org.springframework.orm.jpa.LocalContainerEntityManagerFactoryBean,jakarta.persistence.EntityManagerFactory; SearchStrategy: all) did not find any beans (OnBeanCondition)

   JpaBaseConfiguration.PersistenceManagedTypesConfiguration#persistenceManagedTypes matched:
      - @ConditionalOnMissingBean (types: org.springframework.orm.jpa.persistenceunit.PersistenceManagedTypes; SearchStrategy: all) did not find any beans (OnBeanCondition)

   JpaRepositoriesAutoConfiguration matched:
      - @ConditionalOnClass found required class 'org.springframework.data.jpa.repository.JpaRepository' (OnClassCondition)
      - @ConditionalOnProperty (spring.data.jpa.repositories.enabled=true) matched (OnPropertyCondition)
      - @ConditionalOnBean (types: javax.sql.DataSource; SearchStrategy: all) found bean 'dataSource'; @ConditionalOnMissingBean (types: org.springframework.data.jpa.repository.support.JpaRepositoryFactoryBean,org.springframework.data.jpa.repository.config.JpaRepositoryConfigExtension; SearchStrategy: all) did not find any beans (OnBeanCondition)

   JtaAutoConfiguration matched:
      - @ConditionalOnClass found required class 'jakarta.transaction.Transaction' (OnClassCondition)
      - @ConditionalOnProperty (spring.jta.enabled) matched (OnPropertyCondition)

   LifecycleAutoConfiguration#defaultLifecycleProcessor matched:
      - @ConditionalOnMissingBean (names: lifecycleProcessor; SearchStrategy: current) did not find any beans (OnBeanCondition)

   MultipartAutoConfiguration matched:
      - @ConditionalOnClass found required classes 'jakarta.servlet.Servlet', 'org.springframework.web.multipart.support.StandardServletMultipartResolver', 'jakarta.servlet.MultipartConfigElement' (OnClassCondition)
      - found 'session' scope (OnWebApplicationCondition)
      - @ConditionalOnProperty (spring.servlet.multipart.enabled) matched (OnPropertyCondition)

   MultipartAutoConfiguration#multipartConfigElement matched:
      - @ConditionalOnMissingBean (types: jakarta.servlet.MultipartConfigElement; SearchStrategy: all) did not find any beans (OnBeanCondition)

   MultipartAutoConfiguration#multipartResolver matched:
      - @ConditionalOnMissingBean (types: org.springframework.web.multipart.MultipartResolver; SearchStrategy: all) did not find any beans (OnBeanCondition)

   NamedParameterJdbcTemplateConfiguration matched:
      - @ConditionalOnSingleCandidate (types: org.springframework.jdbc.core.JdbcTemplate; SearchStrategy: all) found a single bean 'jdbcTemplate'; @ConditionalOnMissingBean (types: org.springframework.jdbc.core.namedparam.NamedParameterJdbcOperations; SearchStrategy: all) did not find any beans (OnBeanCondition)

   NoOpCacheConfiguration matched:
      - Cache org.springframework.boot.autoconfigure.cache.NoOpCacheConfiguration automatic cache type (CacheCondition)

   OAuth2ResourceServerAutoConfiguration matched:
      - @ConditionalOnClass found required class 'org.springframework.security.oauth2.server.resource.authentication.BearerTokenAuthenticationToken' (OnClassCondition)
      - found 'session' scope (OnWebApplicationCondition)

   OAuth2ResourceServerOpaqueTokenConfiguration.OpaqueTokenIntrospectionClientConfiguration matched:
      - @ConditionalOnMissingBean (types: org.springframework.security.oauth2.server.resource.introspection.OpaqueTokenIntrospector; SearchStrategy: all) did not find any beans (OnBeanCondition)

   Oauth2ResourceServerConfiguration.JwtConfiguration matched:
      - @ConditionalOnClass found required class 'org.springframework.security.oauth2.jwt.JwtDecoder' (OnClassCondition)

   PersistenceExceptionTranslationAutoConfiguration matched:
      - @ConditionalOnClass found required class 'org.springframework.dao.annotation.PersistenceExceptionTranslationPostProcessor' (OnClassCondition)

   PersistenceExceptionTranslationAutoConfiguration#persistenceExceptionTranslationPostProcessor matched:
      - @ConditionalOnProperty (spring.dao.exceptiontranslation.enabled) matched (OnPropertyCondition)
      - @ConditionalOnMissingBean (types: org.springframework.dao.annotation.PersistenceExceptionTranslationPostProcessor; SearchStrategy: all) did not find any beans (OnBeanCondition)

   PropertyPlaceholderAutoConfiguration#propertySourcesPlaceholderConfigurer matched:
      - @ConditionalOnMissingBean (types: org.springframework.context.support.PropertySourcesPlaceholderConfigurer; SearchStrategy: current) did not find any beans (OnBeanCondition)

   RestClientAutoConfiguration matched:
      - @ConditionalOnClass found required class 'org.springframework.web.client.RestClient' (OnClassCondition)
      - NoneNestedConditions 0 matched 1 did not; NestedCondition on NotReactiveWebApplicationCondition.ReactiveWebApplication did not find reactive web application classes (NotReactiveWebApplicationCondition)

   RestClientAutoConfiguration#httpMessageConvertersRestClientCustomizer matched:
      - @ConditionalOnMissingBean (types: org.springframework.boot.autoconfigure.web.client.HttpMessageConvertersRestClientCustomizer; SearchStrategy: all) did not find any beans (OnBeanCondition)

   RestClientAutoConfiguration#restClientBuilder matched:
      - @ConditionalOnMissingBean (types: org.springframework.web.client.RestClient$Builder; SearchStrategy: all) did not find any beans (OnBeanCondition)

   RestClientAutoConfiguration#restClientBuilderConfigurer matched:
      - @ConditionalOnMissingBean (types: org.springframework.boot.autoconfigure.web.client.RestClientBuilderConfigurer; SearchStrategy: all) did not find any beans (OnBeanCondition)

   RestClientAutoConfiguration#restClientSsl matched:
      - @ConditionalOnBean (types: org.springframework.boot.ssl.SslBundles; SearchStrategy: all) found bean 'sslBundleRegistry'; @ConditionalOnMissingBean (types: org.springframework.boot.autoconfigure.web.client.RestClientSsl; SearchStrategy: all) did not find any beans (OnBeanCondition)

   RestTemplateAutoConfiguration matched:
      - @ConditionalOnClass found required class 'org.springframework.web.client.RestTemplate' (OnClassCondition)
      - NoneNestedConditions 0 matched 1 did not; NestedCondition on NotReactiveWebApplicationCondition.ReactiveWebApplication did not find reactive web application classes (NotReactiveWebApplicationCondition)

   RestTemplateAutoConfiguration#restTemplateBuilder matched:
      - @ConditionalOnMissingBean (types: org.springframework.boot.web.client.RestTemplateBuilder; SearchStrategy: all) did not find any beans (OnBeanCondition)

   SecurityAutoConfiguration matched:
      - @ConditionalOnClass found required class 'org.springframework.security.authentication.DefaultAuthenticationEventPublisher' (OnClassCondition)

   SecurityAutoConfiguration#authenticationEventPublisher matched:
      - @ConditionalOnMissingBean (types: org.springframework.security.authentication.AuthenticationEventPublisher; SearchStrategy: all) did not find any beans (OnBeanCondition)

   SecurityFilterAutoConfiguration matched:
      - @ConditionalOnClass found required classes 'org.springframework.security.web.context.AbstractSecurityWebApplicationInitializer', 'org.springframework.security.config.http.SessionCreationPolicy' (OnClassCondition)
      - found 'session' scope (OnWebApplicationCondition)

   SecurityFilterAutoConfiguration#securityFilterChainRegistration matched:
      - @ConditionalOnBean (names: springSecurityFilterChain; SearchStrategy: all) found bean 'springSecurityFilterChain' (OnBeanCondition)

   ServletWebServerFactoryAutoConfiguration matched:
      - @ConditionalOnClass found required class 'jakarta.servlet.ServletRequest' (OnClassCondition)
      - found 'session' scope (OnWebApplicationCondition)

   ServletWebServerFactoryAutoConfiguration#tomcatServletWebServerFactoryCustomizer matched:
      - @ConditionalOnClass found required class 'org.apache.catalina.startup.Tomcat' (OnClassCondition)

   ServletWebServerFactoryConfiguration.EmbeddedTomcat matched:
      - @ConditionalOnClass found required classes 'jakarta.servlet.Servlet', 'org.apache.catalina.startup.Tomcat', 'org.apache.coyote.UpgradeProtocol' (OnClassCondition)
      - @ConditionalOnMissingBean (types: org.springframework.boot.web.servlet.server.ServletWebServerFactory; SearchStrategy: current) did not find any beans (OnBeanCondition)

   SimpleCacheConfiguration matched:
      - Cache org.springframework.boot.autoconfigure.cache.SimpleCacheConfiguration automatic cache type (CacheCondition)

   SpringBootWebSecurityConfiguration matched:
      - found 'session' scope (OnWebApplicationCondition)

   SpringDataWebAutoConfiguration matched:
      - @ConditionalOnClass found required classes 'org.springframework.data.web.PageableHandlerMethodArgumentResolver', 'org.springframework.web.servlet.config.annotation.WebMvcConfigurer' (OnClassCondition)
      - found 'session' scope (OnWebApplicationCondition)
      - @ConditionalOnMissingBean (types: org.springframework.data.web.PageableHandlerMethodArgumentResolver; SearchStrategy: all) did not find any beans (OnBeanCondition)

   SpringDataWebAutoConfiguration#pageableCustomizer matched:
      - @ConditionalOnMissingBean (types: org.springframework.data.web.config.PageableHandlerMethodArgumentResolverCustomizer; SearchStrategy: all) did not find any beans (OnBeanCondition)

   SpringDataWebAutoConfiguration#sortCustomizer matched:
      - @ConditionalOnMissingBean (types: org.springframework.data.web.config.SortHandlerMethodArgumentResolverCustomizer; SearchStrategy: all) did not find any beans (OnBeanCondition)

   SqlInitializationAutoConfiguration matched:
      - @ConditionalOnProperty (spring.sql.init.enabled) matched (OnPropertyCondition)
      - NoneNestedConditions 0 matched 1 did not; NestedCondition on SqlInitializationAutoConfiguration.SqlInitializationModeCondition.ModeIsNever @ConditionalOnProperty (spring.sql.init.mode=never) did not find property 'mode' (SqlInitializationAutoConfiguration.SqlInitializationModeCondition)

   SslAutoConfiguration#sslBundleRegistry matched:
      - @ConditionalOnMissingBean (types: org.springframework.boot.ssl.SslBundleRegistry,org.springframework.boot.ssl.SslBundles; SearchStrategy: all) did not find any beans (OnBeanCondition)

   TaskExecutionAutoConfiguration matched:
      - @ConditionalOnClass found required class 'org.springframework.scheduling.concurrent.ThreadPoolTaskExecutor' (OnClassCondition)

   TaskExecutorConfigurations.SimpleAsyncTaskExecutorBuilderConfiguration#simpleAsyncTaskExecutorBuilder matched:
      - @ConditionalOnMissingBean (types: org.springframework.boot.task.SimpleAsyncTaskExecutorBuilder; SearchStrategy: all) did not find any beans (OnBeanCondition)
      - @ConditionalOnThreading found PLATFORM (OnThreadingCondition)

   TaskExecutorConfigurations.TaskExecutorBuilderConfiguration#taskExecutorBuilder matched:
      - @ConditionalOnMissingBean (types: org.springframework.boot.task.TaskExecutorBuilder; SearchStrategy: all) did not find any beans (OnBeanCondition)

   TaskExecutorConfigurations.TaskExecutorConfiguration matched:
      - @ConditionalOnMissingBean (types: java.util.concurrent.Executor; SearchStrategy: all) did not find any beans (OnBeanCondition)

   TaskExecutorConfigurations.TaskExecutorConfiguration#applicationTaskExecutor matched:
      - @ConditionalOnThreading found PLATFORM (OnThreadingCondition)

   TaskExecutorConfigurations.ThreadPoolTaskExecutorBuilderConfiguration#threadPoolTaskExecutorBuilder matched:
      - @ConditionalOnMissingBean (types: org.springframework.boot.task.TaskExecutorBuilder,org.springframework.boot.task.ThreadPoolTaskExecutorBuilder; SearchStrategy: all) did not find any beans (OnBeanCondition)

   TaskSchedulingAutoConfiguration matched:
      - @ConditionalOnClass found required class 'org.springframework.scheduling.concurrent.ThreadPoolTaskScheduler' (OnClassCondition)

   TaskSchedulingConfigurations.SimpleAsyncTaskSchedulerBuilderConfiguration#simpleAsyncTaskSchedulerBuilder matched:
      - @ConditionalOnMissingBean (types: org.springframework.boot.task.SimpleAsyncTaskSchedulerBuilder; SearchStrategy: all) did not find any beans (OnBeanCondition)
      - @ConditionalOnThreading found PLATFORM (OnThreadingCondition)

   TaskSchedulingConfigurations.TaskSchedulerBuilderConfiguration#taskSchedulerBuilder matched:
      - @ConditionalOnMissingBean (types: org.springframework.boot.task.TaskSchedulerBuilder; SearchStrategy: all) did not find any beans (OnBeanCondition)

   TaskSchedulingConfigurations.ThreadPoolTaskSchedulerBuilderConfiguration#threadPoolTaskSchedulerBuilder matched:
      - @ConditionalOnMissingBean (types: org.springframework.boot.task.TaskSchedulerBuilder,org.springframework.boot.task.ThreadPoolTaskSchedulerBuilder; SearchStrategy: all) did not find any beans (OnBeanCondition)

   TransactionAutoConfiguration matched:
      - @ConditionalOnClass found required class 'org.springframework.transaction.PlatformTransactionManager' (OnClassCondition)

   TransactionAutoConfiguration.EnableTransactionManagementConfiguration matched:
      - @ConditionalOnBean (types: org.springframework.transaction.TransactionManager; SearchStrategy: all) found bean 'transactionManager'; @ConditionalOnMissingBean (types: org.springframework.transaction.annotation.AbstractTransactionManagementConfiguration; SearchStrategy: all) did not find any beans (OnBeanCondition)

   TransactionAutoConfiguration.EnableTransactionManagementConfiguration.CglibAutoProxyConfiguration matched:
      - @ConditionalOnProperty (spring.aop.proxy-target-class=true) matched (OnPropertyCondition)

   TransactionAutoConfiguration.TransactionTemplateConfiguration matched:
      - @ConditionalOnSingleCandidate (types: org.springframework.transaction.PlatformTransactionManager; SearchStrategy: all) found a single bean 'transactionManager' (OnBeanCondition)

   TransactionAutoConfiguration.TransactionTemplateConfiguration#transactionTemplate matched:
      - @ConditionalOnMissingBean (types: org.springframework.transaction.support.TransactionOperations; SearchStrategy: all) did not find any beans (OnBeanCondition)

   TransactionManagerCustomizationAutoConfiguration matched:
      - @ConditionalOnClass found required class 'org.springframework.transaction.PlatformTransactionManager' (OnClassCondition)

   TransactionManagerCustomizationAutoConfiguration#platformTransactionManagerCustomizers matched:
      - @ConditionalOnMissingBean (types: org.springframework.boot.autoconfigure.transaction.TransactionManagerCustomizers; SearchStrategy: all) did not find any beans (OnBeanCondition)

   ValidationAutoConfiguration matched:
      - @ConditionalOnClass found required class 'jakarta.validation.executable.ExecutableValidator' (OnClassCondition)
      - @ConditionalOnResource found location classpath:META-INF/services/jakarta.validation.spi.ValidationProvider (OnResourceCondition)

   ValidationAutoConfiguration#defaultValidator matched:
      - @ConditionalOnMissingBean (types: jakarta.validation.Validator; SearchStrategy: all) did not find any beans (OnBeanCondition)

   ValidationAutoConfiguration#methodValidationPostProcessor matched:
      - @ConditionalOnMissingBean (types: org.springframework.validation.beanvalidation.MethodValidationPostProcessor; SearchStrategy: current) did not find any beans (OnBeanCondition)

   WebMvcAutoConfiguration matched:
      - @ConditionalOnClass found required classes 'jakarta.servlet.Servlet', 'org.springframework.web.servlet.DispatcherServlet', 'org.springframework.web.servlet.config.annotation.WebMvcConfigurer' (OnClassCondition)
      - found 'session' scope (OnWebApplicationCondition)
      - @ConditionalOnMissingBean (types: org.springframework.web.servlet.config.annotation.WebMvcConfigurationSupport; SearchStrategy: all) did not find any beans (OnBeanCondition)

   WebMvcAutoConfiguration#formContentFilter matched:
      - @ConditionalOnProperty (spring.mvc.formcontent.filter.enabled) matched (OnPropertyCondition)
      - @ConditionalOnMissingBean (types: org.springframework.web.filter.FormContentFilter; SearchStrategy: all) did not find any beans (OnBeanCondition)

   WebMvcAutoConfiguration.EnableWebMvcConfiguration#flashMapManager matched:
      - @ConditionalOnMissingBean (names: flashMapManager; SearchStrategy: all) did not find any beans (OnBeanCondition)

   WebMvcAutoConfiguration.EnableWebMvcConfiguration#localeResolver matched:
      - @ConditionalOnMissingBean (names: localeResolver; SearchStrategy: all) did not find any beans (OnBeanCondition)

   WebMvcAutoConfiguration.EnableWebMvcConfiguration#themeResolver matched:
      - @ConditionalOnMissingBean (names: themeResolver; SearchStrategy: all) did not find any beans (OnBeanCondition)

   WebMvcAutoConfiguration.WebMvcAutoConfigurationAdapter#defaultViewResolver matched:
      - @ConditionalOnMissingBean (types: org.springframework.web.servlet.view.InternalResourceViewResolver; SearchStrategy: all) did not find any beans (OnBeanCondition)

   WebMvcAutoConfiguration.WebMvcAutoConfigurationAdapter#requestContextFilter matched:
      - @ConditionalOnMissingBean (types: org.springframework.web.context.request.RequestContextListener,org.springframework.web.filter.RequestContextFilter; SearchStrategy: all) did not find any beans (OnBeanCondition)

   WebMvcAutoConfiguration.WebMvcAutoConfigurationAdapter#viewResolver matched:
      - @ConditionalOnBean (types: org.springframework.web.servlet.ViewResolver; SearchStrategy: all) found beans 'defaultViewResolver', 'beanNameViewResolver', 'mvcViewResolver'; @ConditionalOnMissingBean (names: viewResolver types: org.springframework.web.servlet.view.ContentNegotiatingViewResolver; SearchStrategy: all) did not find any beans (OnBeanCondition)

   WebSocketServletAutoConfiguration matched:
      - @ConditionalOnClass found required classes 'jakarta.servlet.Servlet', 'jakarta.websocket.server.ServerContainer' (OnClassCondition)
      - found 'session' scope (OnWebApplicationCondition)

   WebSocketServletAutoConfiguration.TomcatWebSocketConfiguration matched:
      - @ConditionalOnClass found required classes 'org.apache.catalina.startup.Tomcat', 'org.apache.tomcat.websocket.server.WsSci' (OnClassCondition)

   WebSocketServletAutoConfiguration.TomcatWebSocketConfiguration#websocketServletWebServerCustomizer matched:
      - @ConditionalOnMissingBean (names: websocketServletWebServerCustomizer; SearchStrategy: all) did not find any beans (OnBeanCondition)


Negative matches:
-----------------

   ActiveMQAutoConfiguration:
      Did not match:
         - @ConditionalOnClass did not find required class 'jakarta.jms.ConnectionFactory' (OnClassCondition)

   AopAutoConfiguration.AspectJAutoProxyingConfiguration.JdkDynamicAutoProxyConfiguration:
      Did not match:
         - @ConditionalOnProperty (spring.aop.proxy-target-class=false) did not find property 'proxy-target-class' (OnPropertyCondition)

   AopAutoConfiguration.ClassProxyingConfiguration:
      Did not match:
         - @ConditionalOnMissingClass found unwanted class 'org.aspectj.weaver.Advice' (OnClassCondition)

   ArtemisAutoConfiguration:
      Did not match:
         - @ConditionalOnClass did not find required class 'jakarta.jms.ConnectionFactory' (OnClassCondition)

   BatchAutoConfiguration:
      Did not match:
         - @ConditionalOnClass did not find required class 'org.springframework.batch.core.launch.JobLauncher' (OnClassCondition)

   Cache2kCacheConfiguration:
      Did not match:
         - @ConditionalOnClass did not find required class 'org.cache2k.Cache2kBuilder' (OnClassCondition)

   CacheAutoConfiguration:
      Did not match:
         - @ConditionalOnBean (types: org.springframework.cache.interceptor.CacheAspectSupport; SearchStrategy: all) did not find any beans of type org.springframework.cache.interceptor.CacheAspectSupport (OnBeanCondition)
      Matched:
         - @ConditionalOnClass found required class 'org.springframework.cache.CacheManager' (OnClassCondition)

   CacheAutoConfiguration.CacheManagerEntityManagerFactoryDependsOnPostProcessor:
      Did not match:
         - Ancestor org.springframework.boot.autoconfigure.cache.CacheAutoConfiguration did not match (ConditionEvaluationReport.AncestorsMatchedCondition)
      Matched:
         - @ConditionalOnClass found required class 'org.springframework.orm.jpa.LocalContainerEntityManagerFactoryBean' (OnClassCondition)

   CaffeineCacheConfiguration:
      Did not match:
         - @ConditionalOnClass did not find required class 'com.github.benmanes.caffeine.cache.Caffeine' (OnClassCondition)

   CassandraAutoConfiguration:
      Did not match:
         - @ConditionalOnClass did not find required class 'com.datastax.oss.driver.api.core.CqlSession' (OnClassCondition)

   CassandraDataAutoConfiguration:
      Did not match:
         - @ConditionalOnClass did not find required class 'com.datastax.oss.driver.api.core.CqlSession' (OnClassCondition)

   CassandraReactiveDataAutoConfiguration:
      Did not match:
         - @ConditionalOnClass did not find required class 'com.datastax.oss.driver.api.core.CqlSession' (OnClassCondition)

   CassandraReactiveRepositoriesAutoConfiguration:
      Did not match:
         - @ConditionalOnClass did not find required class 'org.springframework.data.cassandra.ReactiveSession' (OnClassCondition)

   CassandraRepositoriesAutoConfiguration:
      Did not match:
         - @ConditionalOnClass did not find required class 'com.datastax.oss.driver.api.core.CqlSession' (OnClassCondition)

   ClientHttpConnectorAutoConfiguration:
      Did not match:
         - @ConditionalOnClass did not find required class 'org.springframework.web.reactive.function.client.WebClient' (OnClassCondition)

   CodecsAutoConfiguration:
      Did not match:
         - @ConditionalOnClass did not find required class 'org.springframework.web.reactive.function.client.WebClient' (OnClassCondition)

   CouchbaseAutoConfiguration:
      Did not match:
         - @ConditionalOnClass did not find required class 'com.couchbase.client.java.Cluster' (OnClassCondition)

   CouchbaseCacheConfiguration:
      Did not match:
         - @ConditionalOnClass did not find required class 'com.couchbase.client.java.Cluster' (OnClassCondition)

   CouchbaseDataAutoConfiguration:
      Did not match:
         - @ConditionalOnClass did not find required class 'com.couchbase.client.java.Bucket' (OnClassCondition)

   CouchbaseReactiveDataAutoConfiguration:
      Did not match:
         - @ConditionalOnClass did not find required class 'com.couchbase.client.java.Cluster' (OnClassCondition)

   CouchbaseReactiveRepositoriesAutoConfiguration:
      Did not match:
         - @ConditionalOnClass did not find required class 'com.couchbase.client.java.Cluster' (OnClassCondition)

   CouchbaseRepositoriesAutoConfiguration:
      Did not match:
         - @ConditionalOnClass did not find required class 'com.couchbase.client.java.Bucket' (OnClassCondition)

   DataSourceAutoConfiguration.EmbeddedDatabaseConfiguration:
      Did not match:
         - EmbeddedDataSource spring.datasource.url is set (DataSourceAutoConfiguration.EmbeddedDatabaseCondition)

   DataSourceCheckpointRestoreConfiguration:
      Did not match:
         - @ConditionalOnClass did not find required class 'org.crac.Resource' (OnClassCondition)

   DataSourceConfiguration.Dbcp2:
      Did not match:
         - @ConditionalOnClass did not find required class 'org.apache.commons.dbcp2.BasicDataSource' (OnClassCondition)

   DataSourceConfiguration.Generic:
      Did not match:
         - @ConditionalOnProperty (spring.datasource.type) did not find property 'spring.datasource.type' (OnPropertyCondition)

   DataSourceConfiguration.OracleUcp:
      Did not match:
         - @ConditionalOnClass did not find required classes 'oracle.ucp.jdbc.PoolDataSourceImpl', 'oracle.jdbc.OracleConnection' (OnClassCondition)

   DataSourceConfiguration.Tomcat:
      Did not match:
         - @ConditionalOnClass did not find required class 'org.apache.tomcat.jdbc.pool.DataSource' (OnClassCondition)

   DataSourceJmxConfiguration:
      Did not match:
         - @ConditionalOnProperty (spring.jmx.enabled=true) found different value in property 'enabled' (OnPropertyCondition)

   DataSourcePoolMetadataProvidersConfiguration.CommonsDbcp2PoolDataSourceMetadataProviderConfiguration:
      Did not match:
         - @ConditionalOnClass did not find required class 'org.apache.commons.dbcp2.BasicDataSource' (OnClassCondition)

   DataSourcePoolMetadataProvidersConfiguration.OracleUcpPoolDataSourceMetadataProviderConfiguration:
      Did not match:
         - @ConditionalOnClass did not find required classes 'oracle.ucp.jdbc.PoolDataSource', 'oracle.jdbc.OracleConnection' (OnClassCondition)

   DataSourcePoolMetadataProvidersConfiguration.TomcatDataSourcePoolMetadataProviderConfiguration:
      Did not match:
         - @ConditionalOnClass did not find required class 'org.apache.tomcat.jdbc.pool.DataSource' (OnClassCondition)

   DataSourceTransactionManagerAutoConfiguration.JdbcTransactionManagerConfiguration#transactionManager:
      Did not match:
         - @ConditionalOnMissingBean (types: org.springframework.transaction.TransactionManager; SearchStrategy: all) found beans of type 'org.springframework.transaction.TransactionManager' transactionManager (OnBeanCondition)

   DispatcherServletAutoConfiguration.DispatcherServletConfiguration#multipartResolver:
      Did not match:
         - @ConditionalOnBean (types: org.springframework.web.multipart.MultipartResolver; SearchStrategy: all) did not find any beans of type org.springframework.web.multipart.MultipartResolver (OnBeanCondition)

   ElasticsearchClientAutoConfiguration:
      Did not match:
         - @ConditionalOnClass did not find required class 'co.elastic.clients.elasticsearch.ElasticsearchClient' (OnClassCondition)

   ElasticsearchDataAutoConfiguration:
      Did not match:
         - @ConditionalOnClass did not find required class 'org.springframework.data.elasticsearch.client.elc.ElasticsearchTemplate' (OnClassCondition)

   ElasticsearchRepositoriesAutoConfiguration:
      Did not match:
         - @ConditionalOnClass did not find required class 'org.springframework.data.elasticsearch.repository.ElasticsearchRepository' (OnClassCondition)

   ElasticsearchRestClientAutoConfiguration:
      Did not match:
         - @ConditionalOnClass did not find required class 'org.elasticsearch.client.RestClientBuilder' (OnClassCondition)

   EmbeddedLdapAutoConfiguration:
      Did not match:
         - @ConditionalOnClass did not find required class 'com.unboundid.ldap.listener.InMemoryDirectoryServer' (OnClassCondition)

   EmbeddedWebServerFactoryCustomizerAutoConfiguration:
      Did not match:
         - Application is deployed as a WAR file. (OnWarDeploymentCondition)
      Matched:
         - @ConditionalOnWebApplication (required) found 'session' scope (OnWebApplicationCondition)

   ErrorWebFluxAutoConfiguration:
      Did not match:
         - @ConditionalOnClass did not find required class 'org.springframework.web.reactive.config.WebFluxConfigurer' (OnClassCondition)

   FlywayAutoConfiguration:
      Did not match:
         - @ConditionalOnClass did not find required class 'org.flywaydb.core.Flyway' (OnClassCondition)

   FreeMarkerAutoConfiguration:
      Did not match:
         - @ConditionalOnClass did not find required class 'freemarker.template.Configuration' (OnClassCondition)

   GraphQlAutoConfiguration:
      Did not match:
         - @ConditionalOnClass did not find required class 'graphql.GraphQL' (OnClassCondition)

   GraphQlQueryByExampleAutoConfiguration:
      Did not match:
         - @ConditionalOnClass did not find required class 'graphql.GraphQL' (OnClassCondition)

   GraphQlQuerydslAutoConfiguration:
      Did not match:
         - @ConditionalOnClass did not find required class 'com.querydsl.core.Query' (OnClassCondition)

   GraphQlRSocketAutoConfiguration:
      Did not match:
         - @ConditionalOnClass did not find required class 'graphql.GraphQL' (OnClassCondition)

   GraphQlReactiveQueryByExampleAutoConfiguration:
      Did not match:
         - @ConditionalOnClass did not find required class 'graphql.GraphQL' (OnClassCondition)

   GraphQlReactiveQuerydslAutoConfiguration:
      Did not match:
         - @ConditionalOnClass did not find required class 'com.querydsl.core.Query' (OnClassCondition)

   GraphQlWebFluxAutoConfiguration:
      Did not match:
         - @ConditionalOnClass did not find required class 'graphql.GraphQL' (OnClassCondition)

   GraphQlWebFluxSecurityAutoConfiguration:
      Did not match:
         - @ConditionalOnClass did not find required class 'graphql.GraphQL' (OnClassCondition)

   GraphQlWebMvcAutoConfiguration:
      Did not match:
         - @ConditionalOnClass did not find required class 'graphql.GraphQL' (OnClassCondition)

   GraphQlWebMvcSecurityAutoConfiguration:
      Did not match:
         - @ConditionalOnClass did not find required class 'graphql.GraphQL' (OnClassCondition)

   GroovyTemplateAutoConfiguration:
      Did not match:
         - @ConditionalOnClass did not find required class 'groovy.text.markup.MarkupTemplateEngine' (OnClassCondition)

   GsonAutoConfiguration:
      Did not match:
         - @ConditionalOnClass did not find required class 'com.google.gson.Gson' (OnClassCondition)

   GsonHttpMessageConvertersConfiguration:
      Did not match:
         - @ConditionalOnClass did not find required class 'com.google.gson.Gson' (OnClassCondition)

   H2ConsoleAutoConfiguration:
      Did not match:
         - @ConditionalOnClass did not find required class 'org.h2.server.web.JakartaWebServlet' (OnClassCondition)

   HazelcastAutoConfiguration:
      Did not match:
         - @ConditionalOnClass did not find required class 'com.hazelcast.core.HazelcastInstance' (OnClassCondition)

   HazelcastCacheConfiguration:
      Did not match:
         - @ConditionalOnClass did not find required class 'com.hazelcast.core.HazelcastInstance' (OnClassCondition)

   HazelcastJpaDependencyAutoConfiguration:
      Did not match:
         - @ConditionalOnClass did not find required class 'com.hazelcast.core.HazelcastInstance' (OnClassCondition)

   HttpHandlerAutoConfiguration:
      Did not match:
         - @ConditionalOnClass did not find required class 'org.springframework.web.reactive.DispatcherHandler' (OnClassCondition)

   HypermediaAutoConfiguration:
      Did not match:
         - @ConditionalOnClass did not find required class 'org.springframework.hateoas.EntityModel' (OnClassCondition)

   InfinispanCacheConfiguration:
      Did not match:
         - @ConditionalOnClass did not find required class 'org.infinispan.spring.embedded.provider.SpringEmbeddedCacheManager' (OnClassCondition)

   InfluxDbAutoConfiguration:
      Did not match:
         - @ConditionalOnClass did not find required class 'org.influxdb.InfluxDB' (OnClassCondition)

   IntegrationAutoConfiguration:
      Did not match:
         - @ConditionalOnClass did not find required class 'org.springframework.integration.config.EnableIntegration' (OnClassCondition)

   JCacheCacheConfiguration:
      Did not match:
         - @ConditionalOnClass did not find required class 'javax.cache.Caching' (OnClassCondition)

   JacksonHttpMessageConvertersConfiguration.MappingJackson2XmlHttpMessageConverterConfiguration:
      Did not match:
         - @ConditionalOnClass did not find required class 'com.fasterxml.jackson.dataformat.xml.XmlMapper' (OnClassCondition)

   JdbcRepositoriesAutoConfiguration:
      Did not match:
         - @ConditionalOnClass did not find required class 'org.springframework.data.jdbc.repository.config.AbstractJdbcConfiguration' (OnClassCondition)

   JerseyAutoConfiguration:
      Did not match:
         - @ConditionalOnClass did not find required class 'org.glassfish.jersey.server.spring.SpringComponentProvider' (OnClassCondition)

   JmsAutoConfiguration:
      Did not match:
         - @ConditionalOnClass did not find required class 'jakarta.jms.Message' (OnClassCondition)

   JmxAutoConfiguration:
      Did not match:
         - @ConditionalOnProperty (spring.jmx.enabled=true) found different value in property 'enabled' (OnPropertyCondition)
      Matched:
         - @ConditionalOnClass found required class 'org.springframework.jmx.export.MBeanExporter' (OnClassCondition)

   JndiConnectionFactoryAutoConfiguration:
      Did not match:
         - @ConditionalOnClass did not find required class 'org.springframework.jms.core.JmsTemplate' (OnClassCondition)

   JndiDataSourceAutoConfiguration:
      Did not match:
         - @ConditionalOnProperty (spring.datasource.jndi-name) did not find property 'jndi-name' (OnPropertyCondition)
      Matched:
         - @ConditionalOnClass found required classes 'javax.sql.DataSource', 'org.springframework.jdbc.datasource.embedded.EmbeddedDatabaseType' (OnClassCondition)

   JndiJtaConfiguration:
      Did not match:
         - @ConditionalOnJndi JNDI environment is not available (OnJndiCondition)
      Matched:
         - @ConditionalOnClass found required class 'org.springframework.transaction.jta.JtaTransactionManager' (OnClassCondition)

   JooqAutoConfiguration.DslContextConfiguration:
      Did not match:
         - @ConditionalOnMissingBean (types: org.jooq.DSLContext; SearchStrategy: all) found beans of type 'org.jooq.DSLContext' dslContext (OnBeanCondition)

   JpaRepositoriesAutoConfiguration#entityManagerFactoryBootstrapExecutorCustomizer:
      Did not match:
         - AnyNestedCondition 0 matched 2 did not; NestedCondition on JpaRepositoriesAutoConfiguration.BootstrapExecutorCondition.LazyBootstrapMode @ConditionalOnProperty (spring.data.jpa.repositories.bootstrap-mode=lazy) did not find property 'bootstrap-mode'; NestedCondition on JpaRepositoriesAutoConfiguration.BootstrapExecutorCondition.DeferredBootstrapMode @ConditionalOnProperty (spring.data.jpa.repositories.bootstrap-mode=deferred) did not find property 'bootstrap-mode' (JpaRepositoriesAutoConfiguration.BootstrapExecutorCondition)

   JsonbAutoConfiguration:
      Did not match:
         - @ConditionalOnClass did not find required class 'jakarta.json.bind.Jsonb' (OnClassCondition)

   JsonbHttpMessageConvertersConfiguration:
      Did not match:
         - @ConditionalOnClass did not find required class 'jakarta.json.bind.Jsonb' (OnClassCondition)

   KafkaAutoConfiguration:
      Did not match:
         - @ConditionalOnClass did not find required class 'org.springframework.kafka.core.KafkaTemplate' (OnClassCondition)

   LdapAutoConfiguration:
      Did not match:
         - @ConditionalOnClass did not find required class 'org.springframework.ldap.core.ContextSource' (OnClassCondition)

   LdapRepositoriesAutoConfiguration:
      Did not match:
         - @ConditionalOnClass did not find required class 'org.springframework.data.ldap.repository.LdapRepository' (OnClassCondition)

   LiquibaseAutoConfiguration:
      Did not match:
         - @ConditionalOnClass did not find required class 'liquibase.change.DatabaseChange' (OnClassCondition)

   MailSenderAutoConfiguration:
      Did not match:
         - @ConditionalOnClass did not find required class 'jakarta.mail.internet.MimeMessage' (OnClassCondition)

   MailSenderValidatorAutoConfiguration:
      Did not match:
         - @ConditionalOnSingleCandidate did not find required type 'org.springframework.mail.javamail.JavaMailSenderImpl' (OnBeanCondition)

   MessageSourceAutoConfiguration:
      Did not match:
         - ResourceBundle did not find bundle with basename messages (MessageSourceAutoConfiguration.ResourceBundleCondition)

   MongoAutoConfiguration:
      Did not match:
         - @ConditionalOnClass did not find required class 'com.mongodb.client.MongoClient' (OnClassCondition)

   MongoDataAutoConfiguration:
      Did not match:
         - @ConditionalOnClass did not find required class 'com.mongodb.client.MongoClient' (OnClassCondition)

   MongoReactiveAutoConfiguration:
      Did not match:
         - @ConditionalOnClass did not find required class 'com.mongodb.reactivestreams.client.MongoClient' (OnClassCondition)

   MongoReactiveDataAutoConfiguration:
      Did not match:
         - @ConditionalOnClass did not find required class 'com.mongodb.reactivestreams.client.MongoClient' (OnClassCondition)

   MongoReactiveRepositoriesAutoConfiguration:
      Did not match:
         - @ConditionalOnClass did not find required class 'com.mongodb.reactivestreams.client.MongoClient' (OnClassCondition)

   MongoRepositoriesAutoConfiguration:
      Did not match:
         - @ConditionalOnClass did not find required class 'com.mongodb.client.MongoClient' (OnClassCondition)

   MustacheAutoConfiguration:
      Did not match:
         - @ConditionalOnClass did not find required class 'com.samskivert.mustache.Mustache' (OnClassCondition)

   Neo4jAutoConfiguration:
      Did not match:
         - @ConditionalOnClass did not find required class 'org.neo4j.driver.Driver' (OnClassCondition)

   Neo4jDataAutoConfiguration:
      Did not match:
         - @ConditionalOnClass did not find required class 'org.neo4j.driver.Driver' (OnClassCondition)

   Neo4jReactiveDataAutoConfiguration:
      Did not match:
         - @ConditionalOnClass did not find required class 'org.neo4j.driver.Driver' (OnClassCondition)

   Neo4jReactiveRepositoriesAutoConfiguration:
      Did not match:
         - @ConditionalOnClass did not find required class 'org.neo4j.driver.Driver' (OnClassCondition)

   Neo4jRepositoriesAutoConfiguration:
      Did not match:
         - @ConditionalOnClass did not find required class 'org.neo4j.driver.Driver' (OnClassCondition)

   NettyAutoConfiguration:
      Did not match:
         - @ConditionalOnClass did not find required class 'io.netty.util.NettyRuntime' (OnClassCondition)

   OAuth2AuthorizationServerAutoConfiguration:
      Did not match:
         - @ConditionalOnClass did not find required class 'org.springframework.security.oauth2.server.authorization.OAuth2Authorization' (OnClassCondition)

   OAuth2AuthorizationServerJwtAutoConfiguration:
      Did not match:
         - @ConditionalOnClass did not find required class 'org.springframework.security.oauth2.server.authorization.OAuth2Authorization' (OnClassCondition)

   OAuth2ClientAutoConfiguration:
      Did not match:
         - @ConditionalOnClass did not find required class 'org.springframework.security.oauth2.client.registration.ClientRegistration' (OnClassCondition)

   OAuth2ResourceServerJwtConfiguration.JwtConverterConfiguration:
      Did not match:
         - AnyNestedCondition 0 matched 3 did not; NestedCondition on OAuth2ResourceServerJwtConfiguration.JwtConverterPropertiesCondition.OnAuthoritiesClaimName @ConditionalOnProperty (spring.security.oauth2.resourceserver.jwt.authorities-claim-name) did not find property 'authorities-claim-name'; NestedCondition on OAuth2ResourceServerJwtConfiguration.JwtConverterPropertiesCondition.OnPrincipalClaimName @ConditionalOnProperty (spring.security.oauth2.resourceserver.jwt.principal-claim-name) did not find property 'principal-claim-name'; NestedCondition on OAuth2ResourceServerJwtConfiguration.JwtConverterPropertiesCondition.OnAuthorityPrefix @ConditionalOnProperty (spring.security.oauth2.resourceserver.jwt.authority-prefix) did not find property 'authority-prefix' (OAuth2ResourceServerJwtConfiguration.JwtConverterPropertiesCondition)

   OAuth2ResourceServerJwtConfiguration.JwtDecoderConfiguration:
      Did not match:
         - @ConditionalOnMissingBean (types: org.springframework.security.oauth2.jwt.JwtDecoder; SearchStrategy: all) found beans of type 'org.springframework.security.oauth2.jwt.JwtDecoder' customJwtDecoder (OnBeanCondition)

   OAuth2ResourceServerJwtConfiguration.OAuth2SecurityFilterChainConfiguration:
      Did not match:
         - AllNestedConditions 1 matched 1 did not; NestedCondition on DefaultWebSecurityCondition.Beans @ConditionalOnMissingBean (types: org.springframework.security.web.SecurityFilterChain; SearchStrategy: all) found beans of type 'org.springframework.security.web.SecurityFilterChain' filterChain; NestedCondition on DefaultWebSecurityCondition.Classes @ConditionalOnClass found required classes 'org.springframework.security.web.SecurityFilterChain', 'org.springframework.security.config.annotation.web.builders.HttpSecurity' (DefaultWebSecurityCondition)

   OAuth2ResourceServerOpaqueTokenConfiguration.OAuth2SecurityFilterChainConfiguration:
      Did not match:
         - AllNestedConditions 1 matched 1 did not; NestedCondition on DefaultWebSecurityCondition.Beans @ConditionalOnMissingBean (types: org.springframework.security.web.SecurityFilterChain; SearchStrategy: all) found beans of type 'org.springframework.security.web.SecurityFilterChain' filterChain; NestedCondition on DefaultWebSecurityCondition.Classes @ConditionalOnClass found required classes 'org.springframework.security.web.SecurityFilterChain', 'org.springframework.security.config.annotation.web.builders.HttpSecurity' (DefaultWebSecurityCondition)

   OAuth2ResourceServerOpaqueTokenConfiguration.OpaqueTokenIntrospectionClientConfiguration#opaqueTokenIntrospector:
      Did not match:
         - @ConditionalOnProperty (spring.security.oauth2.resourceserver.opaquetoken.introspection-uri) did not find property 'spring.security.oauth2.resourceserver.opaquetoken.introspection-uri' (OnPropertyCondition)

   ProjectInfoAutoConfiguration#buildProperties:
      Did not match:
         - @ConditionalOnResource did not find resource '${spring.info.build.location:classpath:META-INF/build-info.properties}' (OnResourceCondition)

   ProjectInfoAutoConfiguration#gitProperties:
      Did not match:
         - GitResource did not find git info at classpath:git.properties (ProjectInfoAutoConfiguration.GitResourceAvailableCondition)

   PulsarAutoConfiguration:
      Did not match:
         - @ConditionalOnClass did not find required class 'org.apache.pulsar.client.api.PulsarClient' (OnClassCondition)

   PulsarReactiveAutoConfiguration:
      Did not match:
         - @ConditionalOnClass did not find required class 'org.apache.pulsar.client.api.PulsarClient' (OnClassCondition)

   QuartzAutoConfiguration:
      Did not match:
         - @ConditionalOnClass did not find required class 'org.quartz.Scheduler' (OnClassCondition)

   R2dbcAutoConfiguration:
      Did not match:
         - @ConditionalOnResource did not find resource 'classpath:META-INF/services/io.r2dbc.spi.ConnectionFactoryProvider' (OnResourceCondition)
      Matched:
         - @ConditionalOnClass found required class 'io.r2dbc.spi.ConnectionFactory' (OnClassCondition)

   R2dbcDataAutoConfiguration:
      Did not match:
         - @ConditionalOnClass did not find required class 'org.springframework.data.r2dbc.core.R2dbcEntityTemplate' (OnClassCondition)

   R2dbcInitializationConfiguration:
      Did not match:
         - @ConditionalOnClass did not find required class 'org.springframework.r2dbc.connection.init.DatabasePopulator' (OnClassCondition)

   R2dbcRepositoriesAutoConfiguration:
      Did not match:
         - @ConditionalOnClass did not find required class 'org.springframework.data.r2dbc.repository.R2dbcRepository' (OnClassCondition)

   R2dbcTransactionManagerAutoConfiguration:
      Did not match:
         - @ConditionalOnClass did not find required class 'org.springframework.r2dbc.connection.R2dbcTransactionManager' (OnClassCondition)

   RSocketGraphQlClientAutoConfiguration:
      Did not match:
         - @ConditionalOnClass did not find required class 'graphql.GraphQL' (OnClassCondition)

   RSocketMessagingAutoConfiguration:
      Did not match:
         - @ConditionalOnClass did not find required class 'io.rsocket.RSocket' (OnClassCondition)

   RSocketRequesterAutoConfiguration:
      Did not match:
         - @ConditionalOnClass did not find required class 'io.rsocket.RSocket' (OnClassCondition)

   RSocketSecurityAutoConfiguration:
      Did not match:
         - @ConditionalOnClass did not find required class 'org.springframework.security.rsocket.core.SecuritySocketAcceptorInterceptor' (OnClassCondition)

   RSocketServerAutoConfiguration:
      Did not match:
         - @ConditionalOnClass did not find required class 'io.rsocket.core.RSocketServer' (OnClassCondition)

   RSocketStrategiesAutoConfiguration:
      Did not match:
         - @ConditionalOnClass did not find required class 'io.netty.buffer.PooledByteBufAllocator' (OnClassCondition)

   RabbitAutoConfiguration:
      Did not match:
         - @ConditionalOnClass did not find required class 'com.rabbitmq.client.Channel' (OnClassCondition)

   ReactiveElasticsearchClientAutoConfiguration:
      Did not match:
         - @ConditionalOnClass did not find required class 'co.elastic.clients.transport.ElasticsearchTransport' (OnClassCondition)

   ReactiveElasticsearchRepositoriesAutoConfiguration:
      Did not match:
         - @ConditionalOnClass did not find required class 'reactor.core.publisher.Mono' (OnClassCondition)

   ReactiveMultipartAutoConfiguration:
      Did not match:
         - @ConditionalOnClass did not find required class 'org.springframework.web.reactive.config.WebFluxConfigurer' (OnClassCondition)

   ReactiveOAuth2ClientAutoConfiguration:
      Did not match:
         - @ConditionalOnClass did not find required class 'reactor.core.publisher.Flux' (OnClassCondition)

   ReactiveOAuth2ResourceServerAutoConfiguration:
      Did not match:
         - @ConditionalOnWebApplication did not find reactive web application classes (OnWebApplicationCondition)

   ReactiveSecurityAutoConfiguration:
      Did not match:
         - @ConditionalOnClass did not find required class 'reactor.core.publisher.Flux' (OnClassCondition)

   ReactiveUserDetailsServiceAutoConfiguration:
      Did not match:
         - AnyNestedCondition 0 matched 3 did not; NestedCondition on ReactiveUserDetailsServiceAutoConfiguration.MissingAlternativeOrUserPropertiesConfigured.PasswordConfigured @ConditionalOnProperty (spring.security.user.password) did not find property 'password'; NestedCondition on ReactiveUserDetailsServiceAutoConfiguration.MissingAlternativeOrUserPropertiesConfigured.NameConfigured @ConditionalOnProperty (spring.security.user.name) did not find property 'name'; NestedCondition on ReactiveUserDetailsServiceAutoConfiguration.MissingAlternativeOrUserPropertiesConfigured.MissingAlternative @ConditionalOnMissingClass found unwanted class 'org.springframework.security.oauth2.server.resource.introspection.ReactiveOpaqueTokenIntrospector' (ReactiveUserDetailsServiceAutoConfiguration.MissingAlternativeOrUserPropertiesConfigured)
      Matched:
         - @ConditionalOnClass found required class 'org.springframework.security.authentication.ReactiveAuthenticationManager' (OnClassCondition)

   ReactiveWebServerFactoryAutoConfiguration:
      Did not match:
         - @ConditionalOnWebApplication did not find reactive web application classes (OnWebApplicationCondition)

   ReactorAutoConfiguration:
      Did not match:
         - @ConditionalOnClass did not find required class 'reactor.core.publisher.Hooks' (OnClassCondition)

   RedisAutoConfiguration:
      Did not match:
         - @ConditionalOnClass did not find required class 'org.springframework.data.redis.core.RedisOperations' (OnClassCondition)

   RedisCacheConfiguration:
      Did not match:
         - @ConditionalOnClass did not find required class 'org.springframework.data.redis.connection.RedisConnectionFactory' (OnClassCondition)

   RedisReactiveAutoConfiguration:
      Did not match:
         - @ConditionalOnClass did not find required class 'reactor.core.publisher.Flux' (OnClassCondition)

   RedisRepositoriesAutoConfiguration:
      Did not match:
         - @ConditionalOnClass did not find required class 'org.springframework.data.redis.repository.configuration.EnableRedisRepositories' (OnClassCondition)

   RepositoryRestMvcAutoConfiguration:
      Did not match:
         - @ConditionalOnClass did not find required class 'org.springframework.data.rest.webmvc.config.RepositoryRestMvcConfiguration' (OnClassCondition)

   Saml2RelyingPartyAutoConfiguration:
      Did not match:
         - @ConditionalOnClass did not find required class 'org.springframework.security.saml2.provider.service.registration.RelyingPartyRegistrationRepository' (OnClassCondition)

   SecurityDataConfiguration:
      Did not match:
         - @ConditionalOnClass did not find required class 'org.springframework.security.data.repository.query.SecurityEvaluationContextExtension' (OnClassCondition)

   SendGridAutoConfiguration:
      Did not match:
         - @ConditionalOnClass did not find required class 'com.sendgrid.SendGrid' (OnClassCondition)

   ServletWebServerFactoryAutoConfiguration.ForwardedHeaderFilterConfiguration:
      Did not match:
         - @ConditionalOnProperty (server.forward-headers-strategy=framework) did not find property 'server.forward-headers-strategy' (OnPropertyCondition)

   ServletWebServerFactoryConfiguration.EmbeddedJetty:
      Did not match:
         - @ConditionalOnClass did not find required classes 'org.eclipse.jetty.server.Server', 'org.eclipse.jetty.util.Loader', 'org.eclipse.jetty.ee10.webapp.WebAppContext' (OnClassCondition)

   ServletWebServerFactoryConfiguration.EmbeddedUndertow:
      Did not match:
         - @ConditionalOnClass did not find required classes 'io.undertow.Undertow', 'org.xnio.SslClientAuthMode' (OnClassCondition)

   SessionAutoConfiguration:
      Did not match:
         - @ConditionalOnClass did not find required class 'org.springframework.session.Session' (OnClassCondition)

   SpringApplicationAdminJmxAutoConfiguration:
      Did not match:
         - @ConditionalOnProperty (spring.application.admin.enabled=true) did not find property 'enabled' (OnPropertyCondition)

   SpringBootWebSecurityConfiguration.SecurityFilterChainConfiguration:
      Did not match:
         - AllNestedConditions 1 matched 1 did not; NestedCondition on DefaultWebSecurityCondition.Beans @ConditionalOnMissingBean (types: org.springframework.security.web.SecurityFilterChain; SearchStrategy: all) found beans of type 'org.springframework.security.web.SecurityFilterChain' filterChain; NestedCondition on DefaultWebSecurityCondition.Classes @ConditionalOnClass found required classes 'org.springframework.security.web.SecurityFilterChain', 'org.springframework.security.config.annotation.web.builders.HttpSecurity' (DefaultWebSecurityCondition)

   SpringBootWebSecurityConfiguration.WebSecurityEnablerConfiguration:
      Did not match:
         - @ConditionalOnMissingBean (names: springSecurityFilterChain; SearchStrategy: all) found beans named springSecurityFilterChain (OnBeanCondition)
      Matched:
         - @ConditionalOnClass found required class 'org.springframework.security.config.annotation.web.configuration.EnableWebSecurity' (OnClassCondition)

   TaskExecutorConfigurations.SimpleAsyncTaskExecutorBuilderConfiguration#simpleAsyncTaskExecutorBuilderVirtualThreads:
      Did not match:
         - @ConditionalOnMissingBean (types: org.springframework.boot.task.SimpleAsyncTaskExecutorBuilder; SearchStrategy: all) found beans of type 'org.springframework.boot.task.SimpleAsyncTaskExecutorBuilder' simpleAsyncTaskExecutorBuilder (OnBeanCondition)

   TaskExecutorConfigurations.TaskExecutorConfiguration#applicationTaskExecutorVirtualThreads:
      Did not match:
         - @ConditionalOnThreading did not find VIRTUAL (OnThreadingCondition)

   TaskSchedulingAutoConfiguration#scheduledBeanLazyInitializationExcludeFilter:
      Did not match:
         - @ConditionalOnBean (names: org.springframework.context.annotation.internalScheduledAnnotationProcessor; SearchStrategy: all) did not find any beans named org.springframework.context.annotation.internalScheduledAnnotationProcessor (OnBeanCondition)

   TaskSchedulingConfigurations.SimpleAsyncTaskSchedulerBuilderConfiguration#simpleAsyncTaskSchedulerBuilderVirtualThreads:
      Did not match:
         - @ConditionalOnMissingBean (types: org.springframework.boot.task.SimpleAsyncTaskSchedulerBuilder; SearchStrategy: all) found beans of type 'org.springframework.boot.task.SimpleAsyncTaskSchedulerBuilder' simpleAsyncTaskSchedulerBuilder (OnBeanCondition)

   TaskSchedulingConfigurations.TaskSchedulerConfiguration:
      Did not match:
         - @ConditionalOnBean (names: org.springframework.context.annotation.internalScheduledAnnotationProcessor; SearchStrategy: all) did not find any beans named org.springframework.context.annotation.internalScheduledAnnotationProcessor (OnBeanCondition)

   ThymeleafAutoConfiguration:
      Did not match:
         - @ConditionalOnClass did not find required class 'org.thymeleaf.spring6.SpringTemplateEngine' (OnClassCondition)

   TransactionAutoConfiguration#transactionalOperator:
      Did not match:
         - @ConditionalOnSingleCandidate (types: org.springframework.transaction.ReactiveTransactionManager; SearchStrategy: all) did not find any beans (OnBeanCondition)

   TransactionAutoConfiguration.AspectJTransactionManagementConfiguration:
      Did not match:
         - @ConditionalOnBean (types: org.springframework.transaction.aspectj.AbstractTransactionAspect; SearchStrategy: all) did not find any beans of type org.springframework.transaction.aspectj.AbstractTransactionAspect (OnBeanCondition)

   TransactionAutoConfiguration.EnableTransactionManagementConfiguration.JdkDynamicAutoProxyConfiguration:
      Did not match:
         - @ConditionalOnProperty (spring.aop.proxy-target-class=false) did not find property 'proxy-target-class' (OnPropertyCondition)

   UserDetailsServiceAutoConfiguration:
      Did not match:
         - AnyNestedCondition 0 matched 3 did not; NestedCondition on UserDetailsServiceAutoConfiguration.MissingAlternativeOrUserPropertiesConfigured.PasswordConfigured @ConditionalOnProperty (spring.security.user.password) did not find property 'password'; NestedCondition on UserDetailsServiceAutoConfiguration.MissingAlternativeOrUserPropertiesConfigured.NameConfigured @ConditionalOnProperty (spring.security.user.name) did not find property 'name'; NestedCondition on UserDetailsServiceAutoConfiguration.MissingAlternativeOrUserPropertiesConfigured.MissingAlternative @ConditionalOnMissingClass found unwanted class 'org.springframework.security.oauth2.server.resource.introspection.OpaqueTokenIntrospector' (UserDetailsServiceAutoConfiguration.MissingAlternativeOrUserPropertiesConfigured)
      Matched:
         - @ConditionalOnClass found required class 'org.springframework.security.authentication.AuthenticationManager' (OnClassCondition)

   WebClientAutoConfiguration:
      Did not match:
         - @ConditionalOnClass did not find required class 'org.springframework.web.reactive.function.client.WebClient' (OnClassCondition)

   WebFluxAutoConfiguration:
      Did not match:
         - @ConditionalOnClass did not find required class 'org.springframework.web.reactive.config.WebFluxConfigurer' (OnClassCondition)

   WebMvcAutoConfiguration#hiddenHttpMethodFilter:
      Did not match:
         - @ConditionalOnProperty (spring.mvc.hiddenmethod.filter.enabled) did not find property 'enabled' (OnPropertyCondition)

   WebMvcAutoConfiguration.ProblemDetailsErrorHandlingConfiguration:
      Did not match:
         - @ConditionalOnProperty (spring.mvc.problemdetails.enabled=true) did not find property 'enabled' (OnPropertyCondition)

   WebMvcAutoConfiguration.ResourceChainCustomizerConfiguration:
      Did not match:
         - @ConditionalOnEnabledResourceChain did not find class org.webjars.WebJarAssetLocator (OnEnabledResourceChainCondition)

   WebMvcAutoConfiguration.WebMvcAutoConfigurationAdapter#beanNameViewResolver:
      Did not match:
         - @ConditionalOnMissingBean (types: org.springframework.web.servlet.view.BeanNameViewResolver; SearchStrategy: all) found beans of type 'org.springframework.web.servlet.view.BeanNameViewResolver' beanNameViewResolver (OnBeanCondition)

   WebServiceTemplateAutoConfiguration:
      Did not match:
         - @ConditionalOnClass did not find required class 'org.springframework.oxm.Marshaller' (OnClassCondition)

   WebServicesAutoConfiguration:
      Did not match:
         - @ConditionalOnClass did not find required class 'org.springframework.ws.transport.http.MessageDispatcherServlet' (OnClassCondition)

   WebSessionIdResolverAutoConfiguration:
      Did not match:
         - @ConditionalOnClass did not find required class 'reactor.core.publisher.Mono' (OnClassCondition)

   WebSocketMessagingAutoConfiguration:
      Did not match:
         - @ConditionalOnClass did not find required class 'org.springframework.web.socket.config.annotation.WebSocketMessageBrokerConfigurer' (OnClassCondition)

   WebSocketReactiveAutoConfiguration:
      Did not match:
         - @ConditionalOnWebApplication did not find reactive web application classes (OnWebApplicationCondition)

   WebSocketServletAutoConfiguration.JettyWebSocketConfiguration:
      Did not match:
         - @ConditionalOnClass did not find required class 'org.eclipse.jetty.ee10.websocket.jakarta.server.config.JakartaWebSocketServletContainerInitializer' (OnClassCondition)

   WebSocketServletAutoConfiguration.UndertowWebSocketConfiguration:
      Did not match:
         - @ConditionalOnClass did not find required class 'io.undertow.websockets.jsr.Bootstrap' (OnClassCondition)

   XADataSourceAutoConfiguration:
      Did not match:
         - @ConditionalOnBean (types: org.springframework.boot.jdbc.XADataSourceWrapper; SearchStrategy: all) did not find any beans of type org.springframework.boot.jdbc.XADataSourceWrapper (OnBeanCondition)
      Matched:
         - @ConditionalOnClass found required classes 'javax.sql.DataSource', 'jakarta.transaction.TransactionManager', 'org.springframework.jdbc.datasource.embedded.EmbeddedDatabaseType' (OnClassCondition)


Exclusions:
-----------

    None


Unconditional classes:
----------------------

    org.springframework.boot.autoconfigure.context.ConfigurationPropertiesAutoConfiguration

    org.springframework.boot.autoconfigure.ssl.SslAutoConfiguration

    org.springframework.boot.autoconfigure.context.LifecycleAutoConfiguration

    org.springframework.boot.autoconfigure.context.PropertyPlaceholderAutoConfiguration

    org.springframework.boot.autoconfigure.availability.ApplicationAvailabilityAutoConfiguration

    org.springframework.boot.autoconfigure.info.ProjectInfoAutoConfiguration



2025-01-15T10:00:18.647+07:00  INFO 7884 --- [OrderManagement_jOOQ] [           main] .e.o.OrderManagementJOoqApplicationTests : Started OrderManagementJOoqApplicationTests in 8.726 seconds (process running for 10.257)
2025-01-15T10:00:18.650+07:00 DEBUG 7884 --- [OrderManagement_jOOQ] [           main] o.s.b.a.ApplicationAvailabilityBean      : Application availability state LivenessState changed to CORRECT
2025-01-15T10:00:18.658+07:00 DEBUG 7884 --- [OrderManagement_jOOQ] [           main] o.s.b.a.ApplicationAvailabilityBean      : Application availability state ReadinessState changed to ACCEPTING_TRAFFIC
2025-01-15T10:00:18.663+07:00 DEBUG 7884 --- [OrderManagement_jOOQ] [           main] org.springframework.test.context.cache   : Spring test ApplicationContext cache statistics: [DefaultContextCache@5b407336 size = 1, maxSize = 32, parentContextCount = 0, hitCount = 0, missCount = 1, failureCount = 0]
2025-01-15T10:00:18.667+07:00 DEBUG 7884 --- [OrderManagement_jOOQ] [           main] o.s.t.c.w.ServletTestExecutionListener   : Setting up MockHttpServletRequest, MockHttpServletResponse, ServletWebRequest, and RequestContextHolder for test class org.example.ordermanagement_jooq.OrderManagementJOoqApplicationTests
2025-01-15T10:00:18.705+07:00 DEBUG 7884 --- [OrderManagement_jOOQ] [           main] DependencyInjectionTestExecutionListener : Performing dependency injection for test class org.example.ordermanagement_jooq.OrderManagementJOoqApplicationTests
2025-01-15T10:00:18.705+07:00 DEBUG 7884 --- [OrderManagement_jOOQ] [           main] org.springframework.test.context.cache   : Spring test ApplicationContext cache statistics: [DefaultContextCache@5b407336 size = 1, maxSize = 32, parentContextCount = 0, hitCount = 1, missCount = 1, failureCount = 0]
2025-01-15T10:00:18.709+07:00 DEBUG 7884 --- [OrderManagement_jOOQ] [           main] org.springframework.test.context.cache   : Spring test ApplicationContext cache statistics: [DefaultContextCache@5b407336 size = 1, maxSize = 32, parentContextCount = 0, hitCount = 2, missCount = 1, failureCount = 0]
2025-01-15T10:00:18.724+07:00 DEBUG 7884 --- [OrderManagement_jOOQ] [           main] sContextBeforeModesTestExecutionListener : Before test method: class [OrderManagementJOoqApplicationTests], method [contextLoads], class annotated with @DirtiesContext [false] with mode [null], method annotated with @DirtiesContext [false] with mode [null]
2025-01-15T10:00:18.732+07:00 DEBUG 7884 --- [OrderManagement_jOOQ] [           main] org.springframework.test.context.cache   : Spring test ApplicationContext cache statistics: [DefaultContextCache@5b407336 size = 1, maxSize = 32, parentContextCount = 0, hitCount = 3, missCount = 1, failureCount = 0]
2025-01-15T10:00:18.733+07:00 DEBUG 7884 --- [OrderManagement_jOOQ] [           main] org.springframework.test.context.cache   : Spring test ApplicationContext cache statistics: [DefaultContextCache@5b407336 size = 1, maxSize = 32, parentContextCount = 0, hitCount = 4, missCount = 1, failureCount = 0]
2025-01-15T10:00:18.825+07:00 DEBUG 7884 --- [OrderManagement_jOOQ] [           main] java.lang.ProcessBuilder                 : ProcessBuilder.start(): pid: 17072, dir: null, cmd: "C:\Program Files\Java\jdk-21\bin\java.exe"

java.lang.RuntimeException: ProcessBuilder.start() debug
	at java.base/java.lang.ProcessBuilder.start(ProcessBuilder.java:1147) ~[na:na]
	at java.base/java.lang.ProcessBuilder.start(ProcessBuilder.java:1089) ~[na:na]
	at net.bytebuddy.agent.ByteBuddyAgent.installExternal(ByteBuddyAgent.java:673) ~[byte-buddy-agent-1.14.19.jar:na]
	at net.bytebuddy.agent.ByteBuddyAgent.install(ByteBuddyAgent.java:604) ~[byte-buddy-agent-1.14.19.jar:na]
	at net.bytebuddy.agent.ByteBuddyAgent.install(ByteBuddyAgent.java:584) ~[byte-buddy-agent-1.14.19.jar:na]
	at net.bytebuddy.agent.ByteBuddyAgent.install(ByteBuddyAgent.java:536) ~[byte-buddy-agent-1.14.19.jar:na]
	at net.bytebuddy.agent.ByteBuddyAgent.install(ByteBuddyAgent.java:513) ~[byte-buddy-agent-1.14.19.jar:na]
	at org.mockito.internal.creation.bytebuddy.InlineDelegateByteBuddyMockMaker.<clinit>(InlineDelegateByteBuddyMockMaker.java:133) ~[mockito-core-5.11.0.jar:na]
	at org.mockito.internal.creation.bytebuddy.InlineByteBuddyMockMaker.<init>(InlineByteBuddyMockMaker.java:23) ~[mockito-core-5.11.0.jar:na]
	at java.base/jdk.internal.reflect.DirectConstructorHandleAccessor.newInstance(DirectConstructorHandleAccessor.java:62) ~[na:na]
	at java.base/java.lang.reflect.Constructor.newInstanceWithCaller(Constructor.java:502) ~[na:na]
	at java.base/java.lang.reflect.Constructor.newInstance(Constructor.java:486) ~[na:na]
	at org.mockito.internal.configuration.plugins.DefaultMockitoPlugins.create(DefaultMockitoPlugins.java:103) ~[mockito-core-5.11.0.jar:na]
	at org.mockito.internal.configuration.plugins.DefaultMockitoPlugins.getDefaultPlugin(DefaultMockitoPlugins.java:79) ~[mockito-core-5.11.0.jar:na]
	at org.mockito.internal.configuration.plugins.PluginLoader.loadPlugin(PluginLoader.java:75) ~[mockito-core-5.11.0.jar:na]
	at org.mockito.internal.configuration.plugins.PluginLoader.loadPlugin(PluginLoader.java:49) ~[mockito-core-5.11.0.jar:na]
	at org.mockito.internal.configuration.plugins.PluginRegistry.<init>(PluginRegistry.java:29) ~[mockito-core-5.11.0.jar:na]
	at org.mockito.internal.configuration.plugins.Plugins.<clinit>(Plugins.java:26) ~[mockito-core-5.11.0.jar:na]
	at org.mockito.internal.MockitoCore.<clinit>(MockitoCore.java:71) ~[mockito-core-5.11.0.jar:na]
	at org.mockito.Mockito.<clinit>(Mockito.java:1683) ~[mockito-core-5.11.0.jar:na]
	at org.springframework.boot.test.mock.mockito.MockReset.get(MockReset.java:105) ~[spring-boot-test-3.3.3.jar:3.3.3]
	at org.springframework.boot.test.mock.mockito.ResetMocksTestExecutionListener.resetMocks(ResetMocksTestExecutionListener.java:85) ~[spring-boot-test-3.3.3.jar:3.3.3]
	at org.springframework.boot.test.mock.mockito.ResetMocksTestExecutionListener.resetMocks(ResetMocksTestExecutionListener.java:73) ~[spring-boot-test-3.3.3.jar:3.3.3]
	at org.springframework.boot.test.mock.mockito.ResetMocksTestExecutionListener.beforeTestMethod(ResetMocksTestExecutionListener.java:60) ~[spring-boot-test-3.3.3.jar:3.3.3]
	at org.springframework.test.context.TestContextManager.beforeTestMethod(TestContextManager.java:320) ~[spring-test-6.1.12.jar:6.1.12]
	at org.springframework.test.context.junit.jupiter.SpringExtension.beforeEach(SpringExtension.java:240) ~[spring-test-6.1.12.jar:6.1.12]
	at org.junit.jupiter.engine.descriptor.TestMethodTestDescriptor.lambda$invokeBeforeEachCallbacks$2(TestMethodTestDescriptor.java:167) ~[junit-jupiter-engine-5.10.3.jar:5.10.3]
	at org.junit.jupiter.engine.descriptor.TestMethodTestDescriptor.lambda$invokeBeforeMethodsOrCallbacksUntilExceptionOccurs$6(TestMethodTestDescriptor.java:203) ~[junit-jupiter-engine-5.10.3.jar:5.10.3]
	at org.junit.platform.engine.support.hierarchical.ThrowableCollector.execute(ThrowableCollector.java:73) ~[junit-platform-engine-1.10.3.jar:1.10.3]
	at org.junit.jupiter.engine.descriptor.TestMethodTestDescriptor.invokeBeforeMethodsOrCallbacksUntilExceptionOccurs(TestMethodTestDescriptor.java:203) ~[junit-jupiter-engine-5.10.3.jar:5.10.3]
	at org.junit.jupiter.engine.descriptor.TestMethodTestDescriptor.invokeBeforeEachCallbacks(TestMethodTestDescriptor.java:166) ~[junit-jupiter-engine-5.10.3.jar:5.10.3]
	at org.junit.jupiter.engine.descriptor.TestMethodTestDescriptor.execute(TestMethodTestDescriptor.java:133) ~[junit-jupiter-engine-5.10.3.jar:5.10.3]
	at org.junit.jupiter.engine.descriptor.TestMethodTestDescriptor.execute(TestMethodTestDescriptor.java:69) ~[junit-jupiter-engine-5.10.3.jar:5.10.3]
	at org.junit.platform.engine.support.hierarchical.NodeTestTask.lambda$executeRecursively$6(NodeTestTask.java:151) ~[junit-platform-engine-1.10.3.jar:1.10.3]
	at org.junit.platform.engine.support.hierarchical.ThrowableCollector.execute(ThrowableCollector.java:73) ~[junit-platform-engine-1.10.3.jar:1.10.3]
	at org.junit.platform.engine.support.hierarchical.NodeTestTask.lambda$executeRecursively$8(NodeTestTask.java:141) ~[junit-platform-engine-1.10.3.jar:1.10.3]
	at org.junit.platform.engine.support.hierarchical.Node.around(Node.java:137) ~[junit-platform-engine-1.10.3.jar:1.10.3]
	at org.junit.platform.engine.support.hierarchical.NodeTestTask.lambda$executeRecursively$9(NodeTestTask.java:139) ~[junit-platform-engine-1.10.3.jar:1.10.3]
	at org.junit.platform.engine.support.hierarchical.ThrowableCollector.execute(ThrowableCollector.java:73) ~[junit-platform-engine-1.10.3.jar:1.10.3]
	at org.junit.platform.engine.support.hierarchical.NodeTestTask.executeRecursively(NodeTestTask.java:138) ~[junit-platform-engine-1.10.3.jar:1.10.3]
	at org.junit.platform.engine.support.hierarchical.NodeTestTask.execute(NodeTestTask.java:95) ~[junit-platform-engine-1.10.3.jar:1.10.3]
	at java.base/java.util.ArrayList.forEach(ArrayList.java:1596) ~[na:na]
	at org.junit.platform.engine.support.hierarchical.SameThreadHierarchicalTestExecutorService.invokeAll(SameThreadHierarchicalTestExecutorService.java:41) ~[junit-platform-engine-1.10.3.jar:1.10.3]
	at org.junit.platform.engine.support.hierarchical.NodeTestTask.lambda$executeRecursively$6(NodeTestTask.java:155) ~[junit-platform-engine-1.10.3.jar:1.10.3]
	at org.junit.platform.engine.support.hierarchical.ThrowableCollector.execute(ThrowableCollector.java:73) ~[junit-platform-engine-1.10.3.jar:1.10.3]
	at org.junit.platform.engine.support.hierarchical.NodeTestTask.lambda$executeRecursively$8(NodeTestTask.java:141) ~[junit-platform-engine-1.10.3.jar:1.10.3]
	at org.junit.platform.engine.support.hierarchical.Node.around(Node.java:137) ~[junit-platform-engine-1.10.3.jar:1.10.3]
	at org.junit.platform.engine.support.hierarchical.NodeTestTask.lambda$executeRecursively$9(NodeTestTask.java:139) ~[junit-platform-engine-1.10.3.jar:1.10.3]
	at org.junit.platform.engine.support.hierarchical.ThrowableCollector.execute(ThrowableCollector.java:73) ~[junit-platform-engine-1.10.3.jar:1.10.3]
	at org.junit.platform.engine.support.hierarchical.NodeTestTask.executeRecursively(NodeTestTask.java:138) ~[junit-platform-engine-1.10.3.jar:1.10.3]
	at org.junit.platform.engine.support.hierarchical.NodeTestTask.execute(NodeTestTask.java:95) ~[junit-platform-engine-1.10.3.jar:1.10.3]
	at java.base/java.util.ArrayList.forEach(ArrayList.java:1596) ~[na:na]
	at org.junit.platform.engine.support.hierarchical.SameThreadHierarchicalTestExecutorService.invokeAll(SameThreadHierarchicalTestExecutorService.java:41) ~[junit-platform-engine-1.10.3.jar:1.10.3]
	at org.junit.platform.engine.support.hierarchical.NodeTestTask.lambda$executeRecursively$6(NodeTestTask.java:155) ~[junit-platform-engine-1.10.3.jar:1.10.3]
	at org.junit.platform.engine.support.hierarchical.ThrowableCollector.execute(ThrowableCollector.java:73) ~[junit-platform-engine-1.10.3.jar:1.10.3]
	at org.junit.platform.engine.support.hierarchical.NodeTestTask.lambda$executeRecursively$8(NodeTestTask.java:141) ~[junit-platform-engine-1.10.3.jar:1.10.3]
	at org.junit.platform.engine.support.hierarchical.Node.around(Node.java:137) ~[junit-platform-engine-1.10.3.jar:1.10.3]
	at org.junit.platform.engine.support.hierarchical.NodeTestTask.lambda$executeRecursively$9(NodeTestTask.java:139) ~[junit-platform-engine-1.10.3.jar:1.10.3]
	at org.junit.platform.engine.support.hierarchical.ThrowableCollector.execute(ThrowableCollector.java:73) ~[junit-platform-engine-1.10.3.jar:1.10.3]
	at org.junit.platform.engine.support.hierarchical.NodeTestTask.executeRecursively(NodeTestTask.java:138) ~[junit-platform-engine-1.10.3.jar:1.10.3]
	at org.junit.platform.engine.support.hierarchical.NodeTestTask.execute(NodeTestTask.java:95) ~[junit-platform-engine-1.10.3.jar:1.10.3]
	at org.junit.platform.engine.support.hierarchical.SameThreadHierarchicalTestExecutorService.submit(SameThreadHierarchicalTestExecutorService.java:35) ~[junit-platform-engine-1.10.3.jar:1.10.3]
	at org.junit.platform.engine.support.hierarchical.HierarchicalTestExecutor.execute(HierarchicalTestExecutor.java:57) ~[junit-platform-engine-1.10.3.jar:1.10.3]
	at org.junit.platform.engine.support.hierarchical.HierarchicalTestEngine.execute(HierarchicalTestEngine.java:54) ~[junit-platform-engine-1.10.3.jar:1.10.3]
	at org.junit.platform.launcher.core.EngineExecutionOrchestrator.execute(EngineExecutionOrchestrator.java:198) ~[junit-platform-launcher-1.10.3.jar:1.10.3]
	at org.junit.platform.launcher.core.EngineExecutionOrchestrator.execute(EngineExecutionOrchestrator.java:169) ~[junit-platform-launcher-1.10.3.jar:1.10.3]
	at org.junit.platform.launcher.core.EngineExecutionOrchestrator.execute(EngineExecutionOrchestrator.java:93) ~[junit-platform-launcher-1.10.3.jar:1.10.3]
	at org.junit.platform.launcher.core.EngineExecutionOrchestrator.lambda$execute$0(EngineExecutionOrchestrator.java:58) ~[junit-platform-launcher-1.10.3.jar:1.10.3]
	at org.junit.platform.launcher.core.EngineExecutionOrchestrator.withInterceptedStreams(EngineExecutionOrchestrator.java:141) ~[junit-platform-launcher-1.10.3.jar:1.10.3]
	at org.junit.platform.launcher.core.EngineExecutionOrchestrator.execute(EngineExecutionOrchestrator.java:57) ~[junit-platform-launcher-1.10.3.jar:1.10.3]
	at org.junit.platform.launcher.core.DefaultLauncher.execute(DefaultLauncher.java:103) ~[junit-platform-launcher-1.10.3.jar:1.10.3]
	at org.junit.platform.launcher.core.DefaultLauncher.execute(DefaultLauncher.java:85) ~[junit-platform-launcher-1.10.3.jar:1.10.3]
	at org.junit.platform.launcher.core.DelegatingLauncher.execute(DelegatingLauncher.java:47) ~[junit-platform-launcher-1.10.3.jar:1.10.3]
	at org.apache.maven.surefire.junitplatform.LazyLauncher.execute(LazyLauncher.java:56) ~[surefire-junit-platform-3.2.5.jar:3.2.5]
	at org.apache.maven.surefire.junitplatform.JUnitPlatformProvider.execute(JUnitPlatformProvider.java:184) ~[surefire-junit-platform-3.2.5.jar:3.2.5]
	at org.apache.maven.surefire.junitplatform.JUnitPlatformProvider.invokeAllTests(JUnitPlatformProvider.java:148) ~[surefire-junit-platform-3.2.5.jar:3.2.5]
	at org.apache.maven.surefire.junitplatform.JUnitPlatformProvider.invoke(JUnitPlatformProvider.java:122) ~[surefire-junit-platform-3.2.5.jar:3.2.5]
	at org.apache.maven.surefire.booter.ForkedBooter.runSuitesInProcess(ForkedBooter.java:385) ~[surefire-booter-3.2.5.jar:3.2.5]
	at org.apache.maven.surefire.booter.ForkedBooter.execute(ForkedBooter.java:162) ~[surefire-booter-3.2.5.jar:3.2.5]
	at org.apache.maven.surefire.booter.ForkedBooter.run(ForkedBooter.java:507) ~[surefire-booter-3.2.5.jar:3.2.5]
	at org.apache.maven.surefire.booter.ForkedBooter.main(ForkedBooter.java:495) ~[surefire-booter-3.2.5.jar:3.2.5]

2025-01-15T10:00:19.756+07:00 DEBUG 7884 --- [OrderManagement_jOOQ] [           main] org.springframework.test.context.cache   : Spring test ApplicationContext cache statistics: [DefaultContextCache@5b407336 size = 1, maxSize = 32, parentContextCount = 0, hitCount = 5, missCount = 1, failureCount = 0]
2025-01-15T10:00:19.763+07:00 DEBUG 7884 --- [OrderManagement_jOOQ] [           main] org.springframework.test.context.cache   : Spring test ApplicationContext cache statistics: [DefaultContextCache@5b407336 size = 1, maxSize = 32, parentContextCount = 0, hitCount = 6, missCount = 1, failureCount = 0]
2025-01-15T10:00:19.764+07:00 DEBUG 7884 --- [OrderManagement_jOOQ] [           main] org.springframework.test.context.cache   : Spring test ApplicationContext cache statistics: [DefaultContextCache@5b407336 size = 1, maxSize = 32, parentContextCount = 0, hitCount = 7, missCount = 1, failureCount = 0]
2025-01-15T10:00:19.764+07:00 DEBUG 7884 --- [OrderManagement_jOOQ] [           main] org.springframework.test.context.cache   : Spring test ApplicationContext cache statistics: [DefaultContextCache@5b407336 size = 1, maxSize = 32, parentContextCount = 0, hitCount = 8, missCount = 1, failureCount = 0]
2025-01-15T10:00:19.766+07:00 DEBUG 7884 --- [OrderManagement_jOOQ] [           main] org.springframework.test.context.cache   : Spring test ApplicationContext cache statistics: [DefaultContextCache@5b407336 size = 1, maxSize = 32, parentContextCount = 0, hitCount = 9, missCount = 1, failureCount = 0]
2025-01-15T10:00:19.767+07:00 DEBUG 7884 --- [OrderManagement_jOOQ] [           main] org.springframework.test.context.cache   : Spring test ApplicationContext cache statistics: [DefaultContextCache@5b407336 size = 1, maxSize = 32, parentContextCount = 0, hitCount = 10, missCount = 1, failureCount = 0]
2025-01-15T10:00:19.769+07:00 DEBUG 7884 --- [OrderManagement_jOOQ] [           main] org.springframework.test.context.cache   : Spring test ApplicationContext cache statistics: [DefaultContextCache@5b407336 size = 1, maxSize = 32, parentContextCount = 0, hitCount = 11, missCount = 1, failureCount = 0]
2025-01-15T10:00:19.770+07:00 DEBUG 7884 --- [OrderManagement_jOOQ] [           main] .c.s.DirtiesContextTestExecutionListener : After test method: class [OrderManagementJOoqApplicationTests], method [contextLoads], class annotated with @DirtiesContext [false] with mode [null], method annotated with @DirtiesContext [false] with mode [null]
2025-01-15T10:00:19.771+07:00 DEBUG 7884 --- [OrderManagement_jOOQ] [           main] o.s.t.c.w.ServletTestExecutionListener   : Resetting RequestContextHolder for test class org.example.ordermanagement_jooq.OrderManagementJOoqApplicationTests
]]></system-out>
    <system-err><![CDATA[WARNING: A Java agent has been loaded dynamically (C:\Users\TGDD\.m2\repository\net\bytebuddy\byte-buddy-agent\1.14.19\byte-buddy-agent-1.14.19.jar)
WARNING: If a serviceability tool is in use, please run with -XX:+EnableDynamicAgentLoading to hide this warning
WARNING: If a serviceability tool is not in use, please run with -Djdk.instrument.traceUsage for more information
WARNING: Dynamic loading of agents will be disallowed by default in a future release
]]></system-err>
  </testcase>
</testsuite>